[0.060s] colcon DEBUG Command line arguments: ['/usr/bin/colcon', 'build', '--symlink-install', '--event-handlers', 'console_direct+']
[0.060s] colcon DEBUG Parsed command line arguments: Namespace(log_base=None, log_level=None, verb_name='build', build_base='build', install_base='install', merge_install=False, symlink_install=True, test_result_base=None, continue_on_error=False, executor='parallel', parallel_workers=20, event_handlers=['console_direct+'], ignore_user_meta=False, metas=['./colcon.meta'], base_paths=['.'], packages_ignore=None, packages_ignore_regex=None, paths=None, packages_up_to=None, packages_up_to_regex=None, packages_above=None, packages_above_and_dependencies=None, packages_above_depth=None, packages_select_by_dep=None, packages_skip_by_dep=None, packages_skip_up_to=None, packages_select_build_failed=False, packages_skip_build_finished=False, packages_select_test_failures=False, packages_skip_test_passed=False, packages_select=None, packages_skip=None, packages_select_regex=None, packages_skip_regex=None, packages_start=None, packages_end=None, allow_overriding=[], cmake_args=None, cmake_target=None, cmake_target_skip_unavailable=False, cmake_clean_cache=False, cmake_clean_first=False, cmake_force_configure=False, ament_cmake_args=None, catkin_cmake_args=None, catkin_skip_building_tests=False, verb_parser=<colcon_defaults.argument_parser.defaults.DefaultArgumentsDecorator object at 0x735b67251150>, verb_extension=<colcon_core.verb.build.BuildVerb object at 0x735b672505b0>, main=<bound method BuildVerb.main of <colcon_core.verb.build.BuildVerb object at 0x735b672505b0>>)
[0.172s] colcon.colcon_core.package_discovery Level 1 discover_packages(colcon_meta) check parameters
[0.172s] colcon.colcon_core.package_discovery Level 1 discover_packages(recursive) check parameters
[0.172s] colcon.colcon_core.package_discovery Level 1 discover_packages(ignore) check parameters
[0.172s] colcon.colcon_core.package_discovery Level 1 discover_packages(path) check parameters
[0.172s] colcon.colcon_core.package_discovery Level 1 discover_packages(colcon_meta) discover
[0.172s] colcon.colcon_core.package_discovery Level 1 discover_packages(recursive) discover
[0.172s] colcon.colcon_core.package_discovery INFO Crawling recursively for packages in '/home/ake/sim_drone/ake_drone_sim'
[0.172s] colcon.colcon_core.package_identification Level 1 _identify(.) by extensions ['ignore', 'ignore_ament_install']
[0.172s] colcon.colcon_core.package_identification Level 1 _identify(.) by extension 'ignore'
[0.172s] colcon.colcon_core.package_identification Level 1 _identify(.) by extension 'ignore_ament_install'
[0.172s] colcon.colcon_core.package_identification Level 1 _identify(.) by extensions ['colcon_pkg']
[0.172s] colcon.colcon_core.package_identification Level 1 _identify(.) by extension 'colcon_pkg'
[0.172s] colcon.colcon_core.package_identification Level 1 _identify(.) by extensions ['colcon_meta']
[0.172s] colcon.colcon_core.package_identification Level 1 _identify(.) by extension 'colcon_meta'
[0.172s] colcon.colcon_core.package_identification Level 1 _identify(.) by extensions ['ros']
[0.172s] colcon.colcon_core.package_identification Level 1 _identify(.) by extension 'ros'
[0.187s] colcon.colcon_core.package_identification Level 1 _identify(.) by extensions ['cmake', 'python']
[0.187s] colcon.colcon_core.package_identification Level 1 _identify(.) by extension 'cmake'
[0.187s] colcon.colcon_core.package_identification Level 1 _identify(.) by extension 'python'
[0.187s] colcon.colcon_core.package_identification Level 1 _identify(.) by extensions ['python_setup_py']
[0.187s] colcon.colcon_core.package_identification Level 1 _identify(.) by extension 'python_setup_py'
[0.187s] colcon.colcon_core.package_identification Level 1 _identify(build) by extensions ['ignore', 'ignore_ament_install']
[0.187s] colcon.colcon_core.package_identification Level 1 _identify(build) by extension 'ignore'
[0.187s] colcon.colcon_core.package_identification Level 1 _identify(build) ignored
[0.187s] colcon.colcon_core.package_identification Level 1 _identify(config) by extensions ['ignore', 'ignore_ament_install']
[0.187s] colcon.colcon_core.package_identification Level 1 _identify(config) by extension 'ignore'
[0.187s] colcon.colcon_core.package_identification Level 1 _identify(config) by extension 'ignore_ament_install'
[0.187s] colcon.colcon_core.package_identification Level 1 _identify(config) by extensions ['colcon_pkg']
[0.187s] colcon.colcon_core.package_identification Level 1 _identify(config) by extension 'colcon_pkg'
[0.187s] colcon.colcon_core.package_identification Level 1 _identify(config) by extensions ['colcon_meta']
[0.187s] colcon.colcon_core.package_identification Level 1 _identify(config) by extension 'colcon_meta'
[0.187s] colcon.colcon_core.package_identification Level 1 _identify(config) by extensions ['ros']
[0.187s] colcon.colcon_core.package_identification Level 1 _identify(config) by extension 'ros'
[0.187s] colcon.colcon_core.package_identification Level 1 _identify(config) by extensions ['cmake', 'python']
[0.187s] colcon.colcon_core.package_identification Level 1 _identify(config) by extension 'cmake'
[0.188s] colcon.colcon_core.package_identification Level 1 _identify(config) by extension 'python'
[0.188s] colcon.colcon_core.package_identification Level 1 _identify(config) by extensions ['python_setup_py']
[0.188s] colcon.colcon_core.package_identification Level 1 _identify(config) by extension 'python_setup_py'
[0.188s] colcon.colcon_core.package_identification Level 1 _identify(install) by extensions ['ignore', 'ignore_ament_install']
[0.188s] colcon.colcon_core.package_identification Level 1 _identify(install) by extension 'ignore'
[0.188s] colcon.colcon_core.package_identification Level 1 _identify(install) ignored
[0.188s] colcon.colcon_core.package_identification Level 1 _identify(launch) by extensions ['ignore', 'ignore_ament_install']
[0.188s] colcon.colcon_core.package_identification Level 1 _identify(launch) by extension 'ignore'
[0.188s] colcon.colcon_core.package_identification Level 1 _identify(launch) by extension 'ignore_ament_install'
[0.188s] colcon.colcon_core.package_identification Level 1 _identify(launch) by extensions ['colcon_pkg']
[0.188s] colcon.colcon_core.package_identification Level 1 _identify(launch) by extension 'colcon_pkg'
[0.188s] colcon.colcon_core.package_identification Level 1 _identify(launch) by extensions ['colcon_meta']
[0.188s] colcon.colcon_core.package_identification Level 1 _identify(launch) by extension 'colcon_meta'
[0.188s] colcon.colcon_core.package_identification Level 1 _identify(launch) by extensions ['ros']
[0.188s] colcon.colcon_core.package_identification Level 1 _identify(launch) by extension 'ros'
[0.188s] colcon.colcon_core.package_identification Level 1 _identify(launch) by extensions ['cmake', 'python']
[0.188s] colcon.colcon_core.package_identification Level 1 _identify(launch) by extension 'cmake'
[0.188s] colcon.colcon_core.package_identification Level 1 _identify(launch) by extension 'python'
[0.188s] colcon.colcon_core.package_identification Level 1 _identify(launch) by extensions ['python_setup_py']
[0.188s] colcon.colcon_core.package_identification Level 1 _identify(launch) by extension 'python_setup_py'
[0.188s] colcon.colcon_core.package_identification Level 1 _identify(log) by extensions ['ignore', 'ignore_ament_install']
[0.188s] colcon.colcon_core.package_identification Level 1 _identify(log) by extension 'ignore'
[0.188s] colcon.colcon_core.package_identification Level 1 _identify(log) ignored
[0.188s] colcon.colcon_core.package_identification Level 1 _identify(report) by extensions ['ignore', 'ignore_ament_install']
[0.188s] colcon.colcon_core.package_identification Level 1 _identify(report) by extension 'ignore'
[0.188s] colcon.colcon_core.package_identification Level 1 _identify(report) by extension 'ignore_ament_install'
[0.188s] colcon.colcon_core.package_identification Level 1 _identify(report) by extensions ['colcon_pkg']
[0.188s] colcon.colcon_core.package_identification Level 1 _identify(report) by extension 'colcon_pkg'
[0.188s] colcon.colcon_core.package_identification Level 1 _identify(report) by extensions ['colcon_meta']
[0.188s] colcon.colcon_core.package_identification Level 1 _identify(report) by extension 'colcon_meta'
[0.188s] colcon.colcon_core.package_identification Level 1 _identify(report) by extensions ['ros']
[0.188s] colcon.colcon_core.package_identification Level 1 _identify(report) by extension 'ros'
[0.188s] colcon.colcon_core.package_identification Level 1 _identify(report) by extensions ['cmake', 'python']
[0.188s] colcon.colcon_core.package_identification Level 1 _identify(report) by extension 'cmake'
[0.188s] colcon.colcon_core.package_identification Level 1 _identify(report) by extension 'python'
[0.188s] colcon.colcon_core.package_identification Level 1 _identify(report) by extensions ['python_setup_py']
[0.188s] colcon.colcon_core.package_identification Level 1 _identify(report) by extension 'python_setup_py'
[0.188s] colcon.colcon_core.package_identification Level 1 _identify(rviz) by extensions ['ignore', 'ignore_ament_install']
[0.188s] colcon.colcon_core.package_identification Level 1 _identify(rviz) by extension 'ignore'
[0.188s] colcon.colcon_core.package_identification Level 1 _identify(rviz) by extension 'ignore_ament_install'
[0.188s] colcon.colcon_core.package_identification Level 1 _identify(rviz) by extensions ['colcon_pkg']
[0.188s] colcon.colcon_core.package_identification Level 1 _identify(rviz) by extension 'colcon_pkg'
[0.188s] colcon.colcon_core.package_identification Level 1 _identify(rviz) by extensions ['colcon_meta']
[0.188s] colcon.colcon_core.package_identification Level 1 _identify(rviz) by extension 'colcon_meta'
[0.189s] colcon.colcon_core.package_identification Level 1 _identify(rviz) by extensions ['ros']
[0.189s] colcon.colcon_core.package_identification Level 1 _identify(rviz) by extension 'ros'
[0.189s] colcon.colcon_core.package_identification Level 1 _identify(rviz) by extensions ['cmake', 'python']
[0.189s] colcon.colcon_core.package_identification Level 1 _identify(rviz) by extension 'cmake'
[0.189s] colcon.colcon_core.package_identification Level 1 _identify(rviz) by extension 'python'
[0.189s] colcon.colcon_core.package_identification Level 1 _identify(rviz) by extensions ['python_setup_py']
[0.189s] colcon.colcon_core.package_identification Level 1 _identify(rviz) by extension 'python_setup_py'
[0.189s] colcon.colcon_core.package_identification Level 1 _identify(scripts) by extensions ['ignore', 'ignore_ament_install']
[0.189s] colcon.colcon_core.package_identification Level 1 _identify(scripts) by extension 'ignore'
[0.189s] colcon.colcon_core.package_identification Level 1 _identify(scripts) by extension 'ignore_ament_install'
[0.189s] colcon.colcon_core.package_identification Level 1 _identify(scripts) by extensions ['colcon_pkg']
[0.189s] colcon.colcon_core.package_identification Level 1 _identify(scripts) by extension 'colcon_pkg'
[0.189s] colcon.colcon_core.package_identification Level 1 _identify(scripts) by extensions ['colcon_meta']
[0.189s] colcon.colcon_core.package_identification Level 1 _identify(scripts) by extension 'colcon_meta'
[0.189s] colcon.colcon_core.package_identification Level 1 _identify(scripts) by extensions ['ros']
[0.189s] colcon.colcon_core.package_identification Level 1 _identify(scripts) by extension 'ros'
[0.189s] colcon.colcon_core.package_identification Level 1 _identify(scripts) by extensions ['cmake', 'python']
[0.189s] colcon.colcon_core.package_identification Level 1 _identify(scripts) by extension 'cmake'
[0.189s] colcon.colcon_core.package_identification Level 1 _identify(scripts) by extension 'python'
[0.189s] colcon.colcon_core.package_identification Level 1 _identify(scripts) by extensions ['python_setup_py']
[0.189s] colcon.colcon_core.package_identification Level 1 _identify(scripts) by extension 'python_setup_py'
[0.189s] colcon.colcon_core.package_identification Level 1 _identify(src) by extensions ['ignore', 'ignore_ament_install']
[0.189s] colcon.colcon_core.package_identification Level 1 _identify(src) by extension 'ignore'
[0.189s] colcon.colcon_core.package_identification Level 1 _identify(src) by extension 'ignore_ament_install'
[0.189s] colcon.colcon_core.package_identification Level 1 _identify(src) by extensions ['colcon_pkg']
[0.189s] colcon.colcon_core.package_identification Level 1 _identify(src) by extension 'colcon_pkg'
[0.189s] colcon.colcon_core.package_identification Level 1 _identify(src) by extensions ['colcon_meta']
[0.189s] colcon.colcon_core.package_identification Level 1 _identify(src) by extension 'colcon_meta'
[0.189s] colcon.colcon_core.package_identification Level 1 _identify(src) by extensions ['ros']
[0.189s] colcon.colcon_core.package_identification Level 1 _identify(src) by extension 'ros'
[0.189s] colcon.colcon_core.package_identification Level 1 _identify(src) by extensions ['cmake', 'python']
[0.189s] colcon.colcon_core.package_identification Level 1 _identify(src) by extension 'cmake'
[0.189s] colcon.colcon_core.package_identification Level 1 _identify(src) by extension 'python'
[0.189s] colcon.colcon_core.package_identification Level 1 _identify(src) by extensions ['python_setup_py']
[0.189s] colcon.colcon_core.package_identification Level 1 _identify(src) by extension 'python_setup_py'
[0.189s] colcon.colcon_core.package_identification Level 1 _identify(src/drone_controller) by extensions ['ignore', 'ignore_ament_install']
[0.189s] colcon.colcon_core.package_identification Level 1 _identify(src/drone_controller) by extension 'ignore'
[0.189s] colcon.colcon_core.package_identification Level 1 _identify(src/drone_controller) by extension 'ignore_ament_install'
[0.189s] colcon.colcon_core.package_identification Level 1 _identify(src/drone_controller) by extensions ['colcon_pkg']
[0.189s] colcon.colcon_core.package_identification Level 1 _identify(src/drone_controller) by extension 'colcon_pkg'
[0.189s] colcon.colcon_core.package_identification Level 1 _identify(src/drone_controller) by extensions ['colcon_meta']
[0.189s] colcon.colcon_core.package_identification Level 1 _identify(src/drone_controller) by extension 'colcon_meta'
[0.189s] colcon.colcon_core.package_identification Level 1 _identify(src/drone_controller) by extensions ['ros']
[0.189s] colcon.colcon_core.package_identification Level 1 _identify(src/drone_controller) by extension 'ros'
[0.191s] colcon.colcon_core.package_identification DEBUG Package 'src/drone_controller' with type 'ros.ament_cmake' and name 'drone_controller'
[0.191s] colcon.colcon_core.package_identification Level 1 _identify(src/drone_dynamics) by extensions ['ignore', 'ignore_ament_install']
[0.191s] colcon.colcon_core.package_identification Level 1 _identify(src/drone_dynamics) by extension 'ignore'
[0.191s] colcon.colcon_core.package_identification Level 1 _identify(src/drone_dynamics) by extension 'ignore_ament_install'
[0.191s] colcon.colcon_core.package_identification Level 1 _identify(src/drone_dynamics) by extensions ['colcon_pkg']
[0.191s] colcon.colcon_core.package_identification Level 1 _identify(src/drone_dynamics) by extension 'colcon_pkg'
[0.192s] colcon.colcon_core.package_identification Level 1 _identify(src/drone_dynamics) by extensions ['colcon_meta']
[0.192s] colcon.colcon_core.package_identification Level 1 _identify(src/drone_dynamics) by extension 'colcon_meta'
[0.192s] colcon.colcon_core.package_identification Level 1 _identify(src/drone_dynamics) by extensions ['ros']
[0.192s] colcon.colcon_core.package_identification Level 1 _identify(src/drone_dynamics) by extension 'ros'
[0.192s] colcon.colcon_core.package_identification DEBUG Package 'src/drone_dynamics' with type 'ros.ament_cmake' and name 'drone_dynamics'
[0.192s] colcon.colcon_core.package_identification Level 1 _identify(src/drone_map) by extensions ['ignore', 'ignore_ament_install']
[0.192s] colcon.colcon_core.package_identification Level 1 _identify(src/drone_map) by extension 'ignore'
[0.192s] colcon.colcon_core.package_identification Level 1 _identify(src/drone_map) by extension 'ignore_ament_install'
[0.192s] colcon.colcon_core.package_identification Level 1 _identify(src/drone_map) by extensions ['colcon_pkg']
[0.192s] colcon.colcon_core.package_identification Level 1 _identify(src/drone_map) by extension 'colcon_pkg'
[0.192s] colcon.colcon_core.package_identification Level 1 _identify(src/drone_map) by extensions ['colcon_meta']
[0.192s] colcon.colcon_core.package_identification Level 1 _identify(src/drone_map) by extension 'colcon_meta'
[0.192s] colcon.colcon_core.package_identification Level 1 _identify(src/drone_map) by extensions ['ros']
[0.192s] colcon.colcon_core.package_identification Level 1 _identify(src/drone_map) by extension 'ros'
[0.193s] colcon.colcon_core.package_identification DEBUG Package 'src/drone_map' with type 'ros.ament_cmake' and name 'drone_map'
[0.193s] colcon.colcon_core.package_identification Level 1 _identify(src/drone_msgs) by extensions ['ignore', 'ignore_ament_install']
[0.193s] colcon.colcon_core.package_identification Level 1 _identify(src/drone_msgs) by extension 'ignore'
[0.193s] colcon.colcon_core.package_identification Level 1 _identify(src/drone_msgs) by extension 'ignore_ament_install'
[0.193s] colcon.colcon_core.package_identification Level 1 _identify(src/drone_msgs) by extensions ['colcon_pkg']
[0.193s] colcon.colcon_core.package_identification Level 1 _identify(src/drone_msgs) by extension 'colcon_pkg'
[0.193s] colcon.colcon_core.package_identification Level 1 _identify(src/drone_msgs) by extensions ['colcon_meta']
[0.193s] colcon.colcon_core.package_identification Level 1 _identify(src/drone_msgs) by extension 'colcon_meta'
[0.193s] colcon.colcon_core.package_identification Level 1 _identify(src/drone_msgs) by extensions ['ros']
[0.193s] colcon.colcon_core.package_identification Level 1 _identify(src/drone_msgs) by extension 'ros'
[0.193s] colcon.colcon_core.package_identification DEBUG Package 'src/drone_msgs' with type 'ros.ament_cmake' and name 'drone_msgs'
[0.193s] colcon.colcon_core.package_identification Level 1 _identify(src/drone_planner) by extensions ['ignore', 'ignore_ament_install']
[0.193s] colcon.colcon_core.package_identification Level 1 _identify(src/drone_planner) by extension 'ignore'
[0.194s] colcon.colcon_core.package_identification Level 1 _identify(src/drone_planner) by extension 'ignore_ament_install'
[0.194s] colcon.colcon_core.package_identification Level 1 _identify(src/drone_planner) by extensions ['colcon_pkg']
[0.194s] colcon.colcon_core.package_identification Level 1 _identify(src/drone_planner) by extension 'colcon_pkg'
[0.194s] colcon.colcon_core.package_identification Level 1 _identify(src/drone_planner) by extensions ['colcon_meta']
[0.194s] colcon.colcon_core.package_identification Level 1 _identify(src/drone_planner) by extension 'colcon_meta'
[0.194s] colcon.colcon_core.package_identification Level 1 _identify(src/drone_planner) by extensions ['ros']
[0.194s] colcon.colcon_core.package_identification Level 1 _identify(src/drone_planner) by extension 'ros'
[0.194s] colcon.colcon_core.package_identification DEBUG Package 'src/drone_planner' with type 'ros.ament_cmake' and name 'drone_planner'
[0.194s] colcon.colcon_core.package_identification Level 1 _identify(src/drone_visualization) by extensions ['ignore', 'ignore_ament_install']
[0.194s] colcon.colcon_core.package_identification Level 1 _identify(src/drone_visualization) by extension 'ignore'
[0.194s] colcon.colcon_core.package_identification Level 1 _identify(src/drone_visualization) by extension 'ignore_ament_install'
[0.194s] colcon.colcon_core.package_identification Level 1 _identify(src/drone_visualization) by extensions ['colcon_pkg']
[0.194s] colcon.colcon_core.package_identification Level 1 _identify(src/drone_visualization) by extension 'colcon_pkg'
[0.194s] colcon.colcon_core.package_identification Level 1 _identify(src/drone_visualization) by extensions ['colcon_meta']
[0.194s] colcon.colcon_core.package_identification Level 1 _identify(src/drone_visualization) by extension 'colcon_meta'
[0.194s] colcon.colcon_core.package_identification Level 1 _identify(src/drone_visualization) by extensions ['ros']
[0.194s] colcon.colcon_core.package_identification Level 1 _identify(src/drone_visualization) by extension 'ros'
[0.195s] colcon.colcon_core.package_identification DEBUG Package 'src/drone_visualization' with type 'ros.ament_cmake' and name 'drone_visualization'
[0.195s] colcon.colcon_core.package_discovery Level 1 discover_packages(recursive) using defaults
[0.195s] colcon.colcon_core.package_discovery Level 1 discover_packages(ignore) discover
[0.195s] colcon.colcon_core.package_discovery Level 1 discover_packages(ignore) using defaults
[0.195s] colcon.colcon_core.package_discovery Level 1 discover_packages(path) discover
[0.195s] colcon.colcon_core.package_discovery Level 1 discover_packages(path) using defaults
[0.204s] colcon.colcon_core.package_discovery Level 1 discover_packages(prefix_path) check parameters
[0.204s] colcon.colcon_core.package_discovery Level 1 discover_packages(prefix_path) discover
[0.205s] colcon.colcon_installed_package_information.package_discovery DEBUG Found 349 installed packages in /opt/ros/humble
[0.206s] colcon.colcon_core.package_discovery Level 1 discover_packages(prefix_path) using defaults
[0.227s] colcon.colcon_core.verb Level 5 set package 'drone_dynamics' build argument 'cmake_args' from command line to 'None'
[0.227s] colcon.colcon_core.verb Level 5 set package 'drone_dynamics' build argument 'cmake_target' from command line to 'None'
[0.227s] colcon.colcon_core.verb Level 5 set package 'drone_dynamics' build argument 'cmake_target_skip_unavailable' from command line to 'False'
[0.227s] colcon.colcon_core.verb Level 5 set package 'drone_dynamics' build argument 'cmake_clean_cache' from command line to 'False'
[0.227s] colcon.colcon_core.verb Level 5 set package 'drone_dynamics' build argument 'cmake_clean_first' from command line to 'False'
[0.227s] colcon.colcon_core.verb Level 5 set package 'drone_dynamics' build argument 'cmake_force_configure' from command line to 'False'
[0.227s] colcon.colcon_core.verb Level 5 set package 'drone_dynamics' build argument 'ament_cmake_args' from command line to 'None'
[0.227s] colcon.colcon_core.verb Level 5 set package 'drone_dynamics' build argument 'catkin_cmake_args' from command line to 'None'
[0.227s] colcon.colcon_core.verb Level 5 set package 'drone_dynamics' build argument 'catkin_skip_building_tests' from command line to 'False'
[0.227s] colcon.colcon_core.verb DEBUG Building package 'drone_dynamics' with the following arguments: {'ament_cmake_args': None, 'build_base': '/home/ake/sim_drone/ake_drone_sim/build/drone_dynamics', 'catkin_cmake_args': None, 'catkin_skip_building_tests': False, 'cmake_args': None, 'cmake_clean_cache': False, 'cmake_clean_first': False, 'cmake_force_configure': False, 'cmake_target': None, 'cmake_target_skip_unavailable': False, 'install_base': '/home/ake/sim_drone/ake_drone_sim/install/drone_dynamics', 'merge_install': False, 'path': '/home/ake/sim_drone/ake_drone_sim/src/drone_dynamics', 'symlink_install': True, 'test_result_base': None}
[0.227s] colcon.colcon_core.verb Level 5 set package 'drone_msgs' build argument 'cmake_args' from command line to 'None'
[0.227s] colcon.colcon_core.verb Level 5 set package 'drone_msgs' build argument 'cmake_target' from command line to 'None'
[0.227s] colcon.colcon_core.verb Level 5 set package 'drone_msgs' build argument 'cmake_target_skip_unavailable' from command line to 'False'
[0.227s] colcon.colcon_core.verb Level 5 set package 'drone_msgs' build argument 'cmake_clean_cache' from command line to 'False'
[0.227s] colcon.colcon_core.verb Level 5 set package 'drone_msgs' build argument 'cmake_clean_first' from command line to 'False'
[0.227s] colcon.colcon_core.verb Level 5 set package 'drone_msgs' build argument 'cmake_force_configure' from command line to 'False'
[0.227s] colcon.colcon_core.verb Level 5 set package 'drone_msgs' build argument 'ament_cmake_args' from command line to 'None'
[0.227s] colcon.colcon_core.verb Level 5 set package 'drone_msgs' build argument 'catkin_cmake_args' from command line to 'None'
[0.227s] colcon.colcon_core.verb Level 5 set package 'drone_msgs' build argument 'catkin_skip_building_tests' from command line to 'False'
[0.227s] colcon.colcon_core.verb DEBUG Building package 'drone_msgs' with the following arguments: {'ament_cmake_args': None, 'build_base': '/home/ake/sim_drone/ake_drone_sim/build/drone_msgs', 'catkin_cmake_args': None, 'catkin_skip_building_tests': False, 'cmake_args': None, 'cmake_clean_cache': False, 'cmake_clean_first': False, 'cmake_force_configure': False, 'cmake_target': None, 'cmake_target_skip_unavailable': False, 'install_base': '/home/ake/sim_drone/ake_drone_sim/install/drone_msgs', 'merge_install': False, 'path': '/home/ake/sim_drone/ake_drone_sim/src/drone_msgs', 'symlink_install': True, 'test_result_base': None}
[0.228s] colcon.colcon_core.verb Level 5 set package 'drone_controller' build argument 'cmake_args' from command line to 'None'
[0.228s] colcon.colcon_core.verb Level 5 set package 'drone_controller' build argument 'cmake_target' from command line to 'None'
[0.228s] colcon.colcon_core.verb Level 5 set package 'drone_controller' build argument 'cmake_target_skip_unavailable' from command line to 'False'
[0.228s] colcon.colcon_core.verb Level 5 set package 'drone_controller' build argument 'cmake_clean_cache' from command line to 'False'
[0.228s] colcon.colcon_core.verb Level 5 set package 'drone_controller' build argument 'cmake_clean_first' from command line to 'False'
[0.228s] colcon.colcon_core.verb Level 5 set package 'drone_controller' build argument 'cmake_force_configure' from command line to 'False'
[0.228s] colcon.colcon_core.verb Level 5 set package 'drone_controller' build argument 'ament_cmake_args' from command line to 'None'
[0.228s] colcon.colcon_core.verb Level 5 set package 'drone_controller' build argument 'catkin_cmake_args' from command line to 'None'
[0.228s] colcon.colcon_core.verb Level 5 set package 'drone_controller' build argument 'catkin_skip_building_tests' from command line to 'False'
[0.228s] colcon.colcon_core.verb DEBUG Building package 'drone_controller' with the following arguments: {'ament_cmake_args': None, 'build_base': '/home/ake/sim_drone/ake_drone_sim/build/drone_controller', 'catkin_cmake_args': None, 'catkin_skip_building_tests': False, 'cmake_args': None, 'cmake_clean_cache': False, 'cmake_clean_first': False, 'cmake_force_configure': False, 'cmake_target': None, 'cmake_target_skip_unavailable': False, 'install_base': '/home/ake/sim_drone/ake_drone_sim/install/drone_controller', 'merge_install': False, 'path': '/home/ake/sim_drone/ake_drone_sim/src/drone_controller', 'symlink_install': True, 'test_result_base': None}
[0.228s] colcon.colcon_core.verb Level 5 set package 'drone_map' build argument 'cmake_args' from command line to 'None'
[0.228s] colcon.colcon_core.verb Level 5 set package 'drone_map' build argument 'cmake_target' from command line to 'None'
[0.228s] colcon.colcon_core.verb Level 5 set package 'drone_map' build argument 'cmake_target_skip_unavailable' from command line to 'False'
[0.228s] colcon.colcon_core.verb Level 5 set package 'drone_map' build argument 'cmake_clean_cache' from command line to 'False'
[0.228s] colcon.colcon_core.verb Level 5 set package 'drone_map' build argument 'cmake_clean_first' from command line to 'False'
[0.228s] colcon.colcon_core.verb Level 5 set package 'drone_map' build argument 'cmake_force_configure' from command line to 'False'
[0.228s] colcon.colcon_core.verb Level 5 set package 'drone_map' build argument 'ament_cmake_args' from command line to 'None'
[0.228s] colcon.colcon_core.verb Level 5 set package 'drone_map' build argument 'catkin_cmake_args' from command line to 'None'
[0.228s] colcon.colcon_core.verb Level 5 set package 'drone_map' build argument 'catkin_skip_building_tests' from command line to 'False'
[0.228s] colcon.colcon_core.verb DEBUG Building package 'drone_map' with the following arguments: {'ament_cmake_args': None, 'build_base': '/home/ake/sim_drone/ake_drone_sim/build/drone_map', 'catkin_cmake_args': None, 'catkin_skip_building_tests': False, 'cmake_args': None, 'cmake_clean_cache': False, 'cmake_clean_first': False, 'cmake_force_configure': False, 'cmake_target': None, 'cmake_target_skip_unavailable': False, 'install_base': '/home/ake/sim_drone/ake_drone_sim/install/drone_map', 'merge_install': False, 'path': '/home/ake/sim_drone/ake_drone_sim/src/drone_map', 'symlink_install': True, 'test_result_base': None}
[0.228s] colcon.colcon_core.verb Level 5 set package 'drone_planner' build argument 'cmake_args' from command line to 'None'
[0.228s] colcon.colcon_core.verb Level 5 set package 'drone_planner' build argument 'cmake_target' from command line to 'None'
[0.228s] colcon.colcon_core.verb Level 5 set package 'drone_planner' build argument 'cmake_target_skip_unavailable' from command line to 'False'
[0.228s] colcon.colcon_core.verb Level 5 set package 'drone_planner' build argument 'cmake_clean_cache' from command line to 'False'
[0.228s] colcon.colcon_core.verb Level 5 set package 'drone_planner' build argument 'cmake_clean_first' from command line to 'False'
[0.228s] colcon.colcon_core.verb Level 5 set package 'drone_planner' build argument 'cmake_force_configure' from command line to 'False'
[0.228s] colcon.colcon_core.verb Level 5 set package 'drone_planner' build argument 'ament_cmake_args' from command line to 'None'
[0.228s] colcon.colcon_core.verb Level 5 set package 'drone_planner' build argument 'catkin_cmake_args' from command line to 'None'
[0.228s] colcon.colcon_core.verb Level 5 set package 'drone_planner' build argument 'catkin_skip_building_tests' from command line to 'False'
[0.228s] colcon.colcon_core.verb DEBUG Building package 'drone_planner' with the following arguments: {'ament_cmake_args': None, 'build_base': '/home/ake/sim_drone/ake_drone_sim/build/drone_planner', 'catkin_cmake_args': None, 'catkin_skip_building_tests': False, 'cmake_args': None, 'cmake_clean_cache': False, 'cmake_clean_first': False, 'cmake_force_configure': False, 'cmake_target': None, 'cmake_target_skip_unavailable': False, 'install_base': '/home/ake/sim_drone/ake_drone_sim/install/drone_planner', 'merge_install': False, 'path': '/home/ake/sim_drone/ake_drone_sim/src/drone_planner', 'symlink_install': True, 'test_result_base': None}
[0.228s] colcon.colcon_core.verb Level 5 set package 'drone_visualization' build argument 'cmake_args' from command line to 'None'
[0.228s] colcon.colcon_core.verb Level 5 set package 'drone_visualization' build argument 'cmake_target' from command line to 'None'
[0.228s] colcon.colcon_core.verb Level 5 set package 'drone_visualization' build argument 'cmake_target_skip_unavailable' from command line to 'False'
[0.228s] colcon.colcon_core.verb Level 5 set package 'drone_visualization' build argument 'cmake_clean_cache' from command line to 'False'
[0.228s] colcon.colcon_core.verb Level 5 set package 'drone_visualization' build argument 'cmake_clean_first' from command line to 'False'
[0.228s] colcon.colcon_core.verb Level 5 set package 'drone_visualization' build argument 'cmake_force_configure' from command line to 'False'
[0.228s] colcon.colcon_core.verb Level 5 set package 'drone_visualization' build argument 'ament_cmake_args' from command line to 'None'
[0.228s] colcon.colcon_core.verb Level 5 set package 'drone_visualization' build argument 'catkin_cmake_args' from command line to 'None'
[0.228s] colcon.colcon_core.verb Level 5 set package 'drone_visualization' build argument 'catkin_skip_building_tests' from command line to 'False'
[0.228s] colcon.colcon_core.verb DEBUG Building package 'drone_visualization' with the following arguments: {'ament_cmake_args': None, 'build_base': '/home/ake/sim_drone/ake_drone_sim/build/drone_visualization', 'catkin_cmake_args': None, 'catkin_skip_building_tests': False, 'cmake_args': None, 'cmake_clean_cache': False, 'cmake_clean_first': False, 'cmake_force_configure': False, 'cmake_target': None, 'cmake_target_skip_unavailable': False, 'install_base': '/home/ake/sim_drone/ake_drone_sim/install/drone_visualization', 'merge_install': False, 'path': '/home/ake/sim_drone/ake_drone_sim/src/drone_visualization', 'symlink_install': True, 'test_result_base': None}
[0.228s] colcon.colcon_core.executor INFO Executing jobs using 'parallel' executor
[0.229s] colcon.colcon_parallel_executor.executor.parallel DEBUG run_until_complete
[0.229s] colcon.colcon_ros.task.ament_cmake.build INFO Building ROS package in '/home/ake/sim_drone/ake_drone_sim/src/drone_dynamics' with build type 'ament_cmake'
[0.230s] colcon.colcon_cmake.task.cmake.build INFO Building CMake package in '/home/ake/sim_drone/ake_drone_sim/src/drone_dynamics'
[0.231s] colcon.colcon_core.plugin_system INFO Skipping extension 'colcon_core.shell.bat': Not used on non-Windows systems
[0.231s] colcon.colcon_core.shell INFO Skip shell extension 'powershell' for command environment: Not usable outside of PowerShell
[0.231s] colcon.colcon_core.shell DEBUG Skip shell extension 'dsv' for command environment
[0.232s] colcon.colcon_ros.task.ament_cmake.build INFO Building ROS package in '/home/ake/sim_drone/ake_drone_sim/src/drone_msgs' with build type 'ament_cmake'
[0.232s] colcon.colcon_cmake.task.cmake.build INFO Building CMake package in '/home/ake/sim_drone/ake_drone_sim/src/drone_msgs'
[0.233s] colcon.colcon_core.shell INFO Skip shell extension 'powershell' for command environment: Not usable outside of PowerShell
[0.233s] colcon.colcon_core.shell DEBUG Skip shell extension 'dsv' for command environment
[0.235s] colcon.colcon_core.event_handler.log_command DEBUG Invoking command in '/home/ake/sim_drone/ake_drone_sim/build/drone_dynamics': CMAKE_PREFIX_PATH=/opt/ros/humble /usr/bin/cmake /home/ake/sim_drone/ake_drone_sim/src/drone_dynamics -DAMENT_CMAKE_SYMLINK_INSTALL=1 -DCMAKE_INSTALL_PREFIX=/home/ake/sim_drone/ake_drone_sim/install/drone_dynamics
[0.238s] colcon.colcon_core.event_handler.log_command DEBUG Invoking command in '/home/ake/sim_drone/ake_drone_sim/build/drone_msgs': CMAKE_PREFIX_PATH=/opt/ros/humble /usr/bin/cmake --build /home/ake/sim_drone/ake_drone_sim/build/drone_msgs -- -j20 -l20
[0.506s] colcon.colcon_core.event_handler.log_command DEBUG Invoked command in '/home/ake/sim_drone/ake_drone_sim/build/drone_msgs' returned '0': CMAKE_PREFIX_PATH=/opt/ros/humble /usr/bin/cmake --build /home/ake/sim_drone/ake_drone_sim/build/drone_msgs -- -j20 -l20
[0.514s] colcon.colcon_core.event_handler.log_command DEBUG Invoking command in '/home/ake/sim_drone/ake_drone_sim/build/drone_msgs': CMAKE_PREFIX_PATH=/opt/ros/humble /usr/bin/cmake --install /home/ake/sim_drone/ake_drone_sim/build/drone_msgs
[0.559s] colcon.colcon_core.environment Level 1 create_environment_scripts_only(drone_msgs)
[0.560s] colcon.colcon_core.event_handler.log_command DEBUG Invoked command in '/home/ake/sim_drone/ake_drone_sim/build/drone_msgs' returned '0': CMAKE_PREFIX_PATH=/opt/ros/humble /usr/bin/cmake --install /home/ake/sim_drone/ake_drone_sim/build/drone_msgs
[0.561s] colcon.colcon_core.environment Level 1 checking '/home/ake/sim_drone/ake_drone_sim/install/drone_msgs' for CMake module files
[0.561s] colcon.colcon_core.environment Level 1 checking '/home/ake/sim_drone/ake_drone_sim/install/drone_msgs' for CMake config files
[0.561s] colcon.colcon_core.shell Level 1 create_environment_hook('drone_msgs', 'cmake_prefix_path')
[0.562s] colcon.colcon_core.shell INFO Creating environment hook '/home/ake/sim_drone/ake_drone_sim/install/drone_msgs/share/drone_msgs/hook/cmake_prefix_path.ps1'
[0.562s] colcon.colcon_core.shell INFO Creating environment descriptor '/home/ake/sim_drone/ake_drone_sim/install/drone_msgs/share/drone_msgs/hook/cmake_prefix_path.dsv'
[0.562s] colcon.colcon_core.shell INFO Creating environment hook '/home/ake/sim_drone/ake_drone_sim/install/drone_msgs/share/drone_msgs/hook/cmake_prefix_path.sh'
[0.563s] colcon.colcon_core.environment Level 1 checking '/home/ake/sim_drone/ake_drone_sim/install/drone_msgs/lib'
[0.563s] colcon.colcon_core.shell Level 1 create_environment_hook('drone_msgs', 'ld_library_path_lib')
[0.563s] colcon.colcon_core.shell INFO Creating environment hook '/home/ake/sim_drone/ake_drone_sim/install/drone_msgs/share/drone_msgs/hook/ld_library_path_lib.ps1'
[0.563s] colcon.colcon_core.shell INFO Creating environment descriptor '/home/ake/sim_drone/ake_drone_sim/install/drone_msgs/share/drone_msgs/hook/ld_library_path_lib.dsv'
[0.563s] colcon.colcon_core.shell INFO Creating environment hook '/home/ake/sim_drone/ake_drone_sim/install/drone_msgs/share/drone_msgs/hook/ld_library_path_lib.sh'
[0.563s] colcon.colcon_core.environment Level 1 checking '/home/ake/sim_drone/ake_drone_sim/install/drone_msgs/bin'
[0.563s] colcon.colcon_core.environment Level 1 checking '/home/ake/sim_drone/ake_drone_sim/install/drone_msgs/lib/pkgconfig/drone_msgs.pc'
[0.564s] colcon.colcon_core.environment Level 1 checking '/home/ake/sim_drone/ake_drone_sim/install/drone_msgs/lib/python3.10/site-packages'
[0.564s] colcon.colcon_core.environment Level 1 checking '/home/ake/sim_drone/ake_drone_sim/install/drone_msgs/bin'
[0.564s] colcon.colcon_core.shell INFO Creating package script '/home/ake/sim_drone/ake_drone_sim/install/drone_msgs/share/drone_msgs/package.ps1'
[0.564s] colcon.colcon_core.shell INFO Creating package descriptor '/home/ake/sim_drone/ake_drone_sim/install/drone_msgs/share/drone_msgs/package.dsv'
[0.564s] colcon.colcon_core.shell INFO Creating package script '/home/ake/sim_drone/ake_drone_sim/install/drone_msgs/share/drone_msgs/package.sh'
[0.565s] colcon.colcon_core.shell INFO Creating package script '/home/ake/sim_drone/ake_drone_sim/install/drone_msgs/share/drone_msgs/package.bash'
[0.565s] colcon.colcon_core.shell INFO Creating package script '/home/ake/sim_drone/ake_drone_sim/install/drone_msgs/share/drone_msgs/package.zsh'
[0.565s] colcon.colcon_core.environment Level 1 create_file_with_runtime_dependencies(/home/ake/sim_drone/ake_drone_sim/install/drone_msgs/share/colcon-core/packages/drone_msgs)
[0.566s] colcon.colcon_core.environment Level 1 create_environment_scripts_only(drone_msgs)
[0.566s] colcon.colcon_core.environment Level 1 checking '/home/ake/sim_drone/ake_drone_sim/install/drone_msgs' for CMake module files
[0.566s] colcon.colcon_core.environment Level 1 checking '/home/ake/sim_drone/ake_drone_sim/install/drone_msgs' for CMake config files
[0.567s] colcon.colcon_core.shell Level 1 create_environment_hook('drone_msgs', 'cmake_prefix_path')
[0.567s] colcon.colcon_core.shell INFO Creating environment hook '/home/ake/sim_drone/ake_drone_sim/install/drone_msgs/share/drone_msgs/hook/cmake_prefix_path.ps1'
[0.567s] colcon.colcon_core.shell INFO Creating environment descriptor '/home/ake/sim_drone/ake_drone_sim/install/drone_msgs/share/drone_msgs/hook/cmake_prefix_path.dsv'
[0.567s] colcon.colcon_core.shell INFO Creating environment hook '/home/ake/sim_drone/ake_drone_sim/install/drone_msgs/share/drone_msgs/hook/cmake_prefix_path.sh'
[0.567s] colcon.colcon_core.environment Level 1 checking '/home/ake/sim_drone/ake_drone_sim/install/drone_msgs/lib'
[0.567s] colcon.colcon_core.shell Level 1 create_environment_hook('drone_msgs', 'ld_library_path_lib')
[0.568s] colcon.colcon_core.shell INFO Creating environment hook '/home/ake/sim_drone/ake_drone_sim/install/drone_msgs/share/drone_msgs/hook/ld_library_path_lib.ps1'
[0.568s] colcon.colcon_core.shell INFO Creating environment descriptor '/home/ake/sim_drone/ake_drone_sim/install/drone_msgs/share/drone_msgs/hook/ld_library_path_lib.dsv'
[0.568s] colcon.colcon_core.shell INFO Creating environment hook '/home/ake/sim_drone/ake_drone_sim/install/drone_msgs/share/drone_msgs/hook/ld_library_path_lib.sh'
[0.568s] colcon.colcon_core.environment Level 1 checking '/home/ake/sim_drone/ake_drone_sim/install/drone_msgs/bin'
[0.568s] colcon.colcon_core.environment Level 1 checking '/home/ake/sim_drone/ake_drone_sim/install/drone_msgs/lib/pkgconfig/drone_msgs.pc'
[0.568s] colcon.colcon_core.environment Level 1 checking '/home/ake/sim_drone/ake_drone_sim/install/drone_msgs/lib/python3.10/site-packages'
[0.568s] colcon.colcon_core.environment Level 1 checking '/home/ake/sim_drone/ake_drone_sim/install/drone_msgs/bin'
[0.568s] colcon.colcon_core.shell INFO Creating package script '/home/ake/sim_drone/ake_drone_sim/install/drone_msgs/share/drone_msgs/package.ps1'
[0.569s] colcon.colcon_core.shell INFO Creating package descriptor '/home/ake/sim_drone/ake_drone_sim/install/drone_msgs/share/drone_msgs/package.dsv'
[0.569s] colcon.colcon_core.shell INFO Creating package script '/home/ake/sim_drone/ake_drone_sim/install/drone_msgs/share/drone_msgs/package.sh'
[0.569s] colcon.colcon_core.shell INFO Creating package script '/home/ake/sim_drone/ake_drone_sim/install/drone_msgs/share/drone_msgs/package.bash'
[0.569s] colcon.colcon_core.shell INFO Creating package script '/home/ake/sim_drone/ake_drone_sim/install/drone_msgs/share/drone_msgs/package.zsh'
[0.569s] colcon.colcon_core.environment Level 1 create_file_with_runtime_dependencies(/home/ake/sim_drone/ake_drone_sim/install/drone_msgs/share/colcon-core/packages/drone_msgs)
[1.226s] colcon.colcon_core.event_handler.log_command DEBUG Invoked command in '/home/ake/sim_drone/ake_drone_sim/build/drone_dynamics' returned '0': CMAKE_PREFIX_PATH=/opt/ros/humble /usr/bin/cmake /home/ake/sim_drone/ake_drone_sim/src/drone_dynamics -DAMENT_CMAKE_SYMLINK_INSTALL=1 -DCMAKE_INSTALL_PREFIX=/home/ake/sim_drone/ake_drone_sim/install/drone_dynamics
[1.226s] colcon.colcon_core.event_handler.log_command DEBUG Invoking command in '/home/ake/sim_drone/ake_drone_sim/build/drone_dynamics': CMAKE_PREFIX_PATH=/opt/ros/humble /usr/bin/cmake --build /home/ake/sim_drone/ake_drone_sim/build/drone_dynamics -- -j20 -l20
[15.322s] colcon.colcon_core.event_handler.log_command DEBUG Invoked command in '/home/ake/sim_drone/ake_drone_sim/build/drone_dynamics' returned '0': CMAKE_PREFIX_PATH=/opt/ros/humble /usr/bin/cmake --build /home/ake/sim_drone/ake_drone_sim/build/drone_dynamics -- -j20 -l20
[15.323s] colcon.colcon_core.event_handler.log_command DEBUG Invoking command in '/home/ake/sim_drone/ake_drone_sim/build/drone_dynamics': CMAKE_PREFIX_PATH=/opt/ros/humble /usr/bin/cmake --install /home/ake/sim_drone/ake_drone_sim/build/drone_dynamics
[15.661s] colcon.colcon_core.environment Level 1 create_environment_scripts_only(drone_dynamics)
[15.662s] colcon.colcon_core.environment Level 1 checking '/home/ake/sim_drone/ake_drone_sim/install/drone_dynamics' for CMake module files
[15.664s] colcon.colcon_core.event_handler.log_command DEBUG Invoked command in '/home/ake/sim_drone/ake_drone_sim/build/drone_dynamics' returned '0': CMAKE_PREFIX_PATH=/opt/ros/humble /usr/bin/cmake --install /home/ake/sim_drone/ake_drone_sim/build/drone_dynamics
[15.666s] colcon.colcon_core.environment Level 1 checking '/home/ake/sim_drone/ake_drone_sim/install/drone_dynamics' for CMake config files
[15.667s] colcon.colcon_core.shell Level 1 create_environment_hook('drone_dynamics', 'cmake_prefix_path')
[15.668s] colcon.colcon_core.shell INFO Creating environment hook '/home/ake/sim_drone/ake_drone_sim/install/drone_dynamics/share/drone_dynamics/hook/cmake_prefix_path.ps1'
[15.669s] colcon.colcon_core.shell INFO Creating environment descriptor '/home/ake/sim_drone/ake_drone_sim/install/drone_dynamics/share/drone_dynamics/hook/cmake_prefix_path.dsv'
[15.670s] colcon.colcon_core.shell INFO Creating environment hook '/home/ake/sim_drone/ake_drone_sim/install/drone_dynamics/share/drone_dynamics/hook/cmake_prefix_path.sh'
[15.671s] colcon.colcon_core.environment Level 1 checking '/home/ake/sim_drone/ake_drone_sim/install/drone_dynamics/lib'
[15.671s] colcon.colcon_core.shell Level 1 create_environment_hook('drone_dynamics', 'ld_library_path_lib')
[15.672s] colcon.colcon_core.shell INFO Creating environment hook '/home/ake/sim_drone/ake_drone_sim/install/drone_dynamics/share/drone_dynamics/hook/ld_library_path_lib.ps1'
[15.672s] colcon.colcon_core.shell INFO Creating environment descriptor '/home/ake/sim_drone/ake_drone_sim/install/drone_dynamics/share/drone_dynamics/hook/ld_library_path_lib.dsv'
[15.673s] colcon.colcon_core.shell INFO Creating environment hook '/home/ake/sim_drone/ake_drone_sim/install/drone_dynamics/share/drone_dynamics/hook/ld_library_path_lib.sh'
[15.674s] colcon.colcon_core.environment Level 1 checking '/home/ake/sim_drone/ake_drone_sim/install/drone_dynamics/bin'
[15.674s] colcon.colcon_core.environment Level 1 checking '/home/ake/sim_drone/ake_drone_sim/install/drone_dynamics/lib/pkgconfig/drone_dynamics.pc'
[15.674s] colcon.colcon_core.environment Level 1 checking '/home/ake/sim_drone/ake_drone_sim/install/drone_dynamics/lib/python3.10/site-packages'
[15.675s] colcon.colcon_core.environment Level 1 checking '/home/ake/sim_drone/ake_drone_sim/install/drone_dynamics/bin'
[15.675s] colcon.colcon_core.shell INFO Creating package script '/home/ake/sim_drone/ake_drone_sim/install/drone_dynamics/share/drone_dynamics/package.ps1'
[15.676s] colcon.colcon_core.shell INFO Creating package descriptor '/home/ake/sim_drone/ake_drone_sim/install/drone_dynamics/share/drone_dynamics/package.dsv'
[15.676s] colcon.colcon_core.shell INFO Creating package script '/home/ake/sim_drone/ake_drone_sim/install/drone_dynamics/share/drone_dynamics/package.sh'
[15.677s] colcon.colcon_core.shell INFO Creating package script '/home/ake/sim_drone/ake_drone_sim/install/drone_dynamics/share/drone_dynamics/package.bash'
[15.677s] colcon.colcon_core.shell INFO Creating package script '/home/ake/sim_drone/ake_drone_sim/install/drone_dynamics/share/drone_dynamics/package.zsh'
[15.678s] colcon.colcon_core.environment Level 1 create_file_with_runtime_dependencies(/home/ake/sim_drone/ake_drone_sim/install/drone_dynamics/share/colcon-core/packages/drone_dynamics)
[15.678s] colcon.colcon_core.environment Level 1 create_environment_scripts_only(drone_dynamics)
[15.679s] colcon.colcon_core.environment Level 1 checking '/home/ake/sim_drone/ake_drone_sim/install/drone_dynamics' for CMake module files
[15.679s] colcon.colcon_core.environment Level 1 checking '/home/ake/sim_drone/ake_drone_sim/install/drone_dynamics' for CMake config files
[15.680s] colcon.colcon_core.shell Level 1 create_environment_hook('drone_dynamics', 'cmake_prefix_path')
[15.680s] colcon.colcon_core.shell INFO Creating environment hook '/home/ake/sim_drone/ake_drone_sim/install/drone_dynamics/share/drone_dynamics/hook/cmake_prefix_path.ps1'
[15.680s] colcon.colcon_core.shell INFO Creating environment descriptor '/home/ake/sim_drone/ake_drone_sim/install/drone_dynamics/share/drone_dynamics/hook/cmake_prefix_path.dsv'
[15.680s] colcon.colcon_core.shell INFO Creating environment hook '/home/ake/sim_drone/ake_drone_sim/install/drone_dynamics/share/drone_dynamics/hook/cmake_prefix_path.sh'
[15.681s] colcon.colcon_core.environment Level 1 checking '/home/ake/sim_drone/ake_drone_sim/install/drone_dynamics/lib'
[15.681s] colcon.colcon_core.shell Level 1 create_environment_hook('drone_dynamics', 'ld_library_path_lib')
[15.681s] colcon.colcon_core.shell INFO Creating environment hook '/home/ake/sim_drone/ake_drone_sim/install/drone_dynamics/share/drone_dynamics/hook/ld_library_path_lib.ps1'
[15.681s] colcon.colcon_core.shell INFO Creating environment descriptor '/home/ake/sim_drone/ake_drone_sim/install/drone_dynamics/share/drone_dynamics/hook/ld_library_path_lib.dsv'
[15.681s] colcon.colcon_core.shell INFO Creating environment hook '/home/ake/sim_drone/ake_drone_sim/install/drone_dynamics/share/drone_dynamics/hook/ld_library_path_lib.sh'
[15.682s] colcon.colcon_core.environment Level 1 checking '/home/ake/sim_drone/ake_drone_sim/install/drone_dynamics/bin'
[15.682s] colcon.colcon_core.environment Level 1 checking '/home/ake/sim_drone/ake_drone_sim/install/drone_dynamics/lib/pkgconfig/drone_dynamics.pc'
[15.682s] colcon.colcon_core.environment Level 1 checking '/home/ake/sim_drone/ake_drone_sim/install/drone_dynamics/lib/python3.10/site-packages'
[15.682s] colcon.colcon_core.environment Level 1 checking '/home/ake/sim_drone/ake_drone_sim/install/drone_dynamics/bin'
[15.682s] colcon.colcon_core.shell INFO Creating package script '/home/ake/sim_drone/ake_drone_sim/install/drone_dynamics/share/drone_dynamics/package.ps1'
[15.683s] colcon.colcon_core.shell INFO Creating package descriptor '/home/ake/sim_drone/ake_drone_sim/install/drone_dynamics/share/drone_dynamics/package.dsv'
[15.683s] colcon.colcon_core.shell INFO Creating package script '/home/ake/sim_drone/ake_drone_sim/install/drone_dynamics/share/drone_dynamics/package.sh'
[15.683s] colcon.colcon_core.shell INFO Creating package script '/home/ake/sim_drone/ake_drone_sim/install/drone_dynamics/share/drone_dynamics/package.bash'
[15.683s] colcon.colcon_core.shell INFO Creating package script '/home/ake/sim_drone/ake_drone_sim/install/drone_dynamics/share/drone_dynamics/package.zsh'
[15.683s] colcon.colcon_core.environment Level 1 create_file_with_runtime_dependencies(/home/ake/sim_drone/ake_drone_sim/install/drone_dynamics/share/colcon-core/packages/drone_dynamics)
[15.684s] colcon.colcon_ros.task.ament_cmake.build INFO Building ROS package in '/home/ake/sim_drone/ake_drone_sim/src/drone_map' with build type 'ament_cmake'
[15.684s] colcon.colcon_cmake.task.cmake.build INFO Building CMake package in '/home/ake/sim_drone/ake_drone_sim/src/drone_map'
[15.684s] colcon.colcon_core.shell INFO Skip shell extension 'powershell' for command environment: Not usable outside of PowerShell
[15.684s] colcon.colcon_core.shell DEBUG Skip shell extension 'dsv' for command environment
[15.685s] colcon.colcon_ros.task.ament_cmake.build INFO Building ROS package in '/home/ake/sim_drone/ake_drone_sim/src/drone_controller' with build type 'ament_cmake'
[15.686s] colcon.colcon_cmake.task.cmake.build INFO Building CMake package in '/home/ake/sim_drone/ake_drone_sim/src/drone_controller'
[15.686s] colcon.colcon_core.shell INFO Skip shell extension 'powershell' for command environment: Not usable outside of PowerShell
[15.686s] colcon.colcon_core.shell DEBUG Skip shell extension 'dsv' for command environment
[15.689s] colcon.colcon_core.event_handler.log_command DEBUG Invoking command in '/home/ake/sim_drone/ake_drone_sim/build/drone_map': AMENT_PREFIX_PATH=/home/ake/sim_drone/ake_drone_sim/install/drone_dynamics:${AMENT_PREFIX_PATH} CMAKE_PREFIX_PATH=/home/ake/sim_drone/ake_drone_sim/install/drone_dynamics:/opt/ros/humble LD_LIBRARY_PATH=/home/ake/sim_drone/ake_drone_sim/install/drone_dynamics/lib:${LD_LIBRARY_PATH} /usr/bin/cmake /home/ake/sim_drone/ake_drone_sim/src/drone_map -DAMENT_CMAKE_SYMLINK_INSTALL=1 -DCMAKE_INSTALL_PREFIX=/home/ake/sim_drone/ake_drone_sim/install/drone_map
[15.694s] colcon.colcon_core.event_handler.log_command DEBUG Invoking command in '/home/ake/sim_drone/ake_drone_sim/build/drone_controller': AMENT_PREFIX_PATH=/home/ake/sim_drone/ake_drone_sim/install/drone_msgs:/home/ake/sim_drone/ake_drone_sim/install/drone_dynamics:${AMENT_PREFIX_PATH} CMAKE_PREFIX_PATH=/home/ake/sim_drone/ake_drone_sim/install/drone_msgs:/home/ake/sim_drone/ake_drone_sim/install/drone_dynamics:/opt/ros/humble LD_LIBRARY_PATH=/home/ake/sim_drone/ake_drone_sim/install/drone_msgs/lib:/home/ake/sim_drone/ake_drone_sim/install/drone_dynamics/lib:${LD_LIBRARY_PATH} PYTHONPATH=/home/ake/sim_drone/ake_drone_sim/install/drone_msgs/local/lib/python3.10/dist-packages:${PYTHONPATH} /usr/bin/cmake /home/ake/sim_drone/ake_drone_sim/src/drone_controller -DAMENT_CMAKE_SYMLINK_INSTALL=1 -DCMAKE_INSTALL_PREFIX=/home/ake/sim_drone/ake_drone_sim/install/drone_controller
[16.647s] colcon.colcon_core.event_handler.log_command DEBUG Invoked command in '/home/ake/sim_drone/ake_drone_sim/build/drone_controller' returned '0': AMENT_PREFIX_PATH=/home/ake/sim_drone/ake_drone_sim/install/drone_msgs:/home/ake/sim_drone/ake_drone_sim/install/drone_dynamics:${AMENT_PREFIX_PATH} CMAKE_PREFIX_PATH=/home/ake/sim_drone/ake_drone_sim/install/drone_msgs:/home/ake/sim_drone/ake_drone_sim/install/drone_dynamics:/opt/ros/humble LD_LIBRARY_PATH=/home/ake/sim_drone/ake_drone_sim/install/drone_msgs/lib:/home/ake/sim_drone/ake_drone_sim/install/drone_dynamics/lib:${LD_LIBRARY_PATH} PYTHONPATH=/home/ake/sim_drone/ake_drone_sim/install/drone_msgs/local/lib/python3.10/dist-packages:${PYTHONPATH} /usr/bin/cmake /home/ake/sim_drone/ake_drone_sim/src/drone_controller -DAMENT_CMAKE_SYMLINK_INSTALL=1 -DCMAKE_INSTALL_PREFIX=/home/ake/sim_drone/ake_drone_sim/install/drone_controller
[16.647s] colcon.colcon_core.event_handler.log_command DEBUG Invoking command in '/home/ake/sim_drone/ake_drone_sim/build/drone_controller': AMENT_PREFIX_PATH=/home/ake/sim_drone/ake_drone_sim/install/drone_msgs:/home/ake/sim_drone/ake_drone_sim/install/drone_dynamics:${AMENT_PREFIX_PATH} CMAKE_PREFIX_PATH=/home/ake/sim_drone/ake_drone_sim/install/drone_msgs:/home/ake/sim_drone/ake_drone_sim/install/drone_dynamics:/opt/ros/humble LD_LIBRARY_PATH=/home/ake/sim_drone/ake_drone_sim/install/drone_msgs/lib:/home/ake/sim_drone/ake_drone_sim/install/drone_dynamics/lib:${LD_LIBRARY_PATH} PYTHONPATH=/home/ake/sim_drone/ake_drone_sim/install/drone_msgs/local/lib/python3.10/dist-packages:${PYTHONPATH} /usr/bin/cmake --build /home/ake/sim_drone/ake_drone_sim/build/drone_controller -- -j20 -l20
[16.649s] colcon.colcon_core.event_handler.log_command DEBUG Invoked command in '/home/ake/sim_drone/ake_drone_sim/build/drone_map' returned '0': AMENT_PREFIX_PATH=/home/ake/sim_drone/ake_drone_sim/install/drone_dynamics:${AMENT_PREFIX_PATH} CMAKE_PREFIX_PATH=/home/ake/sim_drone/ake_drone_sim/install/drone_dynamics:/opt/ros/humble LD_LIBRARY_PATH=/home/ake/sim_drone/ake_drone_sim/install/drone_dynamics/lib:${LD_LIBRARY_PATH} /usr/bin/cmake /home/ake/sim_drone/ake_drone_sim/src/drone_map -DAMENT_CMAKE_SYMLINK_INSTALL=1 -DCMAKE_INSTALL_PREFIX=/home/ake/sim_drone/ake_drone_sim/install/drone_map
[16.650s] colcon.colcon_core.event_handler.log_command DEBUG Invoking command in '/home/ake/sim_drone/ake_drone_sim/build/drone_map': AMENT_PREFIX_PATH=/home/ake/sim_drone/ake_drone_sim/install/drone_dynamics:${AMENT_PREFIX_PATH} CMAKE_PREFIX_PATH=/home/ake/sim_drone/ake_drone_sim/install/drone_dynamics:/opt/ros/humble LD_LIBRARY_PATH=/home/ake/sim_drone/ake_drone_sim/install/drone_dynamics/lib:${LD_LIBRARY_PATH} /usr/bin/cmake --build /home/ake/sim_drone/ake_drone_sim/build/drone_map -- -j20 -l20
[25.342s] colcon.colcon_core.event_handler.log_command DEBUG Invoked command in '/home/ake/sim_drone/ake_drone_sim/build/drone_map' returned '0': AMENT_PREFIX_PATH=/home/ake/sim_drone/ake_drone_sim/install/drone_dynamics:${AMENT_PREFIX_PATH} CMAKE_PREFIX_PATH=/home/ake/sim_drone/ake_drone_sim/install/drone_dynamics:/opt/ros/humble LD_LIBRARY_PATH=/home/ake/sim_drone/ake_drone_sim/install/drone_dynamics/lib:${LD_LIBRARY_PATH} /usr/bin/cmake --build /home/ake/sim_drone/ake_drone_sim/build/drone_map -- -j20 -l20
[25.342s] colcon.colcon_core.event_handler.log_command DEBUG Invoking command in '/home/ake/sim_drone/ake_drone_sim/build/drone_map': AMENT_PREFIX_PATH=/home/ake/sim_drone/ake_drone_sim/install/drone_dynamics:${AMENT_PREFIX_PATH} CMAKE_PREFIX_PATH=/home/ake/sim_drone/ake_drone_sim/install/drone_dynamics:/opt/ros/humble LD_LIBRARY_PATH=/home/ake/sim_drone/ake_drone_sim/install/drone_dynamics/lib:${LD_LIBRARY_PATH} /usr/bin/cmake --install /home/ake/sim_drone/ake_drone_sim/build/drone_map
[25.488s] colcon.colcon_core.environment Level 1 create_environment_scripts_only(drone_map)
[25.489s] colcon.colcon_core.environment Level 1 checking '/home/ake/sim_drone/ake_drone_sim/install/drone_map' for CMake module files
[25.489s] colcon.colcon_core.event_handler.log_command DEBUG Invoked command in '/home/ake/sim_drone/ake_drone_sim/build/drone_map' returned '0': AMENT_PREFIX_PATH=/home/ake/sim_drone/ake_drone_sim/install/drone_dynamics:${AMENT_PREFIX_PATH} CMAKE_PREFIX_PATH=/home/ake/sim_drone/ake_drone_sim/install/drone_dynamics:/opt/ros/humble LD_LIBRARY_PATH=/home/ake/sim_drone/ake_drone_sim/install/drone_dynamics/lib:${LD_LIBRARY_PATH} /usr/bin/cmake --install /home/ake/sim_drone/ake_drone_sim/build/drone_map
[25.489s] colcon.colcon_core.environment Level 1 checking '/home/ake/sim_drone/ake_drone_sim/install/drone_map' for CMake config files
[25.489s] colcon.colcon_core.shell Level 1 create_environment_hook('drone_map', 'cmake_prefix_path')
[25.489s] colcon.colcon_core.shell INFO Creating environment hook '/home/ake/sim_drone/ake_drone_sim/install/drone_map/share/drone_map/hook/cmake_prefix_path.ps1'
[25.490s] colcon.colcon_core.shell INFO Creating environment descriptor '/home/ake/sim_drone/ake_drone_sim/install/drone_map/share/drone_map/hook/cmake_prefix_path.dsv'
[25.490s] colcon.colcon_core.shell INFO Creating environment hook '/home/ake/sim_drone/ake_drone_sim/install/drone_map/share/drone_map/hook/cmake_prefix_path.sh'
[25.490s] colcon.colcon_core.environment Level 1 checking '/home/ake/sim_drone/ake_drone_sim/install/drone_map/lib'
[25.490s] colcon.colcon_core.shell Level 1 create_environment_hook('drone_map', 'ld_library_path_lib')
[25.490s] colcon.colcon_core.shell INFO Creating environment hook '/home/ake/sim_drone/ake_drone_sim/install/drone_map/share/drone_map/hook/ld_library_path_lib.ps1'
[25.490s] colcon.colcon_core.shell INFO Creating environment descriptor '/home/ake/sim_drone/ake_drone_sim/install/drone_map/share/drone_map/hook/ld_library_path_lib.dsv'
[25.491s] colcon.colcon_core.shell INFO Creating environment hook '/home/ake/sim_drone/ake_drone_sim/install/drone_map/share/drone_map/hook/ld_library_path_lib.sh'
[25.491s] colcon.colcon_core.environment Level 1 checking '/home/ake/sim_drone/ake_drone_sim/install/drone_map/bin'
[25.491s] colcon.colcon_core.environment Level 1 checking '/home/ake/sim_drone/ake_drone_sim/install/drone_map/lib/pkgconfig/drone_map.pc'
[25.491s] colcon.colcon_core.environment Level 1 checking '/home/ake/sim_drone/ake_drone_sim/install/drone_map/lib/python3.10/site-packages'
[25.491s] colcon.colcon_core.environment Level 1 checking '/home/ake/sim_drone/ake_drone_sim/install/drone_map/bin'
[25.491s] colcon.colcon_core.shell INFO Creating package script '/home/ake/sim_drone/ake_drone_sim/install/drone_map/share/drone_map/package.ps1'
[25.491s] colcon.colcon_core.shell INFO Creating package descriptor '/home/ake/sim_drone/ake_drone_sim/install/drone_map/share/drone_map/package.dsv'
[25.492s] colcon.colcon_core.shell INFO Creating package script '/home/ake/sim_drone/ake_drone_sim/install/drone_map/share/drone_map/package.sh'
[25.492s] colcon.colcon_core.shell INFO Creating package script '/home/ake/sim_drone/ake_drone_sim/install/drone_map/share/drone_map/package.bash'
[25.492s] colcon.colcon_core.shell INFO Creating package script '/home/ake/sim_drone/ake_drone_sim/install/drone_map/share/drone_map/package.zsh'
[25.492s] colcon.colcon_core.environment Level 1 create_file_with_runtime_dependencies(/home/ake/sim_drone/ake_drone_sim/install/drone_map/share/colcon-core/packages/drone_map)
[25.492s] colcon.colcon_core.environment Level 1 create_environment_scripts_only(drone_map)
[25.492s] colcon.colcon_core.environment Level 1 checking '/home/ake/sim_drone/ake_drone_sim/install/drone_map' for CMake module files
[25.493s] colcon.colcon_core.environment Level 1 checking '/home/ake/sim_drone/ake_drone_sim/install/drone_map' for CMake config files
[25.493s] colcon.colcon_core.shell Level 1 create_environment_hook('drone_map', 'cmake_prefix_path')
[25.493s] colcon.colcon_core.shell INFO Creating environment hook '/home/ake/sim_drone/ake_drone_sim/install/drone_map/share/drone_map/hook/cmake_prefix_path.ps1'
[25.493s] colcon.colcon_core.shell INFO Creating environment descriptor '/home/ake/sim_drone/ake_drone_sim/install/drone_map/share/drone_map/hook/cmake_prefix_path.dsv'
[25.493s] colcon.colcon_core.shell INFO Creating environment hook '/home/ake/sim_drone/ake_drone_sim/install/drone_map/share/drone_map/hook/cmake_prefix_path.sh'
[25.494s] colcon.colcon_core.environment Level 1 checking '/home/ake/sim_drone/ake_drone_sim/install/drone_map/lib'
[25.494s] colcon.colcon_core.shell Level 1 create_environment_hook('drone_map', 'ld_library_path_lib')
[25.494s] colcon.colcon_core.shell INFO Creating environment hook '/home/ake/sim_drone/ake_drone_sim/install/drone_map/share/drone_map/hook/ld_library_path_lib.ps1'
[25.494s] colcon.colcon_core.shell INFO Creating environment descriptor '/home/ake/sim_drone/ake_drone_sim/install/drone_map/share/drone_map/hook/ld_library_path_lib.dsv'
[25.494s] colcon.colcon_core.shell INFO Creating environment hook '/home/ake/sim_drone/ake_drone_sim/install/drone_map/share/drone_map/hook/ld_library_path_lib.sh'
[25.494s] colcon.colcon_core.environment Level 1 checking '/home/ake/sim_drone/ake_drone_sim/install/drone_map/bin'
[25.494s] colcon.colcon_core.environment Level 1 checking '/home/ake/sim_drone/ake_drone_sim/install/drone_map/lib/pkgconfig/drone_map.pc'
[25.494s] colcon.colcon_core.environment Level 1 checking '/home/ake/sim_drone/ake_drone_sim/install/drone_map/lib/python3.10/site-packages'
[25.494s] colcon.colcon_core.environment Level 1 checking '/home/ake/sim_drone/ake_drone_sim/install/drone_map/bin'
[25.495s] colcon.colcon_core.shell INFO Creating package script '/home/ake/sim_drone/ake_drone_sim/install/drone_map/share/drone_map/package.ps1'
[25.495s] colcon.colcon_core.shell INFO Creating package descriptor '/home/ake/sim_drone/ake_drone_sim/install/drone_map/share/drone_map/package.dsv'
[25.495s] colcon.colcon_core.shell INFO Creating package script '/home/ake/sim_drone/ake_drone_sim/install/drone_map/share/drone_map/package.sh'
[25.495s] colcon.colcon_core.shell INFO Creating package script '/home/ake/sim_drone/ake_drone_sim/install/drone_map/share/drone_map/package.bash'
[25.495s] colcon.colcon_core.shell INFO Creating package script '/home/ake/sim_drone/ake_drone_sim/install/drone_map/share/drone_map/package.zsh'
[25.496s] colcon.colcon_core.environment Level 1 create_file_with_runtime_dependencies(/home/ake/sim_drone/ake_drone_sim/install/drone_map/share/colcon-core/packages/drone_map)
[25.496s] colcon.colcon_ros.task.ament_cmake.build INFO Building ROS package in '/home/ake/sim_drone/ake_drone_sim/src/drone_planner' with build type 'ament_cmake'
[25.496s] colcon.colcon_cmake.task.cmake.build INFO Building CMake package in '/home/ake/sim_drone/ake_drone_sim/src/drone_planner'
[25.496s] colcon.colcon_core.shell INFO Skip shell extension 'powershell' for command environment: Not usable outside of PowerShell
[25.496s] colcon.colcon_core.shell DEBUG Skip shell extension 'dsv' for command environment
[25.505s] colcon.colcon_core.event_handler.log_command DEBUG Invoking command in '/home/ake/sim_drone/ake_drone_sim/build/drone_planner': AMENT_PREFIX_PATH=/home/ake/sim_drone/ake_drone_sim/install/drone_map:/home/ake/sim_drone/ake_drone_sim/install/drone_msgs:/home/ake/sim_drone/ake_drone_sim/install/drone_dynamics:${AMENT_PREFIX_PATH} CMAKE_PREFIX_PATH=/home/ake/sim_drone/ake_drone_sim/install/drone_map:/home/ake/sim_drone/ake_drone_sim/install/drone_msgs:/home/ake/sim_drone/ake_drone_sim/install/drone_dynamics:/opt/ros/humble LD_LIBRARY_PATH=/home/ake/sim_drone/ake_drone_sim/install/drone_map/lib:/home/ake/sim_drone/ake_drone_sim/install/drone_msgs/lib:/home/ake/sim_drone/ake_drone_sim/install/drone_dynamics/lib:${LD_LIBRARY_PATH} PYTHONPATH=/home/ake/sim_drone/ake_drone_sim/install/drone_msgs/local/lib/python3.10/dist-packages:${PYTHONPATH} /usr/bin/cmake /home/ake/sim_drone/ake_drone_sim/src/drone_planner -DAMENT_CMAKE_SYMLINK_INSTALL=1 -DCMAKE_INSTALL_PREFIX=/home/ake/sim_drone/ake_drone_sim/install/drone_planner
[25.642s] colcon.colcon_core.event_handler.log_command DEBUG Invoked command in '/home/ake/sim_drone/ake_drone_sim/build/drone_controller' returned '0': AMENT_PREFIX_PATH=/home/ake/sim_drone/ake_drone_sim/install/drone_msgs:/home/ake/sim_drone/ake_drone_sim/install/drone_dynamics:${AMENT_PREFIX_PATH} CMAKE_PREFIX_PATH=/home/ake/sim_drone/ake_drone_sim/install/drone_msgs:/home/ake/sim_drone/ake_drone_sim/install/drone_dynamics:/opt/ros/humble LD_LIBRARY_PATH=/home/ake/sim_drone/ake_drone_sim/install/drone_msgs/lib:/home/ake/sim_drone/ake_drone_sim/install/drone_dynamics/lib:${LD_LIBRARY_PATH} PYTHONPATH=/home/ake/sim_drone/ake_drone_sim/install/drone_msgs/local/lib/python3.10/dist-packages:${PYTHONPATH} /usr/bin/cmake --build /home/ake/sim_drone/ake_drone_sim/build/drone_controller -- -j20 -l20
[25.643s] colcon.colcon_core.event_handler.log_command DEBUG Invoking command in '/home/ake/sim_drone/ake_drone_sim/build/drone_controller': AMENT_PREFIX_PATH=/home/ake/sim_drone/ake_drone_sim/install/drone_msgs:/home/ake/sim_drone/ake_drone_sim/install/drone_dynamics:${AMENT_PREFIX_PATH} CMAKE_PREFIX_PATH=/home/ake/sim_drone/ake_drone_sim/install/drone_msgs:/home/ake/sim_drone/ake_drone_sim/install/drone_dynamics:/opt/ros/humble LD_LIBRARY_PATH=/home/ake/sim_drone/ake_drone_sim/install/drone_msgs/lib:/home/ake/sim_drone/ake_drone_sim/install/drone_dynamics/lib:${LD_LIBRARY_PATH} PYTHONPATH=/home/ake/sim_drone/ake_drone_sim/install/drone_msgs/local/lib/python3.10/dist-packages:${PYTHONPATH} /usr/bin/cmake --install /home/ake/sim_drone/ake_drone_sim/build/drone_controller
[25.794s] colcon.colcon_core.environment Level 1 create_environment_scripts_only(drone_controller)
[25.794s] colcon.colcon_core.environment Level 1 checking '/home/ake/sim_drone/ake_drone_sim/install/drone_controller' for CMake module files
[25.795s] colcon.colcon_core.event_handler.log_command DEBUG Invoked command in '/home/ake/sim_drone/ake_drone_sim/build/drone_controller' returned '0': AMENT_PREFIX_PATH=/home/ake/sim_drone/ake_drone_sim/install/drone_msgs:/home/ake/sim_drone/ake_drone_sim/install/drone_dynamics:${AMENT_PREFIX_PATH} CMAKE_PREFIX_PATH=/home/ake/sim_drone/ake_drone_sim/install/drone_msgs:/home/ake/sim_drone/ake_drone_sim/install/drone_dynamics:/opt/ros/humble LD_LIBRARY_PATH=/home/ake/sim_drone/ake_drone_sim/install/drone_msgs/lib:/home/ake/sim_drone/ake_drone_sim/install/drone_dynamics/lib:${LD_LIBRARY_PATH} PYTHONPATH=/home/ake/sim_drone/ake_drone_sim/install/drone_msgs/local/lib/python3.10/dist-packages:${PYTHONPATH} /usr/bin/cmake --install /home/ake/sim_drone/ake_drone_sim/build/drone_controller
[25.795s] colcon.colcon_core.environment Level 1 checking '/home/ake/sim_drone/ake_drone_sim/install/drone_controller' for CMake config files
[25.795s] colcon.colcon_core.shell Level 1 create_environment_hook('drone_controller', 'cmake_prefix_path')
[25.795s] colcon.colcon_core.shell INFO Creating environment hook '/home/ake/sim_drone/ake_drone_sim/install/drone_controller/share/drone_controller/hook/cmake_prefix_path.ps1'
[25.795s] colcon.colcon_core.shell INFO Creating environment descriptor '/home/ake/sim_drone/ake_drone_sim/install/drone_controller/share/drone_controller/hook/cmake_prefix_path.dsv'
[25.796s] colcon.colcon_core.shell INFO Creating environment hook '/home/ake/sim_drone/ake_drone_sim/install/drone_controller/share/drone_controller/hook/cmake_prefix_path.sh'
[25.796s] colcon.colcon_core.environment Level 1 checking '/home/ake/sim_drone/ake_drone_sim/install/drone_controller/lib'
[25.796s] colcon.colcon_core.shell Level 1 create_environment_hook('drone_controller', 'ld_library_path_lib')
[25.796s] colcon.colcon_core.shell INFO Creating environment hook '/home/ake/sim_drone/ake_drone_sim/install/drone_controller/share/drone_controller/hook/ld_library_path_lib.ps1'
[25.796s] colcon.colcon_core.shell INFO Creating environment descriptor '/home/ake/sim_drone/ake_drone_sim/install/drone_controller/share/drone_controller/hook/ld_library_path_lib.dsv'
[25.796s] colcon.colcon_core.shell INFO Creating environment hook '/home/ake/sim_drone/ake_drone_sim/install/drone_controller/share/drone_controller/hook/ld_library_path_lib.sh'
[25.797s] colcon.colcon_core.environment Level 1 checking '/home/ake/sim_drone/ake_drone_sim/install/drone_controller/bin'
[25.797s] colcon.colcon_core.environment Level 1 checking '/home/ake/sim_drone/ake_drone_sim/install/drone_controller/lib/pkgconfig/drone_controller.pc'
[25.797s] colcon.colcon_core.environment Level 1 checking '/home/ake/sim_drone/ake_drone_sim/install/drone_controller/lib/python3.10/site-packages'
[25.797s] colcon.colcon_core.environment Level 1 checking '/home/ake/sim_drone/ake_drone_sim/install/drone_controller/bin'
[25.797s] colcon.colcon_core.shell INFO Creating package script '/home/ake/sim_drone/ake_drone_sim/install/drone_controller/share/drone_controller/package.ps1'
[25.797s] colcon.colcon_core.shell INFO Creating package descriptor '/home/ake/sim_drone/ake_drone_sim/install/drone_controller/share/drone_controller/package.dsv'
[25.798s] colcon.colcon_core.shell INFO Creating package script '/home/ake/sim_drone/ake_drone_sim/install/drone_controller/share/drone_controller/package.sh'
[25.798s] colcon.colcon_core.shell INFO Creating package script '/home/ake/sim_drone/ake_drone_sim/install/drone_controller/share/drone_controller/package.bash'
[25.798s] colcon.colcon_core.shell INFO Creating package script '/home/ake/sim_drone/ake_drone_sim/install/drone_controller/share/drone_controller/package.zsh'
[25.798s] colcon.colcon_core.environment Level 1 create_file_with_runtime_dependencies(/home/ake/sim_drone/ake_drone_sim/install/drone_controller/share/colcon-core/packages/drone_controller)
[25.799s] colcon.colcon_core.environment Level 1 create_environment_scripts_only(drone_controller)
[25.799s] colcon.colcon_core.environment Level 1 checking '/home/ake/sim_drone/ake_drone_sim/install/drone_controller' for CMake module files
[25.799s] colcon.colcon_core.environment Level 1 checking '/home/ake/sim_drone/ake_drone_sim/install/drone_controller' for CMake config files
[25.799s] colcon.colcon_core.shell Level 1 create_environment_hook('drone_controller', 'cmake_prefix_path')
[25.799s] colcon.colcon_core.shell INFO Creating environment hook '/home/ake/sim_drone/ake_drone_sim/install/drone_controller/share/drone_controller/hook/cmake_prefix_path.ps1'
[25.800s] colcon.colcon_core.shell INFO Creating environment descriptor '/home/ake/sim_drone/ake_drone_sim/install/drone_controller/share/drone_controller/hook/cmake_prefix_path.dsv'
[25.800s] colcon.colcon_core.shell INFO Creating environment hook '/home/ake/sim_drone/ake_drone_sim/install/drone_controller/share/drone_controller/hook/cmake_prefix_path.sh'
[25.800s] colcon.colcon_core.environment Level 1 checking '/home/ake/sim_drone/ake_drone_sim/install/drone_controller/lib'
[25.800s] colcon.colcon_core.shell Level 1 create_environment_hook('drone_controller', 'ld_library_path_lib')
[25.801s] colcon.colcon_core.shell INFO Creating environment hook '/home/ake/sim_drone/ake_drone_sim/install/drone_controller/share/drone_controller/hook/ld_library_path_lib.ps1'
[25.801s] colcon.colcon_core.shell INFO Creating environment descriptor '/home/ake/sim_drone/ake_drone_sim/install/drone_controller/share/drone_controller/hook/ld_library_path_lib.dsv'
[25.801s] colcon.colcon_core.shell INFO Creating environment hook '/home/ake/sim_drone/ake_drone_sim/install/drone_controller/share/drone_controller/hook/ld_library_path_lib.sh'
[25.802s] colcon.colcon_core.environment Level 1 checking '/home/ake/sim_drone/ake_drone_sim/install/drone_controller/bin'
[25.802s] colcon.colcon_core.environment Level 1 checking '/home/ake/sim_drone/ake_drone_sim/install/drone_controller/lib/pkgconfig/drone_controller.pc'
[25.802s] colcon.colcon_core.environment Level 1 checking '/home/ake/sim_drone/ake_drone_sim/install/drone_controller/lib/python3.10/site-packages'
[25.802s] colcon.colcon_core.environment Level 1 checking '/home/ake/sim_drone/ake_drone_sim/install/drone_controller/bin'
[25.802s] colcon.colcon_core.shell INFO Creating package script '/home/ake/sim_drone/ake_drone_sim/install/drone_controller/share/drone_controller/package.ps1'
[25.803s] colcon.colcon_core.shell INFO Creating package descriptor '/home/ake/sim_drone/ake_drone_sim/install/drone_controller/share/drone_controller/package.dsv'
[25.803s] colcon.colcon_core.shell INFO Creating package script '/home/ake/sim_drone/ake_drone_sim/install/drone_controller/share/drone_controller/package.sh'
[25.803s] colcon.colcon_core.shell INFO Creating package script '/home/ake/sim_drone/ake_drone_sim/install/drone_controller/share/drone_controller/package.bash'
[25.803s] colcon.colcon_core.shell INFO Creating package script '/home/ake/sim_drone/ake_drone_sim/install/drone_controller/share/drone_controller/package.zsh'
[25.804s] colcon.colcon_core.environment Level 1 create_file_with_runtime_dependencies(/home/ake/sim_drone/ake_drone_sim/install/drone_controller/share/colcon-core/packages/drone_controller)
[26.523s] colcon.colcon_core.event_handler.log_command DEBUG Invoked command in '/home/ake/sim_drone/ake_drone_sim/build/drone_planner' returned '1': AMENT_PREFIX_PATH=/home/ake/sim_drone/ake_drone_sim/install/drone_map:/home/ake/sim_drone/ake_drone_sim/install/drone_msgs:/home/ake/sim_drone/ake_drone_sim/install/drone_dynamics:${AMENT_PREFIX_PATH} CMAKE_PREFIX_PATH=/home/ake/sim_drone/ake_drone_sim/install/drone_map:/home/ake/sim_drone/ake_drone_sim/install/drone_msgs:/home/ake/sim_drone/ake_drone_sim/install/drone_dynamics:/opt/ros/humble LD_LIBRARY_PATH=/home/ake/sim_drone/ake_drone_sim/install/drone_map/lib:/home/ake/sim_drone/ake_drone_sim/install/drone_msgs/lib:/home/ake/sim_drone/ake_drone_sim/install/drone_dynamics/lib:${LD_LIBRARY_PATH} PYTHONPATH=/home/ake/sim_drone/ake_drone_sim/install/drone_msgs/local/lib/python3.10/dist-packages:${PYTHONPATH} /usr/bin/cmake /home/ake/sim_drone/ake_drone_sim/src/drone_planner -DAMENT_CMAKE_SYMLINK_INSTALL=1 -DCMAKE_INSTALL_PREFIX=/home/ake/sim_drone/ake_drone_sim/install/drone_planner
[26.532s] colcon.colcon_core.environment Level 1 create_environment_scripts_only(drone_planner)
[26.533s] colcon.colcon_core.environment Level 1 checking '/home/ake/sim_drone/ake_drone_sim/install/drone_planner' for CMake module files
[26.533s] colcon.colcon_core.environment Level 1 checking '/home/ake/sim_drone/ake_drone_sim/install/drone_planner' for CMake config files
[26.533s] colcon.colcon_core.environment Level 1 checking '/home/ake/sim_drone/ake_drone_sim/install/drone_planner/bin'
[26.533s] colcon.colcon_core.environment Level 1 checking '/home/ake/sim_drone/ake_drone_sim/install/drone_planner/lib/pkgconfig/drone_planner.pc'
[26.533s] colcon.colcon_core.environment Level 1 checking '/home/ake/sim_drone/ake_drone_sim/install/drone_planner/lib/python3.10/site-packages'
[26.534s] colcon.colcon_core.environment Level 1 checking '/home/ake/sim_drone/ake_drone_sim/install/drone_planner/bin'
[26.534s] colcon.colcon_core.shell INFO Creating package script '/home/ake/sim_drone/ake_drone_sim/install/drone_planner/share/drone_planner/package.ps1'
[26.534s] colcon.colcon_core.shell INFO Creating package descriptor '/home/ake/sim_drone/ake_drone_sim/install/drone_planner/share/drone_planner/package.dsv'
[26.535s] colcon.colcon_core.shell INFO Creating package script '/home/ake/sim_drone/ake_drone_sim/install/drone_planner/share/drone_planner/package.sh'
[26.535s] colcon.colcon_core.shell INFO Creating package script '/home/ake/sim_drone/ake_drone_sim/install/drone_planner/share/drone_planner/package.bash'
[26.535s] colcon.colcon_core.shell INFO Creating package script '/home/ake/sim_drone/ake_drone_sim/install/drone_planner/share/drone_planner/package.zsh'
[26.535s] colcon.colcon_core.environment Level 1 create_file_with_runtime_dependencies(/home/ake/sim_drone/ake_drone_sim/install/drone_planner/share/colcon-core/packages/drone_planner)
[26.545s] colcon.colcon_parallel_executor.executor.parallel DEBUG closing loop
[26.546s] colcon.colcon_parallel_executor.executor.parallel DEBUG loop closed
[26.546s] colcon.colcon_parallel_executor.executor.parallel DEBUG run_until_complete finished with '1'
[26.546s] colcon.colcon_core.event_reactor DEBUG joining thread
[26.555s] colcon.colcon_core.plugin_system INFO Skipping extension 'colcon_notification.desktop_notification.terminal_notifier': Not used on non-Darwin systems
[26.555s] colcon.colcon_core.plugin_system INFO Skipping extension 'colcon_notification.desktop_notification.win32': Not used on non-Windows systems
[26.555s] colcon.colcon_notification.desktop_notification INFO Sending desktop notification using 'notify2'
[26.570s] colcon.colcon_core.event_reactor DEBUG joined thread
[26.571s] colcon.colcon_core.shell INFO Creating prefix script '/home/ake/sim_drone/ake_drone_sim/install/local_setup.ps1'
[26.572s] colcon.colcon_core.shell INFO Creating prefix util module '/home/ake/sim_drone/ake_drone_sim/install/_local_setup_util_ps1.py'
[26.574s] colcon.colcon_core.shell INFO Creating prefix chain script '/home/ake/sim_drone/ake_drone_sim/install/setup.ps1'
[26.576s] colcon.colcon_core.shell INFO Creating prefix script '/home/ake/sim_drone/ake_drone_sim/install/local_setup.sh'
[26.577s] colcon.colcon_core.shell INFO Creating prefix util module '/home/ake/sim_drone/ake_drone_sim/install/_local_setup_util_sh.py'
[26.578s] colcon.colcon_core.shell INFO Creating prefix chain script '/home/ake/sim_drone/ake_drone_sim/install/setup.sh'
[26.579s] colcon.colcon_core.shell INFO Creating prefix script '/home/ake/sim_drone/ake_drone_sim/install/local_setup.bash'
[26.580s] colcon.colcon_core.shell INFO Creating prefix chain script '/home/ake/sim_drone/ake_drone_sim/install/setup.bash'
[26.581s] colcon.colcon_core.shell INFO Creating prefix script '/home/ake/sim_drone/ake_drone_sim/install/local_setup.zsh'
[26.582s] colcon.colcon_core.shell INFO Creating prefix chain script '/home/ake/sim_drone/ake_drone_sim/install/setup.zsh'
