[  3%] Generating C code for ROS interfaces
[  6%] Generating C++ code for ROS interfaces
[  6%] Built target ament_cmake_python_symlink_drone_msgs
[  9%] Building C object CMakeFiles/drone_msgs__rosidl_generator_c.dir/rosidl_generator_c/drone_msgs/msg/detail/trajectory_setpoint__functions.c.o
[  9%] Built target drone_msgs__cpp
[ 12%] Generating C++ type support dispatch for ROS interfaces
[ 16%] Generating C++ type support for eProsima Fast-RTPS
[ 19%] Generating C++ introspection for ROS interfaces
running egg_info
creating drone_msgs.egg-info
writing drone_msgs.egg-info/PKG-INFO
writing dependency_links to drone_msgs.egg-info/dependency_links.txt
writing top-level names to drone_msgs.egg-info/top_level.txt
writing manifest file 'drone_msgs.egg-info/SOURCES.txt'
reading manifest file 'drone_msgs.egg-info/SOURCES.txt'
writing manifest file 'drone_msgs.egg-info/SOURCES.txt'
[ 22%] Linking C shared library libdrone_msgs__rosidl_generator_c.so
[ 22%] Built target ament_cmake_python_build_drone_msgs_egg
[ 22%] Built target drone_msgs__rosidl_generator_c
[ 29%] Generating C type support for eProsima Fast-RTPS
[ 29%] Generating C introspection for ROS interfaces
[ 32%] Generating C type support dispatch for ROS interfaces
[ 35%] Building CXX object CMakeFiles/drone_msgs__rosidl_typesupport_cpp.dir/rosidl_typesupport_cpp/drone_msgs/msg/trajectory_setpoint__type_support.cpp.o
[ 38%] Building CXX object CMakeFiles/drone_msgs__rosidl_typesupport_fastrtps_cpp.dir/rosidl_typesupport_fastrtps_cpp/drone_msgs/msg/detail/dds_fastrtps/trajectory_setpoint__type_support.cpp.o
[ 41%] Building CXX object CMakeFiles/drone_msgs__rosidl_typesupport_introspection_cpp.dir/rosidl_typesupport_introspection_cpp/drone_msgs/msg/detail/trajectory_setpoint__type_support.cpp.o
[ 45%] Building CXX object CMakeFiles/drone_msgs__rosidl_typesupport_c.dir/rosidl_typesupport_c/drone_msgs/msg/trajectory_setpoint__type_support.cpp.o
[ 48%] Building CXX object CMakeFiles/drone_msgs__rosidl_typesupport_fastrtps_c.dir/rosidl_typesupport_fastrtps_c/drone_msgs/msg/detail/trajectory_setpoint__type_support_c.cpp.o
[ 51%] Building C object CMakeFiles/drone_msgs__rosidl_typesupport_introspection_c.dir/rosidl_typesupport_introspection_c/drone_msgs/msg/detail/trajectory_setpoint__type_support.c.o
[ 54%] Linking CXX shared library libdrone_msgs__rosidl_typesupport_c.so
[ 58%] Linking C shared library libdrone_msgs__rosidl_typesupport_introspection_c.so
[ 58%] Built target drone_msgs__rosidl_typesupport_introspection_c
[ 58%] Built target drone_msgs__rosidl_typesupport_c
[ 61%] Linking CXX shared library libdrone_msgs__rosidl_typesupport_cpp.so
[ 61%] Built target drone_msgs__rosidl_typesupport_cpp
[ 64%] Linking CXX shared library libdrone_msgs__rosidl_typesupport_fastrtps_cpp.so
[ 67%] Linking CXX shared library libdrone_msgs__rosidl_typesupport_introspection_cpp.so
[ 70%] Linking CXX shared library libdrone_msgs__rosidl_typesupport_fastrtps_c.so
[ 70%] Built target drone_msgs__rosidl_typesupport_fastrtps_cpp
[ 70%] Built target drone_msgs__rosidl_typesupport_introspection_cpp
[ 70%] Built target drone_msgs__rosidl_typesupport_fastrtps_c
[ 70%] Built target drone_msgs
[ 74%] Generating Python code for ROS interfaces
[ 74%] Built target drone_msgs__py
[ 77%] Building C object CMakeFiles/drone_msgs__rosidl_generator_py.dir/rosidl_generator_py/drone_msgs/msg/_trajectory_setpoint_s.c.o
[ 80%] Linking C shared library rosidl_generator_py/drone_msgs/libdrone_msgs__rosidl_generator_py.so
[ 80%] Built target drone_msgs__rosidl_generator_py
[ 83%] Building C object CMakeFiles/drone_msgs__rosidl_typesupport_fastrtps_c__pyext.dir/rosidl_generator_py/drone_msgs/_drone_msgs_s.ep.rosidl_typesupport_fastrtps_c.c.o
[ 87%] Building C object CMakeFiles/drone_msgs__rosidl_typesupport_introspection_c__pyext.dir/rosidl_generator_py/drone_msgs/_drone_msgs_s.ep.rosidl_typesupport_introspection_c.c.o
[ 90%] Building C object CMakeFiles/drone_msgs__rosidl_typesupport_c__pyext.dir/rosidl_generator_py/drone_msgs/_drone_msgs_s.ep.rosidl_typesupport_c.c.o
[ 93%] Linking C shared library rosidl_generator_py/drone_msgs/drone_msgs_s__rosidl_typesupport_fastrtps_c.cpython-310-x86_64-linux-gnu.so
[ 96%] Linking C shared library rosidl_generator_py/drone_msgs/drone_msgs_s__rosidl_typesupport_introspection_c.cpython-310-x86_64-linux-gnu.so
[100%] Linking C shared library rosidl_generator_py/drone_msgs/drone_msgs_s__rosidl_typesupport_c.cpython-310-x86_64-linux-gnu.so
[100%] Built target drone_msgs__rosidl_typesupport_introspection_c__pyext
[100%] Built target drone_msgs__rosidl_typesupport_fastrtps_c__pyext
[100%] Built target drone_msgs__rosidl_typesupport_c__pyext
-- Install configuration: ""
-- Execute custom install script
-- Symlinking: /home/ake/sim_drone/ake_drone_sim/install/drone_msgs/share/ament_index/resource_index/rosidl_interfaces/drone_msgs
-- Symlinking: /home/ake/sim_drone/ake_drone_sim/install/drone_msgs/include/drone_msgs/drone_msgs/msg/detail/trajectory_setpoint__functions.h
-- Symlinking: /home/ake/sim_drone/ake_drone_sim/install/drone_msgs/include/drone_msgs/drone_msgs/msg/detail/trajectory_setpoint__struct.h
-- Symlinking: /home/ake/sim_drone/ake_drone_sim/install/drone_msgs/include/drone_msgs/drone_msgs/msg/detail/trajectory_setpoint__type_support.h
-- Symlinking: /home/ake/sim_drone/ake_drone_sim/install/drone_msgs/include/drone_msgs/drone_msgs/msg/rosidl_generator_c__visibility_control.h
-- Symlinking: /home/ake/sim_drone/ake_drone_sim/install/drone_msgs/include/drone_msgs/drone_msgs/msg/trajectory_setpoint.h
-- Symlinking: /home/ake/sim_drone/ake_drone_sim/install/drone_msgs/share/drone_msgs/environment/library_path.sh
-- Symlinking: /home/ake/sim_drone/ake_drone_sim/install/drone_msgs/share/drone_msgs/environment/library_path.dsv
-- Symlinking: /home/ake/sim_drone/ake_drone_sim/install/drone_msgs/include/drone_msgs/drone_msgs/msg/detail/trajectory_setpoint__rosidl_typesupport_fastrtps_c.h
-- Symlinking: /home/ake/sim_drone/ake_drone_sim/install/drone_msgs/include/drone_msgs/drone_msgs/msg/rosidl_typesupport_fastrtps_c__visibility_control.h
-- Symlinking: /home/ake/sim_drone/ake_drone_sim/install/drone_msgs/include/drone_msgs/drone_msgs/msg/detail/trajectory_setpoint__rosidl_typesupport_introspection_c.h
-- Symlinking: /home/ake/sim_drone/ake_drone_sim/install/drone_msgs/include/drone_msgs/drone_msgs/msg/rosidl_typesupport_introspection_c__visibility_control.h
-- Symlinking: /home/ake/sim_drone/ake_drone_sim/install/drone_msgs/include/drone_msgs/drone_msgs/msg/detail/trajectory_setpoint__builder.hpp
-- Symlinking: /home/ake/sim_drone/ake_drone_sim/install/drone_msgs/include/drone_msgs/drone_msgs/msg/detail/trajectory_setpoint__struct.hpp
-- Symlinking: /home/ake/sim_drone/ake_drone_sim/install/drone_msgs/include/drone_msgs/drone_msgs/msg/detail/trajectory_setpoint__traits.hpp
-- Symlinking: /home/ake/sim_drone/ake_drone_sim/install/drone_msgs/include/drone_msgs/drone_msgs/msg/detail/trajectory_setpoint__type_support.hpp
-- Symlinking: /home/ake/sim_drone/ake_drone_sim/install/drone_msgs/include/drone_msgs/drone_msgs/msg/rosidl_generator_cpp__visibility_control.hpp
-- Symlinking: /home/ake/sim_drone/ake_drone_sim/install/drone_msgs/include/drone_msgs/drone_msgs/msg/trajectory_setpoint.hpp
-- Symlinking: /home/ake/sim_drone/ake_drone_sim/install/drone_msgs/include/drone_msgs/drone_msgs/msg/detail/trajectory_setpoint__rosidl_typesupport_fastrtps_cpp.hpp
-- Symlinking: /home/ake/sim_drone/ake_drone_sim/install/drone_msgs/include/drone_msgs/drone_msgs/msg/rosidl_typesupport_fastrtps_cpp__visibility_control.h
-- Symlinking: /home/ake/sim_drone/ake_drone_sim/install/drone_msgs/include/drone_msgs/drone_msgs/msg/detail/trajectory_setpoint__rosidl_typesupport_introspection_cpp.hpp
-- Symlinking: /home/ake/sim_drone/ake_drone_sim/install/drone_msgs/share/drone_msgs/environment/pythonpath.sh
-- Symlinking: /home/ake/sim_drone/ake_drone_sim/install/drone_msgs/share/drone_msgs/environment/pythonpath.dsv
-- Symlinking: /home/ake/sim_drone/ake_drone_sim/install/drone_msgs/local/lib/python3.10/dist-packages/drone_msgs-0.1.0-py3.10.egg-info/PKG-INFO
-- Symlinking: /home/ake/sim_drone/ake_drone_sim/install/drone_msgs/local/lib/python3.10/dist-packages/drone_msgs-0.1.0-py3.10.egg-info/SOURCES.txt
-- Symlinking: /home/ake/sim_drone/ake_drone_sim/install/drone_msgs/local/lib/python3.10/dist-packages/drone_msgs-0.1.0-py3.10.egg-info/dependency_links.txt
-- Symlinking: /home/ake/sim_drone/ake_drone_sim/install/drone_msgs/local/lib/python3.10/dist-packages/drone_msgs-0.1.0-py3.10.egg-info/top_level.txt
-- Symlinking: /home/ake/sim_drone/ake_drone_sim/install/drone_msgs/local/lib/python3.10/dist-packages/drone_msgs/__init__.py
-- Symlinking: /home/ake/sim_drone/ake_drone_sim/install/drone_msgs/local/lib/python3.10/dist-packages/drone_msgs/_drone_msgs_s.ep.rosidl_typesupport_c.c
-- Symlinking: /home/ake/sim_drone/ake_drone_sim/install/drone_msgs/local/lib/python3.10/dist-packages/drone_msgs/_drone_msgs_s.ep.rosidl_typesupport_fastrtps_c.c
-- Symlinking: /home/ake/sim_drone/ake_drone_sim/install/drone_msgs/local/lib/python3.10/dist-packages/drone_msgs/_drone_msgs_s.ep.rosidl_typesupport_introspection_c.c
-- Symlinking: /home/ake/sim_drone/ake_drone_sim/install/drone_msgs/local/lib/python3.10/dist-packages/drone_msgs/drone_msgs_s__rosidl_typesupport_c.cpython-310-x86_64-linux-gnu.so
-- Symlinking: /home/ake/sim_drone/ake_drone_sim/install/drone_msgs/local/lib/python3.10/dist-packages/drone_msgs/drone_msgs_s__rosidl_typesupport_fastrtps_c.cpython-310-x86_64-linux-gnu.so
-- Symlinking: /home/ake/sim_drone/ake_drone_sim/install/drone_msgs/local/lib/python3.10/dist-packages/drone_msgs/drone_msgs_s__rosidl_typesupport_introspection_c.cpython-310-x86_64-linux-gnu.so
-- Symlinking: /home/ake/sim_drone/ake_drone_sim/install/drone_msgs/local/lib/python3.10/dist-packages/drone_msgs/libdrone_msgs__rosidl_generator_py.so
-- Symlinking: /home/ake/sim_drone/ake_drone_sim/install/drone_msgs/local/lib/python3.10/dist-packages/drone_msgs/msg/__init__.py
-- Symlinking: /home/ake/sim_drone/ake_drone_sim/install/drone_msgs/local/lib/python3.10/dist-packages/drone_msgs/msg/_trajectory_setpoint.py
-- Symlinking: /home/ake/sim_drone/ake_drone_sim/install/drone_msgs/local/lib/python3.10/dist-packages/drone_msgs/msg/_trajectory_setpoint_s.c
-- Up-to-date symlink: /home/ake/sim_drone/ake_drone_sim/install/drone_msgs/local/lib/python3.10/dist-packages/drone_msgs/drone_msgs_s__rosidl_typesupport_fastrtps_c.cpython-310-x86_64-linux-gnu.so
-- Up-to-date symlink: /home/ake/sim_drone/ake_drone_sim/install/drone_msgs/local/lib/python3.10/dist-packages/drone_msgs/drone_msgs_s__rosidl_typesupport_introspection_c.cpython-310-x86_64-linux-gnu.so
-- Up-to-date symlink: /home/ake/sim_drone/ake_drone_sim/install/drone_msgs/local/lib/python3.10/dist-packages/drone_msgs/drone_msgs_s__rosidl_typesupport_c.cpython-310-x86_64-linux-gnu.so
-- Symlinking: /home/ake/sim_drone/ake_drone_sim/install/drone_msgs/share/drone_msgs/msg/TrajectorySetpoint.idl
-- Symlinking: /home/ake/sim_drone/ake_drone_sim/install/drone_msgs/share/drone_msgs/msg/TrajectorySetpoint.msg
-- Symlinking: /home/ake/sim_drone/ake_drone_sim/install/drone_msgs/share/ament_index/resource_index/package_run_dependencies/drone_msgs
-- Symlinking: /home/ake/sim_drone/ake_drone_sim/install/drone_msgs/share/ament_index/resource_index/parent_prefix_path/drone_msgs
-- Symlinking: /home/ake/sim_drone/ake_drone_sim/install/drone_msgs/share/drone_msgs/environment/ament_prefix_path.sh
-- Symlinking: /home/ake/sim_drone/ake_drone_sim/install/drone_msgs/share/drone_msgs/environment/ament_prefix_path.dsv
-- Symlinking: /home/ake/sim_drone/ake_drone_sim/install/drone_msgs/share/drone_msgs/environment/path.sh
-- Symlinking: /home/ake/sim_drone/ake_drone_sim/install/drone_msgs/share/drone_msgs/environment/path.dsv
-- Symlinking: /home/ake/sim_drone/ake_drone_sim/install/drone_msgs/share/drone_msgs/local_setup.bash
-- Symlinking: /home/ake/sim_drone/ake_drone_sim/install/drone_msgs/share/drone_msgs/local_setup.sh
-- Symlinking: /home/ake/sim_drone/ake_drone_sim/install/drone_msgs/share/drone_msgs/local_setup.zsh
-- Symlinking: /home/ake/sim_drone/ake_drone_sim/install/drone_msgs/share/drone_msgs/local_setup.dsv
-- Symlinking: /home/ake/sim_drone/ake_drone_sim/install/drone_msgs/share/drone_msgs/package.dsv
-- Symlinking: /home/ake/sim_drone/ake_drone_sim/install/drone_msgs/share/ament_index/resource_index/packages/drone_msgs
-- Symlinking: /home/ake/sim_drone/ake_drone_sim/install/drone_msgs/share/drone_msgs/cmake/rosidl_cmake-extras.cmake
-- Symlinking: /home/ake/sim_drone/ake_drone_sim/install/drone_msgs/share/drone_msgs/cmake/ament_cmake_export_dependencies-extras.cmake
-- Symlinking: /home/ake/sim_drone/ake_drone_sim/install/drone_msgs/share/drone_msgs/cmake/ament_cmake_export_include_directories-extras.cmake
-- Symlinking: /home/ake/sim_drone/ake_drone_sim/install/drone_msgs/share/drone_msgs/cmake/ament_cmake_export_libraries-extras.cmake
-- Symlinking: /home/ake/sim_drone/ake_drone_sim/install/drone_msgs/share/drone_msgs/cmake/ament_cmake_export_targets-extras.cmake
-- Symlinking: /home/ake/sim_drone/ake_drone_sim/install/drone_msgs/share/drone_msgs/cmake/rosidl_cmake_export_typesupport_targets-extras.cmake
-- Symlinking: /home/ake/sim_drone/ake_drone_sim/install/drone_msgs/share/drone_msgs/cmake/rosidl_cmake_export_typesupport_libraries-extras.cmake
-- Symlinking: /home/ake/sim_drone/ake_drone_sim/install/drone_msgs/share/drone_msgs/cmake/drone_msgsConfig.cmake
-- Symlinking: /home/ake/sim_drone/ake_drone_sim/install/drone_msgs/share/drone_msgs/cmake/drone_msgsConfig-version.cmake
-- Symlinking: /home/ake/sim_drone/ake_drone_sim/install/drone_msgs/share/drone_msgs/package.xml
-- Installing: /home/ake/sim_drone/ake_drone_sim/install/drone_msgs/lib/libdrone_msgs__rosidl_generator_c.so
-- Set runtime path of "/home/ake/sim_drone/ake_drone_sim/install/drone_msgs/lib/libdrone_msgs__rosidl_generator_c.so" to ""
-- Installing: /home/ake/sim_drone/ake_drone_sim/install/drone_msgs/lib/libdrone_msgs__rosidl_typesupport_fastrtps_c.so
-- Set runtime path of "/home/ake/sim_drone/ake_drone_sim/install/drone_msgs/lib/libdrone_msgs__rosidl_typesupport_fastrtps_c.so" to ""
-- Installing: /home/ake/sim_drone/ake_drone_sim/install/drone_msgs/lib/libdrone_msgs__rosidl_typesupport_introspection_c.so
-- Set runtime path of "/home/ake/sim_drone/ake_drone_sim/install/drone_msgs/lib/libdrone_msgs__rosidl_typesupport_introspection_c.so" to ""
-- Installing: /home/ake/sim_drone/ake_drone_sim/install/drone_msgs/lib/libdrone_msgs__rosidl_typesupport_c.so
-- Set runtime path of "/home/ake/sim_drone/ake_drone_sim/install/drone_msgs/lib/libdrone_msgs__rosidl_typesupport_c.so" to ""
-- Installing: /home/ake/sim_drone/ake_drone_sim/install/drone_msgs/lib/libdrone_msgs__rosidl_typesupport_fastrtps_cpp.so
-- Set runtime path of "/home/ake/sim_drone/ake_drone_sim/install/drone_msgs/lib/libdrone_msgs__rosidl_typesupport_fastrtps_cpp.so" to ""
-- Installing: /home/ake/sim_drone/ake_drone_sim/install/drone_msgs/lib/libdrone_msgs__rosidl_typesupport_introspection_cpp.so
-- Set runtime path of "/home/ake/sim_drone/ake_drone_sim/install/drone_msgs/lib/libdrone_msgs__rosidl_typesupport_introspection_cpp.so" to ""
-- Installing: /home/ake/sim_drone/ake_drone_sim/install/drone_msgs/lib/libdrone_msgs__rosidl_typesupport_cpp.so
-- Set runtime path of "/home/ake/sim_drone/ake_drone_sim/install/drone_msgs/lib/libdrone_msgs__rosidl_typesupport_cpp.so" to ""
Listing '/home/ake/sim_drone/ake_drone_sim/install/drone_msgs/local/lib/python3.10/dist-packages/drone_msgs'...
Compiling '/home/ake/sim_drone/ake_drone_sim/install/drone_msgs/local/lib/python3.10/dist-packages/drone_msgs/__init__.py'...
Listing '/home/ake/sim_drone/ake_drone_sim/install/drone_msgs/local/lib/python3.10/dist-packages/drone_msgs/msg'...
Compiling '/home/ake/sim_drone/ake_drone_sim/install/drone_msgs/local/lib/python3.10/dist-packages/drone_msgs/msg/__init__.py'...
Compiling '/home/ake/sim_drone/ake_drone_sim/install/drone_msgs/local/lib/python3.10/dist-packages/drone_msgs/msg/_trajectory_setpoint.py'...
-- Installing: /home/ake/sim_drone/ake_drone_sim/install/drone_msgs/lib/libdrone_msgs__rosidl_generator_py.so
-- Set runtime path of "/home/ake/sim_drone/ake_drone_sim/install/drone_msgs/lib/libdrone_msgs__rosidl_generator_py.so" to ""
-- Installing: /home/ake/sim_drone/ake_drone_sim/install/drone_msgs/share/drone_msgs/cmake/export_drone_msgs__rosidl_generator_cExport.cmake
-- Installing: /home/ake/sim_drone/ake_drone_sim/install/drone_msgs/share/drone_msgs/cmake/export_drone_msgs__rosidl_generator_cExport-noconfig.cmake
-- Installing: /home/ake/sim_drone/ake_drone_sim/install/drone_msgs/share/drone_msgs/cmake/export_drone_msgs__rosidl_typesupport_fastrtps_cExport.cmake
-- Installing: /home/ake/sim_drone/ake_drone_sim/install/drone_msgs/share/drone_msgs/cmake/export_drone_msgs__rosidl_typesupport_fastrtps_cExport-noconfig.cmake
-- Installing: /home/ake/sim_drone/ake_drone_sim/install/drone_msgs/share/drone_msgs/cmake/drone_msgs__rosidl_typesupport_introspection_cExport.cmake
-- Installing: /home/ake/sim_drone/ake_drone_sim/install/drone_msgs/share/drone_msgs/cmake/drone_msgs__rosidl_typesupport_introspection_cExport-noconfig.cmake
-- Installing: /home/ake/sim_drone/ake_drone_sim/install/drone_msgs/share/drone_msgs/cmake/drone_msgs__rosidl_typesupport_cExport.cmake
-- Installing: /home/ake/sim_drone/ake_drone_sim/install/drone_msgs/share/drone_msgs/cmake/drone_msgs__rosidl_typesupport_cExport-noconfig.cmake
-- Installing: /home/ake/sim_drone/ake_drone_sim/install/drone_msgs/share/drone_msgs/cmake/export_drone_msgs__rosidl_generator_cppExport.cmake
-- Installing: /home/ake/sim_drone/ake_drone_sim/install/drone_msgs/share/drone_msgs/cmake/export_drone_msgs__rosidl_typesupport_fastrtps_cppExport.cmake
-- Installing: /home/ake/sim_drone/ake_drone_sim/install/drone_msgs/share/drone_msgs/cmake/export_drone_msgs__rosidl_typesupport_fastrtps_cppExport-noconfig.cmake
-- Installing: /home/ake/sim_drone/ake_drone_sim/install/drone_msgs/share/drone_msgs/cmake/drone_msgs__rosidl_typesupport_introspection_cppExport.cmake
-- Installing: /home/ake/sim_drone/ake_drone_sim/install/drone_msgs/share/drone_msgs/cmake/drone_msgs__rosidl_typesupport_introspection_cppExport-noconfig.cmake
-- Installing: /home/ake/sim_drone/ake_drone_sim/install/drone_msgs/share/drone_msgs/cmake/drone_msgs__rosidl_typesupport_cppExport.cmake
-- Installing: /home/ake/sim_drone/ake_drone_sim/install/drone_msgs/share/drone_msgs/cmake/drone_msgs__rosidl_typesupport_cppExport-noconfig.cmake
-- Installing: /home/ake/sim_drone/ake_drone_sim/install/drone_msgs/share/drone_msgs/cmake/export_drone_msgs__rosidl_generator_pyExport.cmake
-- Installing: /home/ake/sim_drone/ake_drone_sim/install/drone_msgs/share/drone_msgs/cmake/export_drone_msgs__rosidl_generator_pyExport-noconfig.cmake
