[0.005s] Invoking command in '/home/ake/sim_drone/ake_drone_sim/build/drone_msgs': CMAKE_PREFIX_PATH=/opt/ros/humble /usr/bin/cmake --build /home/ake/sim_drone/ake_drone_sim/build/drone_msgs -- -j20 -l20
[0.032s] [  3%] Generating C code for ROS interfaces
[0.040s] [  6%] Generating C++ code for ROS interfaces
[0.041s] [  6%] Built target ament_cmake_python_symlink_drone_msgs
[0.172s] [  9%] Building C object CMakeFiles/drone_msgs__rosidl_generator_c.dir/rosidl_generator_c/drone_msgs/msg/detail/trajectory_setpoint__functions.c.o
[0.180s] [  9%] Built target drone_msgs__cpp
[0.186s] [ 12%] Generating C++ type support dispatch for ROS interfaces
[0.186s] [ 16%] Generating C++ type support for eProsima Fast-RTPS
[0.188s] [ 19%] Generating C++ introspection for ROS interfaces
[0.201s] running egg_info
[0.201s] creating drone_msgs.egg-info
[0.201s] writing drone_msgs.egg-info/PKG-INFO
[0.201s] writing dependency_links to drone_msgs.egg-info/dependency_links.txt
[0.202s] writing top-level names to drone_msgs.egg-info/top_level.txt
[0.202s] writing manifest file 'drone_msgs.egg-info/SOURCES.txt'
[0.203s] reading manifest file 'drone_msgs.egg-info/SOURCES.txt'
[0.203s] writing manifest file 'drone_msgs.egg-info/SOURCES.txt'
[0.208s] [ 22%] Linking C shared library libdrone_msgs__rosidl_generator_c.so
[0.229s] [ 22%] Built target ament_cmake_python_build_drone_msgs_egg
[0.241s] [ 22%] Built target drone_msgs__rosidl_generator_c
[0.248s] [ 29%] Generating C type support for eProsima Fast-RTPS
[0.248s] [ 29%] Generating C introspection for ROS interfaces
[0.251s] [ 32%] Generating C type support dispatch for ROS interfaces
[0.317s] [ 35%] Building CXX object CMakeFiles/drone_msgs__rosidl_typesupport_cpp.dir/rosidl_typesupport_cpp/drone_msgs/msg/trajectory_setpoint__type_support.cpp.o
[0.326s] [ 38%] Building CXX object CMakeFiles/drone_msgs__rosidl_typesupport_fastrtps_cpp.dir/rosidl_typesupport_fastrtps_cpp/drone_msgs/msg/detail/dds_fastrtps/trajectory_setpoint__type_support.cpp.o
[0.331s] [ 41%] Building CXX object CMakeFiles/drone_msgs__rosidl_typesupport_introspection_cpp.dir/rosidl_typesupport_introspection_cpp/drone_msgs/msg/detail/trajectory_setpoint__type_support.cpp.o
[0.386s] [ 45%] Building CXX object CMakeFiles/drone_msgs__rosidl_typesupport_c.dir/rosidl_typesupport_c/drone_msgs/msg/trajectory_setpoint__type_support.cpp.o
[0.386s] [ 48%] Building CXX object CMakeFiles/drone_msgs__rosidl_typesupport_fastrtps_c.dir/rosidl_typesupport_fastrtps_c/drone_msgs/msg/detail/trajectory_setpoint__type_support_c.cpp.o
[0.392s] [ 51%] Building C object CMakeFiles/drone_msgs__rosidl_typesupport_introspection_c.dir/rosidl_typesupport_introspection_c/drone_msgs/msg/detail/trajectory_setpoint__type_support.c.o
[0.410s] [ 54%] Linking CXX shared library libdrone_msgs__rosidl_typesupport_c.so
[0.416s] [ 58%] Linking C shared library libdrone_msgs__rosidl_typesupport_introspection_c.so
[0.437s] [ 58%] Built target drone_msgs__rosidl_typesupport_introspection_c
[0.450s] [ 58%] Built target drone_msgs__rosidl_typesupport_c
[0.470s] [ 61%] Linking CXX shared library libdrone_msgs__rosidl_typesupport_cpp.so
[0.500s] [ 61%] Built target drone_msgs__rosidl_typesupport_cpp
[0.553s] [ 64%] Linking CXX shared library libdrone_msgs__rosidl_typesupport_fastrtps_cpp.so
[0.555s] [ 67%] Linking CXX shared library libdrone_msgs__rosidl_typesupport_introspection_cpp.so
[0.579s] [ 70%] Linking CXX shared library libdrone_msgs__rosidl_typesupport_fastrtps_c.so
[0.615s] [ 70%] Built target drone_msgs__rosidl_typesupport_fastrtps_cpp
[0.627s] [ 70%] Built target drone_msgs__rosidl_typesupport_introspection_cpp
[0.642s] [ 70%] Built target drone_msgs__rosidl_typesupport_fastrtps_c
[0.661s] [ 70%] Built target drone_msgs
[0.675s] [ 74%] Generating Python code for ROS interfaces
[0.841s] [ 74%] Built target drone_msgs__py
[0.858s] [ 77%] Building C object CMakeFiles/drone_msgs__rosidl_generator_py.dir/rosidl_generator_py/drone_msgs/msg/_trajectory_setpoint_s.c.o
[0.918s] [ 80%] Linking C shared library rosidl_generator_py/drone_msgs/libdrone_msgs__rosidl_generator_py.so
[0.949s] [ 80%] Built target drone_msgs__rosidl_generator_py
[0.963s] [ 83%] Building C object CMakeFiles/drone_msgs__rosidl_typesupport_fastrtps_c__pyext.dir/rosidl_generator_py/drone_msgs/_drone_msgs_s.ep.rosidl_typesupport_fastrtps_c.c.o
[0.966s] [ 87%] Building C object CMakeFiles/drone_msgs__rosidl_typesupport_introspection_c__pyext.dir/rosidl_generator_py/drone_msgs/_drone_msgs_s.ep.rosidl_typesupport_introspection_c.c.o
[0.966s] [ 90%] Building C object CMakeFiles/drone_msgs__rosidl_typesupport_c__pyext.dir/rosidl_generator_py/drone_msgs/_drone_msgs_s.ep.rosidl_typesupport_c.c.o
[1.022s] [ 93%] Linking C shared library rosidl_generator_py/drone_msgs/drone_msgs_s__rosidl_typesupport_fastrtps_c.cpython-310-x86_64-linux-gnu.so
[1.023s] [ 96%] Linking C shared library rosidl_generator_py/drone_msgs/drone_msgs_s__rosidl_typesupport_introspection_c.cpython-310-x86_64-linux-gnu.so
[1.027s] [100%] Linking C shared library rosidl_generator_py/drone_msgs/drone_msgs_s__rosidl_typesupport_c.cpython-310-x86_64-linux-gnu.so
[1.049s] [100%] Built target drone_msgs__rosidl_typesupport_introspection_c__pyext
[1.053s] [100%] Built target drone_msgs__rosidl_typesupport_fastrtps_c__pyext
[1.061s] [100%] Built target drone_msgs__rosidl_typesupport_c__pyext
[1.070s] Invoked command in '/home/ake/sim_drone/ake_drone_sim/build/drone_msgs' returned '0': CMAKE_PREFIX_PATH=/opt/ros/humble /usr/bin/cmake --build /home/ake/sim_drone/ake_drone_sim/build/drone_msgs -- -j20 -l20
[1.076s] Invoking command in '/home/ake/sim_drone/ake_drone_sim/build/drone_msgs': CMAKE_PREFIX_PATH=/opt/ros/humble /usr/bin/cmake --install /home/ake/sim_drone/ake_drone_sim/build/drone_msgs
[1.082s] -- Install configuration: ""
[1.082s] -- Execute custom install script
[1.083s] -- Symlinking: /home/ake/sim_drone/ake_drone_sim/install/drone_msgs/share/ament_index/resource_index/rosidl_interfaces/drone_msgs
[1.088s] -- Symlinking: /home/ake/sim_drone/ake_drone_sim/install/drone_msgs/include/drone_msgs/drone_msgs/msg/detail/trajectory_setpoint__functions.h
[1.094s] -- Symlinking: /home/ake/sim_drone/ake_drone_sim/install/drone_msgs/include/drone_msgs/drone_msgs/msg/detail/trajectory_setpoint__struct.h
[1.101s] -- Symlinking: /home/ake/sim_drone/ake_drone_sim/install/drone_msgs/include/drone_msgs/drone_msgs/msg/detail/trajectory_setpoint__type_support.h
[1.109s] -- Symlinking: /home/ake/sim_drone/ake_drone_sim/install/drone_msgs/include/drone_msgs/drone_msgs/msg/rosidl_generator_c__visibility_control.h
[1.114s] -- Symlinking: /home/ake/sim_drone/ake_drone_sim/install/drone_msgs/include/drone_msgs/drone_msgs/msg/trajectory_setpoint.h
[1.121s] -- Symlinking: /home/ake/sim_drone/ake_drone_sim/install/drone_msgs/share/drone_msgs/environment/library_path.sh
[1.128s] -- Symlinking: /home/ake/sim_drone/ake_drone_sim/install/drone_msgs/share/drone_msgs/environment/library_path.dsv
[1.134s] -- Symlinking: /home/ake/sim_drone/ake_drone_sim/install/drone_msgs/include/drone_msgs/drone_msgs/msg/detail/trajectory_setpoint__rosidl_typesupport_fastrtps_c.h
[1.141s] -- Symlinking: /home/ake/sim_drone/ake_drone_sim/install/drone_msgs/include/drone_msgs/drone_msgs/msg/rosidl_typesupport_fastrtps_c__visibility_control.h
[1.148s] -- Symlinking: /home/ake/sim_drone/ake_drone_sim/install/drone_msgs/include/drone_msgs/drone_msgs/msg/detail/trajectory_setpoint__rosidl_typesupport_introspection_c.h
[1.153s] -- Symlinking: /home/ake/sim_drone/ake_drone_sim/install/drone_msgs/include/drone_msgs/drone_msgs/msg/rosidl_typesupport_introspection_c__visibility_control.h
[1.161s] -- Symlinking: /home/ake/sim_drone/ake_drone_sim/install/drone_msgs/include/drone_msgs/drone_msgs/msg/detail/trajectory_setpoint__builder.hpp
[1.168s] -- Symlinking: /home/ake/sim_drone/ake_drone_sim/install/drone_msgs/include/drone_msgs/drone_msgs/msg/detail/trajectory_setpoint__struct.hpp
[1.173s] -- Symlinking: /home/ake/sim_drone/ake_drone_sim/install/drone_msgs/include/drone_msgs/drone_msgs/msg/detail/trajectory_setpoint__traits.hpp
[1.179s] -- Symlinking: /home/ake/sim_drone/ake_drone_sim/install/drone_msgs/include/drone_msgs/drone_msgs/msg/detail/trajectory_setpoint__type_support.hpp
[1.186s] -- Symlinking: /home/ake/sim_drone/ake_drone_sim/install/drone_msgs/include/drone_msgs/drone_msgs/msg/rosidl_generator_cpp__visibility_control.hpp
[1.192s] -- Symlinking: /home/ake/sim_drone/ake_drone_sim/install/drone_msgs/include/drone_msgs/drone_msgs/msg/trajectory_setpoint.hpp
[1.198s] -- Symlinking: /home/ake/sim_drone/ake_drone_sim/install/drone_msgs/include/drone_msgs/drone_msgs/msg/detail/trajectory_setpoint__rosidl_typesupport_fastrtps_cpp.hpp
[1.205s] -- Symlinking: /home/ake/sim_drone/ake_drone_sim/install/drone_msgs/include/drone_msgs/drone_msgs/msg/rosidl_typesupport_fastrtps_cpp__visibility_control.h
[1.212s] -- Symlinking: /home/ake/sim_drone/ake_drone_sim/install/drone_msgs/include/drone_msgs/drone_msgs/msg/detail/trajectory_setpoint__rosidl_typesupport_introspection_cpp.hpp
[1.217s] -- Symlinking: /home/ake/sim_drone/ake_drone_sim/install/drone_msgs/share/drone_msgs/environment/pythonpath.sh
[1.222s] -- Symlinking: /home/ake/sim_drone/ake_drone_sim/install/drone_msgs/share/drone_msgs/environment/pythonpath.dsv
[1.229s] -- Symlinking: /home/ake/sim_drone/ake_drone_sim/install/drone_msgs/local/lib/python3.10/dist-packages/drone_msgs-0.1.0-py3.10.egg-info/PKG-INFO
[1.237s] -- Symlinking: /home/ake/sim_drone/ake_drone_sim/install/drone_msgs/local/lib/python3.10/dist-packages/drone_msgs-0.1.0-py3.10.egg-info/SOURCES.txt
[1.245s] -- Symlinking: /home/ake/sim_drone/ake_drone_sim/install/drone_msgs/local/lib/python3.10/dist-packages/drone_msgs-0.1.0-py3.10.egg-info/dependency_links.txt
[1.251s] -- Symlinking: /home/ake/sim_drone/ake_drone_sim/install/drone_msgs/local/lib/python3.10/dist-packages/drone_msgs-0.1.0-py3.10.egg-info/top_level.txt
[1.259s] -- Symlinking: /home/ake/sim_drone/ake_drone_sim/install/drone_msgs/local/lib/python3.10/dist-packages/drone_msgs/__init__.py
[1.266s] -- Symlinking: /home/ake/sim_drone/ake_drone_sim/install/drone_msgs/local/lib/python3.10/dist-packages/drone_msgs/_drone_msgs_s.ep.rosidl_typesupport_c.c
[1.272s] -- Symlinking: /home/ake/sim_drone/ake_drone_sim/install/drone_msgs/local/lib/python3.10/dist-packages/drone_msgs/_drone_msgs_s.ep.rosidl_typesupport_fastrtps_c.c
[1.278s] -- Symlinking: /home/ake/sim_drone/ake_drone_sim/install/drone_msgs/local/lib/python3.10/dist-packages/drone_msgs/_drone_msgs_s.ep.rosidl_typesupport_introspection_c.c
[1.286s] -- Symlinking: /home/ake/sim_drone/ake_drone_sim/install/drone_msgs/local/lib/python3.10/dist-packages/drone_msgs/drone_msgs_s__rosidl_typesupport_c.cpython-310-x86_64-linux-gnu.so
[1.291s] -- Symlinking: /home/ake/sim_drone/ake_drone_sim/install/drone_msgs/local/lib/python3.10/dist-packages/drone_msgs/drone_msgs_s__rosidl_typesupport_fastrtps_c.cpython-310-x86_64-linux-gnu.so
[1.298s] -- Symlinking: /home/ake/sim_drone/ake_drone_sim/install/drone_msgs/local/lib/python3.10/dist-packages/drone_msgs/drone_msgs_s__rosidl_typesupport_introspection_c.cpython-310-x86_64-linux-gnu.so
[1.305s] -- Symlinking: /home/ake/sim_drone/ake_drone_sim/install/drone_msgs/local/lib/python3.10/dist-packages/drone_msgs/libdrone_msgs__rosidl_generator_py.so
[1.312s] -- Symlinking: /home/ake/sim_drone/ake_drone_sim/install/drone_msgs/local/lib/python3.10/dist-packages/drone_msgs/msg/__init__.py
[1.319s] -- Symlinking: /home/ake/sim_drone/ake_drone_sim/install/drone_msgs/local/lib/python3.10/dist-packages/drone_msgs/msg/_trajectory_setpoint.py
[1.327s] -- Symlinking: /home/ake/sim_drone/ake_drone_sim/install/drone_msgs/local/lib/python3.10/dist-packages/drone_msgs/msg/_trajectory_setpoint_s.c
[1.332s] -- Up-to-date symlink: /home/ake/sim_drone/ake_drone_sim/install/drone_msgs/local/lib/python3.10/dist-packages/drone_msgs/drone_msgs_s__rosidl_typesupport_fastrtps_c.cpython-310-x86_64-linux-gnu.so
[1.332s] -- Up-to-date symlink: /home/ake/sim_drone/ake_drone_sim/install/drone_msgs/local/lib/python3.10/dist-packages/drone_msgs/drone_msgs_s__rosidl_typesupport_introspection_c.cpython-310-x86_64-linux-gnu.so
[1.332s] -- Up-to-date symlink: /home/ake/sim_drone/ake_drone_sim/install/drone_msgs/local/lib/python3.10/dist-packages/drone_msgs/drone_msgs_s__rosidl_typesupport_c.cpython-310-x86_64-linux-gnu.so
[1.332s] -- Symlinking: /home/ake/sim_drone/ake_drone_sim/install/drone_msgs/share/drone_msgs/msg/TrajectorySetpoint.idl
[1.337s] -- Symlinking: /home/ake/sim_drone/ake_drone_sim/install/drone_msgs/share/drone_msgs/msg/TrajectorySetpoint.msg
[1.345s] -- Symlinking: /home/ake/sim_drone/ake_drone_sim/install/drone_msgs/share/ament_index/resource_index/package_run_dependencies/drone_msgs
[1.351s] -- Symlinking: /home/ake/sim_drone/ake_drone_sim/install/drone_msgs/share/ament_index/resource_index/parent_prefix_path/drone_msgs
[1.356s] -- Symlinking: /home/ake/sim_drone/ake_drone_sim/install/drone_msgs/share/drone_msgs/environment/ament_prefix_path.sh
[1.364s] -- Symlinking: /home/ake/sim_drone/ake_drone_sim/install/drone_msgs/share/drone_msgs/environment/ament_prefix_path.dsv
[1.372s] -- Symlinking: /home/ake/sim_drone/ake_drone_sim/install/drone_msgs/share/drone_msgs/environment/path.sh
[1.379s] -- Symlinking: /home/ake/sim_drone/ake_drone_sim/install/drone_msgs/share/drone_msgs/environment/path.dsv
[1.386s] -- Symlinking: /home/ake/sim_drone/ake_drone_sim/install/drone_msgs/share/drone_msgs/local_setup.bash
[1.392s] -- Symlinking: /home/ake/sim_drone/ake_drone_sim/install/drone_msgs/share/drone_msgs/local_setup.sh
[1.398s] -- Symlinking: /home/ake/sim_drone/ake_drone_sim/install/drone_msgs/share/drone_msgs/local_setup.zsh
[1.406s] -- Symlinking: /home/ake/sim_drone/ake_drone_sim/install/drone_msgs/share/drone_msgs/local_setup.dsv
[1.413s] -- Symlinking: /home/ake/sim_drone/ake_drone_sim/install/drone_msgs/share/drone_msgs/package.dsv
[1.421s] -- Symlinking: /home/ake/sim_drone/ake_drone_sim/install/drone_msgs/share/ament_index/resource_index/packages/drone_msgs
[1.429s] -- Symlinking: /home/ake/sim_drone/ake_drone_sim/install/drone_msgs/share/drone_msgs/cmake/rosidl_cmake-extras.cmake
[1.437s] -- Symlinking: /home/ake/sim_drone/ake_drone_sim/install/drone_msgs/share/drone_msgs/cmake/ament_cmake_export_dependencies-extras.cmake
[1.445s] -- Symlinking: /home/ake/sim_drone/ake_drone_sim/install/drone_msgs/share/drone_msgs/cmake/ament_cmake_export_include_directories-extras.cmake
[1.451s] -- Symlinking: /home/ake/sim_drone/ake_drone_sim/install/drone_msgs/share/drone_msgs/cmake/ament_cmake_export_libraries-extras.cmake
[1.458s] -- Symlinking: /home/ake/sim_drone/ake_drone_sim/install/drone_msgs/share/drone_msgs/cmake/ament_cmake_export_targets-extras.cmake
[1.465s] -- Symlinking: /home/ake/sim_drone/ake_drone_sim/install/drone_msgs/share/drone_msgs/cmake/rosidl_cmake_export_typesupport_targets-extras.cmake
[1.471s] -- Symlinking: /home/ake/sim_drone/ake_drone_sim/install/drone_msgs/share/drone_msgs/cmake/rosidl_cmake_export_typesupport_libraries-extras.cmake
[1.477s] -- Symlinking: /home/ake/sim_drone/ake_drone_sim/install/drone_msgs/share/drone_msgs/cmake/drone_msgsConfig.cmake
[1.485s] -- Symlinking: /home/ake/sim_drone/ake_drone_sim/install/drone_msgs/share/drone_msgs/cmake/drone_msgsConfig-version.cmake
[1.491s] -- Symlinking: /home/ake/sim_drone/ake_drone_sim/install/drone_msgs/share/drone_msgs/package.xml
[1.497s] -- Installing: /home/ake/sim_drone/ake_drone_sim/install/drone_msgs/lib/libdrone_msgs__rosidl_generator_c.so
[1.497s] -- Set runtime path of "/home/ake/sim_drone/ake_drone_sim/install/drone_msgs/lib/libdrone_msgs__rosidl_generator_c.so" to ""
[1.497s] -- Installing: /home/ake/sim_drone/ake_drone_sim/install/drone_msgs/lib/libdrone_msgs__rosidl_typesupport_fastrtps_c.so
[1.497s] -- Set runtime path of "/home/ake/sim_drone/ake_drone_sim/install/drone_msgs/lib/libdrone_msgs__rosidl_typesupport_fastrtps_c.so" to ""
[1.497s] -- Installing: /home/ake/sim_drone/ake_drone_sim/install/drone_msgs/lib/libdrone_msgs__rosidl_typesupport_introspection_c.so
[1.498s] -- Set runtime path of "/home/ake/sim_drone/ake_drone_sim/install/drone_msgs/lib/libdrone_msgs__rosidl_typesupport_introspection_c.so" to ""
[1.498s] -- Installing: /home/ake/sim_drone/ake_drone_sim/install/drone_msgs/lib/libdrone_msgs__rosidl_typesupport_c.so
[1.498s] -- Set runtime path of "/home/ake/sim_drone/ake_drone_sim/install/drone_msgs/lib/libdrone_msgs__rosidl_typesupport_c.so" to ""
[1.498s] -- Installing: /home/ake/sim_drone/ake_drone_sim/install/drone_msgs/lib/libdrone_msgs__rosidl_typesupport_fastrtps_cpp.so
[1.499s] -- Set runtime path of "/home/ake/sim_drone/ake_drone_sim/install/drone_msgs/lib/libdrone_msgs__rosidl_typesupport_fastrtps_cpp.so" to ""
[1.499s] -- Installing: /home/ake/sim_drone/ake_drone_sim/install/drone_msgs/lib/libdrone_msgs__rosidl_typesupport_introspection_cpp.so
[1.499s] -- Set runtime path of "/home/ake/sim_drone/ake_drone_sim/install/drone_msgs/lib/libdrone_msgs__rosidl_typesupport_introspection_cpp.so" to ""
[1.499s] -- Installing: /home/ake/sim_drone/ake_drone_sim/install/drone_msgs/lib/libdrone_msgs__rosidl_typesupport_cpp.so
[1.499s] -- Set runtime path of "/home/ake/sim_drone/ake_drone_sim/install/drone_msgs/lib/libdrone_msgs__rosidl_typesupport_cpp.so" to ""
[1.524s] Listing '/home/ake/sim_drone/ake_drone_sim/install/drone_msgs/local/lib/python3.10/dist-packages/drone_msgs'...
[1.524s] Compiling '/home/ake/sim_drone/ake_drone_sim/install/drone_msgs/local/lib/python3.10/dist-packages/drone_msgs/__init__.py'...
[1.524s] Listing '/home/ake/sim_drone/ake_drone_sim/install/drone_msgs/local/lib/python3.10/dist-packages/drone_msgs/msg'...
[1.524s] Compiling '/home/ake/sim_drone/ake_drone_sim/install/drone_msgs/local/lib/python3.10/dist-packages/drone_msgs/msg/__init__.py'...
[1.524s] Compiling '/home/ake/sim_drone/ake_drone_sim/install/drone_msgs/local/lib/python3.10/dist-packages/drone_msgs/msg/_trajectory_setpoint.py'...
[1.527s] -- Installing: /home/ake/sim_drone/ake_drone_sim/install/drone_msgs/lib/libdrone_msgs__rosidl_generator_py.so
[1.527s] -- Set runtime path of "/home/ake/sim_drone/ake_drone_sim/install/drone_msgs/lib/libdrone_msgs__rosidl_generator_py.so" to ""
[1.527s] -- Installing: /home/ake/sim_drone/ake_drone_sim/install/drone_msgs/share/drone_msgs/cmake/export_drone_msgs__rosidl_generator_cExport.cmake
[1.527s] -- Installing: /home/ake/sim_drone/ake_drone_sim/install/drone_msgs/share/drone_msgs/cmake/export_drone_msgs__rosidl_generator_cExport-noconfig.cmake
[1.527s] -- Installing: /home/ake/sim_drone/ake_drone_sim/install/drone_msgs/share/drone_msgs/cmake/export_drone_msgs__rosidl_typesupport_fastrtps_cExport.cmake
[1.528s] -- Installing: /home/ake/sim_drone/ake_drone_sim/install/drone_msgs/share/drone_msgs/cmake/export_drone_msgs__rosidl_typesupport_fastrtps_cExport-noconfig.cmake
[1.528s] -- Installing: /home/ake/sim_drone/ake_drone_sim/install/drone_msgs/share/drone_msgs/cmake/drone_msgs__rosidl_typesupport_introspection_cExport.cmake
[1.528s] -- Installing: /home/ake/sim_drone/ake_drone_sim/install/drone_msgs/share/drone_msgs/cmake/drone_msgs__rosidl_typesupport_introspection_cExport-noconfig.cmake
[1.528s] -- Installing: /home/ake/sim_drone/ake_drone_sim/install/drone_msgs/share/drone_msgs/cmake/drone_msgs__rosidl_typesupport_cExport.cmake
[1.528s] -- Installing: /home/ake/sim_drone/ake_drone_sim/install/drone_msgs/share/drone_msgs/cmake/drone_msgs__rosidl_typesupport_cExport-noconfig.cmake
[1.528s] -- Installing: /home/ake/sim_drone/ake_drone_sim/install/drone_msgs/share/drone_msgs/cmake/export_drone_msgs__rosidl_generator_cppExport.cmake
[1.528s] -- Installing: /home/ake/sim_drone/ake_drone_sim/install/drone_msgs/share/drone_msgs/cmake/export_drone_msgs__rosidl_typesupport_fastrtps_cppExport.cmake
[1.528s] -- Installing: /home/ake/sim_drone/ake_drone_sim/install/drone_msgs/share/drone_msgs/cmake/export_drone_msgs__rosidl_typesupport_fastrtps_cppExport-noconfig.cmake
[1.528s] -- Installing: /home/ake/sim_drone/ake_drone_sim/install/drone_msgs/share/drone_msgs/cmake/drone_msgs__rosidl_typesupport_introspection_cppExport.cmake
[1.528s] -- Installing: /home/ake/sim_drone/ake_drone_sim/install/drone_msgs/share/drone_msgs/cmake/drone_msgs__rosidl_typesupport_introspection_cppExport-noconfig.cmake
[1.528s] -- Installing: /home/ake/sim_drone/ake_drone_sim/install/drone_msgs/share/drone_msgs/cmake/drone_msgs__rosidl_typesupport_cppExport.cmake
[1.528s] -- Installing: /home/ake/sim_drone/ake_drone_sim/install/drone_msgs/share/drone_msgs/cmake/drone_msgs__rosidl_typesupport_cppExport-noconfig.cmake
[1.528s] -- Installing: /home/ake/sim_drone/ake_drone_sim/install/drone_msgs/share/drone_msgs/cmake/export_drone_msgs__rosidl_generator_pyExport.cmake
[1.528s] -- Installing: /home/ake/sim_drone/ake_drone_sim/install/drone_msgs/share/drone_msgs/cmake/export_drone_msgs__rosidl_generator_pyExport-noconfig.cmake
[1.530s] Invoked command in '/home/ake/sim_drone/ake_drone_sim/build/drone_msgs' returned '0': CMAKE_PREFIX_PATH=/opt/ros/humble /usr/bin/cmake --install /home/ake/sim_drone/ake_drone_sim/build/drone_msgs
