[0.016s] Invoking command in '/home/ake/sim_drone/ake_drone_sim/build/drone_visualization': AMENT_PREFIX_PATH=/home/ake/sim_drone/ake_drone_sim/install/drone_planner:/home/ake/sim_drone/ake_drone_sim/install/drone_map:/home/ake/sim_drone/ake_drone_sim/install/drone_controller:/home/ake/sim_drone/ake_drone_sim/install/drone_msgs:/home/ake/sim_drone/ake_drone_sim/install/drone_dynamics:${AMENT_PREFIX_PATH} CMAKE_PREFIX_PATH=/home/ake/sim_drone/ake_drone_sim/install/drone_planner:/home/ake/sim_drone/ake_drone_sim/install/drone_map:/home/ake/sim_drone/ake_drone_sim/install/drone_controller:/home/ake/sim_drone/ake_drone_sim/install/drone_msgs:/home/ake/sim_drone/ake_drone_sim/install/drone_dynamics:/opt/ros/humble LD_LIBRARY_PATH=/home/ake/sim_drone/ake_drone_sim/install/drone_planner/lib:/home/ake/sim_drone/ake_drone_sim/install/drone_map/lib:/home/ake/sim_drone/ake_drone_sim/install/drone_controller/lib:/home/ake/sim_drone/ake_drone_sim/install/drone_msgs/lib:/home/ake/sim_drone/ake_drone_sim/install/drone_dynamics/lib:${LD_LIBRARY_PATH} PYTHONPATH=/home/ake/sim_drone/ake_drone_sim/install/drone_msgs/local/lib/python3.10/dist-packages:${PYTHONPATH} /usr/bin/cmake --build /home/ake/sim_drone/ake_drone_sim/build/drone_visualization -- -j20 -l20
[0.079s] [100%] Built target visualization_node
[0.092s] Invoked command in '/home/ake/sim_drone/ake_drone_sim/build/drone_visualization' returned '0': AMENT_PREFIX_PATH=/home/ake/sim_drone/ake_drone_sim/install/drone_planner:/home/ake/sim_drone/ake_drone_sim/install/drone_map:/home/ake/sim_drone/ake_drone_sim/install/drone_controller:/home/ake/sim_drone/ake_drone_sim/install/drone_msgs:/home/ake/sim_drone/ake_drone_sim/install/drone_dynamics:${AMENT_PREFIX_PATH} CMAKE_PREFIX_PATH=/home/ake/sim_drone/ake_drone_sim/install/drone_planner:/home/ake/sim_drone/ake_drone_sim/install/drone_map:/home/ake/sim_drone/ake_drone_sim/install/drone_controller:/home/ake/sim_drone/ake_drone_sim/install/drone_msgs:/home/ake/sim_drone/ake_drone_sim/install/drone_dynamics:/opt/ros/humble LD_LIBRARY_PATH=/home/ake/sim_drone/ake_drone_sim/install/drone_planner/lib:/home/ake/sim_drone/ake_drone_sim/install/drone_map/lib:/home/ake/sim_drone/ake_drone_sim/install/drone_controller/lib:/home/ake/sim_drone/ake_drone_sim/install/drone_msgs/lib:/home/ake/sim_drone/ake_drone_sim/install/drone_dynamics/lib:${LD_LIBRARY_PATH} PYTHONPATH=/home/ake/sim_drone/ake_drone_sim/install/drone_msgs/local/lib/python3.10/dist-packages:${PYTHONPATH} /usr/bin/cmake --build /home/ake/sim_drone/ake_drone_sim/build/drone_visualization -- -j20 -l20
[0.094s] Invoking command in '/home/ake/sim_drone/ake_drone_sim/build/drone_visualization': AMENT_PREFIX_PATH=/home/ake/sim_drone/ake_drone_sim/install/drone_planner:/home/ake/sim_drone/ake_drone_sim/install/drone_map:/home/ake/sim_drone/ake_drone_sim/install/drone_controller:/home/ake/sim_drone/ake_drone_sim/install/drone_msgs:/home/ake/sim_drone/ake_drone_sim/install/drone_dynamics:${AMENT_PREFIX_PATH} CMAKE_PREFIX_PATH=/home/ake/sim_drone/ake_drone_sim/install/drone_planner:/home/ake/sim_drone/ake_drone_sim/install/drone_map:/home/ake/sim_drone/ake_drone_sim/install/drone_controller:/home/ake/sim_drone/ake_drone_sim/install/drone_msgs:/home/ake/sim_drone/ake_drone_sim/install/drone_dynamics:/opt/ros/humble LD_LIBRARY_PATH=/home/ake/sim_drone/ake_drone_sim/install/drone_planner/lib:/home/ake/sim_drone/ake_drone_sim/install/drone_map/lib:/home/ake/sim_drone/ake_drone_sim/install/drone_controller/lib:/home/ake/sim_drone/ake_drone_sim/install/drone_msgs/lib:/home/ake/sim_drone/ake_drone_sim/install/drone_dynamics/lib:${LD_LIBRARY_PATH} PYTHONPATH=/home/ake/sim_drone/ake_drone_sim/install/drone_msgs/local/lib/python3.10/dist-packages:${PYTHONPATH} /usr/bin/cmake --install /home/ake/sim_drone/ake_drone_sim/build/drone_visualization
[0.111s] -- Install configuration: ""
[0.112s] -- Execute custom install script
[0.112s] -- Up-to-date symlink: /home/ake/sim_drone/ake_drone_sim/install/drone_visualization/lib/drone_visualization/visualization_node
[0.113s] -- Up-to-date symlink: /home/ake/sim_drone/ake_drone_sim/install/drone_visualization/share/drone_visualization/launch/narrow.launch.py
[0.113s] -- Up-to-date symlink: /home/ake/sim_drone/ake_drone_sim/install/drone_visualization/share/drone_visualization/launch/open.launch.py
[0.113s] -- Up-to-date symlink: /home/ake/sim_drone/ake_drone_sim/install/drone_visualization/share/drone_visualization/launch/random.launch.py
[0.113s] -- Up-to-date symlink: /home/ake/sim_drone/ake_drone_sim/install/drone_visualization/share/drone_visualization/launch/sim.launch.py
[0.113s] -- Up-to-date symlink: /home/ake/sim_drone/ake_drone_sim/install/drone_visualization/share/drone_visualization/config/narrow.yaml
[0.114s] -- Up-to-date symlink: /home/ake/sim_drone/ake_drone_sim/install/drone_visualization/share/drone_visualization/config/open.yaml
[0.114s] -- Up-to-date symlink: /home/ake/sim_drone/ake_drone_sim/install/drone_visualization/share/drone_visualization/config/random.yaml
[0.114s] -- Up-to-date symlink: /home/ake/sim_drone/ake_drone_sim/install/drone_visualization/share/drone_visualization/config/sim.yaml
[0.114s] -- Up-to-date symlink: /home/ake/sim_drone/ake_drone_sim/install/drone_visualization/share/drone_visualization/rviz/sim.rviz
[0.114s] -- Up-to-date symlink: /home/ake/sim_drone/ake_drone_sim/install/drone_visualization/lib/drone_visualization/run_experiment.py
[0.114s] -- Up-to-date symlink: /home/ake/sim_drone/ake_drone_sim/install/drone_visualization/lib/drone_visualization/plot_results.py
[0.114s] -- Up-to-date symlink: /home/ake/sim_drone/ake_drone_sim/install/drone_visualization/lib/drone_visualization/waypoint_mission.py
[0.115s] -- Up-to-date symlink: /home/ake/sim_drone/ake_drone_sim/install/drone_visualization/share/ament_index/resource_index/package_run_dependencies/drone_visualization
[0.115s] -- Up-to-date symlink: /home/ake/sim_drone/ake_drone_sim/install/drone_visualization/share/ament_index/resource_index/parent_prefix_path/drone_visualization
[0.115s] -- Up-to-date symlink: /home/ake/sim_drone/ake_drone_sim/install/drone_visualization/share/drone_visualization/environment/ament_prefix_path.sh
[0.115s] -- Up-to-date symlink: /home/ake/sim_drone/ake_drone_sim/install/drone_visualization/share/drone_visualization/environment/ament_prefix_path.dsv
[0.115s] -- Up-to-date symlink: /home/ake/sim_drone/ake_drone_sim/install/drone_visualization/share/drone_visualization/environment/path.sh
[0.115s] -- Up-to-date symlink: /home/ake/sim_drone/ake_drone_sim/install/drone_visualization/share/drone_visualization/environment/path.dsv
[0.115s] -- Up-to-date symlink: /home/ake/sim_drone/ake_drone_sim/install/drone_visualization/share/drone_visualization/local_setup.bash
[0.115s] -- Up-to-date symlink: /home/ake/sim_drone/ake_drone_sim/install/drone_visualization/share/drone_visualization/local_setup.sh
[0.116s] -- Up-to-date symlink: /home/ake/sim_drone/ake_drone_sim/install/drone_visualization/share/drone_visualization/local_setup.zsh
[0.116s] -- Up-to-date symlink: /home/ake/sim_drone/ake_drone_sim/install/drone_visualization/share/drone_visualization/local_setup.dsv
[0.116s] -- Symlinking: /home/ake/sim_drone/ake_drone_sim/install/drone_visualization/share/drone_visualization/package.dsv
[0.127s] -- Up-to-date symlink: /home/ake/sim_drone/ake_drone_sim/install/drone_visualization/share/ament_index/resource_index/packages/drone_visualization
[0.127s] -- Up-to-date symlink: /home/ake/sim_drone/ake_drone_sim/install/drone_visualization/share/drone_visualization/cmake/drone_visualizationConfig.cmake
[0.127s] -- Up-to-date symlink: /home/ake/sim_drone/ake_drone_sim/install/drone_visualization/share/drone_visualization/cmake/drone_visualizationConfig-version.cmake
[0.127s] -- Up-to-date symlink: /home/ake/sim_drone/ake_drone_sim/install/drone_visualization/share/drone_visualization/package.xml
[0.130s] Invoked command in '/home/ake/sim_drone/ake_drone_sim/build/drone_visualization' returned '0': AMENT_PREFIX_PATH=/home/ake/sim_drone/ake_drone_sim/install/drone_planner:/home/ake/sim_drone/ake_drone_sim/install/drone_map:/home/ake/sim_drone/ake_drone_sim/install/drone_controller:/home/ake/sim_drone/ake_drone_sim/install/drone_msgs:/home/ake/sim_drone/ake_drone_sim/install/drone_dynamics:${AMENT_PREFIX_PATH} CMAKE_PREFIX_PATH=/home/ake/sim_drone/ake_drone_sim/install/drone_planner:/home/ake/sim_drone/ake_drone_sim/install/drone_map:/home/ake/sim_drone/ake_drone_sim/install/drone_controller:/home/ake/sim_drone/ake_drone_sim/install/drone_msgs:/home/ake/sim_drone/ake_drone_sim/install/drone_dynamics:/opt/ros/humble LD_LIBRARY_PATH=/home/ake/sim_drone/ake_drone_sim/install/drone_planner/lib:/home/ake/sim_drone/ake_drone_sim/install/drone_map/lib:/home/ake/sim_drone/ake_drone_sim/install/drone_controller/lib:/home/ake/sim_drone/ake_drone_sim/install/drone_msgs/lib:/home/ake/sim_drone/ake_drone_sim/install/drone_dynamics/lib:${LD_LIBRARY_PATH} PYTHONPATH=/home/ake/sim_drone/ake_drone_sim/install/drone_msgs/local/lib/python3.10/dist-packages:${PYTHONPATH} /usr/bin/cmake --install /home/ake/sim_drone/ake_drone_sim/build/drone_visualization
