-- Found ament_cmake: 1.3.12 (/opt/ros/humble/share/ament_cmake/cmake)
-- Override CMake install command with custom implementation using symlinks instead of copying resources
-- Found rclcpp: 16.0.14 (/opt/ros/humble/share/rclcpp/cmake)
-- Found rosidl_generator_c: 3.1.7 (/opt/ros/humble/share/rosidl_generator_c/cmake)
-- Found rosidl_adapter: 3.1.7 (/opt/ros/humble/share/rosidl_adapter/cmake)
-- Found rosidl_generator_cpp: 3.1.7 (/opt/ros/humble/share/rosidl_generator_cpp/cmake)
-- Using all available rosidl_typesupport_c: rosidl_typesupport_fastrtps_c;rosidl_typesupport_introspection_c
-- Using all available rosidl_typesupport_cpp: rosidl_typesupport_fastrtps_cpp;rosidl_typesupport_introspection_cpp
-- Found rmw_implementation_cmake: 6.1.2 (/opt/ros/humble/share/rmw_implementation_cmake/cmake)
-- Found rmw_fastrtps_cpp: 6.2.8 (/opt/ros/humble/share/rmw_fastrtps_cpp/cmake)
-- Using RMW implementation 'rmw_fastrtps_cpp' as default
-- Found nav_msgs: 4.9.1 (/opt/ros/humble/share/nav_msgs/cmake)
-- Found visualization_msgs: 4.9.1 (/opt/ros/humble/share/visualization_msgs/cmake)
-- Found drone_dynamics: 0.1.0 (/home/ake/sim_drone/ake_drone_sim/install/drone_dynamics/share/drone_dynamics/cmake)
-- Configuring done
-- Generating done
-- Build files have been written to: /home/ake/sim_drone/ake_drone_sim/build/drone_visualization
Consolidate compiler generated dependencies of target visualization_node
[100%] Built target visualization_node
-- Install configuration: ""
-- Execute custom install script
-- Up-to-date symlink: /home/ake/sim_drone/ake_drone_sim/install/drone_visualization/lib/drone_visualization/visualization_node
-- Up-to-date symlink: /home/ake/sim_drone/ake_drone_sim/install/drone_visualization/share/drone_visualization/launch/narrow.launch.py
-- Up-to-date symlink: /home/ake/sim_drone/ake_drone_sim/install/drone_visualization/share/drone_visualization/launch/open.launch.py
-- Up-to-date symlink: /home/ake/sim_drone/ake_drone_sim/install/drone_visualization/share/drone_visualization/launch/sim.launch.py
-- Up-to-date symlink: /home/ake/sim_drone/ake_drone_sim/install/drone_visualization/share/drone_visualization/config/narrow.yaml
-- Up-to-date symlink: /home/ake/sim_drone/ake_drone_sim/install/drone_visualization/share/drone_visualization/config/open.yaml
-- Up-to-date symlink: /home/ake/sim_drone/ake_drone_sim/install/drone_visualization/share/drone_visualization/config/sim.yaml
-- Up-to-date symlink: /home/ake/sim_drone/ake_drone_sim/install/drone_visualization/share/drone_visualization/rviz/sim.rviz
-- Up-to-date symlink: /home/ake/sim_drone/ake_drone_sim/install/drone_visualization/lib/drone_visualization/run_experiment.py
-- Up-to-date symlink: /home/ake/sim_drone/ake_drone_sim/install/drone_visualization/lib/drone_visualization/plot_results.py
-- Symlinking: /home/ake/sim_drone/ake_drone_sim/install/drone_visualization/lib/drone_visualization/waypoint_mission.py
-- Up-to-date symlink: /home/ake/sim_drone/ake_drone_sim/install/drone_visualization/share/ament_index/resource_index/package_run_dependencies/drone_visualization
-- Up-to-date symlink: /home/ake/sim_drone/ake_drone_sim/install/drone_visualization/share/ament_index/resource_index/parent_prefix_path/drone_visualization
-- Up-to-date symlink: /home/ake/sim_drone/ake_drone_sim/install/drone_visualization/share/drone_visualization/environment/ament_prefix_path.sh
-- Up-to-date symlink: /home/ake/sim_drone/ake_drone_sim/install/drone_visualization/share/drone_visualization/environment/ament_prefix_path.dsv
-- Up-to-date symlink: /home/ake/sim_drone/ake_drone_sim/install/drone_visualization/share/drone_visualization/environment/path.sh
-- Up-to-date symlink: /home/ake/sim_drone/ake_drone_sim/install/drone_visualization/share/drone_visualization/environment/path.dsv
-- Up-to-date symlink: /home/ake/sim_drone/ake_drone_sim/install/drone_visualization/share/drone_visualization/local_setup.bash
-- Up-to-date symlink: /home/ake/sim_drone/ake_drone_sim/install/drone_visualization/share/drone_visualization/local_setup.sh
-- Up-to-date symlink: /home/ake/sim_drone/ake_drone_sim/install/drone_visualization/share/drone_visualization/local_setup.zsh
-- Up-to-date symlink: /home/ake/sim_drone/ake_drone_sim/install/drone_visualization/share/drone_visualization/local_setup.dsv
-- Symlinking: /home/ake/sim_drone/ake_drone_sim/install/drone_visualization/share/drone_visualization/package.dsv
-- Up-to-date symlink: /home/ake/sim_drone/ake_drone_sim/install/drone_visualization/share/ament_index/resource_index/packages/drone_visualization
-- Up-to-date symlink: /home/ake/sim_drone/ake_drone_sim/install/drone_visualization/share/drone_visualization/cmake/drone_visualizationConfig.cmake
-- Up-to-date symlink: /home/ake/sim_drone/ake_drone_sim/install/drone_visualization/share/drone_visualization/cmake/drone_visualizationConfig-version.cmake
-- Up-to-date symlink: /home/ake/sim_drone/ake_drone_sim/install/drone_visualization/share/drone_visualization/package.xml
