[ 33%] Built target drone_map_core
Consolidate compiler generated dependencies of target voxel_map_node
[ 66%] Built target simulated_lidar_node
[100%] Built target voxel_map_node
-- Install configuration: ""
-- Execute custom install script
-- Up-to-date symlink: /home/ake/sim_drone/ake_drone_sim/install/drone_map/lib/drone_map/voxel_map_node
-- Up-to-date symlink: /home/ake/sim_drone/ake_drone_sim/install/drone_map/lib/drone_map/simulated_lidar_node
-- Up-to-date symlink: /home/ake/sim_drone/ake_drone_sim/install/drone_map/include/ake_drone_sim/pointcloud_utils.hpp
-- Up-to-date symlink: /home/ake/sim_drone/ake_drone_sim/install/drone_map/include/ake_drone_sim/voxel_grid.hpp
-- Up-to-date symlink: /home/ake/sim_drone/ake_drone_sim/install/drone_map/share/drone_map/environment/library_path.sh
-- Up-to-date symlink: /home/ake/sim_drone/ake_drone_sim/install/drone_map/share/drone_map/environment/library_path.dsv
-- Up-to-date symlink: /home/ake/sim_drone/ake_drone_sim/install/drone_map/share/ament_index/resource_index/package_run_dependencies/drone_map
-- Up-to-date symlink: /home/ake/sim_drone/ake_drone_sim/install/drone_map/share/ament_index/resource_index/parent_prefix_path/drone_map
-- Up-to-date symlink: /home/ake/sim_drone/ake_drone_sim/install/drone_map/share/drone_map/environment/ament_prefix_path.sh
-- Up-to-date symlink: /home/ake/sim_drone/ake_drone_sim/install/drone_map/share/drone_map/environment/ament_prefix_path.dsv
-- Up-to-date symlink: /home/ake/sim_drone/ake_drone_sim/install/drone_map/share/drone_map/environment/path.sh
-- Up-to-date symlink: /home/ake/sim_drone/ake_drone_sim/install/drone_map/share/drone_map/environment/path.dsv
-- Up-to-date symlink: /home/ake/sim_drone/ake_drone_sim/install/drone_map/share/drone_map/local_setup.bash
-- Up-to-date symlink: /home/ake/sim_drone/ake_drone_sim/install/drone_map/share/drone_map/local_setup.sh
-- Up-to-date symlink: /home/ake/sim_drone/ake_drone_sim/install/drone_map/share/drone_map/local_setup.zsh
-- Up-to-date symlink: /home/ake/sim_drone/ake_drone_sim/install/drone_map/share/drone_map/local_setup.dsv
-- Symlinking: /home/ake/sim_drone/ake_drone_sim/install/drone_map/share/drone_map/package.dsv
-- Up-to-date symlink: /home/ake/sim_drone/ake_drone_sim/install/drone_map/share/ament_index/resource_index/packages/drone_map
-- Up-to-date symlink: /home/ake/sim_drone/ake_drone_sim/install/drone_map/share/drone_map/cmake/ament_cmake_export_targets-extras.cmake
-- Up-to-date symlink: /home/ake/sim_drone/ake_drone_sim/install/drone_map/share/drone_map/cmake/ament_cmake_export_dependencies-extras.cmake
-- Up-to-date symlink: /home/ake/sim_drone/ake_drone_sim/install/drone_map/share/drone_map/cmake/drone_mapConfig.cmake
-- Up-to-date symlink: /home/ake/sim_drone/ake_drone_sim/install/drone_map/share/drone_map/cmake/drone_mapConfig-version.cmake
-- Up-to-date symlink: /home/ake/sim_drone/ake_drone_sim/install/drone_map/share/drone_map/package.xml
-- Up-to-date: /home/ake/sim_drone/ake_drone_sim/install/drone_map/lib/libdrone_map_core.so
-- Up-to-date: /home/ake/sim_drone/ake_drone_sim/install/drone_map/share/drone_map/cmake/export_drone_mapExport.cmake
-- Up-to-date: /home/ake/sim_drone/ake_drone_sim/install/drone_map/share/drone_map/cmake/export_drone_mapExport-noconfig.cmake
