CMake Error at CMakeLists.txt:16 (add_library):
  Target "drone_planner_core" links to target
  "visualization_msgs::visualization_msgs__rosidl_generator_c" but the target
  was not found.  Perhaps a find_package() call is missing for an IMPORTED
  target, or an ALIAS target is missing?


CMake Error at CMakeLists.txt:16 (add_library):
  Target "drone_planner_core" links to target
  "visualization_msgs::visualization_msgs__rosidl_typesupport_fastrtps_c" but
  the target was not found.  Perhaps a find_package() call is missing for an
  IMPORTED target, or an ALIAS target is missing?


CMake Error at CMakeLists.txt:16 (add_library):
  Target "drone_planner_core" links to target
  "visualization_msgs::visualization_msgs__rosidl_generator_cpp" but the
  target was not found.  Perhaps a find_package() call is missing for an
  IMPORTED target, or an ALIAS target is missing?


CMake Error at CMakeLists.txt:16 (add_library):
  Target "drone_planner_core" links to target
  "visualization_msgs::visualization_msgs__rosidl_typesupport_fastrtps_cpp"
  but the target was not found.  Perhaps a find_package() call is missing for
  an IMPORTED target, or an ALIAS target is missing?


CMake Error at CMakeLists.txt:16 (add_library):
  Target "drone_planner_core" links to target
  "visualization_msgs::visualization_msgs__rosidl_typesupport_introspection_c"
  but the target was not found.  Perhaps a find_package() call is missing for
  an IMPORTED target, or an ALIAS target is missing?


CMake Error at CMakeLists.txt:16 (add_library):
  Target "drone_planner_core" links to target
  "visualization_msgs::visualization_msgs__rosidl_typesupport_c" but the
  target was not found.  Perhaps a find_package() call is missing for an
  IMPORTED target, or an ALIAS target is missing?


CMake Error at CMakeLists.txt:16 (add_library):
  Target "drone_planner_core" links to target
  "visualization_msgs::visualization_msgs__rosidl_typesupport_introspection_cpp"
  but the target was not found.  Perhaps a find_package() call is missing for
  an IMPORTED target, or an ALIAS target is missing?


CMake Error at CMakeLists.txt:16 (add_library):
  Target "drone_planner_core" links to target
  "visualization_msgs::visualization_msgs__rosidl_typesupport_cpp" but the
  target was not found.  Perhaps a find_package() call is missing for an
  IMPORTED target, or an ALIAS target is missing?


CMake Error at CMakeLists.txt:16 (add_library):
  Target "drone_planner_core" links to target
  "visualization_msgs::visualization_msgs__rosidl_generator_py" but the
  target was not found.  Perhaps a find_package() call is missing for an
  IMPORTED target, or an ALIAS target is missing?


CMake Error at CMakeLists.txt:20 (add_executable):
  Target "ab_planner_node" links to target
  "visualization_msgs::visualization_msgs__rosidl_generator_c" but the target
  was not found.  Perhaps a find_package() call is missing for an IMPORTED
  target, or an ALIAS target is missing?


CMake Error at CMakeLists.txt:20 (add_executable):
  Target "ab_planner_node" links to target
  "visualization_msgs::visualization_msgs__rosidl_typesupport_fastrtps_c" but
  the target was not found.  Perhaps a find_package() call is missing for an
  IMPORTED target, or an ALIAS target is missing?


CMake Error at CMakeLists.txt:20 (add_executable):
  Target "ab_planner_node" links to target
  "visualization_msgs::visualization_msgs__rosidl_generator_cpp" but the
  target was not found.  Perhaps a find_package() call is missing for an
  IMPORTED target, or an ALIAS target is missing?


CMake Error at CMakeLists.txt:20 (add_executable):
  Target "ab_planner_node" links to target
  "visualization_msgs::visualization_msgs__rosidl_typesupport_fastrtps_cpp"
  but the target was not found.  Perhaps a find_package() call is missing for
  an IMPORTED target, or an ALIAS target is missing?


CMake Error at CMakeLists.txt:20 (add_executable):
  Target "ab_planner_node" links to target
  "visualization_msgs::visualization_msgs__rosidl_typesupport_introspection_c"
  but the target was not found.  Perhaps a find_package() call is missing for
  an IMPORTED target, or an ALIAS target is missing?


CMake Error at CMakeLists.txt:20 (add_executable):
  Target "ab_planner_node" links to target
  "visualization_msgs::visualization_msgs__rosidl_typesupport_c" but the
  target was not found.  Perhaps a find_package() call is missing for an
  IMPORTED target, or an ALIAS target is missing?


CMake Error at CMakeLists.txt:20 (add_executable):
  Target "ab_planner_node" links to target
  "visualization_msgs::visualization_msgs__rosidl_typesupport_introspection_cpp"
  but the target was not found.  Perhaps a find_package() call is missing for
  an IMPORTED target, or an ALIAS target is missing?


CMake Error at CMakeLists.txt:20 (add_executable):
  Target "ab_planner_node" links to target
  "visualization_msgs::visualization_msgs__rosidl_typesupport_cpp" but the
  target was not found.  Perhaps a find_package() call is missing for an
  IMPORTED target, or an ALIAS target is missing?


CMake Error at CMakeLists.txt:20 (add_executable):
  Target "ab_planner_node" links to target
  "visualization_msgs::visualization_msgs__rosidl_generator_py" but the
  target was not found.  Perhaps a find_package() call is missing for an
  IMPORTED target, or an ALIAS target is missing?


CMake Error at /opt/ros/humble/share/ament_cmake_gtest/cmake/ament_add_gtest_executable.cmake:50 (add_executable):
  Target "test_planner" links to target
  "visualization_msgs::visualization_msgs__rosidl_generator_c" but the target
  was not found.  Perhaps a find_package() call is missing for an IMPORTED
  target, or an ALIAS target is missing?
Call Stack (most recent call first):
  /opt/ros/humble/share/ament_cmake_gtest/cmake/ament_add_gtest_executable.cmake:37 (_ament_add_gtest_executable)
  /opt/ros/humble/share/ament_cmake_gtest/cmake/ament_add_gtest.cmake:68 (ament_add_gtest_executable)
  CMakeLists.txt:30 (ament_add_gtest)


CMake Error at /opt/ros/humble/share/ament_cmake_gtest/cmake/ament_add_gtest_executable.cmake:50 (add_executable):
  Target "test_planner" links to target
  "visualization_msgs::visualization_msgs__rosidl_typesupport_fastrtps_c" but
  the target was not found.  Perhaps a find_package() call is missing for an
  IMPORTED target, or an ALIAS target is missing?
Call Stack (most recent call first):
  /opt/ros/humble/share/ament_cmake_gtest/cmake/ament_add_gtest_executable.cmake:37 (_ament_add_gtest_executable)
  /opt/ros/humble/share/ament_cmake_gtest/cmake/ament_add_gtest.cmake:68 (ament_add_gtest_executable)
  CMakeLists.txt:30 (ament_add_gtest)


CMake Error at /opt/ros/humble/share/ament_cmake_gtest/cmake/ament_add_gtest_executable.cmake:50 (add_executable):
  Target "test_planner" links to target
  "visualization_msgs::visualization_msgs__rosidl_generator_cpp" but the
  target was not found.  Perhaps a find_package() call is missing for an
  IMPORTED target, or an ALIAS target is missing?
Call Stack (most recent call first):
  /opt/ros/humble/share/ament_cmake_gtest/cmake/ament_add_gtest_executable.cmake:37 (_ament_add_gtest_executable)
  /opt/ros/humble/share/ament_cmake_gtest/cmake/ament_add_gtest.cmake:68 (ament_add_gtest_executable)
  CMakeLists.txt:30 (ament_add_gtest)


CMake Error at /opt/ros/humble/share/ament_cmake_gtest/cmake/ament_add_gtest_executable.cmake:50 (add_executable):
  Target "test_planner" links to target
  "visualization_msgs::visualization_msgs__rosidl_typesupport_fastrtps_cpp"
  but the target was not found.  Perhaps a find_package() call is missing for
  an IMPORTED target, or an ALIAS target is missing?
Call Stack (most recent call first):
  /opt/ros/humble/share/ament_cmake_gtest/cmake/ament_add_gtest_executable.cmake:37 (_ament_add_gtest_executable)
  /opt/ros/humble/share/ament_cmake_gtest/cmake/ament_add_gtest.cmake:68 (ament_add_gtest_executable)
  CMakeLists.txt:30 (ament_add_gtest)


CMake Error at /opt/ros/humble/share/ament_cmake_gtest/cmake/ament_add_gtest_executable.cmake:50 (add_executable):
  Target "test_planner" links to target
  "visualization_msgs::visualization_msgs__rosidl_typesupport_introspection_c"
  but the target was not found.  Perhaps a find_package() call is missing for
  an IMPORTED target, or an ALIAS target is missing?
Call Stack (most recent call first):
  /opt/ros/humble/share/ament_cmake_gtest/cmake/ament_add_gtest_executable.cmake:37 (_ament_add_gtest_executable)
  /opt/ros/humble/share/ament_cmake_gtest/cmake/ament_add_gtest.cmake:68 (ament_add_gtest_executable)
  CMakeLists.txt:30 (ament_add_gtest)


CMake Error at /opt/ros/humble/share/ament_cmake_gtest/cmake/ament_add_gtest_executable.cmake:50 (add_executable):
  Target "test_planner" links to target
  "visualization_msgs::visualization_msgs__rosidl_typesupport_c" but the
  target was not found.  Perhaps a find_package() call is missing for an
  IMPORTED target, or an ALIAS target is missing?
Call Stack (most recent call first):
  /opt/ros/humble/share/ament_cmake_gtest/cmake/ament_add_gtest_executable.cmake:37 (_ament_add_gtest_executable)
  /opt/ros/humble/share/ament_cmake_gtest/cmake/ament_add_gtest.cmake:68 (ament_add_gtest_executable)
  CMakeLists.txt:30 (ament_add_gtest)


CMake Error at /opt/ros/humble/share/ament_cmake_gtest/cmake/ament_add_gtest_executable.cmake:50 (add_executable):
  Target "test_planner" links to target
  "visualization_msgs::visualization_msgs__rosidl_typesupport_introspection_cpp"
  but the target was not found.  Perhaps a find_package() call is missing for
  an IMPORTED target, or an ALIAS target is missing?
Call Stack (most recent call first):
  /opt/ros/humble/share/ament_cmake_gtest/cmake/ament_add_gtest_executable.cmake:37 (_ament_add_gtest_executable)
  /opt/ros/humble/share/ament_cmake_gtest/cmake/ament_add_gtest.cmake:68 (ament_add_gtest_executable)
  CMakeLists.txt:30 (ament_add_gtest)


CMake Error at /opt/ros/humble/share/ament_cmake_gtest/cmake/ament_add_gtest_executable.cmake:50 (add_executable):
  Target "test_planner" links to target
  "visualization_msgs::visualization_msgs__rosidl_typesupport_cpp" but the
  target was not found.  Perhaps a find_package() call is missing for an
  IMPORTED target, or an ALIAS target is missing?
Call Stack (most recent call first):
  /opt/ros/humble/share/ament_cmake_gtest/cmake/ament_add_gtest_executable.cmake:37 (_ament_add_gtest_executable)
  /opt/ros/humble/share/ament_cmake_gtest/cmake/ament_add_gtest.cmake:68 (ament_add_gtest_executable)
  CMakeLists.txt:30 (ament_add_gtest)


CMake Error at /opt/ros/humble/share/ament_cmake_gtest/cmake/ament_add_gtest_executable.cmake:50 (add_executable):
  Target "test_planner" links to target
  "visualization_msgs::visualization_msgs__rosidl_generator_py" but the
  target was not found.  Perhaps a find_package() call is missing for an
  IMPORTED target, or an ALIAS target is missing?
Call Stack (most recent call first):
  /opt/ros/humble/share/ament_cmake_gtest/cmake/ament_add_gtest_executable.cmake:37 (_ament_add_gtest_executable)
  /opt/ros/humble/share/ament_cmake_gtest/cmake/ament_add_gtest.cmake:68 (ament_add_gtest_executable)
  CMakeLists.txt:30 (ament_add_gtest)


CMake Generate step failed.  Build files cannot be regenerated correctly.
