[0.009s] Invoking command in '/home/ake/sim_drone/ake_drone_sim/build/drone_planner': AMENT_PREFIX_PATH=/home/ake/sim_drone/ake_drone_sim/install/drone_map:/home/ake/sim_drone/ake_drone_sim/install/drone_msgs:/home/ake/sim_drone/ake_drone_sim/install/drone_dynamics:${AMENT_PREFIX_PATH} CMAKE_PREFIX_PATH=/home/ake/sim_drone/ake_drone_sim/install/drone_map:/home/ake/sim_drone/ake_drone_sim/install/drone_msgs:/home/ake/sim_drone/ake_drone_sim/install/drone_dynamics:/opt/ros/humble LD_LIBRARY_PATH=/home/ake/sim_drone/ake_drone_sim/install/drone_map/lib:/home/ake/sim_drone/ake_drone_sim/install/drone_msgs/lib:/home/ake/sim_drone/ake_drone_sim/install/drone_dynamics/lib:${LD_LIBRARY_PATH} PYTHONPATH=/home/ake/sim_drone/ake_drone_sim/install/drone_msgs/local/lib/python3.10/dist-packages:${PYTHONPATH} /usr/bin/cmake /home/ake/sim_drone/ake_drone_sim/src/drone_planner -DAMENT_CMAKE_SYMLINK_INSTALL=1 -DCMAKE_INSTALL_PREFIX=/home/ake/sim_drone/ake_drone_sim/install/drone_planner
[0.046s] -- The C compiler identification is GNU 11.4.0
[0.081s] -- The CXX compiler identification is GNU 11.4.0
[0.086s] -- Detecting C compiler ABI info
[0.137s] -- Detecting C compiler ABI info - done
[0.141s] -- Check for working C compiler: /usr/bin/cc - skipped
[0.141s] -- Detecting C compile features
[0.141s] -- Detecting C compile features - done
[0.143s] -- Detecting CXX compiler ABI info
[0.214s] -- Detecting CXX compiler ABI info - done
[0.219s] -- Check for working CXX compiler: /usr/bin/c++ - skipped
[0.219s] -- Detecting CXX compile features
[0.219s] -- Detecting CXX compile features - done
[0.221s] -- Found ament_cmake: 1.3.12 (/opt/ros/humble/share/ament_cmake/cmake)
[0.348s] -- Found Python3: /usr/bin/python3 (found version "3.10.12") found components: Interpreter 
[0.384s] -- Override CMake install command with custom implementation using symlinks instead of copying resources
[0.399s] -- Found rclcpp: 16.0.14 (/opt/ros/humble/share/rclcpp/cmake)
[0.422s] -- Found rosidl_generator_c: 3.1.7 (/opt/ros/humble/share/rosidl_generator_c/cmake)
[0.424s] -- Found rosidl_adapter: 3.1.7 (/opt/ros/humble/share/rosidl_adapter/cmake)
[0.429s] -- Found rosidl_generator_cpp: 3.1.7 (/opt/ros/humble/share/rosidl_generator_cpp/cmake)
[0.435s] -- Using all available rosidl_typesupport_c: rosidl_typesupport_fastrtps_c;rosidl_typesupport_introspection_c
[0.444s] -- Using all available rosidl_typesupport_cpp: rosidl_typesupport_fastrtps_cpp;rosidl_typesupport_introspection_cpp
[0.467s] -- Found rmw_implementation_cmake: 6.1.2 (/opt/ros/humble/share/rmw_implementation_cmake/cmake)
[0.469s] -- Found rmw_fastrtps_cpp: 6.2.8 (/opt/ros/humble/share/rmw_fastrtps_cpp/cmake)
[0.535s] -- Found OpenSSL: /usr/lib/x86_64-linux-gnu/libcrypto.so (found version "3.0.2")  
[0.558s] -- Found FastRTPS: /opt/ros/humble/include  
[0.597s] -- Using RMW implementation 'rmw_fastrtps_cpp' as default
[0.609s] -- Looking for pthread.h
[0.728s] -- Looking for pthread.h - found
[0.729s] -- Performing Test CMAKE_HAVE_LIBC_PTHREAD
[0.809s] -- Performing Test CMAKE_HAVE_LIBC_PTHREAD - Success
[0.810s] -- Found Threads: TRUE  
[0.846s] -- Found sensor_msgs: 4.9.1 (/opt/ros/humble/share/sensor_msgs/cmake)
[0.863s] -- Found nav_msgs: 4.9.1 (/opt/ros/humble/share/nav_msgs/cmake)
[0.876s] -- Found drone_msgs: 0.1.0 (/home/ake/sim_drone/ake_drone_sim/install/drone_msgs/share/drone_msgs/cmake)
[0.884s] -- Found drone_dynamics: 0.1.0 (/home/ake/sim_drone/ake_drone_sim/install/drone_dynamics/share/drone_dynamics/cmake)
[0.941s] -- Found drone_map: 0.1.0 (/home/ake/sim_drone/ake_drone_sim/install/drone_map/share/drone_map/cmake)
[0.947s] -- Found ament_cmake_gtest: 1.3.12 (/opt/ros/humble/share/ament_cmake_gtest/cmake)
[0.948s] -- Found gtest sources under '/opt/ros/humble/src/gtest_vendor': C++ tests using 'Google Test' will be built
[1.004s] -- Configuring done
[1.008s] CMake Error at CMakeLists.txt:16 (add_library):
[1.008s]   Target "drone_planner_core" links to target
[1.008s]   "visualization_msgs::visualization_msgs__rosidl_generator_c" but the target
[1.008s]   was not found.  Perhaps a find_package() call is missing for an IMPORTED
[1.008s]   target, or an ALIAS target is missing?
[1.008s] 
[1.008s] 
[1.008s] CMake Error at CMakeLists.txt:16 (add_library):
[1.008s]   Target "drone_planner_core" links to target
[1.008s]   "visualization_msgs::visualization_msgs__rosidl_typesupport_fastrtps_c" but
[1.008s]   the target was not found.  Perhaps a find_package() call is missing for an
[1.008s]   IMPORTED target, or an ALIAS target is missing?
[1.008s] 
[1.008s] 
[1.008s] CMake Error at CMakeLists.txt:16 (add_library):
[1.009s]   Target "drone_planner_core" links to target
[1.009s]   "visualization_msgs::visualization_msgs__rosidl_generator_cpp" but the
[1.009s]   target was not found.  Perhaps a find_package() call is missing for an
[1.009s]   IMPORTED target, or an ALIAS target is missing?
[1.009s] 
[1.009s] 
[1.009s] CMake Error at CMakeLists.txt:16 (add_library):
[1.009s]   Target "drone_planner_core" links to target
[1.009s]   "visualization_msgs::visualization_msgs__rosidl_typesupport_fastrtps_cpp"
[1.009s]   but the target was not found.  Perhaps a find_package() call is missing for
[1.009s]   an IMPORTED target, or an ALIAS target is missing?
[1.009s] 
[1.009s] 
[1.009s] CMake Error at CMakeLists.txt:16 (add_library):
[1.009s]   Target "drone_planner_core" links to target
[1.009s]   "visualization_msgs::visualization_msgs__rosidl_typesupport_introspection_c"
[1.009s]   but the target was not found.  Perhaps a find_package() call is missing for
[1.009s]   an IMPORTED target, or an ALIAS target is missing?
[1.009s] 
[1.009s] 
[1.009s] CMake Error at CMakeLists.txt:16 (add_library):
[1.009s]   Target "drone_planner_core" links to target
[1.009s]   "visualization_msgs::visualization_msgs__rosidl_typesupport_c" but the
[1.009s]   target was not found.  Perhaps a find_package() call is missing for an
[1.009s]   IMPORTED target, or an ALIAS target is missing?
[1.009s] 
[1.009s] 
[1.009s] CMake Error at CMakeLists.txt:16 (add_library):
[1.009s]   Target "drone_planner_core" links to target
[1.009s]   "visualization_msgs::visualization_msgs__rosidl_typesupport_introspection_cpp"
[1.009s]   but the target was not found.  Perhaps a find_package() call is missing for
[1.009s]   an IMPORTED target, or an ALIAS target is missing?
[1.009s] 
[1.009s] 
[1.009s] CMake Error at CMakeLists.txt:16 (add_library):
[1.009s]   Target "drone_planner_core" links to target
[1.009s]   "visualization_msgs::visualization_msgs__rosidl_typesupport_cpp" but the
[1.009s]   target was not found.  Perhaps a find_package() call is missing for an
[1.010s]   IMPORTED target, or an ALIAS target is missing?
[1.010s] 
[1.010s] 
[1.010s] CMake Error at CMakeLists.txt:16 (add_library):
[1.010s]   Target "drone_planner_core" links to target
[1.010s]   "visualization_msgs::visualization_msgs__rosidl_generator_py" but the
[1.010s]   target was not found.  Perhaps a find_package() call is missing for an
[1.010s]   IMPORTED target, or an ALIAS target is missing?
[1.010s] 
[1.010s] 
[1.010s] CMake Error at CMakeLists.txt:20 (add_executable):
[1.010s]   Target "ab_planner_node" links to target
[1.010s]   "visualization_msgs::visualization_msgs__rosidl_generator_c" but the target
[1.010s]   was not found.  Perhaps a find_package() call is missing for an IMPORTED
[1.010s]   target, or an ALIAS target is missing?
[1.010s] 
[1.010s] 
[1.010s] CMake Error at CMakeLists.txt:20 (add_executable):
[1.010s]   Target "ab_planner_node" links to target
[1.010s]   "visualization_msgs::visualization_msgs__rosidl_typesupport_fastrtps_c" but
[1.010s]   the target was not found.  Perhaps a find_package() call is missing for an
[1.010s]   IMPORTED target, or an ALIAS target is missing?
[1.010s] 
[1.010s] 
[1.010s] CMake Error at CMakeLists.txt:20 (add_executable):
[1.010s]   Target "ab_planner_node" links to target
[1.010s]   "visualization_msgs::visualization_msgs__rosidl_generator_cpp" but the
[1.010s]   target was not found.  Perhaps a find_package() call is missing for an
[1.010s]   IMPORTED target, or an ALIAS target is missing?
[1.010s] 
[1.010s] 
[1.010s] CMake Error at CMakeLists.txt:20 (add_executable):
[1.011s]   Target "ab_planner_node" links to target
[1.011s]   "visualization_msgs::visualization_msgs__rosidl_typesupport_fastrtps_cpp"
[1.011s]   but the target was not found.  Perhaps a find_package() call is missing for
[1.011s]   an IMPORTED target, or an ALIAS target is missing?
[1.011s] 
[1.011s] 
[1.011s] CMake Error at CMakeLists.txt:20 (add_executable):
[1.011s]   Target "ab_planner_node" links to target
[1.011s]   "visualization_msgs::visualization_msgs__rosidl_typesupport_introspection_c"
[1.011s]   but the target was not found.  Perhaps a find_package() call is missing for
[1.011s]   an IMPORTED target, or an ALIAS target is missing?
[1.011s] 
[1.011s] 
[1.011s] CMake Error at CMakeLists.txt:20 (add_executable):
[1.011s]   Target "ab_planner_node" links to target
[1.011s]   "visualization_msgs::visualization_msgs__rosidl_typesupport_c" but the
[1.011s]   target was not found.  Perhaps a find_package() call is missing for an
[1.011s]   IMPORTED target, or an ALIAS target is missing?
[1.011s] 
[1.011s] 
[1.011s] CMake Error at CMakeLists.txt:20 (add_executable):
[1.011s]   Target "ab_planner_node" links to target
[1.011s]   "visualization_msgs::visualization_msgs__rosidl_typesupport_introspection_cpp"
[1.011s]   but the target was not found.  Perhaps a find_package() call is missing for
[1.011s]   an IMPORTED target, or an ALIAS target is missing?
[1.011s] 
[1.011s] 
[1.011s] CMake Error at CMakeLists.txt:20 (add_executable):
[1.011s]   Target "ab_planner_node" links to target
[1.011s]   "visualization_msgs::visualization_msgs__rosidl_typesupport_cpp" but the
[1.011s]   target was not found.  Perhaps a find_package() call is missing for an
[1.011s]   IMPORTED target, or an ALIAS target is missing?
[1.011s] 
[1.011s] 
[1.011s] CMake Error at CMakeLists.txt:20 (add_executable):
[1.011s]   Target "ab_planner_node" links to target
[1.012s]   "visualization_msgs::visualization_msgs__rosidl_generator_py" but the
[1.012s]   target was not found.  Perhaps a find_package() call is missing for an
[1.012s]   IMPORTED target, or an ALIAS target is missing?
[1.012s] 
[1.012s] 
[1.012s] CMake Error at /opt/ros/humble/share/ament_cmake_gtest/cmake/ament_add_gtest_executable.cmake:50 (add_executable):
[1.012s]   Target "test_planner" links to target
[1.012s]   "visualization_msgs::visualization_msgs__rosidl_generator_c" but the target
[1.012s]   was not found.  Perhaps a find_package() call is missing for an IMPORTED
[1.012s]   target, or an ALIAS target is missing?
[1.012s] Call Stack (most recent call first):
[1.012s]   /opt/ros/humble/share/ament_cmake_gtest/cmake/ament_add_gtest_executable.cmake:37 (_ament_add_gtest_executable)
[1.012s]   /opt/ros/humble/share/ament_cmake_gtest/cmake/ament_add_gtest.cmake:68 (ament_add_gtest_executable)
[1.012s]   CMakeLists.txt:30 (ament_add_gtest)
[1.012s] 
[1.012s] 
[1.012s] CMake Error at /opt/ros/humble/share/ament_cmake_gtest/cmake/ament_add_gtest_executable.cmake:50 (add_executable):
[1.012s]   Target "test_planner" links to target
[1.012s]   "visualization_msgs::visualization_msgs__rosidl_typesupport_fastrtps_c" but
[1.012s]   the target was not found.  Perhaps a find_package() call is missing for an
[1.012s]   IMPORTED target, or an ALIAS target is missing?
[1.012s] Call Stack (most recent call first):
[1.012s]   /opt/ros/humble/share/ament_cmake_gtest/cmake/ament_add_gtest_executable.cmake:37 (_ament_add_gtest_executable)
[1.012s]   /opt/ros/humble/share/ament_cmake_gtest/cmake/ament_add_gtest.cmake:68 (ament_add_gtest_executable)
[1.012s]   CMakeLists.txt:30 (ament_add_gtest)
[1.012s] 
[1.012s] 
[1.012s] CMake Error at /opt/ros/humble/share/ament_cmake_gtest/cmake/ament_add_gtest_executable.cmake:50 (add_executable):
[1.012s]   Target "test_planner" links to target
[1.012s]   "visualization_msgs::visualization_msgs__rosidl_generator_cpp" but the
[1.012s]   target was not found.  Perhaps a find_package() call is missing for an
[1.012s]   IMPORTED target, or an ALIAS target is missing?
[1.013s] Call Stack (most recent call first):
[1.013s]   /opt/ros/humble/share/ament_cmake_gtest/cmake/ament_add_gtest_executable.cmake:37 (_ament_add_gtest_executable)
[1.013s]   /opt/ros/humble/share/ament_cmake_gtest/cmake/ament_add_gtest.cmake:68 (ament_add_gtest_executable)
[1.013s]   CMakeLists.txt:30 (ament_add_gtest)
[1.013s] 
[1.013s] 
[1.013s] CMake Error at /opt/ros/humble/share/ament_cmake_gtest/cmake/ament_add_gtest_executable.cmake:50 (add_executable):
[1.013s]   Target "test_planner" links to target
[1.013s]   "visualization_msgs::visualization_msgs__rosidl_typesupport_fastrtps_cpp"
[1.013s]   but the target was not found.  Perhaps a find_package() call is missing for
[1.013s]   an IMPORTED target, or an ALIAS target is missing?
[1.013s] Call Stack (most recent call first):
[1.013s]   /opt/ros/humble/share/ament_cmake_gtest/cmake/ament_add_gtest_executable.cmake:37 (_ament_add_gtest_executable)
[1.013s]   /opt/ros/humble/share/ament_cmake_gtest/cmake/ament_add_gtest.cmake:68 (ament_add_gtest_executable)
[1.013s]   CMakeLists.txt:30 (ament_add_gtest)
[1.013s] 
[1.013s] 
[1.013s] CMake Error at /opt/ros/humble/share/ament_cmake_gtest/cmake/ament_add_gtest_executable.cmake:50 (add_executable):
[1.013s]   Target "test_planner" links to target
[1.013s]   "visualization_msgs::visualization_msgs__rosidl_typesupport_introspection_c"
[1.013s]   but the target was not found.  Perhaps a find_package() call is missing for
[1.013s]   an IMPORTED target, or an ALIAS target is missing?
[1.013s] Call Stack (most recent call first):
[1.013s]   /opt/ros/humble/share/ament_cmake_gtest/cmake/ament_add_gtest_executable.cmake:37 (_ament_add_gtest_executable)
[1.013s]   /opt/ros/humble/share/ament_cmake_gtest/cmake/ament_add_gtest.cmake:68 (ament_add_gtest_executable)
[1.013s]   CMakeLists.txt:30 (ament_add_gtest)
[1.013s] 
[1.013s] 
[1.013s] CMake Error at /opt/ros/humble/share/ament_cmake_gtest/cmake/ament_add_gtest_executable.cmake:50 (add_executable):
[1.013s]   Target "test_planner" links to target
[1.013s]   "visualization_msgs::visualization_msgs__rosidl_typesupport_c" but the
[1.013s]   target was not found.  Perhaps a find_package() call is missing for an
[1.014s]   IMPORTED target, or an ALIAS target is missing?
[1.014s] Call Stack (most recent call first):
[1.014s]   /opt/ros/humble/share/ament_cmake_gtest/cmake/ament_add_gtest_executable.cmake:37 (_ament_add_gtest_executable)
[1.014s]   /opt/ros/humble/share/ament_cmake_gtest/cmake/ament_add_gtest.cmake:68 (ament_add_gtest_executable)
[1.014s]   CMakeLists.txt:30 (ament_add_gtest)
[1.014s] 
[1.014s] 
[1.014s] CMake Error at /opt/ros/humble/share/ament_cmake_gtest/cmake/ament_add_gtest_executable.cmake:50 (add_executable):
[1.014s]   Target "test_planner" links to target
[1.014s]   "visualization_msgs::visualization_msgs__rosidl_typesupport_introspection_cpp"
[1.014s]   but the target was not found.  Perhaps a find_package() call is missing for
[1.014s]   an IMPORTED target, or an ALIAS target is missing?
[1.014s] Call Stack (most recent call first):
[1.014s]   /opt/ros/humble/share/ament_cmake_gtest/cmake/ament_add_gtest_executable.cmake:37 (_ament_add_gtest_executable)
[1.014s]   /opt/ros/humble/share/ament_cmake_gtest/cmake/ament_add_gtest.cmake:68 (ament_add_gtest_executable)
[1.014s]   CMakeLists.txt:30 (ament_add_gtest)
[1.014s] 
[1.014s] 
[1.014s] CMake Error at /opt/ros/humble/share/ament_cmake_gtest/cmake/ament_add_gtest_executable.cmake:50 (add_executable):
[1.014s]   Target "test_planner" links to target
[1.014s]   "visualization_msgs::visualization_msgs__rosidl_typesupport_cpp" but the
[1.014s]   target was not found.  Perhaps a find_package() call is missing for an
[1.014s]   IMPORTED target, or an ALIAS target is missing?
[1.014s] Call Stack (most recent call first):
[1.014s]   /opt/ros/humble/share/ament_cmake_gtest/cmake/ament_add_gtest_executable.cmake:37 (_ament_add_gtest_executable)
[1.014s]   /opt/ros/humble/share/ament_cmake_gtest/cmake/ament_add_gtest.cmake:68 (ament_add_gtest_executable)
[1.014s]   CMakeLists.txt:30 (ament_add_gtest)
[1.014s] 
[1.014s] 
[1.014s] CMake Error at /opt/ros/humble/share/ament_cmake_gtest/cmake/ament_add_gtest_executable.cmake:50 (add_executable):
[1.014s]   Target "test_planner" links to target
[1.015s]   "visualization_msgs::visualization_msgs__rosidl_generator_py" but the
[1.015s]   target was not found.  Perhaps a find_package() call is missing for an
[1.015s]   IMPORTED target, or an ALIAS target is missing?
[1.015s] Call Stack (most recent call first):
[1.015s]   /opt/ros/humble/share/ament_cmake_gtest/cmake/ament_add_gtest_executable.cmake:37 (_ament_add_gtest_executable)
[1.015s]   /opt/ros/humble/share/ament_cmake_gtest/cmake/ament_add_gtest.cmake:68 (ament_add_gtest_executable)
[1.015s]   CMakeLists.txt:30 (ament_add_gtest)
[1.015s] 
[1.015s] 
[1.018s] -- Generating done
[1.019s] CMake Generate step failed.  Build files cannot be regenerated correctly.
[1.027s] Invoked command in '/home/ake/sim_drone/ake_drone_sim/build/drone_planner' returned '1': AMENT_PREFIX_PATH=/home/ake/sim_drone/ake_drone_sim/install/drone_map:/home/ake/sim_drone/ake_drone_sim/install/drone_msgs:/home/ake/sim_drone/ake_drone_sim/install/drone_dynamics:${AMENT_PREFIX_PATH} CMAKE_PREFIX_PATH=/home/ake/sim_drone/ake_drone_sim/install/drone_map:/home/ake/sim_drone/ake_drone_sim/install/drone_msgs:/home/ake/sim_drone/ake_drone_sim/install/drone_dynamics:/opt/ros/humble LD_LIBRARY_PATH=/home/ake/sim_drone/ake_drone_sim/install/drone_map/lib:/home/ake/sim_drone/ake_drone_sim/install/drone_msgs/lib:/home/ake/sim_drone/ake_drone_sim/install/drone_dynamics/lib:${LD_LIBRARY_PATH} PYTHONPATH=/home/ake/sim_drone/ake_drone_sim/install/drone_msgs/local/lib/python3.10/dist-packages:${PYTHONPATH} /usr/bin/cmake /home/ake/sim_drone/ake_drone_sim/src/drone_planner -DAMENT_CMAKE_SYMLINK_INSTALL=1 -DCMAKE_INSTALL_PREFIX=/home/ake/sim_drone/ake_drone_sim/install/drone_planner
