[ 15%] Built target gtest
[ 30%] Built target gtest_main
[ 53%] Built target drone_dynamics_core
[ 69%] Built target test_dynamics
[ 84%] Built target quadrotor_dynamics_node
[100%] Built target imu_gps_fusion_node
-- Install configuration: ""
-- Execute custom install script
-- Up-to-date symlink: /home/ake/sim_drone/ake_drone_sim/install/drone_dynamics/lib/drone_dynamics/quadrotor_dynamics_node
-- Up-to-date symlink: /home/ake/sim_drone/ake_drone_sim/install/drone_dynamics/lib/drone_dynamics/imu_gps_fusion_node
-- Up-to-date symlink: /home/ake/sim_drone/ake_drone_sim/install/drone_dynamics/include/ake_drone_sim/common.hpp
-- Up-to-date symlink: /home/ake/sim_drone/ake_drone_sim/install/drone_dynamics/include/ake_drone_sim/dynamics_model.hpp
-- Up-to-date symlink: /home/ake/sim_drone/ake_drone_sim/install/drone_dynamics/include/ake_drone_sim/eskf.hpp
-- Up-to-date symlink: /home/ake/sim_drone/ake_drone_sim/install/drone_dynamics/include/ake_drone_sim/ros_utils.hpp
-- Up-to-date symlink: /home/ake/sim_drone/ake_drone_sim/install/drone_dynamics/share/drone_dynamics/environment/library_path.sh
-- Up-to-date symlink: /home/ake/sim_drone/ake_drone_sim/install/drone_dynamics/share/drone_dynamics/environment/library_path.dsv
-- Up-to-date symlink: /home/ake/sim_drone/ake_drone_sim/install/drone_dynamics/share/ament_index/resource_index/package_run_dependencies/drone_dynamics
-- Up-to-date symlink: /home/ake/sim_drone/ake_drone_sim/install/drone_dynamics/share/ament_index/resource_index/parent_prefix_path/drone_dynamics
-- Up-to-date symlink: /home/ake/sim_drone/ake_drone_sim/install/drone_dynamics/share/drone_dynamics/environment/ament_prefix_path.sh
-- Up-to-date symlink: /home/ake/sim_drone/ake_drone_sim/install/drone_dynamics/share/drone_dynamics/environment/ament_prefix_path.dsv
-- Up-to-date symlink: /home/ake/sim_drone/ake_drone_sim/install/drone_dynamics/share/drone_dynamics/environment/path.sh
-- Up-to-date symlink: /home/ake/sim_drone/ake_drone_sim/install/drone_dynamics/share/drone_dynamics/environment/path.dsv
-- Up-to-date symlink: /home/ake/sim_drone/ake_drone_sim/install/drone_dynamics/share/drone_dynamics/local_setup.bash
-- Up-to-date symlink: /home/ake/sim_drone/ake_drone_sim/install/drone_dynamics/share/drone_dynamics/local_setup.sh
-- Up-to-date symlink: /home/ake/sim_drone/ake_drone_sim/install/drone_dynamics/share/drone_dynamics/local_setup.zsh
-- Up-to-date symlink: /home/ake/sim_drone/ake_drone_sim/install/drone_dynamics/share/drone_dynamics/local_setup.dsv
-- Symlinking: /home/ake/sim_drone/ake_drone_sim/install/drone_dynamics/share/drone_dynamics/package.dsv
-- Up-to-date symlink: /home/ake/sim_drone/ake_drone_sim/install/drone_dynamics/share/ament_index/resource_index/packages/drone_dynamics
-- Up-to-date symlink: /home/ake/sim_drone/ake_drone_sim/install/drone_dynamics/share/drone_dynamics/cmake/ament_cmake_export_targets-extras.cmake
-- Up-to-date symlink: /home/ake/sim_drone/ake_drone_sim/install/drone_dynamics/share/drone_dynamics/cmake/ament_cmake_export_dependencies-extras.cmake
-- Up-to-date symlink: /home/ake/sim_drone/ake_drone_sim/install/drone_dynamics/share/drone_dynamics/cmake/drone_dynamicsConfig.cmake
-- Up-to-date symlink: /home/ake/sim_drone/ake_drone_sim/install/drone_dynamics/share/drone_dynamics/cmake/drone_dynamicsConfig-version.cmake
-- Up-to-date symlink: /home/ake/sim_drone/ake_drone_sim/install/drone_dynamics/share/drone_dynamics/package.xml
-- Up-to-date: /home/ake/sim_drone/ake_drone_sim/install/drone_dynamics/lib/libdrone_dynamics_core.so
-- Up-to-date: /home/ake/sim_drone/ake_drone_sim/install/drone_dynamics/share/drone_dynamics/cmake/export_drone_dynamicsExport.cmake
-- Up-to-date: /home/ake/sim_drone/ake_drone_sim/install/drone_dynamics/share/drone_dynamics/cmake/export_drone_dynamicsExport-noconfig.cmake
