[0.006s] Invoking command in '/home/ake/sim_drone/ake_drone_sim/build/drone_dynamics': CMAKE_PREFIX_PATH=/opt/ros/humble /usr/bin/cmake --build /home/ake/sim_drone/ake_drone_sim/build/drone_dynamics -- -j20 -l20
[0.038s] [ 15%] Built target gtest
[0.043s] [ 30%] Built target gtest_main
[0.046s] [ 53%] Built target drone_dynamics_core
[0.071s] [ 69%] Built target test_dynamics
[0.076s] [ 84%] Built target quadrotor_dynamics_node
[0.076s] [100%] Built target imu_gps_fusion_node
[0.085s] Invoked command in '/home/ake/sim_drone/ake_drone_sim/build/drone_dynamics' returned '0': CMAKE_PREFIX_PATH=/opt/ros/humble /usr/bin/cmake --build /home/ake/sim_drone/ake_drone_sim/build/drone_dynamics -- -j20 -l20
[0.091s] Invoking command in '/home/ake/sim_drone/ake_drone_sim/build/drone_dynamics': CMAKE_PREFIX_PATH=/opt/ros/humble /usr/bin/cmake --install /home/ake/sim_drone/ake_drone_sim/build/drone_dynamics
[0.095s] -- Install configuration: ""
[0.095s] -- Execute custom install script
[0.096s] -- Up-to-date symlink: /home/ake/sim_drone/ake_drone_sim/install/drone_dynamics/lib/drone_dynamics/quadrotor_dynamics_node
[0.096s] -- Up-to-date symlink: /home/ake/sim_drone/ake_drone_sim/install/drone_dynamics/lib/drone_dynamics/imu_gps_fusion_node
[0.096s] -- Up-to-date symlink: /home/ake/sim_drone/ake_drone_sim/install/drone_dynamics/include/ake_drone_sim/common.hpp
[0.096s] -- Up-to-date symlink: /home/ake/sim_drone/ake_drone_sim/install/drone_dynamics/include/ake_drone_sim/dynamics_model.hpp
[0.096s] -- Up-to-date symlink: /home/ake/sim_drone/ake_drone_sim/install/drone_dynamics/include/ake_drone_sim/eskf.hpp
[0.096s] -- Up-to-date symlink: /home/ake/sim_drone/ake_drone_sim/install/drone_dynamics/include/ake_drone_sim/ros_utils.hpp
[0.096s] -- Up-to-date symlink: /home/ake/sim_drone/ake_drone_sim/install/drone_dynamics/share/drone_dynamics/environment/library_path.sh
[0.096s] -- Up-to-date symlink: /home/ake/sim_drone/ake_drone_sim/install/drone_dynamics/share/drone_dynamics/environment/library_path.dsv
[0.096s] -- Up-to-date symlink: /home/ake/sim_drone/ake_drone_sim/install/drone_dynamics/share/ament_index/resource_index/package_run_dependencies/drone_dynamics
[0.096s] -- Up-to-date symlink: /home/ake/sim_drone/ake_drone_sim/install/drone_dynamics/share/ament_index/resource_index/parent_prefix_path/drone_dynamics
[0.096s] -- Up-to-date symlink: /home/ake/sim_drone/ake_drone_sim/install/drone_dynamics/share/drone_dynamics/environment/ament_prefix_path.sh
[0.096s] -- Up-to-date symlink: /home/ake/sim_drone/ake_drone_sim/install/drone_dynamics/share/drone_dynamics/environment/ament_prefix_path.dsv
[0.096s] -- Up-to-date symlink: /home/ake/sim_drone/ake_drone_sim/install/drone_dynamics/share/drone_dynamics/environment/path.sh
[0.096s] -- Up-to-date symlink: /home/ake/sim_drone/ake_drone_sim/install/drone_dynamics/share/drone_dynamics/environment/path.dsv
[0.096s] -- Up-to-date symlink: /home/ake/sim_drone/ake_drone_sim/install/drone_dynamics/share/drone_dynamics/local_setup.bash
[0.097s] -- Up-to-date symlink: /home/ake/sim_drone/ake_drone_sim/install/drone_dynamics/share/drone_dynamics/local_setup.sh
[0.097s] -- Up-to-date symlink: /home/ake/sim_drone/ake_drone_sim/install/drone_dynamics/share/drone_dynamics/local_setup.zsh
[0.097s] -- Up-to-date symlink: /home/ake/sim_drone/ake_drone_sim/install/drone_dynamics/share/drone_dynamics/local_setup.dsv
[0.097s] -- Symlinking: /home/ake/sim_drone/ake_drone_sim/install/drone_dynamics/share/drone_dynamics/package.dsv
[0.102s] -- Up-to-date symlink: /home/ake/sim_drone/ake_drone_sim/install/drone_dynamics/share/ament_index/resource_index/packages/drone_dynamics
[0.102s] -- Up-to-date symlink: /home/ake/sim_drone/ake_drone_sim/install/drone_dynamics/share/drone_dynamics/cmake/ament_cmake_export_targets-extras.cmake
[0.102s] -- Up-to-date symlink: /home/ake/sim_drone/ake_drone_sim/install/drone_dynamics/share/drone_dynamics/cmake/ament_cmake_export_dependencies-extras.cmake
[0.102s] -- Up-to-date symlink: /home/ake/sim_drone/ake_drone_sim/install/drone_dynamics/share/drone_dynamics/cmake/drone_dynamicsConfig.cmake
[0.102s] -- Up-to-date symlink: /home/ake/sim_drone/ake_drone_sim/install/drone_dynamics/share/drone_dynamics/cmake/drone_dynamicsConfig-version.cmake
[0.102s] -- Up-to-date symlink: /home/ake/sim_drone/ake_drone_sim/install/drone_dynamics/share/drone_dynamics/package.xml
[0.102s] -- Up-to-date: /home/ake/sim_drone/ake_drone_sim/install/drone_dynamics/lib/libdrone_dynamics_core.so
[0.102s] -- Up-to-date: /home/ake/sim_drone/ake_drone_sim/install/drone_dynamics/share/drone_dynamics/cmake/export_drone_dynamicsExport.cmake
[0.103s] -- Up-to-date: /home/ake/sim_drone/ake_drone_sim/install/drone_dynamics/share/drone_dynamics/cmake/export_drone_dynamicsExport-noconfig.cmake
[0.104s] Invoked command in '/home/ake/sim_drone/ake_drone_sim/build/drone_dynamics' returned '0': CMAKE_PREFIX_PATH=/opt/ros/humble /usr/bin/cmake --install /home/ake/sim_drone/ake_drone_sim/build/drone_dynamics
