CMake Error at CMakeLists.txt:13 (add_library):
  Target "drone_map_core" links to target
  "drone_dynamics::quadrotor_dynamics_node" but the target was not found.
  Perhaps a find_package() call is missing for an IMPORTED target, or an
  ALIAS target is missing?


CMake Error at CMakeLists.txt:13 (add_library):
  Target "drone_map_core" links to target
  "drone_dynamics::imu_gps_fusion_node" but the target was not found.
  Perhaps a find_package() call is missing for an IMPORTED target, or an
  ALIAS target is missing?


CMake Error at CMakeLists.txt:18 (add_executable):
  Target "voxel_map_node" links to target
  "drone_dynamics::quadrotor_dynamics_node" but the target was not found.
  Perhaps a find_package() call is missing for an IMPORTED target, or an
  ALIAS target is missing?


CMake Error at CMakeLists.txt:18 (add_executable):
  Target "voxel_map_node" links to target
  "drone_dynamics::imu_gps_fusion_node" but the target was not found.
  Perhaps a find_package() call is missing for an IMPORTED target, or an
  ALIAS target is missing?


CMake Error at CMakeLists.txt:18 (add_executable):
  Target "voxel_map_node" links to target
  "drone_dynamics::quadrotor_dynamics_node" but the target was not found.
  Perhaps a find_package() call is missing for an IMPORTED target, or an
  ALIAS target is missing?


CMake Error at CMakeLists.txt:18 (add_executable):
  Target "voxel_map_node" links to target
  "drone_dynamics::imu_gps_fusion_node" but the target was not found.
  Perhaps a find_package() call is missing for an IMPORTED target, or an
  ALIAS target is missing?


CMake Error at CMakeLists.txt:18 (add_executable):
  Target "simulated_lidar_node" links to target
  "drone_dynamics::quadrotor_dynamics_node" but the target was not found.
  Perhaps a find_package() call is missing for an IMPORTED target, or an
  ALIAS target is missing?


CMake Error at CMakeLists.txt:18 (add_executable):
  Target "simulated_lidar_node" links to target
  "drone_dynamics::imu_gps_fusion_node" but the target was not found.
  Perhaps a find_package() call is missing for an IMPORTED target, or an
  ALIAS target is missing?


CMake Error at CMakeLists.txt:18 (add_executable):
  Target "simulated_lidar_node" links to target
  "drone_dynamics::quadrotor_dynamics_node" but the target was not found.
  Perhaps a find_package() call is missing for an IMPORTED target, or an
  ALIAS target is missing?


CMake Error at CMakeLists.txt:18 (add_executable):
  Target "simulated_lidar_node" links to target
  "drone_dynamics::imu_gps_fusion_node" but the target was not found.
  Perhaps a find_package() call is missing for an IMPORTED target, or an
  ALIAS target is missing?


CMake Generate step failed.  Build files cannot be regenerated correctly.
