[0.055s] colcon DEBUG Command line arguments: ['/usr/bin/colcon', 'list']
[0.055s] colcon DEBUG Parsed command line arguments: Namespace(log_base=None, log_level=None, verb_name='list', build_base='build', ignore_user_meta=False, metas=['./colcon.meta'], base_paths=['.'], packages_ignore=None, packages_ignore_regex=None, paths=None, packages_up_to=None, packages_up_to_regex=None, packages_above=None, packages_above_and_dependencies=None, packages_above_depth=None, packages_select_by_dep=None, packages_skip_by_dep=None, packages_skip_up_to=None, packages_select_build_failed=False, packages_skip_build_finished=False, packages_select_test_failures=False, packages_skip_test_passed=False, packages_select=None, packages_skip=None, packages_select_regex=None, packages_skip_regex=None, packages_start=None, packages_end=None, allow_overriding=[], topological_order=False, names_only=False, paths_only=False, topological_graph=False, topological_graph_dot=False, topological_graph_density=False, topological_graph_legend=False, topological_graph_dot_cluster=False, topological_graph_dot_include_skipped=False, verb_parser=<colcon_defaults.argument_parser.defaults.DefaultArgumentsDecorator object at 0x714e5a749a50>, verb_extension=<colcon_package_information.verb.list.ListVerb object at 0x714e5a748be0>, main=<bound method ListVerb.main of <colcon_package_information.verb.list.ListVerb object at 0x714e5a748be0>>)
[0.165s] colcon.colcon_core.package_discovery Level 1 discover_packages(colcon_meta) check parameters
[0.165s] colcon.colcon_core.package_discovery Level 1 discover_packages(recursive) check parameters
[0.165s] colcon.colcon_core.package_discovery Level 1 discover_packages(ignore) check parameters
[0.165s] colcon.colcon_core.package_discovery Level 1 discover_packages(path) check parameters
[0.165s] colcon.colcon_core.package_discovery Level 1 discover_packages(colcon_meta) discover
[0.165s] colcon.colcon_core.package_discovery Level 1 discover_packages(recursive) discover
[0.165s] colcon.colcon_core.package_discovery INFO Crawling recursively for packages in '/home/ake/sim_drone/ake_drone_sim'
[0.165s] colcon.colcon_core.package_identification Level 1 _identify(.) by extensions ['ignore', 'ignore_ament_install']
[0.165s] colcon.colcon_core.package_identification Level 1 _identify(.) by extension 'ignore'
[0.165s] colcon.colcon_core.package_identification Level 1 _identify(.) by extension 'ignore_ament_install'
[0.165s] colcon.colcon_core.package_identification Level 1 _identify(.) by extensions ['colcon_pkg']
[0.165s] colcon.colcon_core.package_identification Level 1 _identify(.) by extension 'colcon_pkg'
[0.165s] colcon.colcon_core.package_identification Level 1 _identify(.) by extensions ['colcon_meta']
[0.165s] colcon.colcon_core.package_identification Level 1 _identify(.) by extension 'colcon_meta'
[0.165s] colcon.colcon_core.package_identification Level 1 _identify(.) by extensions ['ros']
[0.165s] colcon.colcon_core.package_identification Level 1 _identify(.) by extension 'ros'
[0.186s] colcon.colcon_core.package_identification Level 1 _identify(.) by extensions ['cmake', 'python']
[0.186s] colcon.colcon_core.package_identification Level 1 _identify(.) by extension 'cmake'
[0.186s] colcon.colcon_core.package_identification Level 1 _identify(.) by extension 'python'
[0.186s] colcon.colcon_core.package_identification Level 1 _identify(.) by extensions ['python_setup_py']
[0.186s] colcon.colcon_core.package_identification Level 1 _identify(.) by extension 'python_setup_py'
[0.186s] colcon.colcon_core.package_identification Level 1 _identify(config) by extensions ['ignore', 'ignore_ament_install']
[0.186s] colcon.colcon_core.package_identification Level 1 _identify(config) by extension 'ignore'
[0.186s] colcon.colcon_core.package_identification Level 1 _identify(config) by extension 'ignore_ament_install'
[0.186s] colcon.colcon_core.package_identification Level 1 _identify(config) by extensions ['colcon_pkg']
[0.186s] colcon.colcon_core.package_identification Level 1 _identify(config) by extension 'colcon_pkg'
[0.186s] colcon.colcon_core.package_identification Level 1 _identify(config) by extensions ['colcon_meta']
[0.186s] colcon.colcon_core.package_identification Level 1 _identify(config) by extension 'colcon_meta'
[0.186s] colcon.colcon_core.package_identification Level 1 _identify(config) by extensions ['ros']
[0.186s] colcon.colcon_core.package_identification Level 1 _identify(config) by extension 'ros'
[0.186s] colcon.colcon_core.package_identification Level 1 _identify(config) by extensions ['cmake', 'python']
[0.186s] colcon.colcon_core.package_identification Level 1 _identify(config) by extension 'cmake'
[0.186s] colcon.colcon_core.package_identification Level 1 _identify(config) by extension 'python'
[0.186s] colcon.colcon_core.package_identification Level 1 _identify(config) by extensions ['python_setup_py']
[0.186s] colcon.colcon_core.package_identification Level 1 _identify(config) by extension 'python_setup_py'
[0.186s] colcon.colcon_core.package_identification Level 1 _identify(launch) by extensions ['ignore', 'ignore_ament_install']
[0.186s] colcon.colcon_core.package_identification Level 1 _identify(launch) by extension 'ignore'
[0.186s] colcon.colcon_core.package_identification Level 1 _identify(launch) by extension 'ignore_ament_install'
[0.186s] colcon.colcon_core.package_identification Level 1 _identify(launch) by extensions ['colcon_pkg']
[0.186s] colcon.colcon_core.package_identification Level 1 _identify(launch) by extension 'colcon_pkg'
[0.186s] colcon.colcon_core.package_identification Level 1 _identify(launch) by extensions ['colcon_meta']
[0.186s] colcon.colcon_core.package_identification Level 1 _identify(launch) by extension 'colcon_meta'
[0.186s] colcon.colcon_core.package_identification Level 1 _identify(launch) by extensions ['ros']
[0.186s] colcon.colcon_core.package_identification Level 1 _identify(launch) by extension 'ros'
[0.186s] colcon.colcon_core.package_identification Level 1 _identify(launch) by extensions ['cmake', 'python']
[0.186s] colcon.colcon_core.package_identification Level 1 _identify(launch) by extension 'cmake'
[0.186s] colcon.colcon_core.package_identification Level 1 _identify(launch) by extension 'python'
[0.186s] colcon.colcon_core.package_identification Level 1 _identify(launch) by extensions ['python_setup_py']
[0.186s] colcon.colcon_core.package_identification Level 1 _identify(launch) by extension 'python_setup_py'
[0.186s] colcon.colcon_core.package_identification Level 1 _identify(log) by extensions ['ignore', 'ignore_ament_install']
[0.186s] colcon.colcon_core.package_identification Level 1 _identify(log) by extension 'ignore'
[0.186s] colcon.colcon_core.package_identification Level 1 _identify(log) ignored
[0.187s] colcon.colcon_core.package_identification Level 1 _identify(report) by extensions ['ignore', 'ignore_ament_install']
[0.187s] colcon.colcon_core.package_identification Level 1 _identify(report) by extension 'ignore'
[0.187s] colcon.colcon_core.package_identification Level 1 _identify(report) by extension 'ignore_ament_install'
[0.187s] colcon.colcon_core.package_identification Level 1 _identify(report) by extensions ['colcon_pkg']
[0.187s] colcon.colcon_core.package_identification Level 1 _identify(report) by extension 'colcon_pkg'
[0.187s] colcon.colcon_core.package_identification Level 1 _identify(report) by extensions ['colcon_meta']
[0.187s] colcon.colcon_core.package_identification Level 1 _identify(report) by extension 'colcon_meta'
[0.187s] colcon.colcon_core.package_identification Level 1 _identify(report) by extensions ['ros']
[0.187s] colcon.colcon_core.package_identification Level 1 _identify(report) by extension 'ros'
[0.187s] colcon.colcon_core.package_identification Level 1 _identify(report) by extensions ['cmake', 'python']
[0.187s] colcon.colcon_core.package_identification Level 1 _identify(report) by extension 'cmake'
[0.187s] colcon.colcon_core.package_identification Level 1 _identify(report) by extension 'python'
[0.187s] colcon.colcon_core.package_identification Level 1 _identify(report) by extensions ['python_setup_py']
[0.187s] colcon.colcon_core.package_identification Level 1 _identify(report) by extension 'python_setup_py'
[0.187s] colcon.colcon_core.package_identification Level 1 _identify(rviz) by extensions ['ignore', 'ignore_ament_install']
[0.187s] colcon.colcon_core.package_identification Level 1 _identify(rviz) by extension 'ignore'
[0.187s] colcon.colcon_core.package_identification Level 1 _identify(rviz) by extension 'ignore_ament_install'
[0.187s] colcon.colcon_core.package_identification Level 1 _identify(rviz) by extensions ['colcon_pkg']
[0.187s] colcon.colcon_core.package_identification Level 1 _identify(rviz) by extension 'colcon_pkg'
[0.187s] colcon.colcon_core.package_identification Level 1 _identify(rviz) by extensions ['colcon_meta']
[0.187s] colcon.colcon_core.package_identification Level 1 _identify(rviz) by extension 'colcon_meta'
[0.187s] colcon.colcon_core.package_identification Level 1 _identify(rviz) by extensions ['ros']
[0.187s] colcon.colcon_core.package_identification Level 1 _identify(rviz) by extension 'ros'
[0.187s] colcon.colcon_core.package_identification Level 1 _identify(rviz) by extensions ['cmake', 'python']
[0.187s] colcon.colcon_core.package_identification Level 1 _identify(rviz) by extension 'cmake'
[0.187s] colcon.colcon_core.package_identification Level 1 _identify(rviz) by extension 'python'
[0.187s] colcon.colcon_core.package_identification Level 1 _identify(rviz) by extensions ['python_setup_py']
[0.187s] colcon.colcon_core.package_identification Level 1 _identify(rviz) by extension 'python_setup_py'
[0.187s] colcon.colcon_core.package_identification Level 1 _identify(scripts) by extensions ['ignore', 'ignore_ament_install']
[0.187s] colcon.colcon_core.package_identification Level 1 _identify(scripts) by extension 'ignore'
[0.187s] colcon.colcon_core.package_identification Level 1 _identify(scripts) by extension 'ignore_ament_install'
[0.187s] colcon.colcon_core.package_identification Level 1 _identify(scripts) by extensions ['colcon_pkg']
[0.187s] colcon.colcon_core.package_identification Level 1 _identify(scripts) by extension 'colcon_pkg'
[0.187s] colcon.colcon_core.package_identification Level 1 _identify(scripts) by extensions ['colcon_meta']
[0.187s] colcon.colcon_core.package_identification Level 1 _identify(scripts) by extension 'colcon_meta'
[0.187s] colcon.colcon_core.package_identification Level 1 _identify(scripts) by extensions ['ros']
[0.187s] colcon.colcon_core.package_identification Level 1 _identify(scripts) by extension 'ros'
[0.187s] colcon.colcon_core.package_identification Level 1 _identify(scripts) by extensions ['cmake', 'python']
[0.187s] colcon.colcon_core.package_identification Level 1 _identify(scripts) by extension 'cmake'
[0.187s] colcon.colcon_core.package_identification Level 1 _identify(scripts) by extension 'python'
[0.187s] colcon.colcon_core.package_identification Level 1 _identify(scripts) by extensions ['python_setup_py']
[0.187s] colcon.colcon_core.package_identification Level 1 _identify(scripts) by extension 'python_setup_py'
[0.187s] colcon.colcon_core.package_identification Level 1 _identify(src) by extensions ['ignore', 'ignore_ament_install']
[0.187s] colcon.colcon_core.package_identification Level 1 _identify(src) by extension 'ignore'
[0.187s] colcon.colcon_core.package_identification Level 1 _identify(src) by extension 'ignore_ament_install'
[0.187s] colcon.colcon_core.package_identification Level 1 _identify(src) by extensions ['colcon_pkg']
[0.188s] colcon.colcon_core.package_identification Level 1 _identify(src) by extension 'colcon_pkg'
[0.188s] colcon.colcon_core.package_identification Level 1 _identify(src) by extensions ['colcon_meta']
[0.188s] colcon.colcon_core.package_identification Level 1 _identify(src) by extension 'colcon_meta'
[0.188s] colcon.colcon_core.package_identification Level 1 _identify(src) by extensions ['ros']
[0.188s] colcon.colcon_core.package_identification Level 1 _identify(src) by extension 'ros'
[0.188s] colcon.colcon_core.package_identification Level 1 _identify(src) by extensions ['cmake', 'python']
[0.188s] colcon.colcon_core.package_identification Level 1 _identify(src) by extension 'cmake'
[0.188s] colcon.colcon_core.package_identification Level 1 _identify(src) by extension 'python'
[0.188s] colcon.colcon_core.package_identification Level 1 _identify(src) by extensions ['python_setup_py']
[0.188s] colcon.colcon_core.package_identification Level 1 _identify(src) by extension 'python_setup_py'
[0.188s] colcon.colcon_core.package_identification Level 1 _identify(src/drone_controller) by extensions ['ignore', 'ignore_ament_install']
[0.188s] colcon.colcon_core.package_identification Level 1 _identify(src/drone_controller) by extension 'ignore'
[0.188s] colcon.colcon_core.package_identification Level 1 _identify(src/drone_controller) by extension 'ignore_ament_install'
[0.188s] colcon.colcon_core.package_identification Level 1 _identify(src/drone_controller) by extensions ['colcon_pkg']
[0.188s] colcon.colcon_core.package_identification Level 1 _identify(src/drone_controller) by extension 'colcon_pkg'
[0.188s] colcon.colcon_core.package_identification Level 1 _identify(src/drone_controller) by extensions ['colcon_meta']
[0.188s] colcon.colcon_core.package_identification Level 1 _identify(src/drone_controller) by extension 'colcon_meta'
[0.188s] colcon.colcon_core.package_identification Level 1 _identify(src/drone_controller) by extensions ['ros']
[0.188s] colcon.colcon_core.package_identification Level 1 _identify(src/drone_controller) by extension 'ros'
[0.189s] colcon.colcon_core.package_identification DEBUG Package 'src/drone_controller' with type 'ros.ament_cmake' and name 'drone_controller'
[0.189s] colcon.colcon_core.package_identification Level 1 _identify(src/drone_dynamics) by extensions ['ignore', 'ignore_ament_install']
[0.190s] colcon.colcon_core.package_identification Level 1 _identify(src/drone_dynamics) by extension 'ignore'
[0.190s] colcon.colcon_core.package_identification Level 1 _identify(src/drone_dynamics) by extension 'ignore_ament_install'
[0.190s] colcon.colcon_core.package_identification Level 1 _identify(src/drone_dynamics) by extensions ['colcon_pkg']
[0.190s] colcon.colcon_core.package_identification Level 1 _identify(src/drone_dynamics) by extension 'colcon_pkg'
[0.190s] colcon.colcon_core.package_identification Level 1 _identify(src/drone_dynamics) by extensions ['colcon_meta']
[0.190s] colcon.colcon_core.package_identification Level 1 _identify(src/drone_dynamics) by extension 'colcon_meta'
[0.190s] colcon.colcon_core.package_identification Level 1 _identify(src/drone_dynamics) by extensions ['ros']
[0.190s] colcon.colcon_core.package_identification Level 1 _identify(src/drone_dynamics) by extension 'ros'
[0.190s] colcon.colcon_core.package_identification DEBUG Package 'src/drone_dynamics' with type 'ros.ament_cmake' and name 'drone_dynamics'
[0.190s] colcon.colcon_core.package_identification Level 1 _identify(src/drone_map) by extensions ['ignore', 'ignore_ament_install']
[0.190s] colcon.colcon_core.package_identification Level 1 _identify(src/drone_map) by extension 'ignore'
[0.190s] colcon.colcon_core.package_identification Level 1 _identify(src/drone_map) by extension 'ignore_ament_install'
[0.190s] colcon.colcon_core.package_identification Level 1 _identify(src/drone_map) by extensions ['colcon_pkg']
[0.190s] colcon.colcon_core.package_identification Level 1 _identify(src/drone_map) by extension 'colcon_pkg'
[0.190s] colcon.colcon_core.package_identification Level 1 _identify(src/drone_map) by extensions ['colcon_meta']
[0.190s] colcon.colcon_core.package_identification Level 1 _identify(src/drone_map) by extension 'colcon_meta'
[0.191s] colcon.colcon_core.package_identification Level 1 _identify(src/drone_map) by extensions ['ros']
[0.191s] colcon.colcon_core.package_identification Level 1 _identify(src/drone_map) by extension 'ros'
[0.191s] colcon.colcon_core.package_identification DEBUG Package 'src/drone_map' with type 'ros.ament_cmake' and name 'drone_map'
[0.191s] colcon.colcon_core.package_identification Level 1 _identify(src/drone_msgs) by extensions ['ignore', 'ignore_ament_install']
[0.191s] colcon.colcon_core.package_identification Level 1 _identify(src/drone_msgs) by extension 'ignore'
[0.191s] colcon.colcon_core.package_identification Level 1 _identify(src/drone_msgs) by extension 'ignore_ament_install'
[0.191s] colcon.colcon_core.package_identification Level 1 _identify(src/drone_msgs) by extensions ['colcon_pkg']
[0.191s] colcon.colcon_core.package_identification Level 1 _identify(src/drone_msgs) by extension 'colcon_pkg'
[0.191s] colcon.colcon_core.package_identification Level 1 _identify(src/drone_msgs) by extensions ['colcon_meta']
[0.191s] colcon.colcon_core.package_identification Level 1 _identify(src/drone_msgs) by extension 'colcon_meta'
[0.191s] colcon.colcon_core.package_identification Level 1 _identify(src/drone_msgs) by extensions ['ros']
[0.191s] colcon.colcon_core.package_identification Level 1 _identify(src/drone_msgs) by extension 'ros'
[0.191s] colcon.colcon_core.package_identification DEBUG Package 'src/drone_msgs' with type 'ros.ament_cmake' and name 'drone_msgs'
[0.192s] colcon.colcon_core.package_identification Level 1 _identify(src/drone_planner) by extensions ['ignore', 'ignore_ament_install']
[0.192s] colcon.colcon_core.package_identification Level 1 _identify(src/drone_planner) by extension 'ignore'
[0.192s] colcon.colcon_core.package_identification Level 1 _identify(src/drone_planner) by extension 'ignore_ament_install'
[0.192s] colcon.colcon_core.package_identification Level 1 _identify(src/drone_planner) by extensions ['colcon_pkg']
[0.192s] colcon.colcon_core.package_identification Level 1 _identify(src/drone_planner) by extension 'colcon_pkg'
[0.192s] colcon.colcon_core.package_identification Level 1 _identify(src/drone_planner) by extensions ['colcon_meta']
[0.192s] colcon.colcon_core.package_identification Level 1 _identify(src/drone_planner) by extension 'colcon_meta'
[0.192s] colcon.colcon_core.package_identification Level 1 _identify(src/drone_planner) by extensions ['ros']
[0.192s] colcon.colcon_core.package_identification Level 1 _identify(src/drone_planner) by extension 'ros'
[0.192s] colcon.colcon_core.package_identification DEBUG Package 'src/drone_planner' with type 'ros.ament_cmake' and name 'drone_planner'
[0.192s] colcon.colcon_core.package_identification Level 1 _identify(src/drone_visualization) by extensions ['ignore', 'ignore_ament_install']
[0.192s] colcon.colcon_core.package_identification Level 1 _identify(src/drone_visualization) by extension 'ignore'
[0.192s] colcon.colcon_core.package_identification Level 1 _identify(src/drone_visualization) by extension 'ignore_ament_install'
[0.192s] colcon.colcon_core.package_identification Level 1 _identify(src/drone_visualization) by extensions ['colcon_pkg']
[0.192s] colcon.colcon_core.package_identification Level 1 _identify(src/drone_visualization) by extension 'colcon_pkg'
[0.192s] colcon.colcon_core.package_identification Level 1 _identify(src/drone_visualization) by extensions ['colcon_meta']
[0.192s] colcon.colcon_core.package_identification Level 1 _identify(src/drone_visualization) by extension 'colcon_meta'
[0.192s] colcon.colcon_core.package_identification Level 1 _identify(src/drone_visualization) by extensions ['ros']
[0.192s] colcon.colcon_core.package_identification Level 1 _identify(src/drone_visualization) by extension 'ros'
[0.193s] colcon.colcon_core.package_identification DEBUG Package 'src/drone_visualization' with type 'ros.ament_cmake' and name 'drone_visualization'
[0.193s] colcon.colcon_core.package_discovery Level 1 discover_packages(recursive) using defaults
[0.193s] colcon.colcon_core.package_discovery Level 1 discover_packages(ignore) discover
[0.193s] colcon.colcon_core.package_discovery Level 1 discover_packages(ignore) using defaults
[0.193s] colcon.colcon_core.package_discovery Level 1 discover_packages(path) discover
[0.193s] colcon.colcon_core.package_discovery Level 1 discover_packages(path) using defaults
