[0.008s] Invoking command in '/home/ake/sim_drone/ake_drone_sim/build/drone_controller': AMENT_PREFIX_PATH=/home/ake/sim_drone/ake_drone_sim/install/drone_msgs:/home/ake/sim_drone/ake_drone_sim/install/drone_dynamics:${AMENT_PREFIX_PATH} CMAKE_PREFIX_PATH=/home/ake/sim_drone/ake_drone_sim/install/drone_msgs:/home/ake/sim_drone/ake_drone_sim/install/drone_dynamics:/opt/ros/humble LD_LIBRARY_PATH=/home/ake/sim_drone/ake_drone_sim/install/drone_msgs/lib:/home/ake/sim_drone/ake_drone_sim/install/drone_dynamics/lib:${LD_LIBRARY_PATH} PYTHONPATH=/home/ake/sim_drone/ake_drone_sim/install/drone_msgs/local/lib/python3.10/dist-packages:${PYTHONPATH} /usr/bin/cmake /home/ake/sim_drone/ake_drone_sim/src/drone_controller -DAMENT_CMAKE_SYMLINK_INSTALL=1 -DCMAKE_INSTALL_PREFIX=/home/ake/sim_drone/ake_drone_sim/install/drone_controller
[0.068s] -- The C compiler identification is GNU 11.4.0
[0.115s] -- The CXX compiler identification is GNU 11.4.0
[0.119s] -- Detecting C compiler ABI info
[0.190s] -- Detecting C compiler ABI info - done
[0.194s] -- Check for working C compiler: /usr/bin/cc - skipped
[0.194s] -- Detecting C compile features
[0.194s] -- Detecting C compile features - done
[0.197s] -- Detecting CXX compiler ABI info
[0.278s] -- Detecting CXX compiler ABI info - done
[0.282s] -- Check for working CXX compiler: /usr/bin/c++ - skipped
[0.282s] -- Detecting CXX compile features
[0.283s] -- Detecting CXX compile features - done
[0.284s] -- Found ament_cmake: 1.3.12 (/opt/ros/humble/share/ament_cmake/cmake)
[0.406s] -- Found Python3: /usr/bin/python3 (found version "3.10.12") found components: Interpreter 
[0.445s] -- Override CMake install command with custom implementation using symlinks instead of copying resources
[0.460s] -- Found rclcpp: 16.0.14 (/opt/ros/humble/share/rclcpp/cmake)
[0.484s] -- Found rosidl_generator_c: 3.1.7 (/opt/ros/humble/share/rosidl_generator_c/cmake)
[0.486s] -- Found rosidl_adapter: 3.1.7 (/opt/ros/humble/share/rosidl_adapter/cmake)
[0.491s] -- Found rosidl_generator_cpp: 3.1.7 (/opt/ros/humble/share/rosidl_generator_cpp/cmake)
[0.497s] -- Using all available rosidl_typesupport_c: rosidl_typesupport_fastrtps_c;rosidl_typesupport_introspection_c
[0.506s] -- Using all available rosidl_typesupport_cpp: rosidl_typesupport_fastrtps_cpp;rosidl_typesupport_introspection_cpp
[0.529s] -- Found rmw_implementation_cmake: 6.1.2 (/opt/ros/humble/share/rmw_implementation_cmake/cmake)
[0.531s] -- Found rmw_fastrtps_cpp: 6.2.8 (/opt/ros/humble/share/rmw_fastrtps_cpp/cmake)
[0.589s] -- Found OpenSSL: /usr/lib/x86_64-linux-gnu/libcrypto.so (found version "3.0.2")  
[0.605s] -- Found FastRTPS: /opt/ros/humble/include  
[0.636s] -- Using RMW implementation 'rmw_fastrtps_cpp' as default
[0.642s] -- Looking for pthread.h
[0.705s] -- Looking for pthread.h - found
[0.705s] -- Performing Test CMAKE_HAVE_LIBC_PTHREAD
[0.772s] -- Performing Test CMAKE_HAVE_LIBC_PTHREAD - Success
[0.774s] -- Found Threads: TRUE  
[0.805s] -- Found nav_msgs: 4.9.1 (/opt/ros/humble/share/nav_msgs/cmake)
[0.825s] -- Found drone_msgs: 0.1.0 (/home/ake/sim_drone/ake_drone_sim/install/drone_msgs/share/drone_msgs/cmake)
[0.833s] -- Found drone_dynamics: 0.1.0 (/home/ake/sim_drone/ake_drone_sim/install/drone_dynamics/share/drone_dynamics/cmake)
[0.960s] -- Configuring done
[0.966s] CMake Error at CMakeLists.txt:12 (add_library):
[0.966s]   Target "drone_controller_core" links to target
[0.966s]   "drone_dynamics::quadrotor_dynamics_node" but the target was not found.
[0.966s]   Perhaps a find_package() call is missing for an IMPORTED target, or an
[0.966s]   ALIAS target is missing?
[0.966s] 
[0.966s] 
[0.966s] CMake Error at CMakeLists.txt:12 (add_library):
[0.966s]   Target "drone_controller_core" links to target
[0.966s]   "drone_dynamics::imu_gps_fusion_node" but the target was not found.
[0.966s]   Perhaps a find_package() call is missing for an IMPORTED target, or an
[0.966s]   ALIAS target is missing?
[0.966s] 
[0.966s] 
[0.966s] CMake Error at CMakeLists.txt:16 (add_executable):
[0.966s]   Target "position_controller_node" links to target
[0.966s]   "drone_dynamics::quadrotor_dynamics_node" but the target was not found.
[0.966s]   Perhaps a find_package() call is missing for an IMPORTED target, or an
[0.967s]   ALIAS target is missing?
[0.967s] 
[0.967s] 
[0.967s] CMake Error at CMakeLists.txt:16 (add_executable):
[0.967s]   Target "position_controller_node" links to target
[0.967s]   "drone_dynamics::imu_gps_fusion_node" but the target was not found.
[0.967s]   Perhaps a find_package() call is missing for an IMPORTED target, or an
[0.967s]   ALIAS target is missing?
[0.967s] 
[0.967s] 
[0.967s] CMake Error at CMakeLists.txt:16 (add_executable):
[0.967s]   Target "position_controller_node" links to target
[0.967s]   "drone_dynamics::quadrotor_dynamics_node" but the target was not found.
[0.967s]   Perhaps a find_package() call is missing for an IMPORTED target, or an
[0.967s]   ALIAS target is missing?
[0.967s] 
[0.967s] 
[0.967s] CMake Error at CMakeLists.txt:16 (add_executable):
[0.967s]   Target "position_controller_node" links to target
[0.967s]   "drone_dynamics::imu_gps_fusion_node" but the target was not found.
[0.967s]   Perhaps a find_package() call is missing for an IMPORTED target, or an
[0.967s]   ALIAS target is missing?
[0.967s] 
[0.967s] 
[0.971s] -- Generating done
[0.972s] CMake Generate step failed.  Build files cannot be regenerated correctly.
[0.979s] Invoked command in '/home/ake/sim_drone/ake_drone_sim/build/drone_controller' returned '1': AMENT_PREFIX_PATH=/home/ake/sim_drone/ake_drone_sim/install/drone_msgs:/home/ake/sim_drone/ake_drone_sim/install/drone_dynamics:${AMENT_PREFIX_PATH} CMAKE_PREFIX_PATH=/home/ake/sim_drone/ake_drone_sim/install/drone_msgs:/home/ake/sim_drone/ake_drone_sim/install/drone_dynamics:/opt/ros/humble LD_LIBRARY_PATH=/home/ake/sim_drone/ake_drone_sim/install/drone_msgs/lib:/home/ake/sim_drone/ake_drone_sim/install/drone_dynamics/lib:${LD_LIBRARY_PATH} PYTHONPATH=/home/ake/sim_drone/ake_drone_sim/install/drone_msgs/local/lib/python3.10/dist-packages:${PYTHONPATH} /usr/bin/cmake /home/ake/sim_drone/ake_drone_sim/src/drone_controller -DAMENT_CMAKE_SYMLINK_INSTALL=1 -DCMAKE_INSTALL_PREFIX=/home/ake/sim_drone/ake_drone_sim/install/drone_controller
