[0.007s] Invoking command in '/home/ake/sim_drone/ake_drone_sim/build/drone_map': AMENT_PREFIX_PATH=/home/ake/sim_drone/ake_drone_sim/install/drone_dynamics:${AMENT_PREFIX_PATH} CMAKE_PREFIX_PATH=/home/ake/sim_drone/ake_drone_sim/install/drone_dynamics:/opt/ros/humble LD_LIBRARY_PATH=/home/ake/sim_drone/ake_drone_sim/install/drone_dynamics/lib:${LD_LIBRARY_PATH} /usr/bin/cmake --build /home/ake/sim_drone/ake_drone_sim/build/drone_map -- -j20 -l20
[0.049s] [ 33%] Built target drone_map_core
[0.073s] [ 83%] Built target simulated_lidar_node
[0.073s] [100%] Built target voxel_map_node
[0.083s] Invoked command in '/home/ake/sim_drone/ake_drone_sim/build/drone_map' returned '0': AMENT_PREFIX_PATH=/home/ake/sim_drone/ake_drone_sim/install/drone_dynamics:${AMENT_PREFIX_PATH} CMAKE_PREFIX_PATH=/home/ake/sim_drone/ake_drone_sim/install/drone_dynamics:/opt/ros/humble LD_LIBRARY_PATH=/home/ake/sim_drone/ake_drone_sim/install/drone_dynamics/lib:${LD_LIBRARY_PATH} /usr/bin/cmake --build /home/ake/sim_drone/ake_drone_sim/build/drone_map -- -j20 -l20
[0.084s] Invoking command in '/home/ake/sim_drone/ake_drone_sim/build/drone_map': AMENT_PREFIX_PATH=/home/ake/sim_drone/ake_drone_sim/install/drone_dynamics:${AMENT_PREFIX_PATH} CMAKE_PREFIX_PATH=/home/ake/sim_drone/ake_drone_sim/install/drone_dynamics:/opt/ros/humble LD_LIBRARY_PATH=/home/ake/sim_drone/ake_drone_sim/install/drone_dynamics/lib:${LD_LIBRARY_PATH} /usr/bin/cmake --install /home/ake/sim_drone/ake_drone_sim/build/drone_map
[0.090s] -- Install configuration: ""
[0.090s] -- Execute custom install script
[0.090s] -- Up-to-date symlink: /home/ake/sim_drone/ake_drone_sim/install/drone_map/lib/drone_map/voxel_map_node
[0.090s] -- Up-to-date symlink: /home/ake/sim_drone/ake_drone_sim/install/drone_map/lib/drone_map/simulated_lidar_node
[0.090s] -- Up-to-date symlink: /home/ake/sim_drone/ake_drone_sim/install/drone_map/include/ake_drone_sim/pointcloud_utils.hpp
[0.090s] -- Up-to-date symlink: /home/ake/sim_drone/ake_drone_sim/install/drone_map/include/ake_drone_sim/voxel_grid.hpp
[0.090s] -- Up-to-date symlink: /home/ake/sim_drone/ake_drone_sim/install/drone_map/share/drone_map/environment/library_path.sh
[0.090s] -- Up-to-date symlink: /home/ake/sim_drone/ake_drone_sim/install/drone_map/share/drone_map/environment/library_path.dsv
[0.091s] -- Up-to-date symlink: /home/ake/sim_drone/ake_drone_sim/install/drone_map/share/ament_index/resource_index/package_run_dependencies/drone_map
[0.091s] -- Up-to-date symlink: /home/ake/sim_drone/ake_drone_sim/install/drone_map/share/ament_index/resource_index/parent_prefix_path/drone_map
[0.091s] -- Up-to-date symlink: /home/ake/sim_drone/ake_drone_sim/install/drone_map/share/drone_map/environment/ament_prefix_path.sh
[0.091s] -- Up-to-date symlink: /home/ake/sim_drone/ake_drone_sim/install/drone_map/share/drone_map/environment/ament_prefix_path.dsv
[0.091s] -- Up-to-date symlink: /home/ake/sim_drone/ake_drone_sim/install/drone_map/share/drone_map/environment/path.sh
[0.091s] -- Up-to-date symlink: /home/ake/sim_drone/ake_drone_sim/install/drone_map/share/drone_map/environment/path.dsv
[0.091s] -- Up-to-date symlink: /home/ake/sim_drone/ake_drone_sim/install/drone_map/share/drone_map/local_setup.bash
[0.091s] -- Up-to-date symlink: /home/ake/sim_drone/ake_drone_sim/install/drone_map/share/drone_map/local_setup.sh
[0.091s] -- Up-to-date symlink: /home/ake/sim_drone/ake_drone_sim/install/drone_map/share/drone_map/local_setup.zsh
[0.091s] -- Up-to-date symlink: /home/ake/sim_drone/ake_drone_sim/install/drone_map/share/drone_map/local_setup.dsv
[0.091s] -- Symlinking: /home/ake/sim_drone/ake_drone_sim/install/drone_map/share/drone_map/package.dsv
[0.097s] -- Up-to-date symlink: /home/ake/sim_drone/ake_drone_sim/install/drone_map/share/ament_index/resource_index/packages/drone_map
[0.097s] -- Up-to-date symlink: /home/ake/sim_drone/ake_drone_sim/install/drone_map/share/drone_map/cmake/ament_cmake_export_targets-extras.cmake
[0.097s] -- Up-to-date symlink: /home/ake/sim_drone/ake_drone_sim/install/drone_map/share/drone_map/cmake/ament_cmake_export_dependencies-extras.cmake
[0.097s] -- Up-to-date symlink: /home/ake/sim_drone/ake_drone_sim/install/drone_map/share/drone_map/cmake/drone_mapConfig.cmake
[0.097s] -- Up-to-date symlink: /home/ake/sim_drone/ake_drone_sim/install/drone_map/share/drone_map/cmake/drone_mapConfig-version.cmake
[0.097s] -- Up-to-date symlink: /home/ake/sim_drone/ake_drone_sim/install/drone_map/share/drone_map/package.xml
[0.098s] -- Up-to-date: /home/ake/sim_drone/ake_drone_sim/install/drone_map/lib/libdrone_map_core.so
[0.098s] -- Up-to-date: /home/ake/sim_drone/ake_drone_sim/install/drone_map/share/drone_map/cmake/export_drone_mapExport.cmake
[0.098s] -- Up-to-date: /home/ake/sim_drone/ake_drone_sim/install/drone_map/share/drone_map/cmake/export_drone_mapExport-noconfig.cmake
[0.100s] Invoked command in '/home/ake/sim_drone/ake_drone_sim/build/drone_map' returned '0': AMENT_PREFIX_PATH=/home/ake/sim_drone/ake_drone_sim/install/drone_dynamics:${AMENT_PREFIX_PATH} CMAKE_PREFIX_PATH=/home/ake/sim_drone/ake_drone_sim/install/drone_dynamics:/opt/ros/humble LD_LIBRARY_PATH=/home/ake/sim_drone/ake_drone_sim/install/drone_dynamics/lib:${LD_LIBRARY_PATH} /usr/bin/cmake --install /home/ake/sim_drone/ake_drone_sim/build/drone_map
