[0.009s] Invoking command in '/home/ake/sim_drone/ake_drone_sim/build/drone_map': AMENT_PREFIX_PATH=/home/ake/sim_drone/ake_drone_sim/install/drone_dynamics:${AMENT_PREFIX_PATH} CMAKE_PREFIX_PATH=/home/ake/sim_drone/ake_drone_sim/install/drone_dynamics:/opt/ros/humble LD_LIBRARY_PATH=/home/ake/sim_drone/ake_drone_sim/install/drone_dynamics/lib:${LD_LIBRARY_PATH} /usr/bin/cmake --build /home/ake/sim_drone/ake_drone_sim/build/drone_map -- -j20 -l20
[0.084s] [ 33%] Built target drone_map_core
[0.118s] [ 50%] Building CXX object CMakeFiles/voxel_map_node.dir/src/voxel_map_node.cpp.o
[0.120s] [ 83%] Built target simulated_lidar_node
[1.735s] /home/ake/sim_drone/ake_drone_sim/src/drone_map/src/voxel_map_node.cpp: In constructor ‘ake_drone_sim::VoxelMapNode::VoxelMapNode()’:
[1.736s] /home/ake/sim_drone/ake_drone_sim/src/drone_map/src/voxel_map_node.cpp:39:42: error: no matching function for call to ‘max(int, long int)’
[1.736s]    39 |     const int requested_random = std::max(0, declare_parameter("random_obstacle_count", 0));
[1.736s]       |                                  ~~~~~~~~^~~~~~~~~~~~~~~~~~~~~~~~~~~~~~~~~~~~~~~~~~~~~~~~~~
[1.736s] In file included from /usr/include/c++/11/bits/specfun.h:45,
[1.736s]                  from /usr/include/c++/11/cmath:1935,
[1.736s]                  from /usr/include/eigen3/Eigen/src/Core/util/Macros.h:679,
[1.736s]                  from /usr/include/eigen3/Eigen/Core:19,
[1.736s]                  from /home/ake/sim_drone/ake_drone_sim/src/drone_dynamics/include/ake_drone_sim/common.hpp:3,
[1.736s]                  from /home/ake/sim_drone/ake_drone_sim/src/drone_map/include/ake_drone_sim/voxel_grid.hpp:3,
[1.736s]                  from /home/ake/sim_drone/ake_drone_sim/src/drone_map/src/voxel_map_node.cpp:1:
[1.736s] /usr/include/c++/11/bits/stl_algobase.h:254:5: note: candidate: ‘template<class _Tp> constexpr const _Tp& std::max(const _Tp&, const _Tp&)’
[1.736s]   254 |     max(const _Tp& __a, const _Tp& __b)
[1.736s]       |     ^~~
[1.736s] /usr/include/c++/11/bits/stl_algobase.h:254:5: note:   template argument deduction/substitution failed:
[1.736s] /home/ake/sim_drone/ake_drone_sim/src/drone_map/src/voxel_map_node.cpp:39:42: note:   deduced conflicting types for parameter ‘const _Tp’ (‘int’ and ‘long int’)
[1.736s]    39 |     const int requested_random = std::max(0, declare_parameter("random_obstacle_count", 0));
[1.736s]       |                                  ~~~~~~~~^~~~~~~~~~~~~~~~~~~~~~~~~~~~~~~~~~~~~~~~~~~~~~~~~~
[1.736s] In file included from /usr/include/c++/11/bits/specfun.h:45,
[1.736s]                  from /usr/include/c++/11/cmath:1935,
[1.736s]                  from /usr/include/eigen3/Eigen/src/Core/util/Macros.h:679,
[1.736s]                  from /usr/include/eigen3/Eigen/Core:19,
[1.736s]                  from /home/ake/sim_drone/ake_drone_sim/src/drone_dynamics/include/ake_drone_sim/common.hpp:3,
[1.736s]                  from /home/ake/sim_drone/ake_drone_sim/src/drone_map/include/ake_drone_sim/voxel_grid.hpp:3,
[1.736s]                  from /home/ake/sim_drone/ake_drone_sim/src/drone_map/src/voxel_map_node.cpp:1:
[1.736s] /usr/include/c++/11/bits/stl_algobase.h:300:5: note: candidate: ‘template<class _Tp, class _Compare> constexpr const _Tp& std::max(const _Tp&, const _Tp&, _Compare)’
[1.736s]   300 |     max(const _Tp& __a, const _Tp& __b, _Compare __comp)
[1.736s]       |     ^~~
[1.736s] /usr/include/c++/11/bits/stl_algobase.h:300:5: note:   template argument deduction/substitution failed:
[1.736s] /home/ake/sim_drone/ake_drone_sim/src/drone_map/src/voxel_map_node.cpp:39:42: note:   deduced conflicting types for parameter ‘const _Tp’ (‘int’ and ‘long int’)
[1.736s]    39 |     const int requested_random = std::max(0, declare_parameter("random_obstacle_count", 0));
[1.736s]       |                                  ~~~~~~~~^~~~~~~~~~~~~~~~~~~~~~~~~~~~~~~~~~~~~~~~~~~~~~~~~~
[1.736s] In file included from /usr/include/c++/11/functional:65,
[1.736s]                  from /usr/include/eigen3/Eigen/Core:85,
[1.736s]                  from /home/ake/sim_drone/ake_drone_sim/src/drone_dynamics/include/ake_drone_sim/common.hpp:3,
[1.736s]                  from /home/ake/sim_drone/ake_drone_sim/src/drone_map/include/ake_drone_sim/voxel_grid.hpp:3,
[1.736s]                  from /home/ake/sim_drone/ake_drone_sim/src/drone_map/src/voxel_map_node.cpp:1:
[1.736s] /usr/include/c++/11/bits/stl_algo.h:3461:5: note: candidate: ‘template<class _Tp> constexpr _Tp std::max(std::initializer_list<_Tp>)’
[1.736s]  3461 |     max(initializer_list<_Tp> __l)
[1.736s]       |     ^~~
[1.736s] /usr/include/c++/11/bits/stl_algo.h:3461:5: note:   template argument deduction/substitution failed:
[1.736s] /home/ake/sim_drone/ake_drone_sim/src/drone_map/src/voxel_map_node.cpp:39:42: note:   mismatched types ‘std::initializer_list<_Tp>’ and ‘int’
[1.736s]    39 |     const int requested_random = std::max(0, declare_parameter("random_obstacle_count", 0));
[1.737s]       |                                  ~~~~~~~~^~~~~~~~~~~~~~~~~~~~~~~~~~~~~~~~~~~~~~~~~~~~~~~~~~
[1.737s] In file included from /usr/include/c++/11/functional:65,
[1.737s]                  from /usr/include/eigen3/Eigen/Core:85,
[1.737s]                  from /home/ake/sim_drone/ake_drone_sim/src/drone_dynamics/include/ake_drone_sim/common.hpp:3,
[1.737s]                  from /home/ake/sim_drone/ake_drone_sim/src/drone_map/include/ake_drone_sim/voxel_grid.hpp:3,
[1.737s]                  from /home/ake/sim_drone/ake_drone_sim/src/drone_map/src/voxel_map_node.cpp:1:
[1.737s] /usr/include/c++/11/bits/stl_algo.h:3467:5: note: candidate: ‘template<class _Tp, class _Compare> constexpr _Tp std::max(std::initializer_list<_Tp>, _Compare)’
[1.737s]  3467 |     max(initializer_list<_Tp> __l, _Compare __comp)
[1.737s]       |     ^~~
[1.737s] /usr/include/c++/11/bits/stl_algo.h:3467:5: note:   template argument deduction/substitution failed:
[1.737s] /home/ake/sim_drone/ake_drone_sim/src/drone_map/src/voxel_map_node.cpp:39:42: note:   mismatched types ‘std::initializer_list<_Tp>’ and ‘int’
[1.737s]    39 |     const int requested_random = std::max(0, declare_parameter("random_obstacle_count", 0));
[1.737s]       |                                  ~~~~~~~~^~~~~~~~~~~~~~~~~~~~~~~~~~~~~~~~~~~~~~~~~~~~~~~~~~
[2.652s] gmake[2]: *** [CMakeFiles/voxel_map_node.dir/build.make:76：CMakeFiles/voxel_map_node.dir/src/voxel_map_node.cpp.o] 错误 1
[2.652s] gmake[1]: *** [CMakeFiles/Makefile2:167：CMakeFiles/voxel_map_node.dir/all] 错误 2
[2.652s] gmake: *** [Makefile:146：all] 错误 2
[2.653s] Invoked command in '/home/ake/sim_drone/ake_drone_sim/build/drone_map' returned '2': AMENT_PREFIX_PATH=/home/ake/sim_drone/ake_drone_sim/install/drone_dynamics:${AMENT_PREFIX_PATH} CMAKE_PREFIX_PATH=/home/ake/sim_drone/ake_drone_sim/install/drone_dynamics:/opt/ros/humble LD_LIBRARY_PATH=/home/ake/sim_drone/ake_drone_sim/install/drone_dynamics/lib:${LD_LIBRARY_PATH} /usr/bin/cmake --build /home/ake/sim_drone/ake_drone_sim/build/drone_map -- -j20 -l20
