/home/ake/sim_drone/ake_drone_sim/src/drone_planner/src/mpc_smoother.cpp: In member function ‘std::vector<ake_drone_sim::KinematicState> ake_drone_sim::MpcSmoother::solve(const ake_drone_sim::KinematicState&, const std::vector<ake_drone_sim::KinematicState>&) const’:
/home/ake/sim_drone/ake_drone_sim/src/drone_planner/src/mpc_smoother.cpp:6:5: warning: this ‘if’ clause does not guard... [-Wmisleading-indentation]
    6 |     if(desired.norm()>config_.max_accel)desired=desired.normalized()*config_.max_accel;Eigen::Vector3d jerk=(desired-x.a)/config_.dt;if(jerk.norm()>config_.max_jerk)jerk=jerk.normalized()*config_.max_jerk;
      |     ^~
/home/ake/sim_drone/ake_drone_sim/src/drone_planner/src/mpc_smoother.cpp:6:88: note: ...this statement, but the latter is misleadingly indented as if it were guarded by the ‘if’
    6 |     if(desired.norm()>config_.max_accel)desired=desired.normalized()*config_.max_accel;Eigen::Vector3d jerk=(desired-x.a)/config_.dt;if(jerk.norm()>config_.max_jerk)jerk=jerk.normalized()*config_.max_jerk;
      |                                                                                        ^~~~~
/home/ake/sim_drone/ake_drone_sim/src/drone_planner/src/astar3d.cpp: In member function ‘ake_drone_sim::AStar3D::Result ake_drone_sim::AStar3D::plan(const ake_drone_sim::VoxelGrid&, const Vector3d&, const Vector3d&) const’:
/home/ake/sim_drone/ake_drone_sim/src/drone_planner/src/astar3d.cpp:32:7: warning: this ‘if’ clause does not guard... [-Wmisleading-indentation]
   32 |       if(dx==0&&dy==0&&dz==0) continue; Eigen::Vector3i ni=node.idx+Eigen::Vector3i(dx,dy,dz);
      |       ^~
/home/ake/sim_drone/ake_drone_sim/src/drone_planner/src/astar3d.cpp:32:41: note: ...this statement, but the latter is misleadingly indented as if it were guarded by the ‘if’
   32 |       if(dx==0&&dy==0&&dz==0) continue; Eigen::Vector3i ni=node.idx+Eigen::Vector3i(dx,dy,dz);
      |                                         ^~~~~
/home/ake/sim_drone/ake_drone_sim/src/drone_planner/src/astar3d.cpp: In static member function ‘static std::vector<Eigen::Matrix<double, 3, 1> > ake_drone_sim::AStar3D::simplify(const ake_drone_sim::VoxelGrid&, const std::vector<Eigen::Matrix<double, 3, 1> >&)’:
/home/ake/sim_drone/ake_drone_sim/src/drone_planner/src/astar3d.cpp:44:3: warning: this ‘if’ clause does not guard... [-Wmisleading-indentation]
   44 |   if(p.size()<3)return p; std::vector<Eigen::Vector3d> out{p.front()}; size_t i=0;
      |   ^~
/home/ake/sim_drone/ake_drone_sim/src/drone_planner/src/astar3d.cpp:44:27: note: ...this statement, but the latter is misleadingly indented as if it were guarded by the ‘if’
   44 |   if(p.size()<3)return p; std::vector<Eigen::Vector3d> out{p.front()}; size_t i=0;
      |                           ^~~
/home/ake/sim_drone/ake_drone_sim/src/drone_planner/src/mpc_smoother.cpp:8:5: warning: this ‘if’ clause does not guard... [-Wmisleading-indentation]
    8 |     if(x.v.norm()>config_.max_velocity)x.v=x.v.normalized()*config_.max_velocity;out.push_back(x);}return out;}
      |     ^~
/home/ake/sim_drone/ake_drone_sim/src/drone_planner/src/mpc_smoother.cpp:8:82: note: ...this statement, but the latter is misleadingly indented as if it were guarded by the ‘if’
    8 |     if(x.v.norm()>config_.max_velocity)x.v=x.v.normalized()*config_.max_velocity;out.push_back(x);}return out;}
      |                                                                                  ^~~
