-- The C compiler identification is GNU 11.4.0
-- The CXX compiler identification is GNU 11.4.0
-- Detecting C compiler ABI info
-- Detecting C compiler ABI info - done
-- Check for working C compiler: /usr/bin/cc - skipped
-- Detecting C compile features
-- Detecting C compile features - done
-- Detecting CXX compiler ABI info
-- Detecting CXX compiler ABI info - done
-- Check for working CXX compiler: /usr/bin/c++ - skipped
-- Detecting CXX compile features
-- Detecting CXX compile features - done
-- Found ament_cmake: 1.3.12 (/opt/ros/humble/share/ament_cmake/cmake)
-- Found Python3: /usr/bin/python3 (found version "3.10.12") found components: Interpreter 
-- Override CMake install command with custom implementation using symlinks instead of copying resources
-- Found rclcpp: 16.0.14 (/opt/ros/humble/share/rclcpp/cmake)
-- Found rosidl_generator_c: 3.1.7 (/opt/ros/humble/share/rosidl_generator_c/cmake)
-- Found rosidl_adapter: 3.1.7 (/opt/ros/humble/share/rosidl_adapter/cmake)
-- Found rosidl_generator_cpp: 3.1.7 (/opt/ros/humble/share/rosidl_generator_cpp/cmake)
-- Using all available rosidl_typesupport_c: rosidl_typesupport_fastrtps_c;rosidl_typesupport_introspection_c
-- Using all available rosidl_typesupport_cpp: rosidl_typesupport_fastrtps_cpp;rosidl_typesupport_introspection_cpp
-- Found rmw_implementation_cmake: 6.1.2 (/opt/ros/humble/share/rmw_implementation_cmake/cmake)
-- Found rmw_fastrtps_cpp: 6.2.8 (/opt/ros/humble/share/rmw_fastrtps_cpp/cmake)
-- Found OpenSSL: /usr/lib/x86_64-linux-gnu/libcrypto.so (found version "3.0.2")  
-- Found FastRTPS: /opt/ros/humble/include  
-- Using RMW implementation 'rmw_fastrtps_cpp' as default
-- Looking for pthread.h
-- Looking for pthread.h - found
-- Performing Test CMAKE_HAVE_LIBC_PTHREAD
-- Performing Test CMAKE_HAVE_LIBC_PTHREAD - Success
-- Found Threads: TRUE  
-- Found sensor_msgs: 4.9.1 (/opt/ros/humble/share/sensor_msgs/cmake)
-- Found nav_msgs: 4.9.1 (/opt/ros/humble/share/nav_msgs/cmake)
-- Found visualization_msgs: 4.9.1 (/opt/ros/humble/share/visualization_msgs/cmake)
-- Found drone_msgs: 0.1.0 (/home/ake/sim_drone/ake_drone_sim/install/drone_msgs/share/drone_msgs/cmake)
-- Found drone_dynamics: 0.1.0 (/home/ake/sim_drone/ake_drone_sim/install/drone_dynamics/share/drone_dynamics/cmake)
-- Found drone_map: 0.1.0 (/home/ake/sim_drone/ake_drone_sim/install/drone_map/share/drone_map/cmake)
-- Found ament_cmake_gtest: 1.3.12 (/opt/ros/humble/share/ament_cmake_gtest/cmake)
-- Found gtest sources under '/opt/ros/humble/src/gtest_vendor': C++ tests using 'Google Test' will be built
-- Configuring done
-- Generating done
-- Build files have been written to: /home/ake/sim_drone/ake_drone_sim/build/drone_planner
[  8%] Building CXX object gtest/CMakeFiles/gtest.dir/src/gtest-all.cc.o
[ 16%] Building CXX object gtest/CMakeFiles/gtest_main.dir/src/gtest_main.cc.o
[ 25%] Building CXX object CMakeFiles/drone_planner_core.dir/src/mpc_smoother.cpp.o
[ 33%] Building CXX object CMakeFiles/drone_planner_core.dir/src/bspline.cpp.o
[ 41%] Building CXX object CMakeFiles/drone_planner_core.dir/src/astar3d.cpp.o
[ 50%] Linking CXX static library libgtest_main.a
[ 50%] Built target gtest_main
/home/ake/sim_drone/ake_drone_sim/src/drone_planner/src/mpc_smoother.cpp: In member function ‘std::vector<ake_drone_sim::KinematicState> ake_drone_sim::MpcSmoother::solve(const ake_drone_sim::KinematicState&, const std::vector<ake_drone_sim::KinematicState>&) const’:
/home/ake/sim_drone/ake_drone_sim/src/drone_planner/src/mpc_smoother.cpp:6:5: warning: this ‘if’ clause does not guard... [-Wmisleading-indentation]
    6 |     if(desired.norm()>config_.max_accel)desired=desired.normalized()*config_.max_accel;Eigen::Vector3d jerk=(desired-x.a)/config_.dt;if(jerk.norm()>config_.max_jerk)jerk=jerk.normalized()*config_.max_jerk;
      |     ^~
/home/ake/sim_drone/ake_drone_sim/src/drone_planner/src/mpc_smoother.cpp:6:88: note: ...this statement, but the latter is misleadingly indented as if it were guarded by the ‘if’
    6 |     if(desired.norm()>config_.max_accel)desired=desired.normalized()*config_.max_accel;Eigen::Vector3d jerk=(desired-x.a)/config_.dt;if(jerk.norm()>config_.max_jerk)jerk=jerk.normalized()*config_.max_jerk;
      |                                                                                        ^~~~~
/home/ake/sim_drone/ake_drone_sim/src/drone_planner/src/astar3d.cpp: In member function ‘ake_drone_sim::AStar3D::Result ake_drone_sim::AStar3D::plan(const ake_drone_sim::VoxelGrid&, const Vector3d&, const Vector3d&) const’:
/home/ake/sim_drone/ake_drone_sim/src/drone_planner/src/astar3d.cpp:32:7: warning: this ‘if’ clause does not guard... [-Wmisleading-indentation]
   32 |       if(dx==0&&dy==0&&dz==0) continue; Eigen::Vector3i ni=node.idx+Eigen::Vector3i(dx,dy,dz);
      |       ^~
/home/ake/sim_drone/ake_drone_sim/src/drone_planner/src/astar3d.cpp:32:41: note: ...this statement, but the latter is misleadingly indented as if it were guarded by the ‘if’
   32 |       if(dx==0&&dy==0&&dz==0) continue; Eigen::Vector3i ni=node.idx+Eigen::Vector3i(dx,dy,dz);
      |                                         ^~~~~
/home/ake/sim_drone/ake_drone_sim/src/drone_planner/src/astar3d.cpp: In static member function ‘static std::vector<Eigen::Matrix<double, 3, 1> > ake_drone_sim::AStar3D::simplify(const ake_drone_sim::VoxelGrid&, const std::vector<Eigen::Matrix<double, 3, 1> >&)’:
/home/ake/sim_drone/ake_drone_sim/src/drone_planner/src/astar3d.cpp:44:3: warning: this ‘if’ clause does not guard... [-Wmisleading-indentation]
   44 |   if(p.size()<3)return p; std::vector<Eigen::Vector3d> out{p.front()}; size_t i=0;
      |   ^~
/home/ake/sim_drone/ake_drone_sim/src/drone_planner/src/astar3d.cpp:44:27: note: ...this statement, but the latter is misleadingly indented as if it were guarded by the ‘if’
   44 |   if(p.size()<3)return p; std::vector<Eigen::Vector3d> out{p.front()}; size_t i=0;
      |                           ^~~
/home/ake/sim_drone/ake_drone_sim/src/drone_planner/src/mpc_smoother.cpp:8:5: warning: this ‘if’ clause does not guard... [-Wmisleading-indentation]
    8 |     if(x.v.norm()>config_.max_velocity)x.v=x.v.normalized()*config_.max_velocity;out.push_back(x);}return out;}
      |     ^~
/home/ake/sim_drone/ake_drone_sim/src/drone_planner/src/mpc_smoother.cpp:8:82: note: ...this statement, but the latter is misleadingly indented as if it were guarded by the ‘if’
    8 |     if(x.v.norm()>config_.max_velocity)x.v=x.v.normalized()*config_.max_velocity;out.push_back(x);}return out;}
      |                                                                                  ^~~
[ 58%] Linking CXX shared library libdrone_planner_core.so
[ 58%] Built target drone_planner_core
[ 66%] Building CXX object CMakeFiles/ab_planner_node.dir/src/ab_planner_node.cpp.o
[ 75%] Linking CXX static library libgtest.a
[ 75%] Built target gtest
[ 83%] Building CXX object CMakeFiles/test_planner.dir/test/test_planner.cpp.o
[ 91%] Linking CXX executable test_planner
[ 91%] Built target test_planner
[100%] Linking CXX executable ab_planner_node
[100%] Built target ab_planner_node
-- Install configuration: ""
-- Execute custom install script
-- Symlinking: /home/ake/sim_drone/ake_drone_sim/install/drone_planner/lib/drone_planner/ab_planner_node
-- Symlinking: /home/ake/sim_drone/ake_drone_sim/install/drone_planner/include/ake_drone_sim/astar3d.hpp
-- Symlinking: /home/ake/sim_drone/ake_drone_sim/install/drone_planner/include/ake_drone_sim/bspline.hpp
-- Symlinking: /home/ake/sim_drone/ake_drone_sim/install/drone_planner/include/ake_drone_sim/mpc_smoother.hpp
-- Symlinking: /home/ake/sim_drone/ake_drone_sim/install/drone_planner/share/drone_planner/environment/library_path.sh
-- Symlinking: /home/ake/sim_drone/ake_drone_sim/install/drone_planner/share/drone_planner/environment/library_path.dsv
-- Symlinking: /home/ake/sim_drone/ake_drone_sim/install/drone_planner/share/ament_index/resource_index/package_run_dependencies/drone_planner
-- Symlinking: /home/ake/sim_drone/ake_drone_sim/install/drone_planner/share/ament_index/resource_index/parent_prefix_path/drone_planner
-- Symlinking: /home/ake/sim_drone/ake_drone_sim/install/drone_planner/share/drone_planner/environment/ament_prefix_path.sh
-- Symlinking: /home/ake/sim_drone/ake_drone_sim/install/drone_planner/share/drone_planner/environment/ament_prefix_path.dsv
-- Symlinking: /home/ake/sim_drone/ake_drone_sim/install/drone_planner/share/drone_planner/environment/path.sh
-- Symlinking: /home/ake/sim_drone/ake_drone_sim/install/drone_planner/share/drone_planner/environment/path.dsv
-- Symlinking: /home/ake/sim_drone/ake_drone_sim/install/drone_planner/share/drone_planner/local_setup.bash
-- Symlinking: /home/ake/sim_drone/ake_drone_sim/install/drone_planner/share/drone_planner/local_setup.sh
-- Symlinking: /home/ake/sim_drone/ake_drone_sim/install/drone_planner/share/drone_planner/local_setup.zsh
-- Symlinking: /home/ake/sim_drone/ake_drone_sim/install/drone_planner/share/drone_planner/local_setup.dsv
-- Symlinking: /home/ake/sim_drone/ake_drone_sim/install/drone_planner/share/drone_planner/package.dsv
-- Symlinking: /home/ake/sim_drone/ake_drone_sim/install/drone_planner/share/ament_index/resource_index/packages/drone_planner
-- Symlinking: /home/ake/sim_drone/ake_drone_sim/install/drone_planner/share/drone_planner/cmake/ament_cmake_export_targets-extras.cmake
-- Symlinking: /home/ake/sim_drone/ake_drone_sim/install/drone_planner/share/drone_planner/cmake/ament_cmake_export_dependencies-extras.cmake
-- Symlinking: /home/ake/sim_drone/ake_drone_sim/install/drone_planner/share/drone_planner/cmake/drone_plannerConfig.cmake
-- Symlinking: /home/ake/sim_drone/ake_drone_sim/install/drone_planner/share/drone_planner/cmake/drone_plannerConfig-version.cmake
-- Symlinking: /home/ake/sim_drone/ake_drone_sim/install/drone_planner/share/drone_planner/package.xml
-- Installing: /home/ake/sim_drone/ake_drone_sim/install/drone_planner/lib/libdrone_planner_core.so
-- Set runtime path of "/home/ake/sim_drone/ake_drone_sim/install/drone_planner/lib/libdrone_planner_core.so" to ""
-- Installing: /home/ake/sim_drone/ake_drone_sim/install/drone_planner/share/drone_planner/cmake/export_drone_plannerExport.cmake
-- Installing: /home/ake/sim_drone/ake_drone_sim/install/drone_planner/share/drone_planner/cmake/export_drone_plannerExport-noconfig.cmake
