[0.011s] Invoking command in '/home/ake/sim_drone/ake_drone_sim/build/drone_planner': CMAKE_PREFIX_PATH=/home/ake/sim_drone/ake_drone_sim/install/drone_map:/home/ake/sim_drone/ake_drone_sim/install/drone_msgs:/home/ake/sim_drone/ake_drone_sim/install/drone_dynamics:/home/ake/sim_drone/ake_drone_sim/install/drone_controller:/opt/ros/humble LD_LIBRARY_PATH=/home/ake/sim_drone/ake_drone_sim/install/drone_map/lib:/home/ake/sim_drone/ake_drone_sim/install/drone_msgs/lib:/home/ake/sim_drone/ake_drone_sim/install/drone_dynamics/lib:/home/ake/sim_drone/ake_drone_sim/install/drone_controller/lib:/usr/lib/x86_64-linux-gnu/gazebo-11/plugins:/opt/ros/humble/opt/rviz_ogre_vendor/lib:/opt/ros/humble/lib/x86_64-linux-gnu:/opt/ros/humble/lib /usr/bin/cmake /home/ake/sim_drone/ake_drone_sim/src/drone_planner -DAMENT_CMAKE_SYMLINK_INSTALL=1 -DCMAKE_INSTALL_PREFIX=/home/ake/sim_drone/ake_drone_sim/install/drone_planner
[0.076s] -- The C compiler identification is GNU 11.4.0
[0.130s] -- The CXX compiler identification is GNU 11.4.0
[0.134s] -- Detecting C compiler ABI info
[0.248s] -- Detecting C compiler ABI info - done
[0.253s] -- Check for working C compiler: /usr/bin/cc - skipped
[0.253s] -- Detecting C compile features
[0.253s] -- Detecting C compile features - done
[0.255s] -- Detecting CXX compiler ABI info
[0.328s] -- Detecting CXX compiler ABI info - done
[0.332s] -- Check for working CXX compiler: /usr/bin/c++ - skipped
[0.332s] -- Detecting CXX compile features
[0.333s] -- Detecting CXX compile features - done
[0.334s] -- Found ament_cmake: 1.3.12 (/opt/ros/humble/share/ament_cmake/cmake)
[0.467s] -- Found Python3: /usr/bin/python3 (found version "3.10.12") found components: Interpreter 
[0.504s] -- Override CMake install command with custom implementation using symlinks instead of copying resources
[0.519s] -- Found rclcpp: 16.0.14 (/opt/ros/humble/share/rclcpp/cmake)
[0.544s] -- Found rosidl_generator_c: 3.1.7 (/opt/ros/humble/share/rosidl_generator_c/cmake)
[0.547s] -- Found rosidl_adapter: 3.1.7 (/opt/ros/humble/share/rosidl_adapter/cmake)
[0.552s] -- Found rosidl_generator_cpp: 3.1.7 (/opt/ros/humble/share/rosidl_generator_cpp/cmake)
[0.558s] -- Using all available rosidl_typesupport_c: rosidl_typesupport_fastrtps_c;rosidl_typesupport_introspection_c
[0.567s] -- Using all available rosidl_typesupport_cpp: rosidl_typesupport_fastrtps_cpp;rosidl_typesupport_introspection_cpp
[0.592s] -- Found rmw_implementation_cmake: 6.1.2 (/opt/ros/humble/share/rmw_implementation_cmake/cmake)
[0.593s] -- Found rmw_fastrtps_cpp: 6.2.8 (/opt/ros/humble/share/rmw_fastrtps_cpp/cmake)
[0.670s] -- Found OpenSSL: /usr/lib/x86_64-linux-gnu/libcrypto.so (found version "3.0.2")  
[0.689s] -- Found FastRTPS: /opt/ros/humble/include  
[0.716s] -- Using RMW implementation 'rmw_fastrtps_cpp' as default
[0.721s] -- Looking for pthread.h
[0.788s] -- Looking for pthread.h - found
[0.789s] -- Performing Test CMAKE_HAVE_LIBC_PTHREAD
[0.918s] -- Performing Test CMAKE_HAVE_LIBC_PTHREAD - Success
[0.921s] -- Found Threads: TRUE  
[0.967s] -- Found sensor_msgs: 4.9.1 (/opt/ros/humble/share/sensor_msgs/cmake)
[0.984s] -- Found nav_msgs: 4.9.1 (/opt/ros/humble/share/nav_msgs/cmake)
[0.993s] -- Found visualization_msgs: 4.9.1 (/opt/ros/humble/share/visualization_msgs/cmake)
[1.007s] -- Found drone_msgs: 0.1.0 (/home/ake/sim_drone/ake_drone_sim/install/drone_msgs/share/drone_msgs/cmake)
[1.015s] -- Found drone_dynamics: 0.1.0 (/home/ake/sim_drone/ake_drone_sim/install/drone_dynamics/share/drone_dynamics/cmake)
[1.073s] -- Found drone_map: 0.1.0 (/home/ake/sim_drone/ake_drone_sim/install/drone_map/share/drone_map/cmake)
[1.080s] -- Found ament_cmake_gtest: 1.3.12 (/opt/ros/humble/share/ament_cmake_gtest/cmake)
[1.081s] -- Found gtest sources under '/opt/ros/humble/src/gtest_vendor': C++ tests using 'Google Test' will be built
[1.136s] -- Configuring done
[1.150s] -- Generating done
[1.156s] -- Build files have been written to: /home/ake/sim_drone/ake_drone_sim/build/drone_planner
[1.163s] Invoked command in '/home/ake/sim_drone/ake_drone_sim/build/drone_planner' returned '0': CMAKE_PREFIX_PATH=/home/ake/sim_drone/ake_drone_sim/install/drone_map:/home/ake/sim_drone/ake_drone_sim/install/drone_msgs:/home/ake/sim_drone/ake_drone_sim/install/drone_dynamics:/home/ake/sim_drone/ake_drone_sim/install/drone_controller:/opt/ros/humble LD_LIBRARY_PATH=/home/ake/sim_drone/ake_drone_sim/install/drone_map/lib:/home/ake/sim_drone/ake_drone_sim/install/drone_msgs/lib:/home/ake/sim_drone/ake_drone_sim/install/drone_dynamics/lib:/home/ake/sim_drone/ake_drone_sim/install/drone_controller/lib:/usr/lib/x86_64-linux-gnu/gazebo-11/plugins:/opt/ros/humble/opt/rviz_ogre_vendor/lib:/opt/ros/humble/lib/x86_64-linux-gnu:/opt/ros/humble/lib /usr/bin/cmake /home/ake/sim_drone/ake_drone_sim/src/drone_planner -DAMENT_CMAKE_SYMLINK_INSTALL=1 -DCMAKE_INSTALL_PREFIX=/home/ake/sim_drone/ake_drone_sim/install/drone_planner
[1.164s] Invoking command in '/home/ake/sim_drone/ake_drone_sim/build/drone_planner': CMAKE_PREFIX_PATH=/home/ake/sim_drone/ake_drone_sim/install/drone_map:/home/ake/sim_drone/ake_drone_sim/install/drone_msgs:/home/ake/sim_drone/ake_drone_sim/install/drone_dynamics:/home/ake/sim_drone/ake_drone_sim/install/drone_controller:/opt/ros/humble LD_LIBRARY_PATH=/home/ake/sim_drone/ake_drone_sim/install/drone_map/lib:/home/ake/sim_drone/ake_drone_sim/install/drone_msgs/lib:/home/ake/sim_drone/ake_drone_sim/install/drone_dynamics/lib:/home/ake/sim_drone/ake_drone_sim/install/drone_controller/lib:/usr/lib/x86_64-linux-gnu/gazebo-11/plugins:/opt/ros/humble/opt/rviz_ogre_vendor/lib:/opt/ros/humble/lib/x86_64-linux-gnu:/opt/ros/humble/lib /usr/bin/cmake --build /home/ake/sim_drone/ake_drone_sim/build/drone_planner -- -j20 -l20
[1.210s] [  8%] Building CXX object gtest/CMakeFiles/gtest.dir/src/gtest-all.cc.o
[1.210s] [ 16%] Building CXX object gtest/CMakeFiles/gtest_main.dir/src/gtest_main.cc.o
[1.210s] [ 25%] Building CXX object CMakeFiles/drone_planner_core.dir/src/mpc_smoother.cpp.o
[1.214s] [ 33%] Building CXX object CMakeFiles/drone_planner_core.dir/src/bspline.cpp.o
[1.218s] [ 41%] Building CXX object CMakeFiles/drone_planner_core.dir/src/astar3d.cpp.o
[1.702s] [ 50%] Linking CXX static library libgtest_main.a
[1.732s] [ 50%] Built target gtest_main
[1.786s] /home/ake/sim_drone/ake_drone_sim/src/drone_planner/src/mpc_smoother.cpp: In member function ‘std::vector<ake_drone_sim::KinematicState> ake_drone_sim::MpcSmoother::solve(const ake_drone_sim::KinematicState&, const std::vector<ake_drone_sim::KinematicState>&) const’:
[1.786s] /home/ake/sim_drone/ake_drone_sim/src/drone_planner/src/mpc_smoother.cpp:6:5: warning: this ‘if’ clause does not guard... [-Wmisleading-indentation]
[1.786s]     6 |     if(desired.norm()>config_.max_accel)desired=desired.normalized()*config_.max_accel;Eigen::Vector3d jerk=(desired-x.a)/config_.dt;if(jerk.norm()>config_.max_jerk)jerk=jerk.normalized()*config_.max_jerk;
[1.787s]       |     ^~
[1.787s] /home/ake/sim_drone/ake_drone_sim/src/drone_planner/src/mpc_smoother.cpp:6:88: note: ...this statement, but the latter is misleadingly indented as if it were guarded by the ‘if’
[1.787s]     6 |     if(desired.norm()>config_.max_accel)desired=desired.normalized()*config_.max_accel;Eigen::Vector3d jerk=(desired-x.a)/config_.dt;if(jerk.norm()>config_.max_jerk)jerk=jerk.normalized()*config_.max_jerk;
[1.787s]       |                                                                                        ^~~~~
[1.806s] /home/ake/sim_drone/ake_drone_sim/src/drone_planner/src/astar3d.cpp: In member function ‘ake_drone_sim::AStar3D::Result ake_drone_sim::AStar3D::plan(const ake_drone_sim::VoxelGrid&, const Vector3d&, const Vector3d&) const’:
[1.806s] /home/ake/sim_drone/ake_drone_sim/src/drone_planner/src/astar3d.cpp:32:7: warning: this ‘if’ clause does not guard... [-Wmisleading-indentation]
[1.806s]    32 |       if(dx==0&&dy==0&&dz==0) continue; Eigen::Vector3i ni=node.idx+Eigen::Vector3i(dx,dy,dz);
[1.806s]       |       ^~
[1.806s] /home/ake/sim_drone/ake_drone_sim/src/drone_planner/src/astar3d.cpp:32:41: note: ...this statement, but the latter is misleadingly indented as if it were guarded by the ‘if’
[1.806s]    32 |       if(dx==0&&dy==0&&dz==0) continue; Eigen::Vector3i ni=node.idx+Eigen::Vector3i(dx,dy,dz);
[1.806s]       |                                         ^~~~~
[1.813s] /home/ake/sim_drone/ake_drone_sim/src/drone_planner/src/astar3d.cpp: In static member function ‘static std::vector<Eigen::Matrix<double, 3, 1> > ake_drone_sim::AStar3D::simplify(const ake_drone_sim::VoxelGrid&, const std::vector<Eigen::Matrix<double, 3, 1> >&)’:
[1.813s] /home/ake/sim_drone/ake_drone_sim/src/drone_planner/src/astar3d.cpp:44:3: warning: this ‘if’ clause does not guard... [-Wmisleading-indentation]
[1.813s]    44 |   if(p.size()<3)return p; std::vector<Eigen::Vector3d> out{p.front()}; size_t i=0;
[1.813s]       |   ^~
[1.813s] /home/ake/sim_drone/ake_drone_sim/src/drone_planner/src/astar3d.cpp:44:27: note: ...this statement, but the latter is misleadingly indented as if it were guarded by the ‘if’
[1.813s]    44 |   if(p.size()<3)return p; std::vector<Eigen::Vector3d> out{p.front()}; size_t i=0;
[1.813s]       |                           ^~~
[1.833s] /home/ake/sim_drone/ake_drone_sim/src/drone_planner/src/mpc_smoother.cpp:8:5: warning: this ‘if’ clause does not guard... [-Wmisleading-indentation]
[1.833s]     8 |     if(x.v.norm()>config_.max_velocity)x.v=x.v.normalized()*config_.max_velocity;out.push_back(x);}return out;}
[1.833s]       |     ^~
[1.833s] /home/ake/sim_drone/ake_drone_sim/src/drone_planner/src/mpc_smoother.cpp:8:82: note: ...this statement, but the latter is misleadingly indented as if it were guarded by the ‘if’
[1.833s]     8 |     if(x.v.norm()>config_.max_velocity)x.v=x.v.normalized()*config_.max_velocity;out.push_back(x);}return out;}
[1.834s]       |                                                                                  ^~~
[2.202s] [ 58%] Linking CXX shared library libdrone_planner_core.so
[2.355s] [ 58%] Built target drone_planner_core
[2.370s] [ 66%] Building CXX object CMakeFiles/ab_planner_node.dir/src/ab_planner_node.cpp.o
[2.944s] [ 75%] Linking CXX static library libgtest.a
[2.981s] [ 75%] Built target gtest
[2.996s] [ 83%] Building CXX object CMakeFiles/test_planner.dir/test/test_planner.cpp.o
[4.081s] [ 91%] Linking CXX executable test_planner
[4.261s] [ 91%] Built target test_planner
[11.132s] [100%] Linking CXX executable ab_planner_node
[11.644s] [100%] Built target ab_planner_node
[11.652s] Invoked command in '/home/ake/sim_drone/ake_drone_sim/build/drone_planner' returned '0': CMAKE_PREFIX_PATH=/home/ake/sim_drone/ake_drone_sim/install/drone_map:/home/ake/sim_drone/ake_drone_sim/install/drone_msgs:/home/ake/sim_drone/ake_drone_sim/install/drone_dynamics:/home/ake/sim_drone/ake_drone_sim/install/drone_controller:/opt/ros/humble LD_LIBRARY_PATH=/home/ake/sim_drone/ake_drone_sim/install/drone_map/lib:/home/ake/sim_drone/ake_drone_sim/install/drone_msgs/lib:/home/ake/sim_drone/ake_drone_sim/install/drone_dynamics/lib:/home/ake/sim_drone/ake_drone_sim/install/drone_controller/lib:/usr/lib/x86_64-linux-gnu/gazebo-11/plugins:/opt/ros/humble/opt/rviz_ogre_vendor/lib:/opt/ros/humble/lib/x86_64-linux-gnu:/opt/ros/humble/lib /usr/bin/cmake --build /home/ake/sim_drone/ake_drone_sim/build/drone_planner -- -j20 -l20
[11.660s] Invoking command in '/home/ake/sim_drone/ake_drone_sim/build/drone_planner': CMAKE_PREFIX_PATH=/home/ake/sim_drone/ake_drone_sim/install/drone_map:/home/ake/sim_drone/ake_drone_sim/install/drone_msgs:/home/ake/sim_drone/ake_drone_sim/install/drone_dynamics:/home/ake/sim_drone/ake_drone_sim/install/drone_controller:/opt/ros/humble LD_LIBRARY_PATH=/home/ake/sim_drone/ake_drone_sim/install/drone_map/lib:/home/ake/sim_drone/ake_drone_sim/install/drone_msgs/lib:/home/ake/sim_drone/ake_drone_sim/install/drone_dynamics/lib:/home/ake/sim_drone/ake_drone_sim/install/drone_controller/lib:/usr/lib/x86_64-linux-gnu/gazebo-11/plugins:/opt/ros/humble/opt/rviz_ogre_vendor/lib:/opt/ros/humble/lib/x86_64-linux-gnu:/opt/ros/humble/lib /usr/bin/cmake --install /home/ake/sim_drone/ake_drone_sim/build/drone_planner
[11.665s] -- Install configuration: ""
[11.665s] -- Execute custom install script
[11.666s] -- Symlinking: /home/ake/sim_drone/ake_drone_sim/install/drone_planner/lib/drone_planner/ab_planner_node
[11.673s] -- Symlinking: /home/ake/sim_drone/ake_drone_sim/install/drone_planner/include/ake_drone_sim/astar3d.hpp
[11.680s] -- Symlinking: /home/ake/sim_drone/ake_drone_sim/install/drone_planner/include/ake_drone_sim/bspline.hpp
[11.685s] -- Symlinking: /home/ake/sim_drone/ake_drone_sim/install/drone_planner/include/ake_drone_sim/mpc_smoother.hpp
[11.691s] -- Symlinking: /home/ake/sim_drone/ake_drone_sim/install/drone_planner/share/drone_planner/environment/library_path.sh
[11.698s] -- Symlinking: /home/ake/sim_drone/ake_drone_sim/install/drone_planner/share/drone_planner/environment/library_path.dsv
[11.704s] -- Symlinking: /home/ake/sim_drone/ake_drone_sim/install/drone_planner/share/ament_index/resource_index/package_run_dependencies/drone_planner
[11.709s] -- Symlinking: /home/ake/sim_drone/ake_drone_sim/install/drone_planner/share/ament_index/resource_index/parent_prefix_path/drone_planner
[11.716s] -- Symlinking: /home/ake/sim_drone/ake_drone_sim/install/drone_planner/share/drone_planner/environment/ament_prefix_path.sh
[11.726s] -- Symlinking: /home/ake/sim_drone/ake_drone_sim/install/drone_planner/share/drone_planner/environment/ament_prefix_path.dsv
[11.736s] -- Symlinking: /home/ake/sim_drone/ake_drone_sim/install/drone_planner/share/drone_planner/environment/path.sh
[11.749s] -- Symlinking: /home/ake/sim_drone/ake_drone_sim/install/drone_planner/share/drone_planner/environment/path.dsv
[11.764s] -- Symlinking: /home/ake/sim_drone/ake_drone_sim/install/drone_planner/share/drone_planner/local_setup.bash
[11.777s] -- Symlinking: /home/ake/sim_drone/ake_drone_sim/install/drone_planner/share/drone_planner/local_setup.sh
[11.796s] -- Symlinking: /home/ake/sim_drone/ake_drone_sim/install/drone_planner/share/drone_planner/local_setup.zsh
[11.814s] -- Symlinking: /home/ake/sim_drone/ake_drone_sim/install/drone_planner/share/drone_planner/local_setup.dsv
[11.828s] -- Symlinking: /home/ake/sim_drone/ake_drone_sim/install/drone_planner/share/drone_planner/package.dsv
[11.844s] -- Symlinking: /home/ake/sim_drone/ake_drone_sim/install/drone_planner/share/ament_index/resource_index/packages/drone_planner
[11.860s] -- Symlinking: /home/ake/sim_drone/ake_drone_sim/install/drone_planner/share/drone_planner/cmake/ament_cmake_export_targets-extras.cmake
[11.877s] -- Symlinking: /home/ake/sim_drone/ake_drone_sim/install/drone_planner/share/drone_planner/cmake/ament_cmake_export_dependencies-extras.cmake
[11.884s] -- Symlinking: /home/ake/sim_drone/ake_drone_sim/install/drone_planner/share/drone_planner/cmake/drone_plannerConfig.cmake
[11.889s] -- Symlinking: /home/ake/sim_drone/ake_drone_sim/install/drone_planner/share/drone_planner/cmake/drone_plannerConfig-version.cmake
[11.894s] -- Symlinking: /home/ake/sim_drone/ake_drone_sim/install/drone_planner/share/drone_planner/package.xml
[11.899s] -- Installing: /home/ake/sim_drone/ake_drone_sim/install/drone_planner/lib/libdrone_planner_core.so
[11.900s] -- Set runtime path of "/home/ake/sim_drone/ake_drone_sim/install/drone_planner/lib/libdrone_planner_core.so" to ""
[11.900s] -- Installing: /home/ake/sim_drone/ake_drone_sim/install/drone_planner/share/drone_planner/cmake/export_drone_plannerExport.cmake
[11.900s] -- Installing: /home/ake/sim_drone/ake_drone_sim/install/drone_planner/share/drone_planner/cmake/export_drone_plannerExport-noconfig.cmake
[11.901s] Invoked command in '/home/ake/sim_drone/ake_drone_sim/build/drone_planner' returned '0': CMAKE_PREFIX_PATH=/home/ake/sim_drone/ake_drone_sim/install/drone_map:/home/ake/sim_drone/ake_drone_sim/install/drone_msgs:/home/ake/sim_drone/ake_drone_sim/install/drone_dynamics:/home/ake/sim_drone/ake_drone_sim/install/drone_controller:/opt/ros/humble LD_LIBRARY_PATH=/home/ake/sim_drone/ake_drone_sim/install/drone_map/lib:/home/ake/sim_drone/ake_drone_sim/install/drone_msgs/lib:/home/ake/sim_drone/ake_drone_sim/install/drone_dynamics/lib:/home/ake/sim_drone/ake_drone_sim/install/drone_controller/lib:/usr/lib/x86_64-linux-gnu/gazebo-11/plugins:/opt/ros/humble/opt/rviz_ogre_vendor/lib:/opt/ros/humble/lib/x86_64-linux-gnu:/opt/ros/humble/lib /usr/bin/cmake --install /home/ake/sim_drone/ake_drone_sim/build/drone_planner
