[0.005s] Invoking command in '/home/ake/sim_drone/ake_drone_sim/build/drone_msgs': CMAKE_PREFIX_PATH=/opt/ros/humble /usr/bin/cmake --build /home/ake/sim_drone/ake_drone_sim/build/drone_msgs -- -j20 -l20
[0.038s] Consolidate compiler generated dependencies of target drone_msgs__rosidl_generator_c
[0.046s] [  9%] Built target drone_msgs__rosidl_generator_c
[0.051s] [ 12%] Built target drone_msgs__cpp
[0.062s] [ 12%] Built target ament_cmake_python_symlink_drone_msgs
[0.070s] Consolidate compiler generated dependencies of target drone_msgs__rosidl_typesupport_introspection_c
[0.071s] Consolidate compiler generated dependencies of target drone_msgs__rosidl_typesupport_fastrtps_c
[0.071s] Consolidate compiler generated dependencies of target drone_msgs__rosidl_typesupport_c
[0.077s] Consolidate compiler generated dependencies of target drone_msgs__rosidl_typesupport_introspection_cpp
[0.078s] Consolidate compiler generated dependencies of target drone_msgs__rosidl_typesupport_cpp
[0.078s] Consolidate compiler generated dependencies of target drone_msgs__rosidl_typesupport_fastrtps_cpp
[0.091s] [ 29%] Built target drone_msgs__rosidl_typesupport_introspection_c
[0.092s] [ 32%] Built target drone_msgs__rosidl_typesupport_c
[0.093s] [ 41%] Built target drone_msgs__rosidl_typesupport_fastrtps_c
[0.096s] [ 51%] Built target drone_msgs__rosidl_typesupport_cpp
[0.096s] [ 70%] Built target drone_msgs__rosidl_typesupport_introspection_cpp
[0.096s] [ 70%] Built target drone_msgs__rosidl_typesupport_fastrtps_cpp
[0.111s] [ 70%] Built target drone_msgs
[0.127s] [ 74%] Built target drone_msgs__py
[0.137s] Consolidate compiler generated dependencies of target drone_msgs__rosidl_generator_py
[0.144s] [ 80%] Built target drone_msgs__rosidl_generator_py
[0.151s] Consolidate compiler generated dependencies of target drone_msgs__rosidl_typesupport_introspection_c__pyext
[0.151s] Consolidate compiler generated dependencies of target drone_msgs__rosidl_typesupport_c__pyext
[0.151s] Consolidate compiler generated dependencies of target drone_msgs__rosidl_typesupport_fastrtps_c__pyext
[0.157s] [ 87%] Built target drone_msgs__rosidl_typesupport_introspection_c__pyext
[0.157s] [ 93%] Built target drone_msgs__rosidl_typesupport_c__pyext
[0.159s] [100%] Built target drone_msgs__rosidl_typesupport_fastrtps_c__pyext
[0.248s] running egg_info
[0.248s] writing drone_msgs.egg-info/PKG-INFO
[0.248s] writing dependency_links to drone_msgs.egg-info/dependency_links.txt
[0.248s] writing top-level names to drone_msgs.egg-info/top_level.txt
[0.250s] reading manifest file 'drone_msgs.egg-info/SOURCES.txt'
[0.250s] writing manifest file 'drone_msgs.egg-info/SOURCES.txt'
[0.264s] [100%] Built target ament_cmake_python_build_drone_msgs_egg
[0.273s] Invoked command in '/home/ake/sim_drone/ake_drone_sim/build/drone_msgs' returned '0': CMAKE_PREFIX_PATH=/opt/ros/humble /usr/bin/cmake --build /home/ake/sim_drone/ake_drone_sim/build/drone_msgs -- -j20 -l20
[0.281s] Invoking command in '/home/ake/sim_drone/ake_drone_sim/build/drone_msgs': CMAKE_PREFIX_PATH=/opt/ros/humble /usr/bin/cmake --install /home/ake/sim_drone/ake_drone_sim/build/drone_msgs
[0.286s] -- Install configuration: ""
[0.287s] -- Execute custom install script
[0.287s] -- Up-to-date symlink: /home/ake/sim_drone/ake_drone_sim/install/drone_msgs/share/ament_index/resource_index/rosidl_interfaces/drone_msgs
[0.287s] -- Up-to-date symlink: /home/ake/sim_drone/ake_drone_sim/install/drone_msgs/include/drone_msgs/drone_msgs/msg/detail/trajectory_setpoint__functions.h
[0.287s] -- Up-to-date symlink: /home/ake/sim_drone/ake_drone_sim/install/drone_msgs/include/drone_msgs/drone_msgs/msg/detail/trajectory_setpoint__struct.h
[0.287s] -- Up-to-date symlink: /home/ake/sim_drone/ake_drone_sim/install/drone_msgs/include/drone_msgs/drone_msgs/msg/detail/trajectory_setpoint__type_support.h
[0.287s] -- Up-to-date symlink: /home/ake/sim_drone/ake_drone_sim/install/drone_msgs/include/drone_msgs/drone_msgs/msg/rosidl_generator_c__visibility_control.h
[0.287s] -- Up-to-date symlink: /home/ake/sim_drone/ake_drone_sim/install/drone_msgs/include/drone_msgs/drone_msgs/msg/trajectory_setpoint.h
[0.287s] -- Up-to-date symlink: /home/ake/sim_drone/ake_drone_sim/install/drone_msgs/share/drone_msgs/environment/library_path.sh
[0.288s] -- Up-to-date symlink: /home/ake/sim_drone/ake_drone_sim/install/drone_msgs/share/drone_msgs/environment/library_path.dsv
[0.288s] -- Up-to-date symlink: /home/ake/sim_drone/ake_drone_sim/install/drone_msgs/include/drone_msgs/drone_msgs/msg/detail/trajectory_setpoint__rosidl_typesupport_fastrtps_c.h
[0.288s] -- Up-to-date symlink: /home/ake/sim_drone/ake_drone_sim/install/drone_msgs/include/drone_msgs/drone_msgs/msg/rosidl_typesupport_fastrtps_c__visibility_control.h
[0.289s] -- Up-to-date symlink: /home/ake/sim_drone/ake_drone_sim/install/drone_msgs/include/drone_msgs/drone_msgs/msg/detail/trajectory_setpoint__rosidl_typesupport_introspection_c.h
[0.289s] -- Up-to-date symlink: /home/ake/sim_drone/ake_drone_sim/install/drone_msgs/include/drone_msgs/drone_msgs/msg/rosidl_typesupport_introspection_c__visibility_control.h
[0.290s] -- Up-to-date symlink: /home/ake/sim_drone/ake_drone_sim/install/drone_msgs/include/drone_msgs/drone_msgs/msg/detail/trajectory_setpoint__builder.hpp
[0.290s] -- Up-to-date symlink: /home/ake/sim_drone/ake_drone_sim/install/drone_msgs/include/drone_msgs/drone_msgs/msg/detail/trajectory_setpoint__struct.hpp
[0.290s] -- Up-to-date symlink: /home/ake/sim_drone/ake_drone_sim/install/drone_msgs/include/drone_msgs/drone_msgs/msg/detail/trajectory_setpoint__traits.hpp
[0.290s] -- Up-to-date symlink: /home/ake/sim_drone/ake_drone_sim/install/drone_msgs/include/drone_msgs/drone_msgs/msg/detail/trajectory_setpoint__type_support.hpp
[0.290s] -- Up-to-date symlink: /home/ake/sim_drone/ake_drone_sim/install/drone_msgs/include/drone_msgs/drone_msgs/msg/rosidl_generator_cpp__visibility_control.hpp
[0.290s] -- Up-to-date symlink: /home/ake/sim_drone/ake_drone_sim/install/drone_msgs/include/drone_msgs/drone_msgs/msg/trajectory_setpoint.hpp
[0.290s] -- Up-to-date symlink: /home/ake/sim_drone/ake_drone_sim/install/drone_msgs/include/drone_msgs/drone_msgs/msg/detail/trajectory_setpoint__rosidl_typesupport_fastrtps_cpp.hpp
[0.290s] -- Up-to-date symlink: /home/ake/sim_drone/ake_drone_sim/install/drone_msgs/include/drone_msgs/drone_msgs/msg/rosidl_typesupport_fastrtps_cpp__visibility_control.h
[0.290s] -- Up-to-date symlink: /home/ake/sim_drone/ake_drone_sim/install/drone_msgs/include/drone_msgs/drone_msgs/msg/detail/trajectory_setpoint__rosidl_typesupport_introspection_cpp.hpp
[0.290s] -- Up-to-date symlink: /home/ake/sim_drone/ake_drone_sim/install/drone_msgs/share/drone_msgs/environment/pythonpath.sh
[0.290s] -- Up-to-date symlink: /home/ake/sim_drone/ake_drone_sim/install/drone_msgs/share/drone_msgs/environment/pythonpath.dsv
[0.291s] -- Up-to-date symlink: /home/ake/sim_drone/ake_drone_sim/install/drone_msgs/local/lib/python3.10/dist-packages/drone_msgs-0.1.0-py3.10.egg-info/PKG-INFO
[0.291s] -- Up-to-date symlink: /home/ake/sim_drone/ake_drone_sim/install/drone_msgs/local/lib/python3.10/dist-packages/drone_msgs-0.1.0-py3.10.egg-info/SOURCES.txt
[0.291s] -- Up-to-date symlink: /home/ake/sim_drone/ake_drone_sim/install/drone_msgs/local/lib/python3.10/dist-packages/drone_msgs-0.1.0-py3.10.egg-info/dependency_links.txt
[0.291s] -- Up-to-date symlink: /home/ake/sim_drone/ake_drone_sim/install/drone_msgs/local/lib/python3.10/dist-packages/drone_msgs-0.1.0-py3.10.egg-info/top_level.txt
[0.291s] -- Up-to-date symlink: /home/ake/sim_drone/ake_drone_sim/install/drone_msgs/local/lib/python3.10/dist-packages/drone_msgs/__init__.py
[0.291s] -- Up-to-date symlink: /home/ake/sim_drone/ake_drone_sim/install/drone_msgs/local/lib/python3.10/dist-packages/drone_msgs/_drone_msgs_s.ep.rosidl_typesupport_c.c
[0.291s] -- Up-to-date symlink: /home/ake/sim_drone/ake_drone_sim/install/drone_msgs/local/lib/python3.10/dist-packages/drone_msgs/_drone_msgs_s.ep.rosidl_typesupport_fastrtps_c.c
[0.292s] -- Up-to-date symlink: /home/ake/sim_drone/ake_drone_sim/install/drone_msgs/local/lib/python3.10/dist-packages/drone_msgs/_drone_msgs_s.ep.rosidl_typesupport_introspection_c.c
[0.292s] -- Up-to-date symlink: /home/ake/sim_drone/ake_drone_sim/install/drone_msgs/local/lib/python3.10/dist-packages/drone_msgs/drone_msgs_s__rosidl_typesupport_c.cpython-310-x86_64-linux-gnu.so
[0.292s] -- Up-to-date symlink: /home/ake/sim_drone/ake_drone_sim/install/drone_msgs/local/lib/python3.10/dist-packages/drone_msgs/drone_msgs_s__rosidl_typesupport_fastrtps_c.cpython-310-x86_64-linux-gnu.so
[0.292s] -- Up-to-date symlink: /home/ake/sim_drone/ake_drone_sim/install/drone_msgs/local/lib/python3.10/dist-packages/drone_msgs/drone_msgs_s__rosidl_typesupport_introspection_c.cpython-310-x86_64-linux-gnu.so
[0.292s] -- Up-to-date symlink: /home/ake/sim_drone/ake_drone_sim/install/drone_msgs/local/lib/python3.10/dist-packages/drone_msgs/libdrone_msgs__rosidl_generator_py.so
[0.292s] -- Up-to-date symlink: /home/ake/sim_drone/ake_drone_sim/install/drone_msgs/local/lib/python3.10/dist-packages/drone_msgs/msg/__init__.py
[0.292s] -- Up-to-date symlink: /home/ake/sim_drone/ake_drone_sim/install/drone_msgs/local/lib/python3.10/dist-packages/drone_msgs/msg/_trajectory_setpoint.py
[0.292s] -- Up-to-date symlink: /home/ake/sim_drone/ake_drone_sim/install/drone_msgs/local/lib/python3.10/dist-packages/drone_msgs/msg/_trajectory_setpoint_s.c
[0.292s] -- Up-to-date symlink: /home/ake/sim_drone/ake_drone_sim/install/drone_msgs/local/lib/python3.10/dist-packages/drone_msgs/drone_msgs_s__rosidl_typesupport_fastrtps_c.cpython-310-x86_64-linux-gnu.so
[0.292s] -- Up-to-date symlink: /home/ake/sim_drone/ake_drone_sim/install/drone_msgs/local/lib/python3.10/dist-packages/drone_msgs/drone_msgs_s__rosidl_typesupport_introspection_c.cpython-310-x86_64-linux-gnu.so
[0.293s] -- Up-to-date symlink: /home/ake/sim_drone/ake_drone_sim/install/drone_msgs/local/lib/python3.10/dist-packages/drone_msgs/drone_msgs_s__rosidl_typesupport_c.cpython-310-x86_64-linux-gnu.so
[0.293s] -- Up-to-date symlink: /home/ake/sim_drone/ake_drone_sim/install/drone_msgs/share/drone_msgs/msg/TrajectorySetpoint.idl
[0.293s] -- Up-to-date symlink: /home/ake/sim_drone/ake_drone_sim/install/drone_msgs/share/drone_msgs/msg/TrajectorySetpoint.msg
[0.293s] -- Up-to-date symlink: /home/ake/sim_drone/ake_drone_sim/install/drone_msgs/share/ament_index/resource_index/package_run_dependencies/drone_msgs
[0.293s] -- Up-to-date symlink: /home/ake/sim_drone/ake_drone_sim/install/drone_msgs/share/ament_index/resource_index/parent_prefix_path/drone_msgs
[0.293s] -- Up-to-date symlink: /home/ake/sim_drone/ake_drone_sim/install/drone_msgs/share/drone_msgs/environment/ament_prefix_path.sh
[0.293s] -- Up-to-date symlink: /home/ake/sim_drone/ake_drone_sim/install/drone_msgs/share/drone_msgs/environment/ament_prefix_path.dsv
[0.293s] -- Up-to-date symlink: /home/ake/sim_drone/ake_drone_sim/install/drone_msgs/share/drone_msgs/environment/path.sh
[0.293s] -- Up-to-date symlink: /home/ake/sim_drone/ake_drone_sim/install/drone_msgs/share/drone_msgs/environment/path.dsv
[0.293s] -- Up-to-date symlink: /home/ake/sim_drone/ake_drone_sim/install/drone_msgs/share/drone_msgs/local_setup.bash
[0.293s] -- Up-to-date symlink: /home/ake/sim_drone/ake_drone_sim/install/drone_msgs/share/drone_msgs/local_setup.sh
[0.293s] -- Up-to-date symlink: /home/ake/sim_drone/ake_drone_sim/install/drone_msgs/share/drone_msgs/local_setup.zsh
[0.293s] -- Up-to-date symlink: /home/ake/sim_drone/ake_drone_sim/install/drone_msgs/share/drone_msgs/local_setup.dsv
[0.293s] -- Symlinking: /home/ake/sim_drone/ake_drone_sim/install/drone_msgs/share/drone_msgs/package.dsv
[0.300s] -- Up-to-date symlink: /home/ake/sim_drone/ake_drone_sim/install/drone_msgs/share/ament_index/resource_index/packages/drone_msgs
[0.300s] -- Up-to-date symlink: /home/ake/sim_drone/ake_drone_sim/install/drone_msgs/share/drone_msgs/cmake/rosidl_cmake-extras.cmake
[0.300s] -- Up-to-date symlink: /home/ake/sim_drone/ake_drone_sim/install/drone_msgs/share/drone_msgs/cmake/ament_cmake_export_dependencies-extras.cmake
[0.300s] -- Up-to-date symlink: /home/ake/sim_drone/ake_drone_sim/install/drone_msgs/share/drone_msgs/cmake/ament_cmake_export_include_directories-extras.cmake
[0.301s] -- Up-to-date symlink: /home/ake/sim_drone/ake_drone_sim/install/drone_msgs/share/drone_msgs/cmake/ament_cmake_export_libraries-extras.cmake
[0.301s] -- Up-to-date symlink: /home/ake/sim_drone/ake_drone_sim/install/drone_msgs/share/drone_msgs/cmake/ament_cmake_export_targets-extras.cmake
[0.301s] -- Up-to-date symlink: /home/ake/sim_drone/ake_drone_sim/install/drone_msgs/share/drone_msgs/cmake/rosidl_cmake_export_typesupport_targets-extras.cmake
[0.301s] -- Up-to-date symlink: /home/ake/sim_drone/ake_drone_sim/install/drone_msgs/share/drone_msgs/cmake/rosidl_cmake_export_typesupport_libraries-extras.cmake
[0.301s] -- Up-to-date symlink: /home/ake/sim_drone/ake_drone_sim/install/drone_msgs/share/drone_msgs/cmake/drone_msgsConfig.cmake
[0.301s] -- Up-to-date symlink: /home/ake/sim_drone/ake_drone_sim/install/drone_msgs/share/drone_msgs/cmake/drone_msgsConfig-version.cmake
[0.302s] -- Up-to-date symlink: /home/ake/sim_drone/ake_drone_sim/install/drone_msgs/share/drone_msgs/package.xml
[0.302s] -- Up-to-date: /home/ake/sim_drone/ake_drone_sim/install/drone_msgs/lib/libdrone_msgs__rosidl_generator_c.so
[0.302s] -- Up-to-date: /home/ake/sim_drone/ake_drone_sim/install/drone_msgs/lib/libdrone_msgs__rosidl_typesupport_fastrtps_c.so
[0.302s] -- Up-to-date: /home/ake/sim_drone/ake_drone_sim/install/drone_msgs/lib/libdrone_msgs__rosidl_typesupport_introspection_c.so
[0.302s] -- Up-to-date: /home/ake/sim_drone/ake_drone_sim/install/drone_msgs/lib/libdrone_msgs__rosidl_typesupport_c.so
[0.302s] -- Up-to-date: /home/ake/sim_drone/ake_drone_sim/install/drone_msgs/lib/libdrone_msgs__rosidl_typesupport_fastrtps_cpp.so
[0.302s] -- Up-to-date: /home/ake/sim_drone/ake_drone_sim/install/drone_msgs/lib/libdrone_msgs__rosidl_typesupport_introspection_cpp.so
[0.302s] -- Up-to-date: /home/ake/sim_drone/ake_drone_sim/install/drone_msgs/lib/libdrone_msgs__rosidl_typesupport_cpp.so
[0.322s] Listing '/home/ake/sim_drone/ake_drone_sim/install/drone_msgs/local/lib/python3.10/dist-packages/drone_msgs'...
[0.322s] Listing '/home/ake/sim_drone/ake_drone_sim/install/drone_msgs/local/lib/python3.10/dist-packages/drone_msgs/msg'...
[0.325s] -- Up-to-date: /home/ake/sim_drone/ake_drone_sim/install/drone_msgs/lib/libdrone_msgs__rosidl_generator_py.so
[0.325s] -- Up-to-date: /home/ake/sim_drone/ake_drone_sim/install/drone_msgs/share/drone_msgs/cmake/export_drone_msgs__rosidl_generator_cExport.cmake
[0.325s] -- Up-to-date: /home/ake/sim_drone/ake_drone_sim/install/drone_msgs/share/drone_msgs/cmake/export_drone_msgs__rosidl_generator_cExport-noconfig.cmake
[0.325s] -- Up-to-date: /home/ake/sim_drone/ake_drone_sim/install/drone_msgs/share/drone_msgs/cmake/export_drone_msgs__rosidl_typesupport_fastrtps_cExport.cmake
[0.325s] -- Up-to-date: /home/ake/sim_drone/ake_drone_sim/install/drone_msgs/share/drone_msgs/cmake/export_drone_msgs__rosidl_typesupport_fastrtps_cExport-noconfig.cmake
[0.325s] -- Up-to-date: /home/ake/sim_drone/ake_drone_sim/install/drone_msgs/share/drone_msgs/cmake/drone_msgs__rosidl_typesupport_introspection_cExport.cmake
[0.325s] -- Up-to-date: /home/ake/sim_drone/ake_drone_sim/install/drone_msgs/share/drone_msgs/cmake/drone_msgs__rosidl_typesupport_introspection_cExport-noconfig.cmake
[0.325s] -- Up-to-date: /home/ake/sim_drone/ake_drone_sim/install/drone_msgs/share/drone_msgs/cmake/drone_msgs__rosidl_typesupport_cExport.cmake
[0.325s] -- Up-to-date: /home/ake/sim_drone/ake_drone_sim/install/drone_msgs/share/drone_msgs/cmake/drone_msgs__rosidl_typesupport_cExport-noconfig.cmake
[0.325s] -- Up-to-date: /home/ake/sim_drone/ake_drone_sim/install/drone_msgs/share/drone_msgs/cmake/export_drone_msgs__rosidl_generator_cppExport.cmake
[0.326s] -- Up-to-date: /home/ake/sim_drone/ake_drone_sim/install/drone_msgs/share/drone_msgs/cmake/export_drone_msgs__rosidl_typesupport_fastrtps_cppExport.cmake
[0.326s] -- Up-to-date: /home/ake/sim_drone/ake_drone_sim/install/drone_msgs/share/drone_msgs/cmake/export_drone_msgs__rosidl_typesupport_fastrtps_cppExport-noconfig.cmake
[0.326s] -- Up-to-date: /home/ake/sim_drone/ake_drone_sim/install/drone_msgs/share/drone_msgs/cmake/drone_msgs__rosidl_typesupport_introspection_cppExport.cmake
[0.326s] -- Up-to-date: /home/ake/sim_drone/ake_drone_sim/install/drone_msgs/share/drone_msgs/cmake/drone_msgs__rosidl_typesupport_introspection_cppExport-noconfig.cmake
[0.326s] -- Up-to-date: /home/ake/sim_drone/ake_drone_sim/install/drone_msgs/share/drone_msgs/cmake/drone_msgs__rosidl_typesupport_cppExport.cmake
[0.326s] -- Up-to-date: /home/ake/sim_drone/ake_drone_sim/install/drone_msgs/share/drone_msgs/cmake/drone_msgs__rosidl_typesupport_cppExport-noconfig.cmake
[0.326s] -- Up-to-date: /home/ake/sim_drone/ake_drone_sim/install/drone_msgs/share/drone_msgs/cmake/export_drone_msgs__rosidl_generator_pyExport.cmake
[0.327s] -- Up-to-date: /home/ake/sim_drone/ake_drone_sim/install/drone_msgs/share/drone_msgs/cmake/export_drone_msgs__rosidl_generator_pyExport-noconfig.cmake
[0.327s] Invoked command in '/home/ake/sim_drone/ake_drone_sim/build/drone_msgs' returned '0': CMAKE_PREFIX_PATH=/opt/ros/humble /usr/bin/cmake --install /home/ake/sim_drone/ake_drone_sim/build/drone_msgs
