-- The C compiler identification is GNU 11.4.0
-- The CXX compiler identification is GNU 11.4.0
-- Detecting C compiler ABI info
-- Detecting C compiler ABI info - done
-- Check for working C compiler: /usr/bin/cc - skipped
-- Detecting C compile features
-- Detecting C compile features - done
-- Detecting CXX compiler ABI info
-- Detecting CXX compiler ABI info - done
-- Check for working CXX compiler: /usr/bin/c++ - skipped
-- Detecting CXX compile features
-- Detecting CXX compile features - done
-- Found ament_cmake: 1.3.12 (/opt/ros/humble/share/ament_cmake/cmake)
-- Found Python3: /usr/bin/python3 (found version "3.10.12") found components: Interpreter 
-- Override CMake install command with custom implementation using symlinks instead of copying resources
-- Found rclcpp: 16.0.14 (/opt/ros/humble/share/rclcpp/cmake)
-- Found rosidl_generator_c: 3.1.7 (/opt/ros/humble/share/rosidl_generator_c/cmake)
-- Found rosidl_adapter: 3.1.7 (/opt/ros/humble/share/rosidl_adapter/cmake)
-- Found rosidl_generator_cpp: 3.1.7 (/opt/ros/humble/share/rosidl_generator_cpp/cmake)
-- Using all available rosidl_typesupport_c: rosidl_typesupport_fastrtps_c;rosidl_typesupport_introspection_c
-- Using all available rosidl_typesupport_cpp: rosidl_typesupport_fastrtps_cpp;rosidl_typesupport_introspection_cpp
-- Found rmw_implementation_cmake: 6.1.2 (/opt/ros/humble/share/rmw_implementation_cmake/cmake)
-- Found rmw_fastrtps_cpp: 6.2.8 (/opt/ros/humble/share/rmw_fastrtps_cpp/cmake)
-- Found OpenSSL: /usr/lib/x86_64-linux-gnu/libcrypto.so (found version "3.0.2")  
-- Found FastRTPS: /opt/ros/humble/include  
-- Using RMW implementation 'rmw_fastrtps_cpp' as default
-- Looking for pthread.h
-- Looking for pthread.h - found
-- Performing Test CMAKE_HAVE_LIBC_PTHREAD
-- Performing Test CMAKE_HAVE_LIBC_PTHREAD - Success
-- Found Threads: TRUE  
-- Found nav_msgs: 4.9.1 (/opt/ros/humble/share/nav_msgs/cmake)
-- Found visualization_msgs: 4.9.1 (/opt/ros/humble/share/visualization_msgs/cmake)
-- Found drone_dynamics: 0.1.0 (/home/ake/sim_drone/ake_drone_sim/install/drone_dynamics/share/drone_dynamics/cmake)
-- Configuring done
-- Generating done
-- Build files have been written to: /home/ake/sim_drone/ake_drone_sim/build/drone_visualization
[ 50%] Building CXX object CMakeFiles/visualization_node.dir/src/visualization_node.cpp.o
[100%] Linking CXX executable visualization_node
[100%] Built target visualization_node
-- Install configuration: ""
-- Execute custom install script
-- Symlinking: /home/ake/sim_drone/ake_drone_sim/install/drone_visualization/lib/drone_visualization/visualization_node
-- Symlinking: /home/ake/sim_drone/ake_drone_sim/install/drone_visualization/share/drone_visualization/launch/open.launch.py
-- Symlinking: /home/ake/sim_drone/ake_drone_sim/install/drone_visualization/share/drone_visualization/launch/sim.launch.py
-- Symlinking: /home/ake/sim_drone/ake_drone_sim/install/drone_visualization/share/drone_visualization/config/open.yaml
-- Symlinking: /home/ake/sim_drone/ake_drone_sim/install/drone_visualization/share/drone_visualization/config/sim.yaml
-- Symlinking: /home/ake/sim_drone/ake_drone_sim/install/drone_visualization/share/drone_visualization/rviz/sim.rviz
-- Symlinking: /home/ake/sim_drone/ake_drone_sim/install/drone_visualization/lib/drone_visualization/run_experiment.py
-- Symlinking: /home/ake/sim_drone/ake_drone_sim/install/drone_visualization/lib/drone_visualization/plot_results.py
-- Symlinking: /home/ake/sim_drone/ake_drone_sim/install/drone_visualization/share/ament_index/resource_index/package_run_dependencies/drone_visualization
-- Symlinking: /home/ake/sim_drone/ake_drone_sim/install/drone_visualization/share/ament_index/resource_index/parent_prefix_path/drone_visualization
-- Symlinking: /home/ake/sim_drone/ake_drone_sim/install/drone_visualization/share/drone_visualization/environment/ament_prefix_path.sh
-- Symlinking: /home/ake/sim_drone/ake_drone_sim/install/drone_visualization/share/drone_visualization/environment/ament_prefix_path.dsv
-- Symlinking: /home/ake/sim_drone/ake_drone_sim/install/drone_visualization/share/drone_visualization/environment/path.sh
-- Symlinking: /home/ake/sim_drone/ake_drone_sim/install/drone_visualization/share/drone_visualization/environment/path.dsv
-- Symlinking: /home/ake/sim_drone/ake_drone_sim/install/drone_visualization/share/drone_visualization/local_setup.bash
-- Symlinking: /home/ake/sim_drone/ake_drone_sim/install/drone_visualization/share/drone_visualization/local_setup.sh
-- Symlinking: /home/ake/sim_drone/ake_drone_sim/install/drone_visualization/share/drone_visualization/local_setup.zsh
-- Symlinking: /home/ake/sim_drone/ake_drone_sim/install/drone_visualization/share/drone_visualization/local_setup.dsv
-- Symlinking: /home/ake/sim_drone/ake_drone_sim/install/drone_visualization/share/drone_visualization/package.dsv
-- Symlinking: /home/ake/sim_drone/ake_drone_sim/install/drone_visualization/share/ament_index/resource_index/packages/drone_visualization
-- Symlinking: /home/ake/sim_drone/ake_drone_sim/install/drone_visualization/share/drone_visualization/cmake/drone_visualizationConfig.cmake
-- Symlinking: /home/ake/sim_drone/ake_drone_sim/install/drone_visualization/share/drone_visualization/cmake/drone_visualizationConfig-version.cmake
-- Symlinking: /home/ake/sim_drone/ake_drone_sim/install/drone_visualization/share/drone_visualization/package.xml
