[0.014s] Invoking command in '/home/ake/sim_drone/ake_drone_sim/build/drone_visualization': AMENT_PREFIX_PATH=/home/ake/sim_drone/ake_drone_sim/install/drone_planner:${AMENT_PREFIX_PATH} CMAKE_PREFIX_PATH=/home/ake/sim_drone/ake_drone_sim/install/drone_planner:/home/ake/sim_drone/ake_drone_sim/install/drone_map:/home/ake/sim_drone/ake_drone_sim/install/drone_controller:/home/ake/sim_drone/ake_drone_sim/install/drone_msgs:/home/ake/sim_drone/ake_drone_sim/install/drone_dynamics:/opt/ros/humble LD_LIBRARY_PATH=/home/ake/sim_drone/ake_drone_sim/install/drone_planner/lib:/home/ake/sim_drone/ake_drone_sim/install/drone_map/lib:/home/ake/sim_drone/ake_drone_sim/install/drone_controller/lib:/home/ake/sim_drone/ake_drone_sim/install/drone_msgs/lib:/home/ake/sim_drone/ake_drone_sim/install/drone_dynamics/lib:/usr/lib/x86_64-linux-gnu/gazebo-11/plugins:/opt/ros/humble/opt/rviz_ogre_vendor/lib:/opt/ros/humble/lib/x86_64-linux-gnu:/opt/ros/humble/lib /usr/bin/cmake /home/ake/sim_drone/ake_drone_sim/src/drone_visualization -DAMENT_CMAKE_SYMLINK_INSTALL=1 -DCMAKE_INSTALL_PREFIX=/home/ake/sim_drone/ake_drone_sim/install/drone_visualization
[0.098s] -- The C compiler identification is GNU 11.4.0
[0.141s] -- The CXX compiler identification is GNU 11.4.0
[0.146s] -- Detecting C compiler ABI info
[0.242s] -- Detecting C compiler ABI info - done
[0.249s] -- Check for working C compiler: /usr/bin/cc - skipped
[0.249s] -- Detecting C compile features
[0.249s] -- Detecting C compile features - done
[0.250s] -- Detecting CXX compiler ABI info
[0.324s] -- Detecting CXX compiler ABI info - done
[0.329s] -- Check for working CXX compiler: /usr/bin/c++ - skipped
[0.329s] -- Detecting CXX compile features
[0.329s] -- Detecting CXX compile features - done
[0.331s] -- Found ament_cmake: 1.3.12 (/opt/ros/humble/share/ament_cmake/cmake)
[0.486s] -- Found Python3: /usr/bin/python3 (found version "3.10.12") found components: Interpreter 
[0.522s] -- Override CMake install command with custom implementation using symlinks instead of copying resources
[0.538s] -- Found rclcpp: 16.0.14 (/opt/ros/humble/share/rclcpp/cmake)
[0.562s] -- Found rosidl_generator_c: 3.1.7 (/opt/ros/humble/share/rosidl_generator_c/cmake)
[0.565s] -- Found rosidl_adapter: 3.1.7 (/opt/ros/humble/share/rosidl_adapter/cmake)
[0.569s] -- Found rosidl_generator_cpp: 3.1.7 (/opt/ros/humble/share/rosidl_generator_cpp/cmake)
[0.576s] -- Using all available rosidl_typesupport_c: rosidl_typesupport_fastrtps_c;rosidl_typesupport_introspection_c
[0.585s] -- Using all available rosidl_typesupport_cpp: rosidl_typesupport_fastrtps_cpp;rosidl_typesupport_introspection_cpp
[0.610s] -- Found rmw_implementation_cmake: 6.1.2 (/opt/ros/humble/share/rmw_implementation_cmake/cmake)
[0.612s] -- Found rmw_fastrtps_cpp: 6.2.8 (/opt/ros/humble/share/rmw_fastrtps_cpp/cmake)
[0.693s] -- Found OpenSSL: /usr/lib/x86_64-linux-gnu/libcrypto.so (found version "3.0.2")  
[0.724s] -- Found FastRTPS: /opt/ros/humble/include  
[0.751s] -- Using RMW implementation 'rmw_fastrtps_cpp' as default
[0.757s] -- Looking for pthread.h
[0.819s] -- Looking for pthread.h - found
[0.819s] -- Performing Test CMAKE_HAVE_LIBC_PTHREAD
[0.932s] -- Performing Test CMAKE_HAVE_LIBC_PTHREAD - Success
[0.934s] -- Found Threads: TRUE  
[0.968s] -- Found nav_msgs: 4.9.1 (/opt/ros/humble/share/nav_msgs/cmake)
[0.985s] -- Found visualization_msgs: 4.9.1 (/opt/ros/humble/share/visualization_msgs/cmake)
[1.006s] -- Found drone_dynamics: 0.1.0 (/home/ake/sim_drone/ake_drone_sim/install/drone_dynamics/share/drone_dynamics/cmake)
[1.128s] -- Configuring done
[1.134s] -- Generating done
[1.137s] -- Build files have been written to: /home/ake/sim_drone/ake_drone_sim/build/drone_visualization
[1.143s] Invoked command in '/home/ake/sim_drone/ake_drone_sim/build/drone_visualization' returned '0': AMENT_PREFIX_PATH=/home/ake/sim_drone/ake_drone_sim/install/drone_planner:${AMENT_PREFIX_PATH} CMAKE_PREFIX_PATH=/home/ake/sim_drone/ake_drone_sim/install/drone_planner:/home/ake/sim_drone/ake_drone_sim/install/drone_map:/home/ake/sim_drone/ake_drone_sim/install/drone_controller:/home/ake/sim_drone/ake_drone_sim/install/drone_msgs:/home/ake/sim_drone/ake_drone_sim/install/drone_dynamics:/opt/ros/humble LD_LIBRARY_PATH=/home/ake/sim_drone/ake_drone_sim/install/drone_planner/lib:/home/ake/sim_drone/ake_drone_sim/install/drone_map/lib:/home/ake/sim_drone/ake_drone_sim/install/drone_controller/lib:/home/ake/sim_drone/ake_drone_sim/install/drone_msgs/lib:/home/ake/sim_drone/ake_drone_sim/install/drone_dynamics/lib:/usr/lib/x86_64-linux-gnu/gazebo-11/plugins:/opt/ros/humble/opt/rviz_ogre_vendor/lib:/opt/ros/humble/lib/x86_64-linux-gnu:/opt/ros/humble/lib /usr/bin/cmake /home/ake/sim_drone/ake_drone_sim/src/drone_visualization -DAMENT_CMAKE_SYMLINK_INSTALL=1 -DCMAKE_INSTALL_PREFIX=/home/ake/sim_drone/ake_drone_sim/install/drone_visualization
[1.143s] Invoking command in '/home/ake/sim_drone/ake_drone_sim/build/drone_visualization': AMENT_PREFIX_PATH=/home/ake/sim_drone/ake_drone_sim/install/drone_planner:${AMENT_PREFIX_PATH} CMAKE_PREFIX_PATH=/home/ake/sim_drone/ake_drone_sim/install/drone_planner:/home/ake/sim_drone/ake_drone_sim/install/drone_map:/home/ake/sim_drone/ake_drone_sim/install/drone_controller:/home/ake/sim_drone/ake_drone_sim/install/drone_msgs:/home/ake/sim_drone/ake_drone_sim/install/drone_dynamics:/opt/ros/humble LD_LIBRARY_PATH=/home/ake/sim_drone/ake_drone_sim/install/drone_planner/lib:/home/ake/sim_drone/ake_drone_sim/install/drone_map/lib:/home/ake/sim_drone/ake_drone_sim/install/drone_controller/lib:/home/ake/sim_drone/ake_drone_sim/install/drone_msgs/lib:/home/ake/sim_drone/ake_drone_sim/install/drone_dynamics/lib:/usr/lib/x86_64-linux-gnu/gazebo-11/plugins:/opt/ros/humble/opt/rviz_ogre_vendor/lib:/opt/ros/humble/lib/x86_64-linux-gnu:/opt/ros/humble/lib /usr/bin/cmake --build /home/ake/sim_drone/ake_drone_sim/build/drone_visualization -- -j20 -l20
[1.211s] [ 50%] Building CXX object CMakeFiles/visualization_node.dir/src/visualization_node.cpp.o
[7.353s] [100%] Linking CXX executable visualization_node
[7.704s] [100%] Built target visualization_node
[7.711s] Invoked command in '/home/ake/sim_drone/ake_drone_sim/build/drone_visualization' returned '0': AMENT_PREFIX_PATH=/home/ake/sim_drone/ake_drone_sim/install/drone_planner:${AMENT_PREFIX_PATH} CMAKE_PREFIX_PATH=/home/ake/sim_drone/ake_drone_sim/install/drone_planner:/home/ake/sim_drone/ake_drone_sim/install/drone_map:/home/ake/sim_drone/ake_drone_sim/install/drone_controller:/home/ake/sim_drone/ake_drone_sim/install/drone_msgs:/home/ake/sim_drone/ake_drone_sim/install/drone_dynamics:/opt/ros/humble LD_LIBRARY_PATH=/home/ake/sim_drone/ake_drone_sim/install/drone_planner/lib:/home/ake/sim_drone/ake_drone_sim/install/drone_map/lib:/home/ake/sim_drone/ake_drone_sim/install/drone_controller/lib:/home/ake/sim_drone/ake_drone_sim/install/drone_msgs/lib:/home/ake/sim_drone/ake_drone_sim/install/drone_dynamics/lib:/usr/lib/x86_64-linux-gnu/gazebo-11/plugins:/opt/ros/humble/opt/rviz_ogre_vendor/lib:/opt/ros/humble/lib/x86_64-linux-gnu:/opt/ros/humble/lib /usr/bin/cmake --build /home/ake/sim_drone/ake_drone_sim/build/drone_visualization -- -j20 -l20
[7.711s] Invoking command in '/home/ake/sim_drone/ake_drone_sim/build/drone_visualization': AMENT_PREFIX_PATH=/home/ake/sim_drone/ake_drone_sim/install/drone_planner:${AMENT_PREFIX_PATH} CMAKE_PREFIX_PATH=/home/ake/sim_drone/ake_drone_sim/install/drone_planner:/home/ake/sim_drone/ake_drone_sim/install/drone_map:/home/ake/sim_drone/ake_drone_sim/install/drone_controller:/home/ake/sim_drone/ake_drone_sim/install/drone_msgs:/home/ake/sim_drone/ake_drone_sim/install/drone_dynamics:/opt/ros/humble LD_LIBRARY_PATH=/home/ake/sim_drone/ake_drone_sim/install/drone_planner/lib:/home/ake/sim_drone/ake_drone_sim/install/drone_map/lib:/home/ake/sim_drone/ake_drone_sim/install/drone_controller/lib:/home/ake/sim_drone/ake_drone_sim/install/drone_msgs/lib:/home/ake/sim_drone/ake_drone_sim/install/drone_dynamics/lib:/usr/lib/x86_64-linux-gnu/gazebo-11/plugins:/opt/ros/humble/opt/rviz_ogre_vendor/lib:/opt/ros/humble/lib/x86_64-linux-gnu:/opt/ros/humble/lib /usr/bin/cmake --install /home/ake/sim_drone/ake_drone_sim/build/drone_visualization
[7.718s] -- Install configuration: ""
[7.718s] -- Execute custom install script
[7.718s] -- Symlinking: /home/ake/sim_drone/ake_drone_sim/install/drone_visualization/lib/drone_visualization/visualization_node
[7.728s] -- Symlinking: /home/ake/sim_drone/ake_drone_sim/install/drone_visualization/share/drone_visualization/launch/open.launch.py
[7.741s] -- Symlinking: /home/ake/sim_drone/ake_drone_sim/install/drone_visualization/share/drone_visualization/launch/sim.launch.py
[7.755s] -- Symlinking: /home/ake/sim_drone/ake_drone_sim/install/drone_visualization/share/drone_visualization/config/open.yaml
[7.761s] -- Symlinking: /home/ake/sim_drone/ake_drone_sim/install/drone_visualization/share/drone_visualization/config/sim.yaml
[7.766s] -- Symlinking: /home/ake/sim_drone/ake_drone_sim/install/drone_visualization/share/drone_visualization/rviz/sim.rviz
[7.771s] -- Symlinking: /home/ake/sim_drone/ake_drone_sim/install/drone_visualization/lib/drone_visualization/run_experiment.py
[7.777s] -- Symlinking: /home/ake/sim_drone/ake_drone_sim/install/drone_visualization/lib/drone_visualization/plot_results.py
[7.782s] -- Symlinking: /home/ake/sim_drone/ake_drone_sim/install/drone_visualization/share/ament_index/resource_index/package_run_dependencies/drone_visualization
[7.786s] -- Symlinking: /home/ake/sim_drone/ake_drone_sim/install/drone_visualization/share/ament_index/resource_index/parent_prefix_path/drone_visualization
[7.791s] -- Symlinking: /home/ake/sim_drone/ake_drone_sim/install/drone_visualization/share/drone_visualization/environment/ament_prefix_path.sh
[7.798s] -- Symlinking: /home/ake/sim_drone/ake_drone_sim/install/drone_visualization/share/drone_visualization/environment/ament_prefix_path.dsv
[7.810s] -- Symlinking: /home/ake/sim_drone/ake_drone_sim/install/drone_visualization/share/drone_visualization/environment/path.sh
[7.827s] -- Symlinking: /home/ake/sim_drone/ake_drone_sim/install/drone_visualization/share/drone_visualization/environment/path.dsv
[7.845s] -- Symlinking: /home/ake/sim_drone/ake_drone_sim/install/drone_visualization/share/drone_visualization/local_setup.bash
[7.864s] -- Symlinking: /home/ake/sim_drone/ake_drone_sim/install/drone_visualization/share/drone_visualization/local_setup.sh
[7.881s] -- Symlinking: /home/ake/sim_drone/ake_drone_sim/install/drone_visualization/share/drone_visualization/local_setup.zsh
[7.890s] -- Symlinking: /home/ake/sim_drone/ake_drone_sim/install/drone_visualization/share/drone_visualization/local_setup.dsv
[7.910s] -- Symlinking: /home/ake/sim_drone/ake_drone_sim/install/drone_visualization/share/drone_visualization/package.dsv
[7.925s] -- Symlinking: /home/ake/sim_drone/ake_drone_sim/install/drone_visualization/share/ament_index/resource_index/packages/drone_visualization
[7.939s] -- Symlinking: /home/ake/sim_drone/ake_drone_sim/install/drone_visualization/share/drone_visualization/cmake/drone_visualizationConfig.cmake
[7.955s] -- Symlinking: /home/ake/sim_drone/ake_drone_sim/install/drone_visualization/share/drone_visualization/cmake/drone_visualizationConfig-version.cmake
[7.972s] -- Symlinking: /home/ake/sim_drone/ake_drone_sim/install/drone_visualization/share/drone_visualization/package.xml
[7.992s] Invoked command in '/home/ake/sim_drone/ake_drone_sim/build/drone_visualization' returned '0': AMENT_PREFIX_PATH=/home/ake/sim_drone/ake_drone_sim/install/drone_planner:${AMENT_PREFIX_PATH} CMAKE_PREFIX_PATH=/home/ake/sim_drone/ake_drone_sim/install/drone_planner:/home/ake/sim_drone/ake_drone_sim/install/drone_map:/home/ake/sim_drone/ake_drone_sim/install/drone_controller:/home/ake/sim_drone/ake_drone_sim/install/drone_msgs:/home/ake/sim_drone/ake_drone_sim/install/drone_dynamics:/opt/ros/humble LD_LIBRARY_PATH=/home/ake/sim_drone/ake_drone_sim/install/drone_planner/lib:/home/ake/sim_drone/ake_drone_sim/install/drone_map/lib:/home/ake/sim_drone/ake_drone_sim/install/drone_controller/lib:/home/ake/sim_drone/ake_drone_sim/install/drone_msgs/lib:/home/ake/sim_drone/ake_drone_sim/install/drone_dynamics/lib:/usr/lib/x86_64-linux-gnu/gazebo-11/plugins:/opt/ros/humble/opt/rviz_ogre_vendor/lib:/opt/ros/humble/lib/x86_64-linux-gnu:/opt/ros/humble/lib /usr/bin/cmake --install /home/ake/sim_drone/ake_drone_sim/build/drone_visualization
