[0.060s] colcon DEBUG Command line arguments: ['/usr/bin/colcon', 'build', '--symlink-install', '--event-handlers', 'console_direct+']
[0.060s] colcon DEBUG Parsed command line arguments: Namespace(log_base=None, log_level=None, verb_name='build', build_base='build', install_base='install', merge_install=False, symlink_install=True, test_result_base=None, continue_on_error=False, executor='parallel', parallel_workers=20, event_handlers=['console_direct+'], ignore_user_meta=False, metas=['./colcon.meta'], base_paths=['.'], packages_ignore=None, packages_ignore_regex=None, paths=None, packages_up_to=None, packages_up_to_regex=None, packages_above=None, packages_above_and_dependencies=None, packages_above_depth=None, packages_select_by_dep=None, packages_skip_by_dep=None, packages_skip_up_to=None, packages_select_build_failed=False, packages_skip_build_finished=False, packages_select_test_failures=False, packages_skip_test_passed=False, packages_select=None, packages_skip=None, packages_select_regex=None, packages_skip_regex=None, packages_start=None, packages_end=None, allow_overriding=[], cmake_args=None, cmake_target=None, cmake_target_skip_unavailable=False, cmake_clean_cache=False, cmake_clean_first=False, cmake_force_configure=False, ament_cmake_args=None, catkin_cmake_args=None, catkin_skip_building_tests=False, verb_parser=<colcon_defaults.argument_parser.defaults.DefaultArgumentsDecorator object at 0x7bfd44251150>, verb_extension=<colcon_core.verb.build.BuildVerb object at 0x7bfd442505b0>, main=<bound method BuildVerb.main of <colcon_core.verb.build.BuildVerb object at 0x7bfd442505b0>>)
[0.173s] colcon.colcon_core.package_discovery Level 1 discover_packages(colcon_meta) check parameters
[0.173s] colcon.colcon_core.package_discovery Level 1 discover_packages(recursive) check parameters
[0.173s] colcon.colcon_core.package_discovery Level 1 discover_packages(ignore) check parameters
[0.173s] colcon.colcon_core.package_discovery Level 1 discover_packages(path) check parameters
[0.173s] colcon.colcon_core.package_discovery Level 1 discover_packages(colcon_meta) discover
[0.173s] colcon.colcon_core.package_discovery Level 1 discover_packages(recursive) discover
[0.173s] colcon.colcon_core.package_discovery INFO Crawling recursively for packages in '/home/ake/sim_drone/ake_drone_sim'
[0.173s] colcon.colcon_core.package_identification Level 1 _identify(.) by extensions ['ignore', 'ignore_ament_install']
[0.173s] colcon.colcon_core.package_identification Level 1 _identify(.) by extension 'ignore'
[0.173s] colcon.colcon_core.package_identification Level 1 _identify(.) by extension 'ignore_ament_install'
[0.173s] colcon.colcon_core.package_identification Level 1 _identify(.) by extensions ['colcon_pkg']
[0.173s] colcon.colcon_core.package_identification Level 1 _identify(.) by extension 'colcon_pkg'
[0.173s] colcon.colcon_core.package_identification Level 1 _identify(.) by extensions ['colcon_meta']
[0.173s] colcon.colcon_core.package_identification Level 1 _identify(.) by extension 'colcon_meta'
[0.173s] colcon.colcon_core.package_identification Level 1 _identify(.) by extensions ['ros']
[0.173s] colcon.colcon_core.package_identification Level 1 _identify(.) by extension 'ros'
[0.188s] colcon.colcon_core.package_identification Level 1 _identify(.) by extensions ['cmake', 'python']
[0.188s] colcon.colcon_core.package_identification Level 1 _identify(.) by extension 'cmake'
[0.188s] colcon.colcon_core.package_identification Level 1 _identify(.) by extension 'python'
[0.188s] colcon.colcon_core.package_identification Level 1 _identify(.) by extensions ['python_setup_py']
[0.188s] colcon.colcon_core.package_identification Level 1 _identify(.) by extension 'python_setup_py'
[0.188s] colcon.colcon_core.package_identification Level 1 _identify(build) by extensions ['ignore', 'ignore_ament_install']
[0.188s] colcon.colcon_core.package_identification Level 1 _identify(build) by extension 'ignore'
[0.188s] colcon.colcon_core.package_identification Level 1 _identify(build) ignored
[0.188s] colcon.colcon_core.package_identification Level 1 _identify(config) by extensions ['ignore', 'ignore_ament_install']
[0.188s] colcon.colcon_core.package_identification Level 1 _identify(config) by extension 'ignore'
[0.188s] colcon.colcon_core.package_identification Level 1 _identify(config) by extension 'ignore_ament_install'
[0.188s] colcon.colcon_core.package_identification Level 1 _identify(config) by extensions ['colcon_pkg']
[0.188s] colcon.colcon_core.package_identification Level 1 _identify(config) by extension 'colcon_pkg'
[0.188s] colcon.colcon_core.package_identification Level 1 _identify(config) by extensions ['colcon_meta']
[0.188s] colcon.colcon_core.package_identification Level 1 _identify(config) by extension 'colcon_meta'
[0.188s] colcon.colcon_core.package_identification Level 1 _identify(config) by extensions ['ros']
[0.188s] colcon.colcon_core.package_identification Level 1 _identify(config) by extension 'ros'
[0.188s] colcon.colcon_core.package_identification Level 1 _identify(config) by extensions ['cmake', 'python']
[0.188s] colcon.colcon_core.package_identification Level 1 _identify(config) by extension 'cmake'
[0.188s] colcon.colcon_core.package_identification Level 1 _identify(config) by extension 'python'
[0.188s] colcon.colcon_core.package_identification Level 1 _identify(config) by extensions ['python_setup_py']
[0.188s] colcon.colcon_core.package_identification Level 1 _identify(config) by extension 'python_setup_py'
[0.188s] colcon.colcon_core.package_identification Level 1 _identify(install) by extensions ['ignore', 'ignore_ament_install']
[0.188s] colcon.colcon_core.package_identification Level 1 _identify(install) by extension 'ignore'
[0.188s] colcon.colcon_core.package_identification Level 1 _identify(install) ignored
[0.188s] colcon.colcon_core.package_identification Level 1 _identify(launch) by extensions ['ignore', 'ignore_ament_install']
[0.189s] colcon.colcon_core.package_identification Level 1 _identify(launch) by extension 'ignore'
[0.189s] colcon.colcon_core.package_identification Level 1 _identify(launch) by extension 'ignore_ament_install'
[0.189s] colcon.colcon_core.package_identification Level 1 _identify(launch) by extensions ['colcon_pkg']
[0.189s] colcon.colcon_core.package_identification Level 1 _identify(launch) by extension 'colcon_pkg'
[0.189s] colcon.colcon_core.package_identification Level 1 _identify(launch) by extensions ['colcon_meta']
[0.189s] colcon.colcon_core.package_identification Level 1 _identify(launch) by extension 'colcon_meta'
[0.189s] colcon.colcon_core.package_identification Level 1 _identify(launch) by extensions ['ros']
[0.189s] colcon.colcon_core.package_identification Level 1 _identify(launch) by extension 'ros'
[0.189s] colcon.colcon_core.package_identification Level 1 _identify(launch) by extensions ['cmake', 'python']
[0.189s] colcon.colcon_core.package_identification Level 1 _identify(launch) by extension 'cmake'
[0.189s] colcon.colcon_core.package_identification Level 1 _identify(launch) by extension 'python'
[0.189s] colcon.colcon_core.package_identification Level 1 _identify(launch) by extensions ['python_setup_py']
[0.189s] colcon.colcon_core.package_identification Level 1 _identify(launch) by extension 'python_setup_py'
[0.189s] colcon.colcon_core.package_identification Level 1 _identify(log) by extensions ['ignore', 'ignore_ament_install']
[0.189s] colcon.colcon_core.package_identification Level 1 _identify(log) by extension 'ignore'
[0.189s] colcon.colcon_core.package_identification Level 1 _identify(log) ignored
[0.189s] colcon.colcon_core.package_identification Level 1 _identify(report) by extensions ['ignore', 'ignore_ament_install']
[0.189s] colcon.colcon_core.package_identification Level 1 _identify(report) by extension 'ignore'
[0.189s] colcon.colcon_core.package_identification Level 1 _identify(report) by extension 'ignore_ament_install'
[0.189s] colcon.colcon_core.package_identification Level 1 _identify(report) by extensions ['colcon_pkg']
[0.189s] colcon.colcon_core.package_identification Level 1 _identify(report) by extension 'colcon_pkg'
[0.189s] colcon.colcon_core.package_identification Level 1 _identify(report) by extensions ['colcon_meta']
[0.189s] colcon.colcon_core.package_identification Level 1 _identify(report) by extension 'colcon_meta'
[0.189s] colcon.colcon_core.package_identification Level 1 _identify(report) by extensions ['ros']
[0.189s] colcon.colcon_core.package_identification Level 1 _identify(report) by extension 'ros'
[0.189s] colcon.colcon_core.package_identification Level 1 _identify(report) by extensions ['cmake', 'python']
[0.189s] colcon.colcon_core.package_identification Level 1 _identify(report) by extension 'cmake'
[0.189s] colcon.colcon_core.package_identification Level 1 _identify(report) by extension 'python'
[0.189s] colcon.colcon_core.package_identification Level 1 _identify(report) by extensions ['python_setup_py']
[0.189s] colcon.colcon_core.package_identification Level 1 _identify(report) by extension 'python_setup_py'
[0.189s] colcon.colcon_core.package_identification Level 1 _identify(rviz) by extensions ['ignore', 'ignore_ament_install']
[0.189s] colcon.colcon_core.package_identification Level 1 _identify(rviz) by extension 'ignore'
[0.189s] colcon.colcon_core.package_identification Level 1 _identify(rviz) by extension 'ignore_ament_install'
[0.189s] colcon.colcon_core.package_identification Level 1 _identify(rviz) by extensions ['colcon_pkg']
[0.189s] colcon.colcon_core.package_identification Level 1 _identify(rviz) by extension 'colcon_pkg'
[0.189s] colcon.colcon_core.package_identification Level 1 _identify(rviz) by extensions ['colcon_meta']
[0.189s] colcon.colcon_core.package_identification Level 1 _identify(rviz) by extension 'colcon_meta'
[0.189s] colcon.colcon_core.package_identification Level 1 _identify(rviz) by extensions ['ros']
[0.189s] colcon.colcon_core.package_identification Level 1 _identify(rviz) by extension 'ros'
[0.189s] colcon.colcon_core.package_identification Level 1 _identify(rviz) by extensions ['cmake', 'python']
[0.189s] colcon.colcon_core.package_identification Level 1 _identify(rviz) by extension 'cmake'
[0.189s] colcon.colcon_core.package_identification Level 1 _identify(rviz) by extension 'python'
[0.189s] colcon.colcon_core.package_identification Level 1 _identify(rviz) by extensions ['python_setup_py']
[0.189s] colcon.colcon_core.package_identification Level 1 _identify(rviz) by extension 'python_setup_py'
[0.189s] colcon.colcon_core.package_identification Level 1 _identify(scripts) by extensions ['ignore', 'ignore_ament_install']
[0.189s] colcon.colcon_core.package_identification Level 1 _identify(scripts) by extension 'ignore'
[0.189s] colcon.colcon_core.package_identification Level 1 _identify(scripts) by extension 'ignore_ament_install'
[0.189s] colcon.colcon_core.package_identification Level 1 _identify(scripts) by extensions ['colcon_pkg']
[0.189s] colcon.colcon_core.package_identification Level 1 _identify(scripts) by extension 'colcon_pkg'
[0.190s] colcon.colcon_core.package_identification Level 1 _identify(scripts) by extensions ['colcon_meta']
[0.190s] colcon.colcon_core.package_identification Level 1 _identify(scripts) by extension 'colcon_meta'
[0.190s] colcon.colcon_core.package_identification Level 1 _identify(scripts) by extensions ['ros']
[0.190s] colcon.colcon_core.package_identification Level 1 _identify(scripts) by extension 'ros'
[0.190s] colcon.colcon_core.package_identification Level 1 _identify(scripts) by extensions ['cmake', 'python']
[0.190s] colcon.colcon_core.package_identification Level 1 _identify(scripts) by extension 'cmake'
[0.190s] colcon.colcon_core.package_identification Level 1 _identify(scripts) by extension 'python'
[0.190s] colcon.colcon_core.package_identification Level 1 _identify(scripts) by extensions ['python_setup_py']
[0.190s] colcon.colcon_core.package_identification Level 1 _identify(scripts) by extension 'python_setup_py'
[0.190s] colcon.colcon_core.package_identification Level 1 _identify(src) by extensions ['ignore', 'ignore_ament_install']
[0.190s] colcon.colcon_core.package_identification Level 1 _identify(src) by extension 'ignore'
[0.190s] colcon.colcon_core.package_identification Level 1 _identify(src) by extension 'ignore_ament_install'
[0.190s] colcon.colcon_core.package_identification Level 1 _identify(src) by extensions ['colcon_pkg']
[0.190s] colcon.colcon_core.package_identification Level 1 _identify(src) by extension 'colcon_pkg'
[0.190s] colcon.colcon_core.package_identification Level 1 _identify(src) by extensions ['colcon_meta']
[0.190s] colcon.colcon_core.package_identification Level 1 _identify(src) by extension 'colcon_meta'
[0.190s] colcon.colcon_core.package_identification Level 1 _identify(src) by extensions ['ros']
[0.190s] colcon.colcon_core.package_identification Level 1 _identify(src) by extension 'ros'
[0.190s] colcon.colcon_core.package_identification Level 1 _identify(src) by extensions ['cmake', 'python']
[0.190s] colcon.colcon_core.package_identification Level 1 _identify(src) by extension 'cmake'
[0.190s] colcon.colcon_core.package_identification Level 1 _identify(src) by extension 'python'
[0.190s] colcon.colcon_core.package_identification Level 1 _identify(src) by extensions ['python_setup_py']
[0.190s] colcon.colcon_core.package_identification Level 1 _identify(src) by extension 'python_setup_py'
[0.190s] colcon.colcon_core.package_identification Level 1 _identify(src/drone_controller) by extensions ['ignore', 'ignore_ament_install']
[0.190s] colcon.colcon_core.package_identification Level 1 _identify(src/drone_controller) by extension 'ignore'
[0.190s] colcon.colcon_core.package_identification Level 1 _identify(src/drone_controller) by extension 'ignore_ament_install'
[0.190s] colcon.colcon_core.package_identification Level 1 _identify(src/drone_controller) by extensions ['colcon_pkg']
[0.190s] colcon.colcon_core.package_identification Level 1 _identify(src/drone_controller) by extension 'colcon_pkg'
[0.190s] colcon.colcon_core.package_identification Level 1 _identify(src/drone_controller) by extensions ['colcon_meta']
[0.190s] colcon.colcon_core.package_identification Level 1 _identify(src/drone_controller) by extension 'colcon_meta'
[0.190s] colcon.colcon_core.package_identification Level 1 _identify(src/drone_controller) by extensions ['ros']
[0.190s] colcon.colcon_core.package_identification Level 1 _identify(src/drone_controller) by extension 'ros'
[0.192s] colcon.colcon_core.package_identification DEBUG Package 'src/drone_controller' with type 'ros.ament_cmake' and name 'drone_controller'
[0.192s] colcon.colcon_core.package_identification Level 1 _identify(src/drone_dynamics) by extensions ['ignore', 'ignore_ament_install']
[0.192s] colcon.colcon_core.package_identification Level 1 _identify(src/drone_dynamics) by extension 'ignore'
[0.192s] colcon.colcon_core.package_identification Level 1 _identify(src/drone_dynamics) by extension 'ignore_ament_install'
[0.192s] colcon.colcon_core.package_identification Level 1 _identify(src/drone_dynamics) by extensions ['colcon_pkg']
[0.192s] colcon.colcon_core.package_identification Level 1 _identify(src/drone_dynamics) by extension 'colcon_pkg'
[0.192s] colcon.colcon_core.package_identification Level 1 _identify(src/drone_dynamics) by extensions ['colcon_meta']
[0.192s] colcon.colcon_core.package_identification Level 1 _identify(src/drone_dynamics) by extension 'colcon_meta'
[0.192s] colcon.colcon_core.package_identification Level 1 _identify(src/drone_dynamics) by extensions ['ros']
[0.192s] colcon.colcon_core.package_identification Level 1 _identify(src/drone_dynamics) by extension 'ros'
[0.193s] colcon.colcon_core.package_identification DEBUG Package 'src/drone_dynamics' with type 'ros.ament_cmake' and name 'drone_dynamics'
[0.193s] colcon.colcon_core.package_identification Level 1 _identify(src/drone_map) by extensions ['ignore', 'ignore_ament_install']
[0.193s] colcon.colcon_core.package_identification Level 1 _identify(src/drone_map) by extension 'ignore'
[0.193s] colcon.colcon_core.package_identification Level 1 _identify(src/drone_map) by extension 'ignore_ament_install'
[0.193s] colcon.colcon_core.package_identification Level 1 _identify(src/drone_map) by extensions ['colcon_pkg']
[0.193s] colcon.colcon_core.package_identification Level 1 _identify(src/drone_map) by extension 'colcon_pkg'
[0.193s] colcon.colcon_core.package_identification Level 1 _identify(src/drone_map) by extensions ['colcon_meta']
[0.193s] colcon.colcon_core.package_identification Level 1 _identify(src/drone_map) by extension 'colcon_meta'
[0.193s] colcon.colcon_core.package_identification Level 1 _identify(src/drone_map) by extensions ['ros']
[0.193s] colcon.colcon_core.package_identification Level 1 _identify(src/drone_map) by extension 'ros'
[0.193s] colcon.colcon_core.package_identification DEBUG Package 'src/drone_map' with type 'ros.ament_cmake' and name 'drone_map'
[0.194s] colcon.colcon_core.package_identification Level 1 _identify(src/drone_msgs) by extensions ['ignore', 'ignore_ament_install']
[0.194s] colcon.colcon_core.package_identification Level 1 _identify(src/drone_msgs) by extension 'ignore'
[0.194s] colcon.colcon_core.package_identification Level 1 _identify(src/drone_msgs) by extension 'ignore_ament_install'
[0.194s] colcon.colcon_core.package_identification Level 1 _identify(src/drone_msgs) by extensions ['colcon_pkg']
[0.194s] colcon.colcon_core.package_identification Level 1 _identify(src/drone_msgs) by extension 'colcon_pkg'
[0.194s] colcon.colcon_core.package_identification Level 1 _identify(src/drone_msgs) by extensions ['colcon_meta']
[0.194s] colcon.colcon_core.package_identification Level 1 _identify(src/drone_msgs) by extension 'colcon_meta'
[0.194s] colcon.colcon_core.package_identification Level 1 _identify(src/drone_msgs) by extensions ['ros']
[0.194s] colcon.colcon_core.package_identification Level 1 _identify(src/drone_msgs) by extension 'ros'
[0.194s] colcon.colcon_core.package_identification DEBUG Package 'src/drone_msgs' with type 'ros.ament_cmake' and name 'drone_msgs'
[0.194s] colcon.colcon_core.package_identification Level 1 _identify(src/drone_planner) by extensions ['ignore', 'ignore_ament_install']
[0.194s] colcon.colcon_core.package_identification Level 1 _identify(src/drone_planner) by extension 'ignore'
[0.194s] colcon.colcon_core.package_identification Level 1 _identify(src/drone_planner) by extension 'ignore_ament_install'
[0.194s] colcon.colcon_core.package_identification Level 1 _identify(src/drone_planner) by extensions ['colcon_pkg']
[0.194s] colcon.colcon_core.package_identification Level 1 _identify(src/drone_planner) by extension 'colcon_pkg'
[0.194s] colcon.colcon_core.package_identification Level 1 _identify(src/drone_planner) by extensions ['colcon_meta']
[0.194s] colcon.colcon_core.package_identification Level 1 _identify(src/drone_planner) by extension 'colcon_meta'
[0.194s] colcon.colcon_core.package_identification Level 1 _identify(src/drone_planner) by extensions ['ros']
[0.194s] colcon.colcon_core.package_identification Level 1 _identify(src/drone_planner) by extension 'ros'
[0.195s] colcon.colcon_core.package_identification DEBUG Package 'src/drone_planner' with type 'ros.ament_cmake' and name 'drone_planner'
[0.195s] colcon.colcon_core.package_identification Level 1 _identify(src/drone_visualization) by extensions ['ignore', 'ignore_ament_install']
[0.195s] colcon.colcon_core.package_identification Level 1 _identify(src/drone_visualization) by extension 'ignore'
[0.195s] colcon.colcon_core.package_identification Level 1 _identify(src/drone_visualization) by extension 'ignore_ament_install'
[0.195s] colcon.colcon_core.package_identification Level 1 _identify(src/drone_visualization) by extensions ['colcon_pkg']
[0.195s] colcon.colcon_core.package_identification Level 1 _identify(src/drone_visualization) by extension 'colcon_pkg'
[0.195s] colcon.colcon_core.package_identification Level 1 _identify(src/drone_visualization) by extensions ['colcon_meta']
[0.195s] colcon.colcon_core.package_identification Level 1 _identify(src/drone_visualization) by extension 'colcon_meta'
[0.195s] colcon.colcon_core.package_identification Level 1 _identify(src/drone_visualization) by extensions ['ros']
[0.195s] colcon.colcon_core.package_identification Level 1 _identify(src/drone_visualization) by extension 'ros'
[0.195s] colcon.colcon_core.package_identification DEBUG Package 'src/drone_visualization' with type 'ros.ament_cmake' and name 'drone_visualization'
[0.196s] colcon.colcon_core.package_discovery Level 1 discover_packages(recursive) using defaults
[0.196s] colcon.colcon_core.package_discovery Level 1 discover_packages(ignore) discover
[0.196s] colcon.colcon_core.package_discovery Level 1 discover_packages(ignore) using defaults
[0.196s] colcon.colcon_core.package_discovery Level 1 discover_packages(path) discover
[0.196s] colcon.colcon_core.package_discovery Level 1 discover_packages(path) using defaults
[0.205s] colcon.colcon_core.package_discovery Level 1 discover_packages(prefix_path) check parameters
[0.205s] colcon.colcon_core.package_discovery Level 1 discover_packages(prefix_path) discover
[0.207s] colcon.colcon_installed_package_information.package_discovery DEBUG Found 349 installed packages in /opt/ros/humble
[0.208s] colcon.colcon_core.package_discovery Level 1 discover_packages(prefix_path) using defaults
[0.229s] colcon.colcon_core.verb Level 5 set package 'drone_dynamics' build argument 'cmake_args' from command line to 'None'
[0.229s] colcon.colcon_core.verb Level 5 set package 'drone_dynamics' build argument 'cmake_target' from command line to 'None'
[0.229s] colcon.colcon_core.verb Level 5 set package 'drone_dynamics' build argument 'cmake_target_skip_unavailable' from command line to 'False'
[0.229s] colcon.colcon_core.verb Level 5 set package 'drone_dynamics' build argument 'cmake_clean_cache' from command line to 'False'
[0.229s] colcon.colcon_core.verb Level 5 set package 'drone_dynamics' build argument 'cmake_clean_first' from command line to 'False'
[0.229s] colcon.colcon_core.verb Level 5 set package 'drone_dynamics' build argument 'cmake_force_configure' from command line to 'False'
[0.229s] colcon.colcon_core.verb Level 5 set package 'drone_dynamics' build argument 'ament_cmake_args' from command line to 'None'
[0.229s] colcon.colcon_core.verb Level 5 set package 'drone_dynamics' build argument 'catkin_cmake_args' from command line to 'None'
[0.229s] colcon.colcon_core.verb Level 5 set package 'drone_dynamics' build argument 'catkin_skip_building_tests' from command line to 'False'
[0.229s] colcon.colcon_core.verb DEBUG Building package 'drone_dynamics' with the following arguments: {'ament_cmake_args': None, 'build_base': '/home/ake/sim_drone/ake_drone_sim/build/drone_dynamics', 'catkin_cmake_args': None, 'catkin_skip_building_tests': False, 'cmake_args': None, 'cmake_clean_cache': False, 'cmake_clean_first': False, 'cmake_force_configure': False, 'cmake_target': None, 'cmake_target_skip_unavailable': False, 'install_base': '/home/ake/sim_drone/ake_drone_sim/install/drone_dynamics', 'merge_install': False, 'path': '/home/ake/sim_drone/ake_drone_sim/src/drone_dynamics', 'symlink_install': True, 'test_result_base': None}
[0.229s] colcon.colcon_core.verb Level 5 set package 'drone_msgs' build argument 'cmake_args' from command line to 'None'
[0.229s] colcon.colcon_core.verb Level 5 set package 'drone_msgs' build argument 'cmake_target' from command line to 'None'
[0.229s] colcon.colcon_core.verb Level 5 set package 'drone_msgs' build argument 'cmake_target_skip_unavailable' from command line to 'False'
[0.229s] colcon.colcon_core.verb Level 5 set package 'drone_msgs' build argument 'cmake_clean_cache' from command line to 'False'
[0.229s] colcon.colcon_core.verb Level 5 set package 'drone_msgs' build argument 'cmake_clean_first' from command line to 'False'
[0.229s] colcon.colcon_core.verb Level 5 set package 'drone_msgs' build argument 'cmake_force_configure' from command line to 'False'
[0.229s] colcon.colcon_core.verb Level 5 set package 'drone_msgs' build argument 'ament_cmake_args' from command line to 'None'
[0.229s] colcon.colcon_core.verb Level 5 set package 'drone_msgs' build argument 'catkin_cmake_args' from command line to 'None'
[0.229s] colcon.colcon_core.verb Level 5 set package 'drone_msgs' build argument 'catkin_skip_building_tests' from command line to 'False'
[0.229s] colcon.colcon_core.verb DEBUG Building package 'drone_msgs' with the following arguments: {'ament_cmake_args': None, 'build_base': '/home/ake/sim_drone/ake_drone_sim/build/drone_msgs', 'catkin_cmake_args': None, 'catkin_skip_building_tests': False, 'cmake_args': None, 'cmake_clean_cache': False, 'cmake_clean_first': False, 'cmake_force_configure': False, 'cmake_target': None, 'cmake_target_skip_unavailable': False, 'install_base': '/home/ake/sim_drone/ake_drone_sim/install/drone_msgs', 'merge_install': False, 'path': '/home/ake/sim_drone/ake_drone_sim/src/drone_msgs', 'symlink_install': True, 'test_result_base': None}
[0.229s] colcon.colcon_core.verb Level 5 set package 'drone_controller' build argument 'cmake_args' from command line to 'None'
[0.229s] colcon.colcon_core.verb Level 5 set package 'drone_controller' build argument 'cmake_target' from command line to 'None'
[0.229s] colcon.colcon_core.verb Level 5 set package 'drone_controller' build argument 'cmake_target_skip_unavailable' from command line to 'False'
[0.229s] colcon.colcon_core.verb Level 5 set package 'drone_controller' build argument 'cmake_clean_cache' from command line to 'False'
[0.229s] colcon.colcon_core.verb Level 5 set package 'drone_controller' build argument 'cmake_clean_first' from command line to 'False'
[0.229s] colcon.colcon_core.verb Level 5 set package 'drone_controller' build argument 'cmake_force_configure' from command line to 'False'
[0.229s] colcon.colcon_core.verb Level 5 set package 'drone_controller' build argument 'ament_cmake_args' from command line to 'None'
[0.229s] colcon.colcon_core.verb Level 5 set package 'drone_controller' build argument 'catkin_cmake_args' from command line to 'None'
[0.229s] colcon.colcon_core.verb Level 5 set package 'drone_controller' build argument 'catkin_skip_building_tests' from command line to 'False'
[0.229s] colcon.colcon_core.verb DEBUG Building package 'drone_controller' with the following arguments: {'ament_cmake_args': None, 'build_base': '/home/ake/sim_drone/ake_drone_sim/build/drone_controller', 'catkin_cmake_args': None, 'catkin_skip_building_tests': False, 'cmake_args': None, 'cmake_clean_cache': False, 'cmake_clean_first': False, 'cmake_force_configure': False, 'cmake_target': None, 'cmake_target_skip_unavailable': False, 'install_base': '/home/ake/sim_drone/ake_drone_sim/install/drone_controller', 'merge_install': False, 'path': '/home/ake/sim_drone/ake_drone_sim/src/drone_controller', 'symlink_install': True, 'test_result_base': None}
[0.230s] colcon.colcon_core.verb Level 5 set package 'drone_map' build argument 'cmake_args' from command line to 'None'
[0.230s] colcon.colcon_core.verb Level 5 set package 'drone_map' build argument 'cmake_target' from command line to 'None'
[0.230s] colcon.colcon_core.verb Level 5 set package 'drone_map' build argument 'cmake_target_skip_unavailable' from command line to 'False'
[0.230s] colcon.colcon_core.verb Level 5 set package 'drone_map' build argument 'cmake_clean_cache' from command line to 'False'
[0.230s] colcon.colcon_core.verb Level 5 set package 'drone_map' build argument 'cmake_clean_first' from command line to 'False'
[0.230s] colcon.colcon_core.verb Level 5 set package 'drone_map' build argument 'cmake_force_configure' from command line to 'False'
[0.230s] colcon.colcon_core.verb Level 5 set package 'drone_map' build argument 'ament_cmake_args' from command line to 'None'
[0.230s] colcon.colcon_core.verb Level 5 set package 'drone_map' build argument 'catkin_cmake_args' from command line to 'None'
[0.230s] colcon.colcon_core.verb Level 5 set package 'drone_map' build argument 'catkin_skip_building_tests' from command line to 'False'
[0.230s] colcon.colcon_core.verb DEBUG Building package 'drone_map' with the following arguments: {'ament_cmake_args': None, 'build_base': '/home/ake/sim_drone/ake_drone_sim/build/drone_map', 'catkin_cmake_args': None, 'catkin_skip_building_tests': False, 'cmake_args': None, 'cmake_clean_cache': False, 'cmake_clean_first': False, 'cmake_force_configure': False, 'cmake_target': None, 'cmake_target_skip_unavailable': False, 'install_base': '/home/ake/sim_drone/ake_drone_sim/install/drone_map', 'merge_install': False, 'path': '/home/ake/sim_drone/ake_drone_sim/src/drone_map', 'symlink_install': True, 'test_result_base': None}
[0.230s] colcon.colcon_core.verb Level 5 set package 'drone_planner' build argument 'cmake_args' from command line to 'None'
[0.230s] colcon.colcon_core.verb Level 5 set package 'drone_planner' build argument 'cmake_target' from command line to 'None'
[0.230s] colcon.colcon_core.verb Level 5 set package 'drone_planner' build argument 'cmake_target_skip_unavailable' from command line to 'False'
[0.230s] colcon.colcon_core.verb Level 5 set package 'drone_planner' build argument 'cmake_clean_cache' from command line to 'False'
[0.230s] colcon.colcon_core.verb Level 5 set package 'drone_planner' build argument 'cmake_clean_first' from command line to 'False'
[0.230s] colcon.colcon_core.verb Level 5 set package 'drone_planner' build argument 'cmake_force_configure' from command line to 'False'
[0.230s] colcon.colcon_core.verb Level 5 set package 'drone_planner' build argument 'ament_cmake_args' from command line to 'None'
[0.230s] colcon.colcon_core.verb Level 5 set package 'drone_planner' build argument 'catkin_cmake_args' from command line to 'None'
[0.230s] colcon.colcon_core.verb Level 5 set package 'drone_planner' build argument 'catkin_skip_building_tests' from command line to 'False'
[0.230s] colcon.colcon_core.verb DEBUG Building package 'drone_planner' with the following arguments: {'ament_cmake_args': None, 'build_base': '/home/ake/sim_drone/ake_drone_sim/build/drone_planner', 'catkin_cmake_args': None, 'catkin_skip_building_tests': False, 'cmake_args': None, 'cmake_clean_cache': False, 'cmake_clean_first': False, 'cmake_force_configure': False, 'cmake_target': None, 'cmake_target_skip_unavailable': False, 'install_base': '/home/ake/sim_drone/ake_drone_sim/install/drone_planner', 'merge_install': False, 'path': '/home/ake/sim_drone/ake_drone_sim/src/drone_planner', 'symlink_install': True, 'test_result_base': None}
[0.230s] colcon.colcon_core.verb Level 5 set package 'drone_visualization' build argument 'cmake_args' from command line to 'None'
[0.230s] colcon.colcon_core.verb Level 5 set package 'drone_visualization' build argument 'cmake_target' from command line to 'None'
[0.230s] colcon.colcon_core.verb Level 5 set package 'drone_visualization' build argument 'cmake_target_skip_unavailable' from command line to 'False'
[0.230s] colcon.colcon_core.verb Level 5 set package 'drone_visualization' build argument 'cmake_clean_cache' from command line to 'False'
[0.230s] colcon.colcon_core.verb Level 5 set package 'drone_visualization' build argument 'cmake_clean_first' from command line to 'False'
[0.230s] colcon.colcon_core.verb Level 5 set package 'drone_visualization' build argument 'cmake_force_configure' from command line to 'False'
[0.230s] colcon.colcon_core.verb Level 5 set package 'drone_visualization' build argument 'ament_cmake_args' from command line to 'None'
[0.230s] colcon.colcon_core.verb Level 5 set package 'drone_visualization' build argument 'catkin_cmake_args' from command line to 'None'
[0.230s] colcon.colcon_core.verb Level 5 set package 'drone_visualization' build argument 'catkin_skip_building_tests' from command line to 'False'
[0.230s] colcon.colcon_core.verb DEBUG Building package 'drone_visualization' with the following arguments: {'ament_cmake_args': None, 'build_base': '/home/ake/sim_drone/ake_drone_sim/build/drone_visualization', 'catkin_cmake_args': None, 'catkin_skip_building_tests': False, 'cmake_args': None, 'cmake_clean_cache': False, 'cmake_clean_first': False, 'cmake_force_configure': False, 'cmake_target': None, 'cmake_target_skip_unavailable': False, 'install_base': '/home/ake/sim_drone/ake_drone_sim/install/drone_visualization', 'merge_install': False, 'path': '/home/ake/sim_drone/ake_drone_sim/src/drone_visualization', 'symlink_install': True, 'test_result_base': None}
[0.230s] colcon.colcon_core.executor INFO Executing jobs using 'parallel' executor
[0.231s] colcon.colcon_parallel_executor.executor.parallel DEBUG run_until_complete
[0.231s] colcon.colcon_ros.task.ament_cmake.build INFO Building ROS package in '/home/ake/sim_drone/ake_drone_sim/src/drone_dynamics' with build type 'ament_cmake'
[0.231s] colcon.colcon_cmake.task.cmake.build INFO Building CMake package in '/home/ake/sim_drone/ake_drone_sim/src/drone_dynamics'
[0.232s] colcon.colcon_core.plugin_system INFO Skipping extension 'colcon_core.shell.bat': Not used on non-Windows systems
[0.232s] colcon.colcon_core.shell INFO Skip shell extension 'powershell' for command environment: Not usable outside of PowerShell
[0.232s] colcon.colcon_core.shell DEBUG Skip shell extension 'dsv' for command environment
[0.234s] colcon.colcon_ros.task.ament_cmake.build INFO Building ROS package in '/home/ake/sim_drone/ake_drone_sim/src/drone_msgs' with build type 'ament_cmake'
[0.234s] colcon.colcon_cmake.task.cmake.build INFO Building CMake package in '/home/ake/sim_drone/ake_drone_sim/src/drone_msgs'
[0.234s] colcon.colcon_core.shell INFO Skip shell extension 'powershell' for command environment: Not usable outside of PowerShell
[0.234s] colcon.colcon_core.shell DEBUG Skip shell extension 'dsv' for command environment
[0.238s] colcon.colcon_core.event_handler.log_command DEBUG Invoking command in '/home/ake/sim_drone/ake_drone_sim/build/drone_dynamics': CMAKE_PREFIX_PATH=/opt/ros/humble /usr/bin/cmake /home/ake/sim_drone/ake_drone_sim/src/drone_dynamics -DAMENT_CMAKE_SYMLINK_INSTALL=1 -DCMAKE_INSTALL_PREFIX=/home/ake/sim_drone/ake_drone_sim/install/drone_dynamics
[0.240s] colcon.colcon_core.event_handler.log_command DEBUG Invoking command in '/home/ake/sim_drone/ake_drone_sim/build/drone_msgs': CMAKE_PREFIX_PATH=/opt/ros/humble /usr/bin/cmake --build /home/ake/sim_drone/ake_drone_sim/build/drone_msgs -- -j20 -l20
[0.673s] colcon.colcon_core.event_handler.log_command DEBUG Invoked command in '/home/ake/sim_drone/ake_drone_sim/build/drone_dynamics' returned '0': CMAKE_PREFIX_PATH=/opt/ros/humble /usr/bin/cmake /home/ake/sim_drone/ake_drone_sim/src/drone_dynamics -DAMENT_CMAKE_SYMLINK_INSTALL=1 -DCMAKE_INSTALL_PREFIX=/home/ake/sim_drone/ake_drone_sim/install/drone_dynamics
[0.674s] colcon.colcon_core.event_handler.log_command DEBUG Invoking command in '/home/ake/sim_drone/ake_drone_sim/build/drone_dynamics': CMAKE_PREFIX_PATH=/opt/ros/humble /usr/bin/cmake --build /home/ake/sim_drone/ake_drone_sim/build/drone_dynamics -- -j20 -l20
[1.304s] colcon.colcon_core.event_handler.log_command DEBUG Invoked command in '/home/ake/sim_drone/ake_drone_sim/build/drone_msgs' returned '0': CMAKE_PREFIX_PATH=/opt/ros/humble /usr/bin/cmake --build /home/ake/sim_drone/ake_drone_sim/build/drone_msgs -- -j20 -l20
[1.310s] colcon.colcon_core.event_handler.log_command DEBUG Invoking command in '/home/ake/sim_drone/ake_drone_sim/build/drone_msgs': CMAKE_PREFIX_PATH=/opt/ros/humble /usr/bin/cmake --install /home/ake/sim_drone/ake_drone_sim/build/drone_msgs
[1.764s] colcon.colcon_core.environment Level 1 create_environment_scripts_only(drone_msgs)
[1.765s] colcon.colcon_core.event_handler.log_command DEBUG Invoked command in '/home/ake/sim_drone/ake_drone_sim/build/drone_msgs' returned '0': CMAKE_PREFIX_PATH=/opt/ros/humble /usr/bin/cmake --install /home/ake/sim_drone/ake_drone_sim/build/drone_msgs
[1.766s] colcon.colcon_core.environment Level 1 checking '/home/ake/sim_drone/ake_drone_sim/install/drone_msgs' for CMake module files
[1.766s] colcon.colcon_core.environment Level 1 checking '/home/ake/sim_drone/ake_drone_sim/install/drone_msgs' for CMake config files
[1.767s] colcon.colcon_core.shell Level 1 create_environment_hook('drone_msgs', 'cmake_prefix_path')
[1.767s] colcon.colcon_core.shell INFO Creating environment hook '/home/ake/sim_drone/ake_drone_sim/install/drone_msgs/share/drone_msgs/hook/cmake_prefix_path.ps1'
[1.767s] colcon.colcon_core.shell INFO Creating environment descriptor '/home/ake/sim_drone/ake_drone_sim/install/drone_msgs/share/drone_msgs/hook/cmake_prefix_path.dsv'
[1.767s] colcon.colcon_core.shell INFO Creating environment hook '/home/ake/sim_drone/ake_drone_sim/install/drone_msgs/share/drone_msgs/hook/cmake_prefix_path.sh'
[1.768s] colcon.colcon_core.environment Level 1 checking '/home/ake/sim_drone/ake_drone_sim/install/drone_msgs/lib'
[1.768s] colcon.colcon_core.shell Level 1 create_environment_hook('drone_msgs', 'ld_library_path_lib')
[1.768s] colcon.colcon_core.shell INFO Creating environment hook '/home/ake/sim_drone/ake_drone_sim/install/drone_msgs/share/drone_msgs/hook/ld_library_path_lib.ps1'
[1.768s] colcon.colcon_core.shell INFO Creating environment descriptor '/home/ake/sim_drone/ake_drone_sim/install/drone_msgs/share/drone_msgs/hook/ld_library_path_lib.dsv'
[1.768s] colcon.colcon_core.shell INFO Creating environment hook '/home/ake/sim_drone/ake_drone_sim/install/drone_msgs/share/drone_msgs/hook/ld_library_path_lib.sh'
[1.769s] colcon.colcon_core.environment Level 1 checking '/home/ake/sim_drone/ake_drone_sim/install/drone_msgs/bin'
[1.769s] colcon.colcon_core.environment Level 1 checking '/home/ake/sim_drone/ake_drone_sim/install/drone_msgs/lib/pkgconfig/drone_msgs.pc'
[1.769s] colcon.colcon_core.environment Level 1 checking '/home/ake/sim_drone/ake_drone_sim/install/drone_msgs/lib/python3.10/site-packages'
[1.769s] colcon.colcon_core.environment Level 1 checking '/home/ake/sim_drone/ake_drone_sim/install/drone_msgs/bin'
[1.769s] colcon.colcon_core.shell INFO Creating package script '/home/ake/sim_drone/ake_drone_sim/install/drone_msgs/share/drone_msgs/package.ps1'
[1.769s] colcon.colcon_core.shell INFO Creating package descriptor '/home/ake/sim_drone/ake_drone_sim/install/drone_msgs/share/drone_msgs/package.dsv'
[1.770s] colcon.colcon_core.shell INFO Creating package script '/home/ake/sim_drone/ake_drone_sim/install/drone_msgs/share/drone_msgs/package.sh'
[1.770s] colcon.colcon_core.shell INFO Creating package script '/home/ake/sim_drone/ake_drone_sim/install/drone_msgs/share/drone_msgs/package.bash'
[1.770s] colcon.colcon_core.shell INFO Creating package script '/home/ake/sim_drone/ake_drone_sim/install/drone_msgs/share/drone_msgs/package.zsh'
[1.771s] colcon.colcon_core.environment Level 1 create_file_with_runtime_dependencies(/home/ake/sim_drone/ake_drone_sim/install/drone_msgs/share/colcon-core/packages/drone_msgs)
[1.771s] colcon.colcon_core.environment Level 1 create_environment_scripts_only(drone_msgs)
[1.771s] colcon.colcon_core.environment Level 1 checking '/home/ake/sim_drone/ake_drone_sim/install/drone_msgs' for CMake module files
[1.771s] colcon.colcon_core.environment Level 1 checking '/home/ake/sim_drone/ake_drone_sim/install/drone_msgs' for CMake config files
[1.772s] colcon.colcon_core.shell Level 1 create_environment_hook('drone_msgs', 'cmake_prefix_path')
[1.772s] colcon.colcon_core.shell INFO Creating environment hook '/home/ake/sim_drone/ake_drone_sim/install/drone_msgs/share/drone_msgs/hook/cmake_prefix_path.ps1'
[1.772s] colcon.colcon_core.shell INFO Creating environment descriptor '/home/ake/sim_drone/ake_drone_sim/install/drone_msgs/share/drone_msgs/hook/cmake_prefix_path.dsv'
[1.772s] colcon.colcon_core.shell INFO Creating environment hook '/home/ake/sim_drone/ake_drone_sim/install/drone_msgs/share/drone_msgs/hook/cmake_prefix_path.sh'
[1.773s] colcon.colcon_core.environment Level 1 checking '/home/ake/sim_drone/ake_drone_sim/install/drone_msgs/lib'
[1.773s] colcon.colcon_core.shell Level 1 create_environment_hook('drone_msgs', 'ld_library_path_lib')
[1.773s] colcon.colcon_core.shell INFO Creating environment hook '/home/ake/sim_drone/ake_drone_sim/install/drone_msgs/share/drone_msgs/hook/ld_library_path_lib.ps1'
[1.773s] colcon.colcon_core.shell INFO Creating environment descriptor '/home/ake/sim_drone/ake_drone_sim/install/drone_msgs/share/drone_msgs/hook/ld_library_path_lib.dsv'
[1.773s] colcon.colcon_core.shell INFO Creating environment hook '/home/ake/sim_drone/ake_drone_sim/install/drone_msgs/share/drone_msgs/hook/ld_library_path_lib.sh'
[1.773s] colcon.colcon_core.environment Level 1 checking '/home/ake/sim_drone/ake_drone_sim/install/drone_msgs/bin'
[1.773s] colcon.colcon_core.environment Level 1 checking '/home/ake/sim_drone/ake_drone_sim/install/drone_msgs/lib/pkgconfig/drone_msgs.pc'
[1.774s] colcon.colcon_core.environment Level 1 checking '/home/ake/sim_drone/ake_drone_sim/install/drone_msgs/lib/python3.10/site-packages'
[1.774s] colcon.colcon_core.environment Level 1 checking '/home/ake/sim_drone/ake_drone_sim/install/drone_msgs/bin'
[1.774s] colcon.colcon_core.shell INFO Creating package script '/home/ake/sim_drone/ake_drone_sim/install/drone_msgs/share/drone_msgs/package.ps1'
[1.774s] colcon.colcon_core.shell INFO Creating package descriptor '/home/ake/sim_drone/ake_drone_sim/install/drone_msgs/share/drone_msgs/package.dsv'
[1.774s] colcon.colcon_core.shell INFO Creating package script '/home/ake/sim_drone/ake_drone_sim/install/drone_msgs/share/drone_msgs/package.sh'
[1.775s] colcon.colcon_core.shell INFO Creating package script '/home/ake/sim_drone/ake_drone_sim/install/drone_msgs/share/drone_msgs/package.bash'
[1.775s] colcon.colcon_core.shell INFO Creating package script '/home/ake/sim_drone/ake_drone_sim/install/drone_msgs/share/drone_msgs/package.zsh'
[1.775s] colcon.colcon_core.environment Level 1 create_file_with_runtime_dependencies(/home/ake/sim_drone/ake_drone_sim/install/drone_msgs/share/colcon-core/packages/drone_msgs)
[14.911s] colcon.colcon_core.event_handler.log_command DEBUG Invoked command in '/home/ake/sim_drone/ake_drone_sim/build/drone_dynamics' returned '0': CMAKE_PREFIX_PATH=/opt/ros/humble /usr/bin/cmake --build /home/ake/sim_drone/ake_drone_sim/build/drone_dynamics -- -j20 -l20
[14.912s] colcon.colcon_core.event_handler.log_command DEBUG Invoking command in '/home/ake/sim_drone/ake_drone_sim/build/drone_dynamics': CMAKE_PREFIX_PATH=/opt/ros/humble /usr/bin/cmake --install /home/ake/sim_drone/ake_drone_sim/build/drone_dynamics
[15.194s] colcon.colcon_core.environment Level 1 create_environment_scripts_only(drone_dynamics)
[15.194s] colcon.colcon_core.environment Level 1 checking '/home/ake/sim_drone/ake_drone_sim/install/drone_dynamics' for CMake module files
[15.194s] colcon.colcon_core.event_handler.log_command DEBUG Invoked command in '/home/ake/sim_drone/ake_drone_sim/build/drone_dynamics' returned '0': CMAKE_PREFIX_PATH=/opt/ros/humble /usr/bin/cmake --install /home/ake/sim_drone/ake_drone_sim/build/drone_dynamics
[15.195s] colcon.colcon_core.environment Level 1 checking '/home/ake/sim_drone/ake_drone_sim/install/drone_dynamics' for CMake config files
[15.195s] colcon.colcon_core.shell Level 1 create_environment_hook('drone_dynamics', 'cmake_prefix_path')
[15.195s] colcon.colcon_core.shell INFO Creating environment hook '/home/ake/sim_drone/ake_drone_sim/install/drone_dynamics/share/drone_dynamics/hook/cmake_prefix_path.ps1'
[15.195s] colcon.colcon_core.shell INFO Creating environment descriptor '/home/ake/sim_drone/ake_drone_sim/install/drone_dynamics/share/drone_dynamics/hook/cmake_prefix_path.dsv'
[15.195s] colcon.colcon_core.shell INFO Creating environment hook '/home/ake/sim_drone/ake_drone_sim/install/drone_dynamics/share/drone_dynamics/hook/cmake_prefix_path.sh'
[15.196s] colcon.colcon_core.environment Level 1 checking '/home/ake/sim_drone/ake_drone_sim/install/drone_dynamics/lib'
[15.196s] colcon.colcon_core.shell Level 1 create_environment_hook('drone_dynamics', 'ld_library_path_lib')
[15.196s] colcon.colcon_core.shell INFO Creating environment hook '/home/ake/sim_drone/ake_drone_sim/install/drone_dynamics/share/drone_dynamics/hook/ld_library_path_lib.ps1'
[15.196s] colcon.colcon_core.shell INFO Creating environment descriptor '/home/ake/sim_drone/ake_drone_sim/install/drone_dynamics/share/drone_dynamics/hook/ld_library_path_lib.dsv'
[15.196s] colcon.colcon_core.shell INFO Creating environment hook '/home/ake/sim_drone/ake_drone_sim/install/drone_dynamics/share/drone_dynamics/hook/ld_library_path_lib.sh'
[15.196s] colcon.colcon_core.environment Level 1 checking '/home/ake/sim_drone/ake_drone_sim/install/drone_dynamics/bin'
[15.196s] colcon.colcon_core.environment Level 1 checking '/home/ake/sim_drone/ake_drone_sim/install/drone_dynamics/lib/pkgconfig/drone_dynamics.pc'
[15.196s] colcon.colcon_core.environment Level 1 checking '/home/ake/sim_drone/ake_drone_sim/install/drone_dynamics/lib/python3.10/site-packages'
[15.196s] colcon.colcon_core.environment Level 1 checking '/home/ake/sim_drone/ake_drone_sim/install/drone_dynamics/bin'
[15.197s] colcon.colcon_core.shell INFO Creating package script '/home/ake/sim_drone/ake_drone_sim/install/drone_dynamics/share/drone_dynamics/package.ps1'
[15.197s] colcon.colcon_core.shell INFO Creating package descriptor '/home/ake/sim_drone/ake_drone_sim/install/drone_dynamics/share/drone_dynamics/package.dsv'
[15.197s] colcon.colcon_core.shell INFO Creating package script '/home/ake/sim_drone/ake_drone_sim/install/drone_dynamics/share/drone_dynamics/package.sh'
[15.197s] colcon.colcon_core.shell INFO Creating package script '/home/ake/sim_drone/ake_drone_sim/install/drone_dynamics/share/drone_dynamics/package.bash'
[15.198s] colcon.colcon_core.shell INFO Creating package script '/home/ake/sim_drone/ake_drone_sim/install/drone_dynamics/share/drone_dynamics/package.zsh'
[15.198s] colcon.colcon_core.environment Level 1 create_file_with_runtime_dependencies(/home/ake/sim_drone/ake_drone_sim/install/drone_dynamics/share/colcon-core/packages/drone_dynamics)
[15.198s] colcon.colcon_core.environment Level 1 create_environment_scripts_only(drone_dynamics)
[15.198s] colcon.colcon_core.environment Level 1 checking '/home/ake/sim_drone/ake_drone_sim/install/drone_dynamics' for CMake module files
[15.199s] colcon.colcon_core.environment Level 1 checking '/home/ake/sim_drone/ake_drone_sim/install/drone_dynamics' for CMake config files
[15.199s] colcon.colcon_core.shell Level 1 create_environment_hook('drone_dynamics', 'cmake_prefix_path')
[15.199s] colcon.colcon_core.shell INFO Creating environment hook '/home/ake/sim_drone/ake_drone_sim/install/drone_dynamics/share/drone_dynamics/hook/cmake_prefix_path.ps1'
[15.199s] colcon.colcon_core.shell INFO Creating environment descriptor '/home/ake/sim_drone/ake_drone_sim/install/drone_dynamics/share/drone_dynamics/hook/cmake_prefix_path.dsv'
[15.200s] colcon.colcon_core.shell INFO Creating environment hook '/home/ake/sim_drone/ake_drone_sim/install/drone_dynamics/share/drone_dynamics/hook/cmake_prefix_path.sh'
[15.200s] colcon.colcon_core.environment Level 1 checking '/home/ake/sim_drone/ake_drone_sim/install/drone_dynamics/lib'
[15.200s] colcon.colcon_core.shell Level 1 create_environment_hook('drone_dynamics', 'ld_library_path_lib')
[15.200s] colcon.colcon_core.shell INFO Creating environment hook '/home/ake/sim_drone/ake_drone_sim/install/drone_dynamics/share/drone_dynamics/hook/ld_library_path_lib.ps1'
[15.200s] colcon.colcon_core.shell INFO Creating environment descriptor '/home/ake/sim_drone/ake_drone_sim/install/drone_dynamics/share/drone_dynamics/hook/ld_library_path_lib.dsv'
[15.201s] colcon.colcon_core.shell INFO Creating environment hook '/home/ake/sim_drone/ake_drone_sim/install/drone_dynamics/share/drone_dynamics/hook/ld_library_path_lib.sh'
[15.201s] colcon.colcon_core.environment Level 1 checking '/home/ake/sim_drone/ake_drone_sim/install/drone_dynamics/bin'
[15.201s] colcon.colcon_core.environment Level 1 checking '/home/ake/sim_drone/ake_drone_sim/install/drone_dynamics/lib/pkgconfig/drone_dynamics.pc'
[15.201s] colcon.colcon_core.environment Level 1 checking '/home/ake/sim_drone/ake_drone_sim/install/drone_dynamics/lib/python3.10/site-packages'
[15.201s] colcon.colcon_core.environment Level 1 checking '/home/ake/sim_drone/ake_drone_sim/install/drone_dynamics/bin'
[15.201s] colcon.colcon_core.shell INFO Creating package script '/home/ake/sim_drone/ake_drone_sim/install/drone_dynamics/share/drone_dynamics/package.ps1'
[15.202s] colcon.colcon_core.shell INFO Creating package descriptor '/home/ake/sim_drone/ake_drone_sim/install/drone_dynamics/share/drone_dynamics/package.dsv'
[15.202s] colcon.colcon_core.shell INFO Creating package script '/home/ake/sim_drone/ake_drone_sim/install/drone_dynamics/share/drone_dynamics/package.sh'
[15.202s] colcon.colcon_core.shell INFO Creating package script '/home/ake/sim_drone/ake_drone_sim/install/drone_dynamics/share/drone_dynamics/package.bash'
[15.202s] colcon.colcon_core.shell INFO Creating package script '/home/ake/sim_drone/ake_drone_sim/install/drone_dynamics/share/drone_dynamics/package.zsh'
[15.202s] colcon.colcon_core.environment Level 1 create_file_with_runtime_dependencies(/home/ake/sim_drone/ake_drone_sim/install/drone_dynamics/share/colcon-core/packages/drone_dynamics)
[15.203s] colcon.colcon_ros.task.ament_cmake.build INFO Building ROS package in '/home/ake/sim_drone/ake_drone_sim/src/drone_map' with build type 'ament_cmake'
[15.203s] colcon.colcon_cmake.task.cmake.build INFO Building CMake package in '/home/ake/sim_drone/ake_drone_sim/src/drone_map'
[15.203s] colcon.colcon_core.shell INFO Skip shell extension 'powershell' for command environment: Not usable outside of PowerShell
[15.203s] colcon.colcon_core.shell DEBUG Skip shell extension 'dsv' for command environment
[15.205s] colcon.colcon_ros.task.ament_cmake.build INFO Building ROS package in '/home/ake/sim_drone/ake_drone_sim/src/drone_controller' with build type 'ament_cmake'
[15.205s] colcon.colcon_cmake.task.cmake.build INFO Building CMake package in '/home/ake/sim_drone/ake_drone_sim/src/drone_controller'
[15.205s] colcon.colcon_core.shell INFO Skip shell extension 'powershell' for command environment: Not usable outside of PowerShell
[15.205s] colcon.colcon_core.shell DEBUG Skip shell extension 'dsv' for command environment
[15.210s] colcon.colcon_core.event_handler.log_command DEBUG Invoking command in '/home/ake/sim_drone/ake_drone_sim/build/drone_map': AMENT_PREFIX_PATH=/home/ake/sim_drone/ake_drone_sim/install/drone_dynamics:${AMENT_PREFIX_PATH} CMAKE_PREFIX_PATH=/home/ake/sim_drone/ake_drone_sim/install/drone_dynamics:/opt/ros/humble LD_LIBRARY_PATH=/home/ake/sim_drone/ake_drone_sim/install/drone_dynamics/lib:${LD_LIBRARY_PATH} /usr/bin/cmake /home/ake/sim_drone/ake_drone_sim/src/drone_map -DAMENT_CMAKE_SYMLINK_INSTALL=1 -DCMAKE_INSTALL_PREFIX=/home/ake/sim_drone/ake_drone_sim/install/drone_map
[15.213s] colcon.colcon_core.event_handler.log_command DEBUG Invoking command in '/home/ake/sim_drone/ake_drone_sim/build/drone_controller': AMENT_PREFIX_PATH=/home/ake/sim_drone/ake_drone_sim/install/drone_msgs:/home/ake/sim_drone/ake_drone_sim/install/drone_dynamics:${AMENT_PREFIX_PATH} CMAKE_PREFIX_PATH=/home/ake/sim_drone/ake_drone_sim/install/drone_msgs:/home/ake/sim_drone/ake_drone_sim/install/drone_dynamics:/opt/ros/humble LD_LIBRARY_PATH=/home/ake/sim_drone/ake_drone_sim/install/drone_msgs/lib:/home/ake/sim_drone/ake_drone_sim/install/drone_dynamics/lib:${LD_LIBRARY_PATH} PYTHONPATH=/home/ake/sim_drone/ake_drone_sim/install/drone_msgs/local/lib/python3.10/dist-packages:${PYTHONPATH} /usr/bin/cmake /home/ake/sim_drone/ake_drone_sim/src/drone_controller -DAMENT_CMAKE_SYMLINK_INSTALL=1 -DCMAKE_INSTALL_PREFIX=/home/ake/sim_drone/ake_drone_sim/install/drone_controller
[16.183s] colcon.colcon_core.event_handler.log_command DEBUG Invoked command in '/home/ake/sim_drone/ake_drone_sim/build/drone_map' returned '1': AMENT_PREFIX_PATH=/home/ake/sim_drone/ake_drone_sim/install/drone_dynamics:${AMENT_PREFIX_PATH} CMAKE_PREFIX_PATH=/home/ake/sim_drone/ake_drone_sim/install/drone_dynamics:/opt/ros/humble LD_LIBRARY_PATH=/home/ake/sim_drone/ake_drone_sim/install/drone_dynamics/lib:${LD_LIBRARY_PATH} /usr/bin/cmake /home/ake/sim_drone/ake_drone_sim/src/drone_map -DAMENT_CMAKE_SYMLINK_INSTALL=1 -DCMAKE_INSTALL_PREFIX=/home/ake/sim_drone/ake_drone_sim/install/drone_map
[16.184s] colcon.colcon_core.event_handler.log_command DEBUG Invoked command in '/home/ake/sim_drone/ake_drone_sim/build/drone_controller' returned '1': AMENT_PREFIX_PATH=/home/ake/sim_drone/ake_drone_sim/install/drone_msgs:/home/ake/sim_drone/ake_drone_sim/install/drone_dynamics:${AMENT_PREFIX_PATH} CMAKE_PREFIX_PATH=/home/ake/sim_drone/ake_drone_sim/install/drone_msgs:/home/ake/sim_drone/ake_drone_sim/install/drone_dynamics:/opt/ros/humble LD_LIBRARY_PATH=/home/ake/sim_drone/ake_drone_sim/install/drone_msgs/lib:/home/ake/sim_drone/ake_drone_sim/install/drone_dynamics/lib:${LD_LIBRARY_PATH} PYTHONPATH=/home/ake/sim_drone/ake_drone_sim/install/drone_msgs/local/lib/python3.10/dist-packages:${PYTHONPATH} /usr/bin/cmake /home/ake/sim_drone/ake_drone_sim/src/drone_controller -DAMENT_CMAKE_SYMLINK_INSTALL=1 -DCMAKE_INSTALL_PREFIX=/home/ake/sim_drone/ake_drone_sim/install/drone_controller
[16.190s] colcon.colcon_core.environment Level 1 create_environment_scripts_only(drone_map)
[16.191s] colcon.colcon_core.environment Level 1 checking '/home/ake/sim_drone/ake_drone_sim/install/drone_map' for CMake module files
[16.191s] colcon.colcon_core.environment Level 1 checking '/home/ake/sim_drone/ake_drone_sim/install/drone_map' for CMake config files
[16.191s] colcon.colcon_core.environment Level 1 checking '/home/ake/sim_drone/ake_drone_sim/install/drone_map/bin'
[16.191s] colcon.colcon_core.environment Level 1 checking '/home/ake/sim_drone/ake_drone_sim/install/drone_map/lib/pkgconfig/drone_map.pc'
[16.191s] colcon.colcon_core.environment Level 1 checking '/home/ake/sim_drone/ake_drone_sim/install/drone_map/lib/python3.10/site-packages'
[16.191s] colcon.colcon_core.environment Level 1 checking '/home/ake/sim_drone/ake_drone_sim/install/drone_map/bin'
[16.191s] colcon.colcon_core.shell INFO Creating package script '/home/ake/sim_drone/ake_drone_sim/install/drone_map/share/drone_map/package.ps1'
[16.192s] colcon.colcon_core.shell INFO Creating package descriptor '/home/ake/sim_drone/ake_drone_sim/install/drone_map/share/drone_map/package.dsv'
[16.192s] colcon.colcon_core.shell INFO Creating package script '/home/ake/sim_drone/ake_drone_sim/install/drone_map/share/drone_map/package.sh'
[16.192s] colcon.colcon_core.shell INFO Creating package script '/home/ake/sim_drone/ake_drone_sim/install/drone_map/share/drone_map/package.bash'
[16.192s] colcon.colcon_core.shell INFO Creating package script '/home/ake/sim_drone/ake_drone_sim/install/drone_map/share/drone_map/package.zsh'
[16.192s] colcon.colcon_core.environment Level 1 create_file_with_runtime_dependencies(/home/ake/sim_drone/ake_drone_sim/install/drone_map/share/colcon-core/packages/drone_map)
[16.203s] colcon.colcon_parallel_executor.executor.parallel DEBUG closing loop
[16.203s] colcon.colcon_parallel_executor.executor.parallel DEBUG loop closed
[16.203s] colcon.colcon_parallel_executor.executor.parallel DEBUG run_until_complete finished with '1'
[16.203s] colcon.colcon_core.event_reactor DEBUG joining thread
[16.206s] colcon.colcon_core.plugin_system INFO Skipping extension 'colcon_notification.desktop_notification.terminal_notifier': Not used on non-Darwin systems
[16.206s] colcon.colcon_core.plugin_system INFO Skipping extension 'colcon_notification.desktop_notification.win32': Not used on non-Windows systems
[16.206s] colcon.colcon_notification.desktop_notification INFO Sending desktop notification using 'notify2'
[16.212s] colcon.colcon_core.event_reactor DEBUG joined thread
[16.212s] colcon.colcon_core.shell INFO Creating prefix script '/home/ake/sim_drone/ake_drone_sim/install/local_setup.ps1'
[16.213s] colcon.colcon_core.shell INFO Creating prefix util module '/home/ake/sim_drone/ake_drone_sim/install/_local_setup_util_ps1.py'
[16.214s] colcon.colcon_core.shell INFO Creating prefix chain script '/home/ake/sim_drone/ake_drone_sim/install/setup.ps1'
[16.215s] colcon.colcon_core.shell INFO Creating prefix script '/home/ake/sim_drone/ake_drone_sim/install/local_setup.sh'
[16.215s] colcon.colcon_core.shell INFO Creating prefix util module '/home/ake/sim_drone/ake_drone_sim/install/_local_setup_util_sh.py'
[16.215s] colcon.colcon_core.shell INFO Creating prefix chain script '/home/ake/sim_drone/ake_drone_sim/install/setup.sh'
[16.216s] colcon.colcon_core.shell INFO Creating prefix script '/home/ake/sim_drone/ake_drone_sim/install/local_setup.bash'
[16.217s] colcon.colcon_core.shell INFO Creating prefix chain script '/home/ake/sim_drone/ake_drone_sim/install/setup.bash'
[16.217s] colcon.colcon_core.shell INFO Creating prefix script '/home/ake/sim_drone/ake_drone_sim/install/local_setup.zsh'
[16.218s] colcon.colcon_core.shell INFO Creating prefix chain script '/home/ake/sim_drone/ake_drone_sim/install/setup.zsh'
