[0.008s] Invoking command in '/home/ake/sim_drone/ake_drone_sim/build/drone_map': AMENT_PREFIX_PATH=/home/ake/sim_drone/ake_drone_sim/install/drone_dynamics:${AMENT_PREFIX_PATH} CMAKE_PREFIX_PATH=/home/ake/sim_drone/ake_drone_sim/install/drone_dynamics:/opt/ros/humble LD_LIBRARY_PATH=/home/ake/sim_drone/ake_drone_sim/install/drone_dynamics/lib:${LD_LIBRARY_PATH} /usr/bin/cmake --build /home/ake/sim_drone/ake_drone_sim/build/drone_map -- -j20 -l20
[0.055s] Consolidate compiler generated dependencies of target drone_map_core
[0.072s] [ 33%] Built target drone_map_core
[0.090s] Consolidate compiler generated dependencies of target voxel_map_node
[0.090s] Consolidate compiler generated dependencies of target simulated_lidar_node
[0.103s] [ 50%] Building CXX object CMakeFiles/simulated_lidar_node.dir/src/simulated_lidar_node.cpp.o
[0.105s] [ 83%] Built target voxel_map_node
[6.562s] [100%] Linking CXX executable simulated_lidar_node
[6.914s] [100%] Built target simulated_lidar_node
[6.921s] Invoked command in '/home/ake/sim_drone/ake_drone_sim/build/drone_map' returned '0': AMENT_PREFIX_PATH=/home/ake/sim_drone/ake_drone_sim/install/drone_dynamics:${AMENT_PREFIX_PATH} CMAKE_PREFIX_PATH=/home/ake/sim_drone/ake_drone_sim/install/drone_dynamics:/opt/ros/humble LD_LIBRARY_PATH=/home/ake/sim_drone/ake_drone_sim/install/drone_dynamics/lib:${LD_LIBRARY_PATH} /usr/bin/cmake --build /home/ake/sim_drone/ake_drone_sim/build/drone_map -- -j20 -l20
[6.928s] Invoking command in '/home/ake/sim_drone/ake_drone_sim/build/drone_map': AMENT_PREFIX_PATH=/home/ake/sim_drone/ake_drone_sim/install/drone_dynamics:${AMENT_PREFIX_PATH} CMAKE_PREFIX_PATH=/home/ake/sim_drone/ake_drone_sim/install/drone_dynamics:/opt/ros/humble LD_LIBRARY_PATH=/home/ake/sim_drone/ake_drone_sim/install/drone_dynamics/lib:${LD_LIBRARY_PATH} /usr/bin/cmake --install /home/ake/sim_drone/ake_drone_sim/build/drone_map
[6.936s] -- Install configuration: ""
[6.936s] -- Execute custom install script
[6.937s] -- Up-to-date symlink: /home/ake/sim_drone/ake_drone_sim/install/drone_map/lib/drone_map/voxel_map_node
[6.937s] -- Up-to-date symlink: /home/ake/sim_drone/ake_drone_sim/install/drone_map/lib/drone_map/simulated_lidar_node
[6.937s] -- Up-to-date symlink: /home/ake/sim_drone/ake_drone_sim/install/drone_map/include/ake_drone_sim/pointcloud_utils.hpp
[6.937s] -- Up-to-date symlink: /home/ake/sim_drone/ake_drone_sim/install/drone_map/include/ake_drone_sim/voxel_grid.hpp
[6.937s] -- Up-to-date symlink: /home/ake/sim_drone/ake_drone_sim/install/drone_map/share/drone_map/environment/library_path.sh
[6.937s] -- Up-to-date symlink: /home/ake/sim_drone/ake_drone_sim/install/drone_map/share/drone_map/environment/library_path.dsv
[6.937s] -- Up-to-date symlink: /home/ake/sim_drone/ake_drone_sim/install/drone_map/share/ament_index/resource_index/package_run_dependencies/drone_map
[6.938s] -- Up-to-date symlink: /home/ake/sim_drone/ake_drone_sim/install/drone_map/share/ament_index/resource_index/parent_prefix_path/drone_map
[6.938s] -- Up-to-date symlink: /home/ake/sim_drone/ake_drone_sim/install/drone_map/share/drone_map/environment/ament_prefix_path.sh
[6.938s] -- Up-to-date symlink: /home/ake/sim_drone/ake_drone_sim/install/drone_map/share/drone_map/environment/ament_prefix_path.dsv
[6.938s] -- Up-to-date symlink: /home/ake/sim_drone/ake_drone_sim/install/drone_map/share/drone_map/environment/path.sh
[6.938s] -- Up-to-date symlink: /home/ake/sim_drone/ake_drone_sim/install/drone_map/share/drone_map/environment/path.dsv
[6.938s] -- Up-to-date symlink: /home/ake/sim_drone/ake_drone_sim/install/drone_map/share/drone_map/local_setup.bash
[6.938s] -- Up-to-date symlink: /home/ake/sim_drone/ake_drone_sim/install/drone_map/share/drone_map/local_setup.sh
[6.938s] -- Up-to-date symlink: /home/ake/sim_drone/ake_drone_sim/install/drone_map/share/drone_map/local_setup.zsh
[6.938s] -- Up-to-date symlink: /home/ake/sim_drone/ake_drone_sim/install/drone_map/share/drone_map/local_setup.dsv
[6.938s] -- Symlinking: /home/ake/sim_drone/ake_drone_sim/install/drone_map/share/drone_map/package.dsv
[6.946s] -- Up-to-date symlink: /home/ake/sim_drone/ake_drone_sim/install/drone_map/share/ament_index/resource_index/packages/drone_map
[6.946s] -- Up-to-date symlink: /home/ake/sim_drone/ake_drone_sim/install/drone_map/share/drone_map/cmake/ament_cmake_export_targets-extras.cmake
[6.946s] -- Up-to-date symlink: /home/ake/sim_drone/ake_drone_sim/install/drone_map/share/drone_map/cmake/ament_cmake_export_dependencies-extras.cmake
[6.946s] -- Up-to-date symlink: /home/ake/sim_drone/ake_drone_sim/install/drone_map/share/drone_map/cmake/drone_mapConfig.cmake
[6.946s] -- Up-to-date symlink: /home/ake/sim_drone/ake_drone_sim/install/drone_map/share/drone_map/cmake/drone_mapConfig-version.cmake
[6.946s] -- Up-to-date symlink: /home/ake/sim_drone/ake_drone_sim/install/drone_map/share/drone_map/package.xml
[6.946s] -- Up-to-date: /home/ake/sim_drone/ake_drone_sim/install/drone_map/lib/libdrone_map_core.so
[6.947s] -- Up-to-date: /home/ake/sim_drone/ake_drone_sim/install/drone_map/share/drone_map/cmake/export_drone_mapExport.cmake
[6.947s] -- Up-to-date: /home/ake/sim_drone/ake_drone_sim/install/drone_map/share/drone_map/cmake/export_drone_mapExport-noconfig.cmake
[6.948s] Invoked command in '/home/ake/sim_drone/ake_drone_sim/build/drone_map' returned '0': AMENT_PREFIX_PATH=/home/ake/sim_drone/ake_drone_sim/install/drone_dynamics:${AMENT_PREFIX_PATH} CMAKE_PREFIX_PATH=/home/ake/sim_drone/ake_drone_sim/install/drone_dynamics:/opt/ros/humble LD_LIBRARY_PATH=/home/ake/sim_drone/ake_drone_sim/install/drone_dynamics/lib:${LD_LIBRARY_PATH} /usr/bin/cmake --install /home/ake/sim_drone/ake_drone_sim/build/drone_map
