[  3%] Built target drone_msgs__cpp
[ 12%] Built target drone_msgs__rosidl_generator_c
[ 12%] Built target ament_cmake_python_symlink_drone_msgs
[ 22%] Built target drone_msgs__rosidl_typesupport_introspection_cpp
[ 32%] Built target drone_msgs__rosidl_typesupport_fastrtps_cpp
[ 48%] Built target drone_msgs__rosidl_typesupport_introspection_c
[ 51%] Built target drone_msgs__rosidl_typesupport_cpp
[ 61%] Built target drone_msgs__rosidl_typesupport_fastrtps_c
[ 70%] Built target drone_msgs__rosidl_typesupport_c
[ 70%] Built target drone_msgs
[ 74%] Built target drone_msgs__py
[ 80%] Built target drone_msgs__rosidl_generator_py
[ 87%] Built target drone_msgs__rosidl_typesupport_introspection_c__pyext
[ 93%] Built target drone_msgs__rosidl_typesupport_c__pyext
[100%] Built target drone_msgs__rosidl_typesupport_fastrtps_c__pyext
running egg_info
writing drone_msgs.egg-info/PKG-INFO
writing dependency_links to drone_msgs.egg-info/dependency_links.txt
writing top-level names to drone_msgs.egg-info/top_level.txt
reading manifest file 'drone_msgs.egg-info/SOURCES.txt'
writing manifest file 'drone_msgs.egg-info/SOURCES.txt'
[100%] Built target ament_cmake_python_build_drone_msgs_egg
-- Install configuration: ""
-- Execute custom install script
-- Up-to-date symlink: /home/ake/sim_drone/ake_drone_sim/install/drone_msgs/share/ament_index/resource_index/rosidl_interfaces/drone_msgs
-- Up-to-date symlink: /home/ake/sim_drone/ake_drone_sim/install/drone_msgs/include/drone_msgs/drone_msgs/msg/detail/trajectory_setpoint__functions.h
-- Up-to-date symlink: /home/ake/sim_drone/ake_drone_sim/install/drone_msgs/include/drone_msgs/drone_msgs/msg/detail/trajectory_setpoint__struct.h
-- Up-to-date symlink: /home/ake/sim_drone/ake_drone_sim/install/drone_msgs/include/drone_msgs/drone_msgs/msg/detail/trajectory_setpoint__type_support.h
-- Up-to-date symlink: /home/ake/sim_drone/ake_drone_sim/install/drone_msgs/include/drone_msgs/drone_msgs/msg/rosidl_generator_c__visibility_control.h
-- Up-to-date symlink: /home/ake/sim_drone/ake_drone_sim/install/drone_msgs/include/drone_msgs/drone_msgs/msg/trajectory_setpoint.h
-- Up-to-date symlink: /home/ake/sim_drone/ake_drone_sim/install/drone_msgs/share/drone_msgs/environment/library_path.sh
-- Up-to-date symlink: /home/ake/sim_drone/ake_drone_sim/install/drone_msgs/share/drone_msgs/environment/library_path.dsv
-- Up-to-date symlink: /home/ake/sim_drone/ake_drone_sim/install/drone_msgs/include/drone_msgs/drone_msgs/msg/detail/trajectory_setpoint__rosidl_typesupport_fastrtps_c.h
-- Up-to-date symlink: /home/ake/sim_drone/ake_drone_sim/install/drone_msgs/include/drone_msgs/drone_msgs/msg/rosidl_typesupport_fastrtps_c__visibility_control.h
-- Up-to-date symlink: /home/ake/sim_drone/ake_drone_sim/install/drone_msgs/include/drone_msgs/drone_msgs/msg/detail/trajectory_setpoint__rosidl_typesupport_introspection_c.h
-- Up-to-date symlink: /home/ake/sim_drone/ake_drone_sim/install/drone_msgs/include/drone_msgs/drone_msgs/msg/rosidl_typesupport_introspection_c__visibility_control.h
-- Up-to-date symlink: /home/ake/sim_drone/ake_drone_sim/install/drone_msgs/include/drone_msgs/drone_msgs/msg/detail/trajectory_setpoint__builder.hpp
-- Up-to-date symlink: /home/ake/sim_drone/ake_drone_sim/install/drone_msgs/include/drone_msgs/drone_msgs/msg/detail/trajectory_setpoint__struct.hpp
-- Up-to-date symlink: /home/ake/sim_drone/ake_drone_sim/install/drone_msgs/include/drone_msgs/drone_msgs/msg/detail/trajectory_setpoint__traits.hpp
-- Up-to-date symlink: /home/ake/sim_drone/ake_drone_sim/install/drone_msgs/include/drone_msgs/drone_msgs/msg/detail/trajectory_setpoint__type_support.hpp
-- Up-to-date symlink: /home/ake/sim_drone/ake_drone_sim/install/drone_msgs/include/drone_msgs/drone_msgs/msg/rosidl_generator_cpp__visibility_control.hpp
-- Up-to-date symlink: /home/ake/sim_drone/ake_drone_sim/install/drone_msgs/include/drone_msgs/drone_msgs/msg/trajectory_setpoint.hpp
-- Up-to-date symlink: /home/ake/sim_drone/ake_drone_sim/install/drone_msgs/include/drone_msgs/drone_msgs/msg/detail/trajectory_setpoint__rosidl_typesupport_fastrtps_cpp.hpp
-- Up-to-date symlink: /home/ake/sim_drone/ake_drone_sim/install/drone_msgs/include/drone_msgs/drone_msgs/msg/rosidl_typesupport_fastrtps_cpp__visibility_control.h
-- Up-to-date symlink: /home/ake/sim_drone/ake_drone_sim/install/drone_msgs/include/drone_msgs/drone_msgs/msg/detail/trajectory_setpoint__rosidl_typesupport_introspection_cpp.hpp
-- Up-to-date symlink: /home/ake/sim_drone/ake_drone_sim/install/drone_msgs/share/drone_msgs/environment/pythonpath.sh
-- Up-to-date symlink: /home/ake/sim_drone/ake_drone_sim/install/drone_msgs/share/drone_msgs/environment/pythonpath.dsv
-- Up-to-date symlink: /home/ake/sim_drone/ake_drone_sim/install/drone_msgs/local/lib/python3.10/dist-packages/drone_msgs-0.1.0-py3.10.egg-info/PKG-INFO
-- Up-to-date symlink: /home/ake/sim_drone/ake_drone_sim/install/drone_msgs/local/lib/python3.10/dist-packages/drone_msgs-0.1.0-py3.10.egg-info/SOURCES.txt
-- Up-to-date symlink: /home/ake/sim_drone/ake_drone_sim/install/drone_msgs/local/lib/python3.10/dist-packages/drone_msgs-0.1.0-py3.10.egg-info/dependency_links.txt
-- Up-to-date symlink: /home/ake/sim_drone/ake_drone_sim/install/drone_msgs/local/lib/python3.10/dist-packages/drone_msgs-0.1.0-py3.10.egg-info/top_level.txt
-- Up-to-date symlink: /home/ake/sim_drone/ake_drone_sim/install/drone_msgs/local/lib/python3.10/dist-packages/drone_msgs/__init__.py
-- Up-to-date symlink: /home/ake/sim_drone/ake_drone_sim/install/drone_msgs/local/lib/python3.10/dist-packages/drone_msgs/_drone_msgs_s.ep.rosidl_typesupport_c.c
-- Up-to-date symlink: /home/ake/sim_drone/ake_drone_sim/install/drone_msgs/local/lib/python3.10/dist-packages/drone_msgs/_drone_msgs_s.ep.rosidl_typesupport_fastrtps_c.c
-- Up-to-date symlink: /home/ake/sim_drone/ake_drone_sim/install/drone_msgs/local/lib/python3.10/dist-packages/drone_msgs/_drone_msgs_s.ep.rosidl_typesupport_introspection_c.c
-- Up-to-date symlink: /home/ake/sim_drone/ake_drone_sim/install/drone_msgs/local/lib/python3.10/dist-packages/drone_msgs/drone_msgs_s__rosidl_typesupport_c.cpython-310-x86_64-linux-gnu.so
-- Up-to-date symlink: /home/ake/sim_drone/ake_drone_sim/install/drone_msgs/local/lib/python3.10/dist-packages/drone_msgs/drone_msgs_s__rosidl_typesupport_fastrtps_c.cpython-310-x86_64-linux-gnu.so
-- Up-to-date symlink: /home/ake/sim_drone/ake_drone_sim/install/drone_msgs/local/lib/python3.10/dist-packages/drone_msgs/drone_msgs_s__rosidl_typesupport_introspection_c.cpython-310-x86_64-linux-gnu.so
-- Up-to-date symlink: /home/ake/sim_drone/ake_drone_sim/install/drone_msgs/local/lib/python3.10/dist-packages/drone_msgs/libdrone_msgs__rosidl_generator_py.so
-- Up-to-date symlink: /home/ake/sim_drone/ake_drone_sim/install/drone_msgs/local/lib/python3.10/dist-packages/drone_msgs/msg/__init__.py
-- Up-to-date symlink: /home/ake/sim_drone/ake_drone_sim/install/drone_msgs/local/lib/python3.10/dist-packages/drone_msgs/msg/_trajectory_setpoint.py
-- Up-to-date symlink: /home/ake/sim_drone/ake_drone_sim/install/drone_msgs/local/lib/python3.10/dist-packages/drone_msgs/msg/_trajectory_setpoint_s.c
-- Up-to-date symlink: /home/ake/sim_drone/ake_drone_sim/install/drone_msgs/local/lib/python3.10/dist-packages/drone_msgs/drone_msgs_s__rosidl_typesupport_fastrtps_c.cpython-310-x86_64-linux-gnu.so
-- Up-to-date symlink: /home/ake/sim_drone/ake_drone_sim/install/drone_msgs/local/lib/python3.10/dist-packages/drone_msgs/drone_msgs_s__rosidl_typesupport_introspection_c.cpython-310-x86_64-linux-gnu.so
-- Up-to-date symlink: /home/ake/sim_drone/ake_drone_sim/install/drone_msgs/local/lib/python3.10/dist-packages/drone_msgs/drone_msgs_s__rosidl_typesupport_c.cpython-310-x86_64-linux-gnu.so
-- Up-to-date symlink: /home/ake/sim_drone/ake_drone_sim/install/drone_msgs/share/drone_msgs/msg/TrajectorySetpoint.idl
-- Up-to-date symlink: /home/ake/sim_drone/ake_drone_sim/install/drone_msgs/share/drone_msgs/msg/TrajectorySetpoint.msg
-- Up-to-date symlink: /home/ake/sim_drone/ake_drone_sim/install/drone_msgs/share/ament_index/resource_index/package_run_dependencies/drone_msgs
-- Up-to-date symlink: /home/ake/sim_drone/ake_drone_sim/install/drone_msgs/share/ament_index/resource_index/parent_prefix_path/drone_msgs
-- Up-to-date symlink: /home/ake/sim_drone/ake_drone_sim/install/drone_msgs/share/drone_msgs/environment/ament_prefix_path.sh
-- Up-to-date symlink: /home/ake/sim_drone/ake_drone_sim/install/drone_msgs/share/drone_msgs/environment/ament_prefix_path.dsv
-- Up-to-date symlink: /home/ake/sim_drone/ake_drone_sim/install/drone_msgs/share/drone_msgs/environment/path.sh
-- Up-to-date symlink: /home/ake/sim_drone/ake_drone_sim/install/drone_msgs/share/drone_msgs/environment/path.dsv
-- Up-to-date symlink: /home/ake/sim_drone/ake_drone_sim/install/drone_msgs/share/drone_msgs/local_setup.bash
-- Up-to-date symlink: /home/ake/sim_drone/ake_drone_sim/install/drone_msgs/share/drone_msgs/local_setup.sh
-- Up-to-date symlink: /home/ake/sim_drone/ake_drone_sim/install/drone_msgs/share/drone_msgs/local_setup.zsh
-- Up-to-date symlink: /home/ake/sim_drone/ake_drone_sim/install/drone_msgs/share/drone_msgs/local_setup.dsv
-- Symlinking: /home/ake/sim_drone/ake_drone_sim/install/drone_msgs/share/drone_msgs/package.dsv
-- Up-to-date symlink: /home/ake/sim_drone/ake_drone_sim/install/drone_msgs/share/ament_index/resource_index/packages/drone_msgs
-- Up-to-date symlink: /home/ake/sim_drone/ake_drone_sim/install/drone_msgs/share/drone_msgs/cmake/rosidl_cmake-extras.cmake
-- Up-to-date symlink: /home/ake/sim_drone/ake_drone_sim/install/drone_msgs/share/drone_msgs/cmake/ament_cmake_export_dependencies-extras.cmake
-- Up-to-date symlink: /home/ake/sim_drone/ake_drone_sim/install/drone_msgs/share/drone_msgs/cmake/ament_cmake_export_include_directories-extras.cmake
-- Up-to-date symlink: /home/ake/sim_drone/ake_drone_sim/install/drone_msgs/share/drone_msgs/cmake/ament_cmake_export_libraries-extras.cmake
-- Up-to-date symlink: /home/ake/sim_drone/ake_drone_sim/install/drone_msgs/share/drone_msgs/cmake/ament_cmake_export_targets-extras.cmake
-- Up-to-date symlink: /home/ake/sim_drone/ake_drone_sim/install/drone_msgs/share/drone_msgs/cmake/rosidl_cmake_export_typesupport_targets-extras.cmake
-- Up-to-date symlink: /home/ake/sim_drone/ake_drone_sim/install/drone_msgs/share/drone_msgs/cmake/rosidl_cmake_export_typesupport_libraries-extras.cmake
-- Up-to-date symlink: /home/ake/sim_drone/ake_drone_sim/install/drone_msgs/share/drone_msgs/cmake/drone_msgsConfig.cmake
-- Up-to-date symlink: /home/ake/sim_drone/ake_drone_sim/install/drone_msgs/share/drone_msgs/cmake/drone_msgsConfig-version.cmake
-- Up-to-date symlink: /home/ake/sim_drone/ake_drone_sim/install/drone_msgs/share/drone_msgs/package.xml
-- Up-to-date: /home/ake/sim_drone/ake_drone_sim/install/drone_msgs/lib/libdrone_msgs__rosidl_generator_c.so
-- Up-to-date: /home/ake/sim_drone/ake_drone_sim/install/drone_msgs/lib/libdrone_msgs__rosidl_typesupport_fastrtps_c.so
-- Up-to-date: /home/ake/sim_drone/ake_drone_sim/install/drone_msgs/lib/libdrone_msgs__rosidl_typesupport_introspection_c.so
-- Up-to-date: /home/ake/sim_drone/ake_drone_sim/install/drone_msgs/lib/libdrone_msgs__rosidl_typesupport_c.so
-- Up-to-date: /home/ake/sim_drone/ake_drone_sim/install/drone_msgs/lib/libdrone_msgs__rosidl_typesupport_fastrtps_cpp.so
-- Up-to-date: /home/ake/sim_drone/ake_drone_sim/install/drone_msgs/lib/libdrone_msgs__rosidl_typesupport_introspection_cpp.so
-- Up-to-date: /home/ake/sim_drone/ake_drone_sim/install/drone_msgs/lib/libdrone_msgs__rosidl_typesupport_cpp.so
Listing '/home/ake/sim_drone/ake_drone_sim/install/drone_msgs/local/lib/python3.10/dist-packages/drone_msgs'...
Listing '/home/ake/sim_drone/ake_drone_sim/install/drone_msgs/local/lib/python3.10/dist-packages/drone_msgs/msg'...
-- Up-to-date: /home/ake/sim_drone/ake_drone_sim/install/drone_msgs/lib/libdrone_msgs__rosidl_generator_py.so
-- Up-to-date: /home/ake/sim_drone/ake_drone_sim/install/drone_msgs/share/drone_msgs/cmake/export_drone_msgs__rosidl_generator_cExport.cmake
-- Up-to-date: /home/ake/sim_drone/ake_drone_sim/install/drone_msgs/share/drone_msgs/cmake/export_drone_msgs__rosidl_generator_cExport-noconfig.cmake
-- Up-to-date: /home/ake/sim_drone/ake_drone_sim/install/drone_msgs/share/drone_msgs/cmake/export_drone_msgs__rosidl_typesupport_fastrtps_cExport.cmake
-- Up-to-date: /home/ake/sim_drone/ake_drone_sim/install/drone_msgs/share/drone_msgs/cmake/export_drone_msgs__rosidl_typesupport_fastrtps_cExport-noconfig.cmake
-- Up-to-date: /home/ake/sim_drone/ake_drone_sim/install/drone_msgs/share/drone_msgs/cmake/drone_msgs__rosidl_typesupport_introspection_cExport.cmake
-- Up-to-date: /home/ake/sim_drone/ake_drone_sim/install/drone_msgs/share/drone_msgs/cmake/drone_msgs__rosidl_typesupport_introspection_cExport-noconfig.cmake
-- Up-to-date: /home/ake/sim_drone/ake_drone_sim/install/drone_msgs/share/drone_msgs/cmake/drone_msgs__rosidl_typesupport_cExport.cmake
-- Up-to-date: /home/ake/sim_drone/ake_drone_sim/install/drone_msgs/share/drone_msgs/cmake/drone_msgs__rosidl_typesupport_cExport-noconfig.cmake
-- Up-to-date: /home/ake/sim_drone/ake_drone_sim/install/drone_msgs/share/drone_msgs/cmake/export_drone_msgs__rosidl_generator_cppExport.cmake
-- Up-to-date: /home/ake/sim_drone/ake_drone_sim/install/drone_msgs/share/drone_msgs/cmake/export_drone_msgs__rosidl_typesupport_fastrtps_cppExport.cmake
-- Up-to-date: /home/ake/sim_drone/ake_drone_sim/install/drone_msgs/share/drone_msgs/cmake/export_drone_msgs__rosidl_typesupport_fastrtps_cppExport-noconfig.cmake
-- Up-to-date: /home/ake/sim_drone/ake_drone_sim/install/drone_msgs/share/drone_msgs/cmake/drone_msgs__rosidl_typesupport_introspection_cppExport.cmake
-- Up-to-date: /home/ake/sim_drone/ake_drone_sim/install/drone_msgs/share/drone_msgs/cmake/drone_msgs__rosidl_typesupport_introspection_cppExport-noconfig.cmake
-- Up-to-date: /home/ake/sim_drone/ake_drone_sim/install/drone_msgs/share/drone_msgs/cmake/drone_msgs__rosidl_typesupport_cppExport.cmake
-- Up-to-date: /home/ake/sim_drone/ake_drone_sim/install/drone_msgs/share/drone_msgs/cmake/drone_msgs__rosidl_typesupport_cppExport-noconfig.cmake
-- Up-to-date: /home/ake/sim_drone/ake_drone_sim/install/drone_msgs/share/drone_msgs/cmake/export_drone_msgs__rosidl_generator_pyExport.cmake
-- Up-to-date: /home/ake/sim_drone/ake_drone_sim/install/drone_msgs/share/drone_msgs/cmake/export_drone_msgs__rosidl_generator_pyExport-noconfig.cmake
