Consolidate compiler generated dependencies of target drone_controller_core
[ 50%] Built target drone_controller_core
Consolidate compiler generated dependencies of target position_controller_node
[100%] Built target position_controller_node
-- Install configuration: ""
-- Execute custom install script
-- Up-to-date symlink: /home/ake/sim_drone/ake_drone_sim/install/drone_controller/lib/drone_controller/position_controller_node
-- Up-to-date symlink: /home/ake/sim_drone/ake_drone_sim/install/drone_controller/include/ake_drone_sim/se3_controller.hpp
-- Up-to-date symlink: /home/ake/sim_drone/ake_drone_sim/install/drone_controller/share/drone_controller/environment/library_path.sh
-- Up-to-date symlink: /home/ake/sim_drone/ake_drone_sim/install/drone_controller/share/drone_controller/environment/library_path.dsv
-- Up-to-date symlink: /home/ake/sim_drone/ake_drone_sim/install/drone_controller/share/ament_index/resource_index/package_run_dependencies/drone_controller
-- Up-to-date symlink: /home/ake/sim_drone/ake_drone_sim/install/drone_controller/share/ament_index/resource_index/parent_prefix_path/drone_controller
-- Up-to-date symlink: /home/ake/sim_drone/ake_drone_sim/install/drone_controller/share/drone_controller/environment/ament_prefix_path.sh
-- Up-to-date symlink: /home/ake/sim_drone/ake_drone_sim/install/drone_controller/share/drone_controller/environment/ament_prefix_path.dsv
-- Up-to-date symlink: /home/ake/sim_drone/ake_drone_sim/install/drone_controller/share/drone_controller/environment/path.sh
-- Up-to-date symlink: /home/ake/sim_drone/ake_drone_sim/install/drone_controller/share/drone_controller/environment/path.dsv
-- Up-to-date symlink: /home/ake/sim_drone/ake_drone_sim/install/drone_controller/share/drone_controller/local_setup.bash
-- Up-to-date symlink: /home/ake/sim_drone/ake_drone_sim/install/drone_controller/share/drone_controller/local_setup.sh
-- Up-to-date symlink: /home/ake/sim_drone/ake_drone_sim/install/drone_controller/share/drone_controller/local_setup.zsh
-- Up-to-date symlink: /home/ake/sim_drone/ake_drone_sim/install/drone_controller/share/drone_controller/local_setup.dsv
-- Symlinking: /home/ake/sim_drone/ake_drone_sim/install/drone_controller/share/drone_controller/package.dsv
-- Up-to-date symlink: /home/ake/sim_drone/ake_drone_sim/install/drone_controller/share/ament_index/resource_index/packages/drone_controller
-- Up-to-date symlink: /home/ake/sim_drone/ake_drone_sim/install/drone_controller/share/drone_controller/cmake/ament_cmake_export_targets-extras.cmake
-- Up-to-date symlink: /home/ake/sim_drone/ake_drone_sim/install/drone_controller/share/drone_controller/cmake/ament_cmake_export_dependencies-extras.cmake
-- Up-to-date symlink: /home/ake/sim_drone/ake_drone_sim/install/drone_controller/share/drone_controller/cmake/drone_controllerConfig.cmake
-- Up-to-date symlink: /home/ake/sim_drone/ake_drone_sim/install/drone_controller/share/drone_controller/cmake/drone_controllerConfig-version.cmake
-- Up-to-date symlink: /home/ake/sim_drone/ake_drone_sim/install/drone_controller/share/drone_controller/package.xml
-- Installing: /home/ake/sim_drone/ake_drone_sim/install/drone_controller/lib/libdrone_controller_core.so
-- Set runtime path of "/home/ake/sim_drone/ake_drone_sim/install/drone_controller/lib/libdrone_controller_core.so" to ""
-- Up-to-date: /home/ake/sim_drone/ake_drone_sim/install/drone_controller/share/drone_controller/cmake/export_drone_controllerExport.cmake
-- Up-to-date: /home/ake/sim_drone/ake_drone_sim/install/drone_controller/share/drone_controller/cmake/export_drone_controllerExport-noconfig.cmake
