-- Found ament_cmake: 1.3.12 (/opt/ros/humble/share/ament_cmake/cmake)
-- Override CMake install command with custom implementation using symlinks instead of copying resources
-- Found rclcpp: 16.0.14 (/opt/ros/humble/share/rclcpp/cmake)
-- Found rosidl_generator_c: 3.1.7 (/opt/ros/humble/share/rosidl_generator_c/cmake)
-- Found rosidl_adapter: 3.1.7 (/opt/ros/humble/share/rosidl_adapter/cmake)
-- Found rosidl_generator_cpp: 3.1.7 (/opt/ros/humble/share/rosidl_generator_cpp/cmake)
-- Using all available rosidl_typesupport_c: rosidl_typesupport_fastrtps_c;rosidl_typesupport_introspection_c
-- Using all available rosidl_typesupport_cpp: rosidl_typesupport_fastrtps_cpp;rosidl_typesupport_introspection_cpp
-- Found rmw_implementation_cmake: 6.1.2 (/opt/ros/humble/share/rmw_implementation_cmake/cmake)
-- Found rmw_fastrtps_cpp: 6.2.8 (/opt/ros/humble/share/rmw_fastrtps_cpp/cmake)
-- Using RMW implementation 'rmw_fastrtps_cpp' as default
-- Found geometry_msgs: 4.9.1 (/opt/ros/humble/share/geometry_msgs/cmake)
-- Found nav_msgs: 4.9.1 (/opt/ros/humble/share/nav_msgs/cmake)
-- Found sensor_msgs: 4.9.1 (/opt/ros/humble/share/sensor_msgs/cmake)
-- Found tf2: 0.25.16 (/opt/ros/humble/share/tf2/cmake)
-- Found tf2_ros: 0.25.20 (/opt/ros/humble/share/tf2_ros/cmake)
-- Found eigen3_cmake_module: 0.1.1 (/opt/ros/humble/share/eigen3_cmake_module/cmake)
-- Found ament_cmake_gtest: 1.3.12 (/opt/ros/humble/share/ament_cmake_gtest/cmake)
-- Found gtest sources under '/opt/ros/humble/src/gtest_vendor': C++ tests using 'Google Test' will be built
-- Configuring done
-- Generating done
-- Build files have been written to: /home/ake/sim_drone/ake_drone_sim/build/drone_dynamics
[ 23%] Building CXX object gtest/CMakeFiles/gtest_main.dir/src/gtest_main.cc.o
[ 23%] Building CXX object gtest/CMakeFiles/gtest.dir/src/gtest-all.cc.o
[ 23%] Building CXX object CMakeFiles/drone_dynamics_core.dir/src/eskf.cpp.o
[ 30%] Building CXX object CMakeFiles/drone_dynamics_core.dir/src/dynamics_model.cpp.o
[ 38%] Linking CXX static library libgtest_main.a
[ 38%] Built target gtest_main
[ 46%] Linking CXX static library libgtest.a
[ 46%] Built target gtest
[ 53%] Linking CXX shared library libdrone_dynamics_core.so
[ 53%] Built target drone_dynamics_core
[ 61%] Building CXX object CMakeFiles/imu_gps_fusion_node.dir/src/imu_gps_fusion_node.cpp.o
[ 69%] Building CXX object CMakeFiles/test_dynamics.dir/test/test_dynamics.cpp.o
[ 76%] Building CXX object CMakeFiles/quadrotor_dynamics_node.dir/src/quadrotor_dynamics_node.cpp.o
[ 84%] Linking CXX executable test_dynamics
[ 84%] Built target test_dynamics
[ 92%] Linking CXX executable quadrotor_dynamics_node
[ 92%] Built target quadrotor_dynamics_node
[100%] Linking CXX executable imu_gps_fusion_node
[100%] Built target imu_gps_fusion_node
-- Install configuration: ""
-- Execute custom install script
-- Symlinking: /home/ake/sim_drone/ake_drone_sim/install/drone_dynamics/include/ake_drone_sim/common.hpp
-- Symlinking: /home/ake/sim_drone/ake_drone_sim/install/drone_dynamics/include/ake_drone_sim/dynamics_model.hpp
-- Symlinking: /home/ake/sim_drone/ake_drone_sim/install/drone_dynamics/include/ake_drone_sim/eskf.hpp
-- Symlinking: /home/ake/sim_drone/ake_drone_sim/install/drone_dynamics/include/ake_drone_sim/ros_utils.hpp
-- Symlinking: /home/ake/sim_drone/ake_drone_sim/install/drone_dynamics/share/drone_dynamics/environment/library_path.sh
-- Symlinking: /home/ake/sim_drone/ake_drone_sim/install/drone_dynamics/share/drone_dynamics/environment/library_path.dsv
-- Symlinking: /home/ake/sim_drone/ake_drone_sim/install/drone_dynamics/share/ament_index/resource_index/package_run_dependencies/drone_dynamics
-- Symlinking: /home/ake/sim_drone/ake_drone_sim/install/drone_dynamics/share/ament_index/resource_index/parent_prefix_path/drone_dynamics
-- Symlinking: /home/ake/sim_drone/ake_drone_sim/install/drone_dynamics/share/drone_dynamics/environment/ament_prefix_path.sh
-- Symlinking: /home/ake/sim_drone/ake_drone_sim/install/drone_dynamics/share/drone_dynamics/environment/ament_prefix_path.dsv
-- Symlinking: /home/ake/sim_drone/ake_drone_sim/install/drone_dynamics/share/drone_dynamics/environment/path.sh
-- Symlinking: /home/ake/sim_drone/ake_drone_sim/install/drone_dynamics/share/drone_dynamics/environment/path.dsv
-- Symlinking: /home/ake/sim_drone/ake_drone_sim/install/drone_dynamics/share/drone_dynamics/local_setup.bash
-- Symlinking: /home/ake/sim_drone/ake_drone_sim/install/drone_dynamics/share/drone_dynamics/local_setup.sh
-- Symlinking: /home/ake/sim_drone/ake_drone_sim/install/drone_dynamics/share/drone_dynamics/local_setup.zsh
-- Symlinking: /home/ake/sim_drone/ake_drone_sim/install/drone_dynamics/share/drone_dynamics/local_setup.dsv
-- Symlinking: /home/ake/sim_drone/ake_drone_sim/install/drone_dynamics/share/drone_dynamics/package.dsv
-- Symlinking: /home/ake/sim_drone/ake_drone_sim/install/drone_dynamics/share/ament_index/resource_index/packages/drone_dynamics
-- Symlinking: /home/ake/sim_drone/ake_drone_sim/install/drone_dynamics/share/drone_dynamics/cmake/ament_cmake_export_targets-extras.cmake
-- Symlinking: /home/ake/sim_drone/ake_drone_sim/install/drone_dynamics/share/drone_dynamics/cmake/ament_cmake_export_dependencies-extras.cmake
-- Symlinking: /home/ake/sim_drone/ake_drone_sim/install/drone_dynamics/share/drone_dynamics/cmake/drone_dynamicsConfig.cmake
-- Symlinking: /home/ake/sim_drone/ake_drone_sim/install/drone_dynamics/share/drone_dynamics/cmake/drone_dynamicsConfig-version.cmake
-- Symlinking: /home/ake/sim_drone/ake_drone_sim/install/drone_dynamics/share/drone_dynamics/package.xml
-- Installing: /home/ake/sim_drone/ake_drone_sim/install/drone_dynamics/lib/libdrone_dynamics_core.so
-- Set runtime path of "/home/ake/sim_drone/ake_drone_sim/install/drone_dynamics/lib/libdrone_dynamics_core.so" to ""
-- Installing: /home/ake/sim_drone/ake_drone_sim/install/drone_dynamics/lib/drone_dynamics/quadrotor_dynamics_node
-- Set runtime path of "/home/ake/sim_drone/ake_drone_sim/install/drone_dynamics/lib/drone_dynamics/quadrotor_dynamics_node" to ""
-- Installing: /home/ake/sim_drone/ake_drone_sim/install/drone_dynamics/lib/drone_dynamics/imu_gps_fusion_node
-- Set runtime path of "/home/ake/sim_drone/ake_drone_sim/install/drone_dynamics/lib/drone_dynamics/imu_gps_fusion_node" to ""
-- Installing: /home/ake/sim_drone/ake_drone_sim/install/drone_dynamics/share/drone_dynamics/cmake/export_drone_dynamicsExport.cmake
-- Installing: /home/ake/sim_drone/ake_drone_sim/install/drone_dynamics/share/drone_dynamics/cmake/export_drone_dynamicsExport-noconfig.cmake
