[0.006s] Invoking command in '/home/ake/sim_drone/ake_drone_sim/build/drone_dynamics': CMAKE_PREFIX_PATH=/opt/ros/humble /usr/bin/cmake /home/ake/sim_drone/ake_drone_sim/src/drone_dynamics -DAMENT_CMAKE_SYMLINK_INSTALL=1 -DCMAKE_INSTALL_PREFIX=/home/ake/sim_drone/ake_drone_sim/install/drone_dynamics
[0.017s] -- Found ament_cmake: 1.3.12 (/opt/ros/humble/share/ament_cmake/cmake)
[0.110s] -- Override CMake install command with custom implementation using symlinks instead of copying resources
[0.114s] -- Found rclcpp: 16.0.14 (/opt/ros/humble/share/rclcpp/cmake)
[0.130s] -- Found rosidl_generator_c: 3.1.7 (/opt/ros/humble/share/rosidl_generator_c/cmake)
[0.131s] -- Found rosidl_adapter: 3.1.7 (/opt/ros/humble/share/rosidl_adapter/cmake)
[0.134s] -- Found rosidl_generator_cpp: 3.1.7 (/opt/ros/humble/share/rosidl_generator_cpp/cmake)
[0.139s] -- Using all available rosidl_typesupport_c: rosidl_typesupport_fastrtps_c;rosidl_typesupport_introspection_c
[0.145s] -- Using all available rosidl_typesupport_cpp: rosidl_typesupport_fastrtps_cpp;rosidl_typesupport_introspection_cpp
[0.163s] -- Found rmw_implementation_cmake: 6.1.2 (/opt/ros/humble/share/rmw_implementation_cmake/cmake)
[0.164s] -- Found rmw_fastrtps_cpp: 6.2.8 (/opt/ros/humble/share/rmw_fastrtps_cpp/cmake)
[0.233s] -- Using RMW implementation 'rmw_fastrtps_cpp' as default
[0.263s] -- Found geometry_msgs: 4.9.1 (/opt/ros/humble/share/geometry_msgs/cmake)
[0.270s] -- Found nav_msgs: 4.9.1 (/opt/ros/humble/share/nav_msgs/cmake)
[0.279s] -- Found sensor_msgs: 4.9.1 (/opt/ros/humble/share/sensor_msgs/cmake)
[0.288s] -- Found tf2: 0.25.16 (/opt/ros/humble/share/tf2/cmake)
[0.290s] -- Found tf2_ros: 0.25.20 (/opt/ros/humble/share/tf2_ros/cmake)
[0.334s] -- Found eigen3_cmake_module: 0.1.1 (/opt/ros/humble/share/eigen3_cmake_module/cmake)
[0.339s] -- Found ament_cmake_gtest: 1.3.12 (/opt/ros/humble/share/ament_cmake_gtest/cmake)
[0.339s] -- Found gtest sources under '/opt/ros/humble/src/gtest_vendor': C++ tests using 'Google Test' will be built
[0.406s] -- Configuring done
[0.424s] -- Generating done
[0.431s] -- Build files have been written to: /home/ake/sim_drone/ake_drone_sim/build/drone_dynamics
[0.441s] Invoked command in '/home/ake/sim_drone/ake_drone_sim/build/drone_dynamics' returned '0': CMAKE_PREFIX_PATH=/opt/ros/humble /usr/bin/cmake /home/ake/sim_drone/ake_drone_sim/src/drone_dynamics -DAMENT_CMAKE_SYMLINK_INSTALL=1 -DCMAKE_INSTALL_PREFIX=/home/ake/sim_drone/ake_drone_sim/install/drone_dynamics
[0.442s] Invoking command in '/home/ake/sim_drone/ake_drone_sim/build/drone_dynamics': CMAKE_PREFIX_PATH=/opt/ros/humble /usr/bin/cmake --build /home/ake/sim_drone/ake_drone_sim/build/drone_dynamics -- -j20 -l20
[0.478s] [ 23%] Building CXX object gtest/CMakeFiles/gtest_main.dir/src/gtest_main.cc.o
[0.478s] [ 23%] Building CXX object gtest/CMakeFiles/gtest.dir/src/gtest-all.cc.o
[0.478s] [ 23%] Building CXX object CMakeFiles/drone_dynamics_core.dir/src/eskf.cpp.o
[0.480s] [ 30%] Building CXX object CMakeFiles/drone_dynamics_core.dir/src/dynamics_model.cpp.o
[0.989s] [ 38%] Linking CXX static library libgtest_main.a
[1.015s] [ 38%] Built target gtest_main
[2.315s] [ 46%] Linking CXX static library libgtest.a
[2.356s] [ 46%] Built target gtest
[7.029s] [ 53%] Linking CXX shared library libdrone_dynamics_core.so
[7.396s] [ 53%] Built target drone_dynamics_core
[7.407s] [ 61%] Building CXX object CMakeFiles/imu_gps_fusion_node.dir/src/imu_gps_fusion_node.cpp.o
[7.411s] [ 69%] Building CXX object CMakeFiles/test_dynamics.dir/test/test_dynamics.cpp.o
[7.412s] [ 76%] Building CXX object CMakeFiles/quadrotor_dynamics_node.dir/src/quadrotor_dynamics_node.cpp.o
[8.529s] [ 84%] Linking CXX executable test_dynamics
[8.737s] [ 84%] Built target test_dynamics
[13.827s] [ 92%] Linking CXX executable quadrotor_dynamics_node
[14.249s] [ 92%] Built target quadrotor_dynamics_node
[14.252s] [100%] Linking CXX executable imu_gps_fusion_node
[14.673s] [100%] Built target imu_gps_fusion_node
[14.680s] Invoked command in '/home/ake/sim_drone/ake_drone_sim/build/drone_dynamics' returned '0': CMAKE_PREFIX_PATH=/opt/ros/humble /usr/bin/cmake --build /home/ake/sim_drone/ake_drone_sim/build/drone_dynamics -- -j20 -l20
[14.680s] Invoking command in '/home/ake/sim_drone/ake_drone_sim/build/drone_dynamics': CMAKE_PREFIX_PATH=/opt/ros/humble /usr/bin/cmake --install /home/ake/sim_drone/ake_drone_sim/build/drone_dynamics
[14.685s] -- Install configuration: ""
[14.685s] -- Execute custom install script
[14.685s] -- Symlinking: /home/ake/sim_drone/ake_drone_sim/install/drone_dynamics/include/ake_drone_sim/common.hpp
[14.690s] -- Symlinking: /home/ake/sim_drone/ake_drone_sim/install/drone_dynamics/include/ake_drone_sim/dynamics_model.hpp
[14.696s] -- Symlinking: /home/ake/sim_drone/ake_drone_sim/install/drone_dynamics/include/ake_drone_sim/eskf.hpp
[14.701s] -- Symlinking: /home/ake/sim_drone/ake_drone_sim/install/drone_dynamics/include/ake_drone_sim/ros_utils.hpp
[14.708s] -- Symlinking: /home/ake/sim_drone/ake_drone_sim/install/drone_dynamics/share/drone_dynamics/environment/library_path.sh
[14.716s] -- Symlinking: /home/ake/sim_drone/ake_drone_sim/install/drone_dynamics/share/drone_dynamics/environment/library_path.dsv
[14.725s] -- Symlinking: /home/ake/sim_drone/ake_drone_sim/install/drone_dynamics/share/ament_index/resource_index/package_run_dependencies/drone_dynamics
[14.730s] -- Symlinking: /home/ake/sim_drone/ake_drone_sim/install/drone_dynamics/share/ament_index/resource_index/parent_prefix_path/drone_dynamics
[14.738s] -- Symlinking: /home/ake/sim_drone/ake_drone_sim/install/drone_dynamics/share/drone_dynamics/environment/ament_prefix_path.sh
[14.749s] -- Symlinking: /home/ake/sim_drone/ake_drone_sim/install/drone_dynamics/share/drone_dynamics/environment/ament_prefix_path.dsv
[14.758s] -- Symlinking: /home/ake/sim_drone/ake_drone_sim/install/drone_dynamics/share/drone_dynamics/environment/path.sh
[14.768s] -- Symlinking: /home/ake/sim_drone/ake_drone_sim/install/drone_dynamics/share/drone_dynamics/environment/path.dsv
[14.786s] -- Symlinking: /home/ake/sim_drone/ake_drone_sim/install/drone_dynamics/share/drone_dynamics/local_setup.bash
[14.806s] -- Symlinking: /home/ake/sim_drone/ake_drone_sim/install/drone_dynamics/share/drone_dynamics/local_setup.sh
[14.815s] -- Symlinking: /home/ake/sim_drone/ake_drone_sim/install/drone_dynamics/share/drone_dynamics/local_setup.zsh
[14.830s] -- Symlinking: /home/ake/sim_drone/ake_drone_sim/install/drone_dynamics/share/drone_dynamics/local_setup.dsv
[14.847s] -- Symlinking: /home/ake/sim_drone/ake_drone_sim/install/drone_dynamics/share/drone_dynamics/package.dsv
[14.861s] -- Symlinking: /home/ake/sim_drone/ake_drone_sim/install/drone_dynamics/share/ament_index/resource_index/packages/drone_dynamics
[14.876s] -- Symlinking: /home/ake/sim_drone/ake_drone_sim/install/drone_dynamics/share/drone_dynamics/cmake/ament_cmake_export_targets-extras.cmake
[14.893s] -- Symlinking: /home/ake/sim_drone/ake_drone_sim/install/drone_dynamics/share/drone_dynamics/cmake/ament_cmake_export_dependencies-extras.cmake
[14.912s] -- Symlinking: /home/ake/sim_drone/ake_drone_sim/install/drone_dynamics/share/drone_dynamics/cmake/drone_dynamicsConfig.cmake
[14.927s] -- Symlinking: /home/ake/sim_drone/ake_drone_sim/install/drone_dynamics/share/drone_dynamics/cmake/drone_dynamicsConfig-version.cmake
[14.939s] -- Symlinking: /home/ake/sim_drone/ake_drone_sim/install/drone_dynamics/share/drone_dynamics/package.xml
[14.946s] -- Installing: /home/ake/sim_drone/ake_drone_sim/install/drone_dynamics/lib/libdrone_dynamics_core.so
[14.953s] -- Set runtime path of "/home/ake/sim_drone/ake_drone_sim/install/drone_dynamics/lib/libdrone_dynamics_core.so" to ""
[14.953s] -- Installing: /home/ake/sim_drone/ake_drone_sim/install/drone_dynamics/lib/drone_dynamics/quadrotor_dynamics_node
[14.958s] -- Set runtime path of "/home/ake/sim_drone/ake_drone_sim/install/drone_dynamics/lib/drone_dynamics/quadrotor_dynamics_node" to ""
[14.958s] -- Installing: /home/ake/sim_drone/ake_drone_sim/install/drone_dynamics/lib/drone_dynamics/imu_gps_fusion_node
[14.961s] -- Set runtime path of "/home/ake/sim_drone/ake_drone_sim/install/drone_dynamics/lib/drone_dynamics/imu_gps_fusion_node" to ""
[14.961s] -- Installing: /home/ake/sim_drone/ake_drone_sim/install/drone_dynamics/share/drone_dynamics/cmake/export_drone_dynamicsExport.cmake
[14.961s] -- Installing: /home/ake/sim_drone/ake_drone_sim/install/drone_dynamics/share/drone_dynamics/cmake/export_drone_dynamicsExport-noconfig.cmake
[14.963s] Invoked command in '/home/ake/sim_drone/ake_drone_sim/build/drone_dynamics' returned '0': CMAKE_PREFIX_PATH=/opt/ros/humble /usr/bin/cmake --install /home/ake/sim_drone/ake_drone_sim/build/drone_dynamics
