[0.010s] Invoking command in '/home/ake/sim_drone/ake_drone_sim/build/drone_planner': AMENT_PREFIX_PATH=/home/ake/sim_drone/ake_drone_sim/install/drone_map:/home/ake/sim_drone/ake_drone_sim/install/drone_msgs:/home/ake/sim_drone/ake_drone_sim/install/drone_dynamics:${AMENT_PREFIX_PATH} CMAKE_PREFIX_PATH=/home/ake/sim_drone/ake_drone_sim/install/drone_map:/home/ake/sim_drone/ake_drone_sim/install/drone_msgs:/home/ake/sim_drone/ake_drone_sim/install/drone_dynamics:/opt/ros/humble LD_LIBRARY_PATH=/home/ake/sim_drone/ake_drone_sim/install/drone_map/lib:/home/ake/sim_drone/ake_drone_sim/install/drone_msgs/lib:/home/ake/sim_drone/ake_drone_sim/install/drone_dynamics/lib:${LD_LIBRARY_PATH} PYTHONPATH=/home/ake/sim_drone/ake_drone_sim/install/drone_msgs/local/lib/python3.10/dist-packages:${PYTHONPATH} /usr/bin/cmake --build /home/ake/sim_drone/ake_drone_sim/build/drone_planner -- -j20 -l20
[0.048s] [  8%] Building CXX object CMakeFiles/drone_planner_core.dir/src/bspline.cpp.o
[0.048s] [ 25%] Built target gtest_main
[0.048s] [ 41%] Built target gtest
[1.021s] [ 50%] Linking CXX shared library libdrone_planner_core.so
[1.174s] [ 66%] Built target drone_planner_core
[1.191s] [ 75%] Building CXX object CMakeFiles/test_planner.dir/test/test_planner.cpp.o
[1.192s] [ 83%] Building CXX object CMakeFiles/ab_planner_node.dir/src/ab_planner_node.cpp.o
[2.362s] [ 91%] Linking CXX executable test_planner
[2.553s] [ 91%] Built target test_planner
[2.945s] /home/ake/sim_drone/ake_drone_sim/src/drone_planner/src/ab_planner_node.cpp: In constructor ‘ake_drone_sim::PlannerNode::PlannerNode()’:
[2.945s] /home/ake/sim_drone/ake_drone_sim/src/drone_planner/src/ab_planner_node.cpp:36:34: error: no matching function for call to ‘max(int, long int)’
[2.945s]    36 |     mpc_config.horizon = std::max(5, declare_parameter("mpc_horizon", 30));
[2.945s]       |                          ~~~~~~~~^~~~~~~~~~~~~~~~~~~~~~~~~~~~~~~~~~~~~~~~~
[2.945s] In file included from /usr/include/c++/11/bits/specfun.h:45,
[2.946s]                  from /usr/include/c++/11/cmath:1935,
[2.946s]                  from /usr/include/eigen3/Eigen/src/Core/util/Macros.h:679,
[2.946s]                  from /usr/include/eigen3/Eigen/Core:19,
[2.946s]                  from /home/ake/sim_drone/ake_drone_sim/src/drone_dynamics/include/ake_drone_sim/common.hpp:3,
[2.946s]                  from /home/ake/sim_drone/ake_drone_sim/src/drone_map/include/ake_drone_sim/voxel_grid.hpp:3,
[2.946s]                  from /home/ake/sim_drone/ake_drone_sim/src/drone_planner/include/ake_drone_sim/astar3d.hpp:3,
[2.946s]                  from /home/ake/sim_drone/ake_drone_sim/src/drone_planner/src/ab_planner_node.cpp:1:
[2.946s] /usr/include/c++/11/bits/stl_algobase.h:254:5: note: candidate: ‘template<class _Tp> constexpr const _Tp& std::max(const _Tp&, const _Tp&)’
[2.946s]   254 |     max(const _Tp& __a, const _Tp& __b)
[2.946s]       |     ^~~
[2.946s] /usr/include/c++/11/bits/stl_algobase.h:254:5: note:   template argument deduction/substitution failed:
[2.946s] /home/ake/sim_drone/ake_drone_sim/src/drone_planner/src/ab_planner_node.cpp:36:34: note:   deduced conflicting types for parameter ‘const _Tp’ (‘int’ and ‘long int’)
[2.946s]    36 |     mpc_config.horizon = std::max(5, declare_parameter("mpc_horizon", 30));
[2.946s]       |                          ~~~~~~~~^~~~~~~~~~~~~~~~~~~~~~~~~~~~~~~~~~~~~~~~~
[2.946s] In file included from /usr/include/c++/11/bits/specfun.h:45,
[2.946s]                  from /usr/include/c++/11/cmath:1935,
[2.946s]                  from /usr/include/eigen3/Eigen/src/Core/util/Macros.h:679,
[2.946s]                  from /usr/include/eigen3/Eigen/Core:19,
[2.946s]                  from /home/ake/sim_drone/ake_drone_sim/src/drone_dynamics/include/ake_drone_sim/common.hpp:3,
[2.946s]                  from /home/ake/sim_drone/ake_drone_sim/src/drone_map/include/ake_drone_sim/voxel_grid.hpp:3,
[2.946s]                  from /home/ake/sim_drone/ake_drone_sim/src/drone_planner/include/ake_drone_sim/astar3d.hpp:3,
[2.946s]                  from /home/ake/sim_drone/ake_drone_sim/src/drone_planner/src/ab_planner_node.cpp:1:
[2.946s] /usr/include/c++/11/bits/stl_algobase.h:300:5: note: candidate: ‘template<class _Tp, class _Compare> constexpr const _Tp& std::max(const _Tp&, const _Tp&, _Compare)’
[2.946s]   300 |     max(const _Tp& __a, const _Tp& __b, _Compare __comp)
[2.946s]       |     ^~~
[2.946s] /usr/include/c++/11/bits/stl_algobase.h:300:5: note:   template argument deduction/substitution failed:
[2.946s] /home/ake/sim_drone/ake_drone_sim/src/drone_planner/src/ab_planner_node.cpp:36:34: note:   deduced conflicting types for parameter ‘const _Tp’ (‘int’ and ‘long int’)
[2.946s]    36 |     mpc_config.horizon = std::max(5, declare_parameter("mpc_horizon", 30));
[2.946s]       |                          ~~~~~~~~^~~~~~~~~~~~~~~~~~~~~~~~~~~~~~~~~~~~~~~~~
[2.946s] In file included from /usr/include/c++/11/functional:65,
[2.946s]                  from /usr/include/eigen3/Eigen/Core:85,
[2.946s]                  from /home/ake/sim_drone/ake_drone_sim/src/drone_dynamics/include/ake_drone_sim/common.hpp:3,
[2.946s]                  from /home/ake/sim_drone/ake_drone_sim/src/drone_map/include/ake_drone_sim/voxel_grid.hpp:3,
[2.946s]                  from /home/ake/sim_drone/ake_drone_sim/src/drone_planner/include/ake_drone_sim/astar3d.hpp:3,
[2.946s]                  from /home/ake/sim_drone/ake_drone_sim/src/drone_planner/src/ab_planner_node.cpp:1:
[2.946s] /usr/include/c++/11/bits/stl_algo.h:3461:5: note: candidate: ‘template<class _Tp> constexpr _Tp std::max(std::initializer_list<_Tp>)’
[2.946s]  3461 |     max(initializer_list<_Tp> __l)
[2.946s]       |     ^~~
[2.946s] /usr/include/c++/11/bits/stl_algo.h:3461:5: note:   template argument deduction/substitution failed:
[2.946s] /home/ake/sim_drone/ake_drone_sim/src/drone_planner/src/ab_planner_node.cpp:36:34: note:   mismatched types ‘std::initializer_list<_Tp>’ and ‘int’
[2.947s]    36 |     mpc_config.horizon = std::max(5, declare_parameter("mpc_horizon", 30));
[2.947s]       |                          ~~~~~~~~^~~~~~~~~~~~~~~~~~~~~~~~~~~~~~~~~~~~~~~~~
[2.947s] In file included from /usr/include/c++/11/functional:65,
[2.947s]                  from /usr/include/eigen3/Eigen/Core:85,
[2.947s]                  from /home/ake/sim_drone/ake_drone_sim/src/drone_dynamics/include/ake_drone_sim/common.hpp:3,
[2.947s]                  from /home/ake/sim_drone/ake_drone_sim/src/drone_map/include/ake_drone_sim/voxel_grid.hpp:3,
[2.947s]                  from /home/ake/sim_drone/ake_drone_sim/src/drone_planner/include/ake_drone_sim/astar3d.hpp:3,
[2.947s]                  from /home/ake/sim_drone/ake_drone_sim/src/drone_planner/src/ab_planner_node.cpp:1:
[2.947s] /usr/include/c++/11/bits/stl_algo.h:3467:5: note: candidate: ‘template<class _Tp, class _Compare> constexpr _Tp std::max(std::initializer_list<_Tp>, _Compare)’
[2.947s]  3467 |     max(initializer_list<_Tp> __l, _Compare __comp)
[2.947s]       |     ^~~
[2.947s] /usr/include/c++/11/bits/stl_algo.h:3467:5: note:   template argument deduction/substitution failed:
[2.947s] /home/ake/sim_drone/ake_drone_sim/src/drone_planner/src/ab_planner_node.cpp:36:34: note:   mismatched types ‘std::initializer_list<_Tp>’ and ‘int’
[2.947s]    36 |     mpc_config.horizon = std::max(5, declare_parameter("mpc_horizon", 30));
[2.947s]       |                          ~~~~~~~~^~~~~~~~~~~~~~~~~~~~~~~~~~~~~~~~~~~~~~~~~
[2.947s] /home/ake/sim_drone/ake_drone_sim/src/drone_planner/src/ab_planner_node.cpp:47:32: error: no matching function for call to ‘clamp(long int, int, int)’
[2.947s]    47 |     command_index_ = std::clamp(
[2.947s]       |                      ~~~~~~~~~~^
[2.947s]    48 |         declare_parameter("mpc_command_index", 3), 0, mpc_horizon_ - 1);
[2.947s]       |         ~~~~~~~~~~~~~~~~~~~~~~~~~~~~~~~~~~~~~~~~~~~~~~~~~~~~~~~~~~~~~~~
[2.947s] In file included from /usr/include/c++/11/functional:65,
[2.947s]                  from /usr/include/eigen3/Eigen/Core:85,
[2.947s]                  from /home/ake/sim_drone/ake_drone_sim/src/drone_dynamics/include/ake_drone_sim/common.hpp:3,
[2.947s]                  from /home/ake/sim_drone/ake_drone_sim/src/drone_map/include/ake_drone_sim/voxel_grid.hpp:3,
[2.947s]                  from /home/ake/sim_drone/ake_drone_sim/src/drone_planner/include/ake_drone_sim/astar3d.hpp:3,
[2.947s]                  from /home/ake/sim_drone/ake_drone_sim/src/drone_planner/src/ab_planner_node.cpp:1:
[2.947s] /usr/include/c++/11/bits/stl_algo.h:3656:5: note: candidate: ‘template<class _Tp> constexpr const _Tp& std::clamp(const _Tp&, const _Tp&, const _Tp&)’
[2.947s]  3656 |     clamp(const _Tp& __val, const _Tp& __lo, const _Tp& __hi)
[2.947s]       |     ^~~~~
[2.947s] /usr/include/c++/11/bits/stl_algo.h:3656:5: note:   template argument deduction/substitution failed:
[2.947s] /home/ake/sim_drone/ake_drone_sim/src/drone_planner/src/ab_planner_node.cpp:47:32: note:   deduced conflicting types for parameter ‘const _Tp’ (‘long int’ and ‘int’)
[2.947s]    47 |     command_index_ = std::clamp(
[2.947s]       |                      ~~~~~~~~~~^
[2.947s]    48 |         declare_parameter("mpc_command_index", 3), 0, mpc_horizon_ - 1);
[2.947s]       |         ~~~~~~~~~~~~~~~~~~~~~~~~~~~~~~~~~~~~~~~~~~~~~~~~~~~~~~~~~~~~~~~
[2.947s] In file included from /usr/include/c++/11/functional:65,
[2.947s]                  from /usr/include/eigen3/Eigen/Core:85,
[2.947s]                  from /home/ake/sim_drone/ake_drone_sim/src/drone_dynamics/include/ake_drone_sim/common.hpp:3,
[2.947s]                  from /home/ake/sim_drone/ake_drone_sim/src/drone_map/include/ake_drone_sim/voxel_grid.hpp:3,
[2.947s]                  from /home/ake/sim_drone/ake_drone_sim/src/drone_planner/include/ake_drone_sim/astar3d.hpp:3,
[2.947s]                  from /home/ake/sim_drone/ake_drone_sim/src/drone_planner/src/ab_planner_node.cpp:1:
[2.948s] /usr/include/c++/11/bits/stl_algo.h:3674:5: note: candidate: ‘template<class _Tp, class _Compare> constexpr const _Tp& std::clamp(const _Tp&, const _Tp&, const _Tp&, _Compare)’
[2.948s]  3674 |     clamp(const _Tp& __val, const _Tp& __lo, const _Tp& __hi, _Compare __comp)
[2.948s]       |     ^~~~~
[2.948s] /usr/include/c++/11/bits/stl_algo.h:3674:5: note:   template argument deduction/substitution failed:
[2.948s] /home/ake/sim_drone/ake_drone_sim/src/drone_planner/src/ab_planner_node.cpp:47:32: note:   deduced conflicting types for parameter ‘const _Tp’ (‘long int’ and ‘int’)
[2.948s]    47 |     command_index_ = std::clamp(
[2.948s]       |                      ~~~~~~~~~~^
[2.948s]    48 |         declare_parameter("mpc_command_index", 3), 0, mpc_horizon_ - 1);
[2.948s]       |         ~~~~~~~~~~~~~~~~~~~~~~~~~~~~~~~~~~~~~~~~~~~~~~~~~~~~~~~~~~~~~~~
[6.169s] gmake[2]: *** [CMakeFiles/ab_planner_node.dir/build.make:76：CMakeFiles/ab_planner_node.dir/src/ab_planner_node.cpp.o] 错误 1
[6.169s] gmake[1]: *** [CMakeFiles/Makefile2:185：CMakeFiles/ab_planner_node.dir/all] 错误 2
[6.169s] gmake: *** [Makefile:146：all] 错误 2
[6.170s] Invoked command in '/home/ake/sim_drone/ake_drone_sim/build/drone_planner' returned '2': AMENT_PREFIX_PATH=/home/ake/sim_drone/ake_drone_sim/install/drone_map:/home/ake/sim_drone/ake_drone_sim/install/drone_msgs:/home/ake/sim_drone/ake_drone_sim/install/drone_dynamics:${AMENT_PREFIX_PATH} CMAKE_PREFIX_PATH=/home/ake/sim_drone/ake_drone_sim/install/drone_map:/home/ake/sim_drone/ake_drone_sim/install/drone_msgs:/home/ake/sim_drone/ake_drone_sim/install/drone_dynamics:/opt/ros/humble LD_LIBRARY_PATH=/home/ake/sim_drone/ake_drone_sim/install/drone_map/lib:/home/ake/sim_drone/ake_drone_sim/install/drone_msgs/lib:/home/ake/sim_drone/ake_drone_sim/install/drone_dynamics/lib:${LD_LIBRARY_PATH} PYTHONPATH=/home/ake/sim_drone/ake_drone_sim/install/drone_msgs/local/lib/python3.10/dist-packages:${PYTHONPATH} /usr/bin/cmake --build /home/ake/sim_drone/ake_drone_sim/build/drone_planner -- -j20 -l20
