-- The C compiler identification is GNU 11.4.0
-- The CXX compiler identification is GNU 11.4.0
-- Detecting C compiler ABI info
-- Detecting C compiler ABI info - done
-- Check for working C compiler: /usr/bin/cc - skipped
-- Detecting C compile features
-- Detecting C compile features - done
-- Detecting CXX compiler ABI info
-- Detecting CXX compiler ABI info - done
-- Check for working CXX compiler: /usr/bin/c++ - skipped
-- Detecting CXX compile features
-- Detecting CXX compile features - done
-- Found ament_cmake: 1.3.12 (/opt/ros/humble/share/ament_cmake/cmake)
-- Found Python3: /usr/bin/python3 (found version "3.10.12") found components: Interpreter 
-- Override CMake install command with custom implementation using symlinks instead of copying resources
-- Found rclcpp: 16.0.14 (/opt/ros/humble/share/rclcpp/cmake)
-- Found rosidl_generator_c: 3.1.7 (/opt/ros/humble/share/rosidl_generator_c/cmake)
-- Found rosidl_adapter: 3.1.7 (/opt/ros/humble/share/rosidl_adapter/cmake)
-- Found rosidl_generator_cpp: 3.1.7 (/opt/ros/humble/share/rosidl_generator_cpp/cmake)
-- Using all available rosidl_typesupport_c: rosidl_typesupport_fastrtps_c;rosidl_typesupport_introspection_c
-- Using all available rosidl_typesupport_cpp: rosidl_typesupport_fastrtps_cpp;rosidl_typesupport_introspection_cpp
-- Found rmw_implementation_cmake: 6.1.2 (/opt/ros/humble/share/rmw_implementation_cmake/cmake)
-- Found rmw_fastrtps_cpp: 6.2.8 (/opt/ros/humble/share/rmw_fastrtps_cpp/cmake)
-- Found OpenSSL: /usr/lib/x86_64-linux-gnu/libcrypto.so (found version "3.0.2")  
-- Found FastRTPS: /opt/ros/humble/include  
-- Using RMW implementation 'rmw_fastrtps_cpp' as default
-- Looking for pthread.h
-- Looking for pthread.h - found
-- Performing Test CMAKE_HAVE_LIBC_PTHREAD
-- Performing Test CMAKE_HAVE_LIBC_PTHREAD - Success
-- Found Threads: TRUE  
-- Found nav_msgs: 4.9.1 (/opt/ros/humble/share/nav_msgs/cmake)
-- Found drone_msgs: 0.1.0 (/home/ake/sim_drone/ake_drone_sim/install/drone_msgs/share/drone_msgs/cmake)
-- Found drone_dynamics: 0.1.0 (/home/ake/sim_drone/ake_drone_sim/install/drone_dynamics/share/drone_dynamics/cmake)
-- Configuring done
-- Generating done
-- Build files have been written to: /home/ake/sim_drone/ake_drone_sim/build/drone_controller
[ 25%] Building CXX object CMakeFiles/drone_controller_core.dir/src/se3_controller.cpp.o
[ 50%] Linking CXX shared library libdrone_controller_core.so
[ 50%] Built target drone_controller_core
[ 75%] Building CXX object CMakeFiles/position_controller_node.dir/src/position_controller_node.cpp.o
[100%] Linking CXX executable position_controller_node
[100%] Built target position_controller_node
-- Install configuration: ""
-- Execute custom install script
-- Symlinking: /home/ake/sim_drone/ake_drone_sim/install/drone_controller/lib/drone_controller/position_controller_node
-- Symlinking: /home/ake/sim_drone/ake_drone_sim/install/drone_controller/include/ake_drone_sim/se3_controller.hpp
-- Symlinking: /home/ake/sim_drone/ake_drone_sim/install/drone_controller/share/drone_controller/environment/library_path.sh
-- Symlinking: /home/ake/sim_drone/ake_drone_sim/install/drone_controller/share/drone_controller/environment/library_path.dsv
-- Symlinking: /home/ake/sim_drone/ake_drone_sim/install/drone_controller/share/ament_index/resource_index/package_run_dependencies/drone_controller
-- Symlinking: /home/ake/sim_drone/ake_drone_sim/install/drone_controller/share/ament_index/resource_index/parent_prefix_path/drone_controller
-- Symlinking: /home/ake/sim_drone/ake_drone_sim/install/drone_controller/share/drone_controller/environment/ament_prefix_path.sh
-- Symlinking: /home/ake/sim_drone/ake_drone_sim/install/drone_controller/share/drone_controller/environment/ament_prefix_path.dsv
-- Symlinking: /home/ake/sim_drone/ake_drone_sim/install/drone_controller/share/drone_controller/environment/path.sh
-- Symlinking: /home/ake/sim_drone/ake_drone_sim/install/drone_controller/share/drone_controller/environment/path.dsv
-- Symlinking: /home/ake/sim_drone/ake_drone_sim/install/drone_controller/share/drone_controller/local_setup.bash
-- Symlinking: /home/ake/sim_drone/ake_drone_sim/install/drone_controller/share/drone_controller/local_setup.sh
-- Symlinking: /home/ake/sim_drone/ake_drone_sim/install/drone_controller/share/drone_controller/local_setup.zsh
-- Symlinking: /home/ake/sim_drone/ake_drone_sim/install/drone_controller/share/drone_controller/local_setup.dsv
-- Symlinking: /home/ake/sim_drone/ake_drone_sim/install/drone_controller/share/drone_controller/package.dsv
-- Symlinking: /home/ake/sim_drone/ake_drone_sim/install/drone_controller/share/ament_index/resource_index/packages/drone_controller
-- Symlinking: /home/ake/sim_drone/ake_drone_sim/install/drone_controller/share/drone_controller/cmake/ament_cmake_export_targets-extras.cmake
-- Symlinking: /home/ake/sim_drone/ake_drone_sim/install/drone_controller/share/drone_controller/cmake/ament_cmake_export_dependencies-extras.cmake
-- Symlinking: /home/ake/sim_drone/ake_drone_sim/install/drone_controller/share/drone_controller/cmake/drone_controllerConfig.cmake
-- Symlinking: /home/ake/sim_drone/ake_drone_sim/install/drone_controller/share/drone_controller/cmake/drone_controllerConfig-version.cmake
-- Symlinking: /home/ake/sim_drone/ake_drone_sim/install/drone_controller/share/drone_controller/package.xml
-- Installing: /home/ake/sim_drone/ake_drone_sim/install/drone_controller/lib/libdrone_controller_core.so
-- Set runtime path of "/home/ake/sim_drone/ake_drone_sim/install/drone_controller/lib/libdrone_controller_core.so" to ""
-- Installing: /home/ake/sim_drone/ake_drone_sim/install/drone_controller/share/drone_controller/cmake/export_drone_controllerExport.cmake
-- Installing: /home/ake/sim_drone/ake_drone_sim/install/drone_controller/share/drone_controller/cmake/export_drone_controllerExport-noconfig.cmake
