[0.008s] Invoking command in '/home/ake/sim_drone/ake_drone_sim/build/drone_controller': AMENT_PREFIX_PATH=/home/ake/sim_drone/ake_drone_sim/install/drone_msgs:/home/ake/sim_drone/ake_drone_sim/install/drone_dynamics:${AMENT_PREFIX_PATH} CMAKE_PREFIX_PATH=/home/ake/sim_drone/ake_drone_sim/install/drone_msgs:/home/ake/sim_drone/ake_drone_sim/install/drone_dynamics:/opt/ros/humble LD_LIBRARY_PATH=/home/ake/sim_drone/ake_drone_sim/install/drone_msgs/lib:/home/ake/sim_drone/ake_drone_sim/install/drone_dynamics/lib:${LD_LIBRARY_PATH} PYTHONPATH=/home/ake/sim_drone/ake_drone_sim/install/drone_msgs/local/lib/python3.10/dist-packages:${PYTHONPATH} /usr/bin/cmake /home/ake/sim_drone/ake_drone_sim/src/drone_controller -DAMENT_CMAKE_SYMLINK_INSTALL=1 -DCMAKE_INSTALL_PREFIX=/home/ake/sim_drone/ake_drone_sim/install/drone_controller
[0.054s] -- The C compiler identification is GNU 11.4.0
[0.097s] -- The CXX compiler identification is GNU 11.4.0
[0.101s] -- Detecting C compiler ABI info
[0.193s] -- Detecting C compiler ABI info - done
[0.201s] -- Check for working C compiler: /usr/bin/cc - skipped
[0.201s] -- Detecting C compile features
[0.201s] -- Detecting C compile features - done
[0.204s] -- Detecting CXX compiler ABI info
[0.272s] -- Detecting CXX compiler ABI info - done
[0.280s] -- Check for working CXX compiler: /usr/bin/c++ - skipped
[0.281s] -- Detecting CXX compile features
[0.281s] -- Detecting CXX compile features - done
[0.283s] -- Found ament_cmake: 1.3.12 (/opt/ros/humble/share/ament_cmake/cmake)
[0.408s] -- Found Python3: /usr/bin/python3 (found version "3.10.12") found components: Interpreter 
[0.446s] -- Override CMake install command with custom implementation using symlinks instead of copying resources
[0.463s] -- Found rclcpp: 16.0.14 (/opt/ros/humble/share/rclcpp/cmake)
[0.487s] -- Found rosidl_generator_c: 3.1.7 (/opt/ros/humble/share/rosidl_generator_c/cmake)
[0.489s] -- Found rosidl_adapter: 3.1.7 (/opt/ros/humble/share/rosidl_adapter/cmake)
[0.494s] -- Found rosidl_generator_cpp: 3.1.7 (/opt/ros/humble/share/rosidl_generator_cpp/cmake)
[0.500s] -- Using all available rosidl_typesupport_c: rosidl_typesupport_fastrtps_c;rosidl_typesupport_introspection_c
[0.509s] -- Using all available rosidl_typesupport_cpp: rosidl_typesupport_fastrtps_cpp;rosidl_typesupport_introspection_cpp
[0.533s] -- Found rmw_implementation_cmake: 6.1.2 (/opt/ros/humble/share/rmw_implementation_cmake/cmake)
[0.534s] -- Found rmw_fastrtps_cpp: 6.2.8 (/opt/ros/humble/share/rmw_fastrtps_cpp/cmake)
[0.592s] -- Found OpenSSL: /usr/lib/x86_64-linux-gnu/libcrypto.so (found version "3.0.2")  
[0.612s] -- Found FastRTPS: /opt/ros/humble/include  
[0.636s] -- Using RMW implementation 'rmw_fastrtps_cpp' as default
[0.641s] -- Looking for pthread.h
[0.692s] -- Looking for pthread.h - found
[0.692s] -- Performing Test CMAKE_HAVE_LIBC_PTHREAD
[0.754s] -- Performing Test CMAKE_HAVE_LIBC_PTHREAD - Success
[0.755s] -- Found Threads: TRUE  
[0.788s] -- Found nav_msgs: 4.9.1 (/opt/ros/humble/share/nav_msgs/cmake)
[0.808s] -- Found drone_msgs: 0.1.0 (/home/ake/sim_drone/ake_drone_sim/install/drone_msgs/share/drone_msgs/cmake)
[0.816s] -- Found drone_dynamics: 0.1.0 (/home/ake/sim_drone/ake_drone_sim/install/drone_dynamics/share/drone_dynamics/cmake)
[0.941s] -- Configuring done
[0.950s] -- Generating done
[0.954s] -- Build files have been written to: /home/ake/sim_drone/ake_drone_sim/build/drone_controller
[0.961s] Invoked command in '/home/ake/sim_drone/ake_drone_sim/build/drone_controller' returned '0': AMENT_PREFIX_PATH=/home/ake/sim_drone/ake_drone_sim/install/drone_msgs:/home/ake/sim_drone/ake_drone_sim/install/drone_dynamics:${AMENT_PREFIX_PATH} CMAKE_PREFIX_PATH=/home/ake/sim_drone/ake_drone_sim/install/drone_msgs:/home/ake/sim_drone/ake_drone_sim/install/drone_dynamics:/opt/ros/humble LD_LIBRARY_PATH=/home/ake/sim_drone/ake_drone_sim/install/drone_msgs/lib:/home/ake/sim_drone/ake_drone_sim/install/drone_dynamics/lib:${LD_LIBRARY_PATH} PYTHONPATH=/home/ake/sim_drone/ake_drone_sim/install/drone_msgs/local/lib/python3.10/dist-packages:${PYTHONPATH} /usr/bin/cmake /home/ake/sim_drone/ake_drone_sim/src/drone_controller -DAMENT_CMAKE_SYMLINK_INSTALL=1 -DCMAKE_INSTALL_PREFIX=/home/ake/sim_drone/ake_drone_sim/install/drone_controller
[0.961s] Invoking command in '/home/ake/sim_drone/ake_drone_sim/build/drone_controller': AMENT_PREFIX_PATH=/home/ake/sim_drone/ake_drone_sim/install/drone_msgs:/home/ake/sim_drone/ake_drone_sim/install/drone_dynamics:${AMENT_PREFIX_PATH} CMAKE_PREFIX_PATH=/home/ake/sim_drone/ake_drone_sim/install/drone_msgs:/home/ake/sim_drone/ake_drone_sim/install/drone_dynamics:/opt/ros/humble LD_LIBRARY_PATH=/home/ake/sim_drone/ake_drone_sim/install/drone_msgs/lib:/home/ake/sim_drone/ake_drone_sim/install/drone_dynamics/lib:${LD_LIBRARY_PATH} PYTHONPATH=/home/ake/sim_drone/ake_drone_sim/install/drone_msgs/local/lib/python3.10/dist-packages:${PYTHONPATH} /usr/bin/cmake --build /home/ake/sim_drone/ake_drone_sim/build/drone_controller -- -j20 -l20
[1.001s] [ 25%] Building CXX object CMakeFiles/drone_controller_core.dir/src/se3_controller.cpp.o
[2.649s] [ 50%] Linking CXX shared library libdrone_controller_core.so
[2.834s] [ 50%] Built target drone_controller_core
[2.850s] [ 75%] Building CXX object CMakeFiles/position_controller_node.dir/src/position_controller_node.cpp.o
[9.573s] [100%] Linking CXX executable position_controller_node
[9.948s] [100%] Built target position_controller_node
[9.956s] Invoked command in '/home/ake/sim_drone/ake_drone_sim/build/drone_controller' returned '0': AMENT_PREFIX_PATH=/home/ake/sim_drone/ake_drone_sim/install/drone_msgs:/home/ake/sim_drone/ake_drone_sim/install/drone_dynamics:${AMENT_PREFIX_PATH} CMAKE_PREFIX_PATH=/home/ake/sim_drone/ake_drone_sim/install/drone_msgs:/home/ake/sim_drone/ake_drone_sim/install/drone_dynamics:/opt/ros/humble LD_LIBRARY_PATH=/home/ake/sim_drone/ake_drone_sim/install/drone_msgs/lib:/home/ake/sim_drone/ake_drone_sim/install/drone_dynamics/lib:${LD_LIBRARY_PATH} PYTHONPATH=/home/ake/sim_drone/ake_drone_sim/install/drone_msgs/local/lib/python3.10/dist-packages:${PYTHONPATH} /usr/bin/cmake --build /home/ake/sim_drone/ake_drone_sim/build/drone_controller -- -j20 -l20
[9.957s] Invoking command in '/home/ake/sim_drone/ake_drone_sim/build/drone_controller': AMENT_PREFIX_PATH=/home/ake/sim_drone/ake_drone_sim/install/drone_msgs:/home/ake/sim_drone/ake_drone_sim/install/drone_dynamics:${AMENT_PREFIX_PATH} CMAKE_PREFIX_PATH=/home/ake/sim_drone/ake_drone_sim/install/drone_msgs:/home/ake/sim_drone/ake_drone_sim/install/drone_dynamics:/opt/ros/humble LD_LIBRARY_PATH=/home/ake/sim_drone/ake_drone_sim/install/drone_msgs/lib:/home/ake/sim_drone/ake_drone_sim/install/drone_dynamics/lib:${LD_LIBRARY_PATH} PYTHONPATH=/home/ake/sim_drone/ake_drone_sim/install/drone_msgs/local/lib/python3.10/dist-packages:${PYTHONPATH} /usr/bin/cmake --install /home/ake/sim_drone/ake_drone_sim/build/drone_controller
[9.961s] -- Install configuration: ""
[9.961s] -- Execute custom install script
[9.962s] -- Symlinking: /home/ake/sim_drone/ake_drone_sim/install/drone_controller/lib/drone_controller/position_controller_node
[9.966s] -- Symlinking: /home/ake/sim_drone/ake_drone_sim/install/drone_controller/include/ake_drone_sim/se3_controller.hpp
[9.972s] -- Symlinking: /home/ake/sim_drone/ake_drone_sim/install/drone_controller/share/drone_controller/environment/library_path.sh
[9.981s] -- Symlinking: /home/ake/sim_drone/ake_drone_sim/install/drone_controller/share/drone_controller/environment/library_path.dsv
[9.990s] -- Symlinking: /home/ake/sim_drone/ake_drone_sim/install/drone_controller/share/ament_index/resource_index/package_run_dependencies/drone_controller
[10.002s] -- Symlinking: /home/ake/sim_drone/ake_drone_sim/install/drone_controller/share/ament_index/resource_index/parent_prefix_path/drone_controller
[10.012s] -- Symlinking: /home/ake/sim_drone/ake_drone_sim/install/drone_controller/share/drone_controller/environment/ament_prefix_path.sh
[10.020s] -- Symlinking: /home/ake/sim_drone/ake_drone_sim/install/drone_controller/share/drone_controller/environment/ament_prefix_path.dsv
[10.026s] -- Symlinking: /home/ake/sim_drone/ake_drone_sim/install/drone_controller/share/drone_controller/environment/path.sh
[10.031s] -- Symlinking: /home/ake/sim_drone/ake_drone_sim/install/drone_controller/share/drone_controller/environment/path.dsv
[10.042s] -- Symlinking: /home/ake/sim_drone/ake_drone_sim/install/drone_controller/share/drone_controller/local_setup.bash
[10.047s] -- Symlinking: /home/ake/sim_drone/ake_drone_sim/install/drone_controller/share/drone_controller/local_setup.sh
[10.051s] -- Symlinking: /home/ake/sim_drone/ake_drone_sim/install/drone_controller/share/drone_controller/local_setup.zsh
[10.058s] -- Symlinking: /home/ake/sim_drone/ake_drone_sim/install/drone_controller/share/drone_controller/local_setup.dsv
[10.064s] -- Symlinking: /home/ake/sim_drone/ake_drone_sim/install/drone_controller/share/drone_controller/package.dsv
[10.069s] -- Symlinking: /home/ake/sim_drone/ake_drone_sim/install/drone_controller/share/ament_index/resource_index/packages/drone_controller
[10.076s] -- Symlinking: /home/ake/sim_drone/ake_drone_sim/install/drone_controller/share/drone_controller/cmake/ament_cmake_export_targets-extras.cmake
[10.081s] -- Symlinking: /home/ake/sim_drone/ake_drone_sim/install/drone_controller/share/drone_controller/cmake/ament_cmake_export_dependencies-extras.cmake
[10.087s] -- Symlinking: /home/ake/sim_drone/ake_drone_sim/install/drone_controller/share/drone_controller/cmake/drone_controllerConfig.cmake
[10.092s] -- Symlinking: /home/ake/sim_drone/ake_drone_sim/install/drone_controller/share/drone_controller/cmake/drone_controllerConfig-version.cmake
[10.099s] -- Symlinking: /home/ake/sim_drone/ake_drone_sim/install/drone_controller/share/drone_controller/package.xml
[10.106s] -- Installing: /home/ake/sim_drone/ake_drone_sim/install/drone_controller/lib/libdrone_controller_core.so
[10.107s] -- Set runtime path of "/home/ake/sim_drone/ake_drone_sim/install/drone_controller/lib/libdrone_controller_core.so" to ""
[10.107s] -- Installing: /home/ake/sim_drone/ake_drone_sim/install/drone_controller/share/drone_controller/cmake/export_drone_controllerExport.cmake
[10.107s] -- Installing: /home/ake/sim_drone/ake_drone_sim/install/drone_controller/share/drone_controller/cmake/export_drone_controllerExport-noconfig.cmake
[10.109s] Invoked command in '/home/ake/sim_drone/ake_drone_sim/build/drone_controller' returned '0': AMENT_PREFIX_PATH=/home/ake/sim_drone/ake_drone_sim/install/drone_msgs:/home/ake/sim_drone/ake_drone_sim/install/drone_dynamics:${AMENT_PREFIX_PATH} CMAKE_PREFIX_PATH=/home/ake/sim_drone/ake_drone_sim/install/drone_msgs:/home/ake/sim_drone/ake_drone_sim/install/drone_dynamics:/opt/ros/humble LD_LIBRARY_PATH=/home/ake/sim_drone/ake_drone_sim/install/drone_msgs/lib:/home/ake/sim_drone/ake_drone_sim/install/drone_dynamics/lib:${LD_LIBRARY_PATH} PYTHONPATH=/home/ake/sim_drone/ake_drone_sim/install/drone_msgs/local/lib/python3.10/dist-packages:${PYTHONPATH} /usr/bin/cmake --install /home/ake/sim_drone/ake_drone_sim/build/drone_controller
