-- The C compiler identification is GNU 11.4.0
-- The CXX compiler identification is GNU 11.4.0
-- Detecting C compiler ABI info
-- Detecting C compiler ABI info - done
-- Check for working C compiler: /usr/bin/cc - skipped
-- Detecting C compile features
-- Detecting C compile features - done
-- Detecting CXX compiler ABI info
-- Detecting CXX compiler ABI info - done
-- Check for working CXX compiler: /usr/bin/c++ - skipped
-- Detecting CXX compile features
-- Detecting CXX compile features - done
-- Found ament_cmake: 1.3.12 (/opt/ros/humble/share/ament_cmake/cmake)
-- Found Python3: /usr/bin/python3 (found version "3.10.12") found components: Interpreter 
-- Override CMake install command with custom implementation using symlinks instead of copying resources
-- Found rclcpp: 16.0.14 (/opt/ros/humble/share/rclcpp/cmake)
-- Found rosidl_generator_c: 3.1.7 (/opt/ros/humble/share/rosidl_generator_c/cmake)
-- Found rosidl_adapter: 3.1.7 (/opt/ros/humble/share/rosidl_adapter/cmake)
-- Found rosidl_generator_cpp: 3.1.7 (/opt/ros/humble/share/rosidl_generator_cpp/cmake)
-- Using all available rosidl_typesupport_c: rosidl_typesupport_fastrtps_c;rosidl_typesupport_introspection_c
-- Using all available rosidl_typesupport_cpp: rosidl_typesupport_fastrtps_cpp;rosidl_typesupport_introspection_cpp
-- Found rmw_implementation_cmake: 6.1.2 (/opt/ros/humble/share/rmw_implementation_cmake/cmake)
-- Found rmw_fastrtps_cpp: 6.2.8 (/opt/ros/humble/share/rmw_fastrtps_cpp/cmake)
-- Found OpenSSL: /usr/lib/x86_64-linux-gnu/libcrypto.so (found version "3.0.2")  
-- Found FastRTPS: /opt/ros/humble/include  
-- Using RMW implementation 'rmw_fastrtps_cpp' as default
-- Looking for pthread.h
-- Looking for pthread.h - found
-- Performing Test CMAKE_HAVE_LIBC_PTHREAD
-- Performing Test CMAKE_HAVE_LIBC_PTHREAD - Success
-- Found Threads: TRUE  
-- Found sensor_msgs: 4.9.1 (/opt/ros/humble/share/sensor_msgs/cmake)
-- Found nav_msgs: 4.9.1 (/opt/ros/humble/share/nav_msgs/cmake)
-- Found visualization_msgs: 4.9.1 (/opt/ros/humble/share/visualization_msgs/cmake)
-- Found drone_dynamics: 0.1.0 (/home/ake/sim_drone/ake_drone_sim/install/drone_dynamics/share/drone_dynamics/cmake)
-- Configuring done
-- Generating done
-- Build files have been written to: /home/ake/sim_drone/ake_drone_sim/build/drone_map
[ 16%] Building CXX object CMakeFiles/drone_map_core.dir/src/voxel_grid.cpp.o
[ 33%] Linking CXX shared library libdrone_map_core.so
[ 33%] Built target drone_map_core
[ 66%] Building CXX object CMakeFiles/simulated_lidar_node.dir/src/simulated_lidar_node.cpp.o
[ 50%] Building CXX object CMakeFiles/voxel_map_node.dir/src/voxel_map_node.cpp.o
/home/ake/sim_drone/ake_drone_sim/src/drone_map/src/simulated_lidar_node.cpp: In member function ‘void ake_drone_sim::LidarNode::scan()’:
/home/ake/sim_drone/ake_drone_sim/src/drone_map/src/simulated_lidar_node.cpp:16:5: warning: this ‘for’ clause does not guard... [-Wmisleading-indentation]
   16 |     for(double r=min_range_;r<=max_range_;r+=0.45*resolution_)if(grid_.occupiedWorld(sensor+r*dir)){hit=std::max(min_range_,r+n(rng_));break;}if(hit>0)hits.push_back(local*hit+Eigen::Vector3d(.08,0,0));}}
      |     ^~~
/home/ake/sim_drone/ake_drone_sim/src/drone_map/src/simulated_lidar_node.cpp:16:143: note: ...this statement, but the latter is misleadingly indented as if it were guarded by the ‘for’
   16 |     for(double r=min_range_;r<=max_range_;r+=0.45*resolution_)if(grid_.occupiedWorld(sensor+r*dir)){hit=std::max(min_range_,r+n(rng_));break;}if(hit>0)hits.push_back(local*hit+Eigen::Vector3d(.08,0,0));}}
      |                                                                                                                                               ^~
[ 83%] Linking CXX executable voxel_map_node
[ 83%] Built target voxel_map_node
[100%] Linking CXX executable simulated_lidar_node
[100%] Built target simulated_lidar_node
-- Install configuration: ""
-- Execute custom install script
-- Symlinking: /home/ake/sim_drone/ake_drone_sim/install/drone_map/lib/drone_map/voxel_map_node
-- Symlinking: /home/ake/sim_drone/ake_drone_sim/install/drone_map/lib/drone_map/simulated_lidar_node
-- Symlinking: /home/ake/sim_drone/ake_drone_sim/install/drone_map/include/ake_drone_sim/pointcloud_utils.hpp
-- Symlinking: /home/ake/sim_drone/ake_drone_sim/install/drone_map/include/ake_drone_sim/voxel_grid.hpp
-- Symlinking: /home/ake/sim_drone/ake_drone_sim/install/drone_map/share/drone_map/environment/library_path.sh
-- Symlinking: /home/ake/sim_drone/ake_drone_sim/install/drone_map/share/drone_map/environment/library_path.dsv
-- Symlinking: /home/ake/sim_drone/ake_drone_sim/install/drone_map/share/ament_index/resource_index/package_run_dependencies/drone_map
-- Symlinking: /home/ake/sim_drone/ake_drone_sim/install/drone_map/share/ament_index/resource_index/parent_prefix_path/drone_map
-- Symlinking: /home/ake/sim_drone/ake_drone_sim/install/drone_map/share/drone_map/environment/ament_prefix_path.sh
-- Symlinking: /home/ake/sim_drone/ake_drone_sim/install/drone_map/share/drone_map/environment/ament_prefix_path.dsv
-- Symlinking: /home/ake/sim_drone/ake_drone_sim/install/drone_map/share/drone_map/environment/path.sh
-- Symlinking: /home/ake/sim_drone/ake_drone_sim/install/drone_map/share/drone_map/environment/path.dsv
-- Symlinking: /home/ake/sim_drone/ake_drone_sim/install/drone_map/share/drone_map/local_setup.bash
-- Symlinking: /home/ake/sim_drone/ake_drone_sim/install/drone_map/share/drone_map/local_setup.sh
-- Symlinking: /home/ake/sim_drone/ake_drone_sim/install/drone_map/share/drone_map/local_setup.zsh
-- Symlinking: /home/ake/sim_drone/ake_drone_sim/install/drone_map/share/drone_map/local_setup.dsv
-- Symlinking: /home/ake/sim_drone/ake_drone_sim/install/drone_map/share/drone_map/package.dsv
-- Symlinking: /home/ake/sim_drone/ake_drone_sim/install/drone_map/share/ament_index/resource_index/packages/drone_map
-- Symlinking: /home/ake/sim_drone/ake_drone_sim/install/drone_map/share/drone_map/cmake/ament_cmake_export_targets-extras.cmake
-- Symlinking: /home/ake/sim_drone/ake_drone_sim/install/drone_map/share/drone_map/cmake/ament_cmake_export_dependencies-extras.cmake
-- Symlinking: /home/ake/sim_drone/ake_drone_sim/install/drone_map/share/drone_map/cmake/drone_mapConfig.cmake
-- Symlinking: /home/ake/sim_drone/ake_drone_sim/install/drone_map/share/drone_map/cmake/drone_mapConfig-version.cmake
-- Symlinking: /home/ake/sim_drone/ake_drone_sim/install/drone_map/share/drone_map/package.xml
-- Installing: /home/ake/sim_drone/ake_drone_sim/install/drone_map/lib/libdrone_map_core.so
-- Set runtime path of "/home/ake/sim_drone/ake_drone_sim/install/drone_map/lib/libdrone_map_core.so" to ""
-- Installing: /home/ake/sim_drone/ake_drone_sim/install/drone_map/share/drone_map/cmake/export_drone_mapExport.cmake
-- Installing: /home/ake/sim_drone/ake_drone_sim/install/drone_map/share/drone_map/cmake/export_drone_mapExport-noconfig.cmake
