[0.006s] Invoking command in '/home/ake/sim_drone/ake_drone_sim/build/drone_map': AMENT_PREFIX_PATH=/home/ake/sim_drone/ake_drone_sim/install/drone_dynamics:${AMENT_PREFIX_PATH} CMAKE_PREFIX_PATH=/home/ake/sim_drone/ake_drone_sim/install/drone_dynamics:/opt/ros/humble LD_LIBRARY_PATH=/home/ake/sim_drone/ake_drone_sim/install/drone_dynamics/lib:${LD_LIBRARY_PATH} /usr/bin/cmake /home/ake/sim_drone/ake_drone_sim/src/drone_map -DAMENT_CMAKE_SYMLINK_INSTALL=1 -DCMAKE_INSTALL_PREFIX=/home/ake/sim_drone/ake_drone_sim/install/drone_map
[0.055s] -- The C compiler identification is GNU 11.4.0
[0.100s] -- The CXX compiler identification is GNU 11.4.0
[0.104s] -- Detecting C compiler ABI info
[0.191s] -- Detecting C compiler ABI info - done
[0.199s] -- Check for working C compiler: /usr/bin/cc - skipped
[0.199s] -- Detecting C compile features
[0.200s] -- Detecting C compile features - done
[0.203s] -- Detecting CXX compiler ABI info
[0.273s] -- Detecting CXX compiler ABI info - done
[0.281s] -- Check for working CXX compiler: /usr/bin/c++ - skipped
[0.281s] -- Detecting CXX compile features
[0.281s] -- Detecting CXX compile features - done
[0.283s] -- Found ament_cmake: 1.3.12 (/opt/ros/humble/share/ament_cmake/cmake)
[0.410s] -- Found Python3: /usr/bin/python3 (found version "3.10.12") found components: Interpreter 
[0.447s] -- Override CMake install command with custom implementation using symlinks instead of copying resources
[0.462s] -- Found rclcpp: 16.0.14 (/opt/ros/humble/share/rclcpp/cmake)
[0.486s] -- Found rosidl_generator_c: 3.1.7 (/opt/ros/humble/share/rosidl_generator_c/cmake)
[0.489s] -- Found rosidl_adapter: 3.1.7 (/opt/ros/humble/share/rosidl_adapter/cmake)
[0.493s] -- Found rosidl_generator_cpp: 3.1.7 (/opt/ros/humble/share/rosidl_generator_cpp/cmake)
[0.500s] -- Using all available rosidl_typesupport_c: rosidl_typesupport_fastrtps_c;rosidl_typesupport_introspection_c
[0.508s] -- Using all available rosidl_typesupport_cpp: rosidl_typesupport_fastrtps_cpp;rosidl_typesupport_introspection_cpp
[0.532s] -- Found rmw_implementation_cmake: 6.1.2 (/opt/ros/humble/share/rmw_implementation_cmake/cmake)
[0.533s] -- Found rmw_fastrtps_cpp: 6.2.8 (/opt/ros/humble/share/rmw_fastrtps_cpp/cmake)
[0.591s] -- Found OpenSSL: /usr/lib/x86_64-linux-gnu/libcrypto.so (found version "3.0.2")  
[0.612s] -- Found FastRTPS: /opt/ros/humble/include  
[0.637s] -- Using RMW implementation 'rmw_fastrtps_cpp' as default
[0.642s] -- Looking for pthread.h
[0.692s] -- Looking for pthread.h - found
[0.693s] -- Performing Test CMAKE_HAVE_LIBC_PTHREAD
[0.753s] -- Performing Test CMAKE_HAVE_LIBC_PTHREAD - Success
[0.754s] -- Found Threads: TRUE  
[0.789s] -- Found sensor_msgs: 4.9.1 (/opt/ros/humble/share/sensor_msgs/cmake)
[0.805s] -- Found nav_msgs: 4.9.1 (/opt/ros/humble/share/nav_msgs/cmake)
[0.815s] -- Found visualization_msgs: 4.9.1 (/opt/ros/humble/share/visualization_msgs/cmake)
[0.829s] -- Found drone_dynamics: 0.1.0 (/home/ake/sim_drone/ake_drone_sim/install/drone_dynamics/share/drone_dynamics/cmake)
[0.942s] -- Configuring done
[0.954s] -- Generating done
[0.958s] -- Build files have been written to: /home/ake/sim_drone/ake_drone_sim/build/drone_map
[0.965s] Invoked command in '/home/ake/sim_drone/ake_drone_sim/build/drone_map' returned '0': AMENT_PREFIX_PATH=/home/ake/sim_drone/ake_drone_sim/install/drone_dynamics:${AMENT_PREFIX_PATH} CMAKE_PREFIX_PATH=/home/ake/sim_drone/ake_drone_sim/install/drone_dynamics:/opt/ros/humble LD_LIBRARY_PATH=/home/ake/sim_drone/ake_drone_sim/install/drone_dynamics/lib:${LD_LIBRARY_PATH} /usr/bin/cmake /home/ake/sim_drone/ake_drone_sim/src/drone_map -DAMENT_CMAKE_SYMLINK_INSTALL=1 -DCMAKE_INSTALL_PREFIX=/home/ake/sim_drone/ake_drone_sim/install/drone_map
[0.966s] Invoking command in '/home/ake/sim_drone/ake_drone_sim/build/drone_map': AMENT_PREFIX_PATH=/home/ake/sim_drone/ake_drone_sim/install/drone_dynamics:${AMENT_PREFIX_PATH} CMAKE_PREFIX_PATH=/home/ake/sim_drone/ake_drone_sim/install/drone_dynamics:/opt/ros/humble LD_LIBRARY_PATH=/home/ake/sim_drone/ake_drone_sim/install/drone_dynamics/lib:${LD_LIBRARY_PATH} /usr/bin/cmake --build /home/ake/sim_drone/ake_drone_sim/build/drone_map -- -j20 -l20
[1.014s] [ 16%] Building CXX object CMakeFiles/drone_map_core.dir/src/voxel_grid.cpp.o
[2.142s] [ 33%] Linking CXX shared library libdrone_map_core.so
[2.328s] [ 33%] Built target drone_map_core
[2.343s] [ 66%] Building CXX object CMakeFiles/simulated_lidar_node.dir/src/simulated_lidar_node.cpp.o
[2.343s] [ 50%] Building CXX object CMakeFiles/voxel_map_node.dir/src/voxel_map_node.cpp.o
[4.239s] /home/ake/sim_drone/ake_drone_sim/src/drone_map/src/simulated_lidar_node.cpp: In member function ‘void ake_drone_sim::LidarNode::scan()’:
[4.239s] /home/ake/sim_drone/ake_drone_sim/src/drone_map/src/simulated_lidar_node.cpp:16:5: warning: this ‘for’ clause does not guard... [-Wmisleading-indentation]
[4.239s]    16 |     for(double r=min_range_;r<=max_range_;r+=0.45*resolution_)if(grid_.occupiedWorld(sensor+r*dir)){hit=std::max(min_range_,r+n(rng_));break;}if(hit>0)hits.push_back(local*hit+Eigen::Vector3d(.08,0,0));}}
[4.239s]       |     ^~~
[4.239s] /home/ake/sim_drone/ake_drone_sim/src/drone_map/src/simulated_lidar_node.cpp:16:143: note: ...this statement, but the latter is misleadingly indented as if it were guarded by the ‘for’
[4.239s]    16 |     for(double r=min_range_;r<=max_range_;r+=0.45*resolution_)if(grid_.occupiedWorld(sensor+r*dir)){hit=std::max(min_range_,r+n(rng_));break;}if(hit>0)hits.push_back(local*hit+Eigen::Vector3d(.08,0,0));}}
[4.239s]       |                                                                                                                                               ^~
[5.807s] [ 83%] Linking CXX executable voxel_map_node
[5.970s] [ 83%] Built target voxel_map_node
[9.271s] [100%] Linking CXX executable simulated_lidar_node
[9.649s] [100%] Built target simulated_lidar_node
[9.658s] Invoked command in '/home/ake/sim_drone/ake_drone_sim/build/drone_map' returned '0': AMENT_PREFIX_PATH=/home/ake/sim_drone/ake_drone_sim/install/drone_dynamics:${AMENT_PREFIX_PATH} CMAKE_PREFIX_PATH=/home/ake/sim_drone/ake_drone_sim/install/drone_dynamics:/opt/ros/humble LD_LIBRARY_PATH=/home/ake/sim_drone/ake_drone_sim/install/drone_dynamics/lib:${LD_LIBRARY_PATH} /usr/bin/cmake --build /home/ake/sim_drone/ake_drone_sim/build/drone_map -- -j20 -l20
[9.659s] Invoking command in '/home/ake/sim_drone/ake_drone_sim/build/drone_map': AMENT_PREFIX_PATH=/home/ake/sim_drone/ake_drone_sim/install/drone_dynamics:${AMENT_PREFIX_PATH} CMAKE_PREFIX_PATH=/home/ake/sim_drone/ake_drone_sim/install/drone_dynamics:/opt/ros/humble LD_LIBRARY_PATH=/home/ake/sim_drone/ake_drone_sim/install/drone_dynamics/lib:${LD_LIBRARY_PATH} /usr/bin/cmake --install /home/ake/sim_drone/ake_drone_sim/build/drone_map
[9.664s] -- Install configuration: ""
[9.665s] -- Execute custom install script
[9.665s] -- Symlinking: /home/ake/sim_drone/ake_drone_sim/install/drone_map/lib/drone_map/voxel_map_node
[9.670s] -- Symlinking: /home/ake/sim_drone/ake_drone_sim/install/drone_map/lib/drone_map/simulated_lidar_node
[9.677s] -- Symlinking: /home/ake/sim_drone/ake_drone_sim/install/drone_map/include/ake_drone_sim/pointcloud_utils.hpp
[9.683s] -- Symlinking: /home/ake/sim_drone/ake_drone_sim/install/drone_map/include/ake_drone_sim/voxel_grid.hpp
[9.688s] -- Symlinking: /home/ake/sim_drone/ake_drone_sim/install/drone_map/share/drone_map/environment/library_path.sh
[9.693s] -- Symlinking: /home/ake/sim_drone/ake_drone_sim/install/drone_map/share/drone_map/environment/library_path.dsv
[9.698s] -- Symlinking: /home/ake/sim_drone/ake_drone_sim/install/drone_map/share/ament_index/resource_index/package_run_dependencies/drone_map
[9.704s] -- Symlinking: /home/ake/sim_drone/ake_drone_sim/install/drone_map/share/ament_index/resource_index/parent_prefix_path/drone_map
[9.711s] -- Symlinking: /home/ake/sim_drone/ake_drone_sim/install/drone_map/share/drone_map/environment/ament_prefix_path.sh
[9.718s] -- Symlinking: /home/ake/sim_drone/ake_drone_sim/install/drone_map/share/drone_map/environment/ament_prefix_path.dsv
[9.724s] -- Symlinking: /home/ake/sim_drone/ake_drone_sim/install/drone_map/share/drone_map/environment/path.sh
[9.730s] -- Symlinking: /home/ake/sim_drone/ake_drone_sim/install/drone_map/share/drone_map/environment/path.dsv
[9.737s] -- Symlinking: /home/ake/sim_drone/ake_drone_sim/install/drone_map/share/drone_map/local_setup.bash
[9.743s] -- Symlinking: /home/ake/sim_drone/ake_drone_sim/install/drone_map/share/drone_map/local_setup.sh
[9.748s] -- Symlinking: /home/ake/sim_drone/ake_drone_sim/install/drone_map/share/drone_map/local_setup.zsh
[9.753s] -- Symlinking: /home/ake/sim_drone/ake_drone_sim/install/drone_map/share/drone_map/local_setup.dsv
[9.759s] -- Symlinking: /home/ake/sim_drone/ake_drone_sim/install/drone_map/share/drone_map/package.dsv
[9.765s] -- Symlinking: /home/ake/sim_drone/ake_drone_sim/install/drone_map/share/ament_index/resource_index/packages/drone_map
[9.772s] -- Symlinking: /home/ake/sim_drone/ake_drone_sim/install/drone_map/share/drone_map/cmake/ament_cmake_export_targets-extras.cmake
[9.778s] -- Symlinking: /home/ake/sim_drone/ake_drone_sim/install/drone_map/share/drone_map/cmake/ament_cmake_export_dependencies-extras.cmake
[9.784s] -- Symlinking: /home/ake/sim_drone/ake_drone_sim/install/drone_map/share/drone_map/cmake/drone_mapConfig.cmake
[9.791s] -- Symlinking: /home/ake/sim_drone/ake_drone_sim/install/drone_map/share/drone_map/cmake/drone_mapConfig-version.cmake
[9.797s] -- Symlinking: /home/ake/sim_drone/ake_drone_sim/install/drone_map/share/drone_map/package.xml
[9.802s] -- Installing: /home/ake/sim_drone/ake_drone_sim/install/drone_map/lib/libdrone_map_core.so
[9.804s] -- Set runtime path of "/home/ake/sim_drone/ake_drone_sim/install/drone_map/lib/libdrone_map_core.so" to ""
[9.804s] -- Installing: /home/ake/sim_drone/ake_drone_sim/install/drone_map/share/drone_map/cmake/export_drone_mapExport.cmake
[9.804s] -- Installing: /home/ake/sim_drone/ake_drone_sim/install/drone_map/share/drone_map/cmake/export_drone_mapExport-noconfig.cmake
[9.805s] Invoked command in '/home/ake/sim_drone/ake_drone_sim/build/drone_map' returned '0': AMENT_PREFIX_PATH=/home/ake/sim_drone/ake_drone_sim/install/drone_dynamics:${AMENT_PREFIX_PATH} CMAKE_PREFIX_PATH=/home/ake/sim_drone/ake_drone_sim/install/drone_dynamics:/opt/ros/humble LD_LIBRARY_PATH=/home/ake/sim_drone/ake_drone_sim/install/drone_dynamics/lib:${LD_LIBRARY_PATH} /usr/bin/cmake --install /home/ake/sim_drone/ake_drone_sim/build/drone_map
